2 0.040000 1.000000 1 1
4 0.100000 5.000000 5 5
8 0.260000 17.000000 17 17
16 0.600000 49.000000 49 49
32 2.540000 129.000000 129 129
64 5.060000 321.000000 321 321
128 6.260000 769.000000 769 769
256 15.220000 1793.000000 1793 1793
512 38.320000 4097.000000 4097 4097
1024 64.380000 9217.000000 9217 9217
2048 141.320000 20481.000000 20481 20481
4096 298.180000 45057.000000 45057 45057
8192 638.900000 98305.000000 98305 98305
16384 1315.260000 212993.000000 212993 212993
32768 2703.800000 458753.000000 458753 458753
65536 5619.340000 983041.000000 983041 983041
131072 11901.100000 2097153.000000 2097153 2097153
262144 25282.060000 4456449.000000 4456449 4456449
524288 55442.760000 9437185.000000 9437185 9437185
1048576 110858.620000 19922945.000000 19922945 19922945
