1 2.000000 0.000000 0 0
2 1.000000 1.000000 1 1
4 1.000000 5.000000 5 5
8 1.000000 17.000000 17 17
16 3.000000 49.000000 49 49
32 2.000000 129.000000 129 129
64 5.000000 321.000000 321 321
128 9.000000 769.000000 769 769
256 18.000000 1793.000000 1793 1793
512 37.000000 4097.000000 4097 4097
1024 77.000000 9217.000000 9217 9217
2048 161.000000 20481.000000 20481 20481
4096 339.000000 45057.000000 45057 45057
8192 708.000000 98305.000000 98305 98305
16384 1515.000000 212993.000000 212993 212993
32768 3219.000000 458753.000000 458753 458753
65536 11744.000000 983041.000000 983041 983041
131072 18730.000000 2097153.000000 2097153 2097153
262144 28743.000000 4456449.000000 4456449 4456449
524288 54857.000000 9437185.000000 9437185 9437185
1048576 112819.000000 19922945.000000 19922945 19922945
