1 1.000000 0.000000 0 0
101 8.000000 361.000000 361 361
201 14.000000 818.000000 818 818
301 23.000000 1314.000000 1314 1314
401 29.000000 1831.000000 1831 1831
501 35.000000 2276.000000 2276 2276
601 45.000000 2923.000000 2923 2923
701 51.000000 3509.000000 3509 3509
801 58.000000 4056.000000 4056 4056
901 62.000000 4579.000000 4579 4579
1001 70.000000 5049.000000 5049 5049
1101 79.000000 5740.000000 5740 5740
1201 90.000000 6440.000000 6440 6440
1301 98.000000 7080.000000 7080 7080
1401 105.000000 7714.000000 7714 7714
1501 112.000000 8293.000000 8293 8293
1601 118.000000 8905.000000 8905 8905
1701 122.000000 9523.000000 9523 9523
1801 130.000000 10052.000000 10052 10052
1901 132.000000 10613.000000 10613 10613
2001 136.000000 11094.000000 11094 11094
2101 151.000000 11757.000000 11757 11757
2201 160.000000 12573.000000 12573 12573
2301 170.000000 13298.000000 13298 13298
2401 181.000000 14073.000000 14073 14073
2501 188.000000 14760.000000 14760 14760
2601 197.000000 15453.000000 15453 15453
2701 202.000000 16172.000000 16172 16172
2801 211.000000 16823.000000 16823 16823
2901 217.000000 17491.000000 17491 17491
3001 226.000000 18082.000000 18082 18082
3101 236.000000 18684.000000 18684 18684
3201 238.000000 19402.000000 19402 19402
3301 242.000000 20083.000000 20083 20083
3401 250.000000 20740.000000 20740 20740
3501 260.000000 21346.000000 21346 21346
3601 267.000000 21897.000000 21897 21897
3701 275.000000 22542.000000 22542 22542
3801 281.000000 23122.000000 23122 23122
3901 288.000000 23669.000000 23669 23669
4001 292.000000 24183.000000 24183 24183
4101 299.000000 24636.000000 24636 24636
4201 318.000000 25606.000000 25606 25606
4301 326.000000 26489.000000 26489 26489
4401 338.000000 27338.000000 27338 27338
4501 350.000000 28157.000000 28157 28157
4601 360.000000 28891.000000 28891 28891
4701 375.000000 29756.000000 29756 29756
4801 386.000000 30538.000000 30538 30538
4901 395.000000 31293.000000 31293 31293
5001 400.000000 32013.000000 32013 32013
5101 409.000000 32674.000000 32674 32674
5201 418.000000 33498.000000 33498 33498
5301 421.000000 34296.000000 34296 34296
5401 425.000000 35037.000000 35037 35037
5501 432.000000 35762.000000 35762 35762
5601 434.000000 36440.000000 36440 36440
5701 447.000000 37165.000000 37165 37165
5801 460.000000 37876.000000 37876 37876
5901 468.000000 38508.000000 38508 38508
6001 473.000000 39159.000000 39159 39159
6101 477.000000 39742.000000 39742 39742
6201 490.000000 40461.000000 40461 40461
6301 492.000000 41276.000000 41276 41276
6401 494.000000 41995.000000 41995 41995
6501 493.000000 42776.000000 42776 42776
6601 506.000000 43460.000000 43460 43460
6701 510.000000 44156.000000 44156 44156
6801 511.000000 44873.000000 44873 44873
6901 517.000000 45518.000000 45518 45518
7001 523.000000 46187.000000 46187 46187
7101 529.000000 46773.000000 46773 46773
7201 542.000000 47386.000000 47386 47386
7301 544.000000 48109.000000 48109 48109
7401 566.000000 48779.000000 48779 48779
7501 576.000000 49439.000000 49439 49439
7601 582.000000 50039.000000 50039 50039
7701 601.000000 50600.000000 50600 50600
7801 565.000000 51234.000000 51234 51234
7901 568.000000 51813.000000 51813 51813
8001 572.000000 52360.000000 52360 52360
8101 575.000000 52878.000000 52878 52878
8201 586.000000 53361.000000 53361 53361
8301 596.000000 54422.000000 54422 54422
8401 611.000000 55403.000000 55403 55403
8501 621.000000 56354.000000 56354 56354
8601 633.000000 57270.000000 57270 57270
8701 643.000000 58095.000000 58095 58095
8801 657.000000 59067.000000 59067 59067
8901 671.000000 59954.000000 59954 59954
9001 679.000000 60806.000000 60806 60806
9101 690.000000 61625.000000 61625 61625
9201 698.000000 62376.000000 62376 62376
9301 842.000000 63314.000000 63314 63314
9401 769.000000 64205.000000 64205 64205
9501 770.000000 65049.000000 65049 65049
9601 776.000000 65867.000000 65867 65867
9701 786.000000 66648.000000 66648 66648
9801 796.000000 67478.000000 67478 67478
9901 803.000000 68284.000000 68284 68284
10001 818.000000 69018.000000 69018 69018
