2 0.040000 1.000000 1 1
102 7.760000 498.000000 498 498
202 17.160000 1137.000000 1137 1137
302 17.080000 1836.000000 1836 1836
402 22.680000 2560.000000 2560 2560
502 29.060000 3267.000000 3267 3267
602 36.900000 4111.000000 4111 4111
702 47.500000 4913.000000 4913 4913
802 46.680000 5707.000000 5707 5707
902 56.620000 6507.000000 6507 6507
1002 58.620000 7274.000000 7274 7274
1102 68.280000 8186.000000 8186 8186
1202 91.060000 9103.000000 9103 9103
1302 84.360000 9986.000000 9986 9986
1402 87.300000 10863.000000 10863 10863
1502 95.820000 11707.000000 11707 11707
1602 102.160000 12597.000000 12597 12597
1702 108.540000 13493.000000 13493 13493
1802 117.000000 14350.000000 14350 14350
1902 125.880000 15215.000000 15215 15215
2002 128.780000 16035.000000 16035 16035
2102 135.440000 16972.000000 16972 16972
2202 149.540000 18001.000000 18001 18001
2302 149.440000 18987.000000 18987 18987
2402 161.880000 19988.000000 19988 19988
2502 166.020000 20947.000000 20947 20947
2602 177.560000 21907.000000 21907 21907
2702 184.620000 22876.000000 22876 22876
2802 192.960000 23810.000000 23810 23810
2902 198.980000 24746.000000 24746 24746
3002 216.680000 25646.000000 25646 25646
3102 212.820000 26558.000000 26558 26558
3202 219.500000 27574.000000 27574 27574
3302 223.300000 28556.000000 28556 28556
3402 235.340000 29523.000000 29523 29523
3502 243.820000 30474.000000 30474 30474
3602 257.860000 31386.000000 31386 31386
3702 261.880000 32344.000000 32344 32344
3802 265.360000 33268.000000 33268 33268
3902 276.640000 34171.000000 34171 34171
4002 279.240000 35058.000000 35058 35058
4102 278.860000 35916.000000 35916 35916
4202 294.560000 37074.000000 37074 37074
4302 306.320000 38187.000000 38187 38187
4402 314.220000 39285.000000 39285 39285
4502 318.080000 40370.000000 40370 40370
4602 335.120000 41406.000000 41406 41406
4702 341.800000 42504.000000 42504 42504
4802 352.100000 43559.000000 43559 43559
4902 350.860000 44602.000000 44602 44602
5002 359.840000 45627.000000 45627 45627
5102 362.920000 46623.000000 46623 46623
5202 379.420000 47694.000000 47694 47694
5302 383.140000 48759.000000 48759 48759
5402 421.540000 49787.000000 49787 49787
5502 415.980000 50804.000000 50804 50804
5602 415.740000 51805.000000 51805 51805
5702 413.060000 52821.000000 52821 52821
5802 421.720000 53829.000000 53829 53829
5902 427.480000 54800.000000 54800 54800
6002 439.100000 55780.000000 55780 55780
6102 428.440000 56716.000000 56716 56716
6202 516.500000 57753.000000 57753 57753
6302 473.520000 58866.000000 58866 58866
6402 484.620000 59925.000000 59925 59925
6502 482.580000 61007.000000 61007 61007
6602 572.400000 62045.000000 62045 62045
6702 588.020000 63089.000000 63089 63089
6802 622.340000 64139.000000 64139 64139
6902 554.000000 65152.000000 65152 65152
7002 548.440000 66184.000000 66184 66184
7102 619.980000 67160.000000 67160 67160
7202 636.560000 68155.000000 68155 68155
7302 620.620000 69201.000000 69201 69201
7402 665.160000 70225.000000 70225 70225
7502 682.020000 71233.000000 71233 71233
7602 711.260000 72213.000000 72213 72213
7702 923.200000 73180.000000 73180 73180
7802 698.060000 74176.000000 74176 74176
7902 856.920000 75146.000000 75146 75146
8002 633.560000 76099.000000 76099 76099
8102 626.140000 77033.000000 77033 77033
8202 689.420000 77959.000000 77959 77959
8302 618.680000 79213.000000 79213 79213
8402 638.960000 80427.000000 80427 80427
8502 682.660000 81626.000000 81626 81626
8602 709.140000 82804.000000 82804 82804
8702 707.740000 83944.000000 83944 83944
8802 699.360000 85150.000000 85150 85150
8902 719.720000 86313.000000 86313 86313
9002 703.160000 87461.000000 87461 87461
9102 695.000000 88582.000000 88582 88582
9202 721.200000 89688.000000 89688 89688
9302 747.860000 90869.000000 90869 90869
9402 738.120000 92036.000000 92036 92036
9502 751.440000 93177.000000 93177 93177
9602 733.860000 94298.000000 94298 94298
9702 726.500000 95404.000000 95404 95404
9802 737.500000 96539.000000 96539 96539
9902 735.400000 97652.000000 97652 97652
10002 736.300000 98736.000000 98736 98736
