1 2.000000 0.000000 0 0
11 2.000000 24.000000 24 24
21 2.000000 56.000000 56 56
31 2.000000 93.000000 93 93
41 5.000000 130.000000 130 130
51 4.000000 171.000000 171 171
61 5.000000 212.000000 212 212
71 6.000000 254.000000 254 254
81 7.000000 298.000000 298 298
91 8.000000 345.000000 345 345
101 8.000000 389.000000 389 389
111 8.000000 436.000000 436 436
121 10.000000 480.000000 480 480
131 9.000000 524.000000 524 524
141 10.000000 575.000000 575 575
151 12.000000 626.000000 626 626
161 12.000000 674.000000 674 674
171 13.000000 726.000000 726 726
181 13.000000 776.000000 776 776
191 13.000000 828.000000 828 828
201 15.000000 875.000000 875 875
211 16.000000 926.000000 926 926
221 15.000000 977.000000 977 977
231 16.000000 1027.000000 1027 1027
241 16.000000 1076.000000 1076 1076
251 18.000000 1128.000000 1128 1128
261 18.000000 1176.000000 1176 1176
271 19.000000 1233.000000 1233 1233
281 21.000000 1287.000000 1287 1287
291 21.000000 1342.000000 1342 1342
301 22.000000 1398.000000 1398 1398
311 23.000000 1454.000000 1454 1454
321 23.000000 1506.000000 1506 1506
331 24.000000 1563.000000 1563 1563
341 24.000000 1618.000000 1618 1618
351 25.000000 1675.000000 1675 1675
361 27.000000 1728.000000 1728 1728
371 26.000000 1784.000000 1784 1784
381 27.000000 1840.000000 1840 1840
391 29.000000 1893.000000 1893 1893
401 29.000000 1947.000000 1947 1947
411 29.000000 2004.000000 2004 2004
421 30.000000 2058.000000 2058 2058
431 31.000000 2115.000000 2115 2115
441 31.000000 2169.000000 2169 2169
451 31.000000 2223.000000 2223 2223
461 32.000000 2279.000000 2279 2279
471 32.000000 2335.000000 2335 2335
481 34.000000 2388.000000 2388 2388
491 34.000000 2445.000000 2445 2445
501 34.000000 2500.000000 2500 2500
511 48.000000 2557.000000 2557 2557
521 36.000000 2610.000000 2610 2610
531 38.000000 2671.000000 2671 2671
541 38.000000 2732.000000 2732 2732
551 40.000000 2792.000000 2792 2792
561 41.000000 2851.000000 2851 2851
571 42.000000 2913.000000 2913 2913
581 44.000000 2971.000000 2971 2971
591 44.000000 3033.000000 3033 3033
601 45.000000 3092.000000 3092 3092
611 47.000000 3152.000000 3152 3152
621 46.000000 3213.000000 3213 3213
631 48.000000 3274.000000 3274 3274
641 47.000000 3330.000000 3330 3330
651 48.000000 3392.000000 3392 3392
661 49.000000 3452.000000 3452 3452
671 50.000000 3514.000000 3514 3514
681 52.000000 3572.000000 3572 3572
691 51.000000 3633.000000 3633 3633
701 51.000000 3694.000000 3694 3694
711 53.000000 3753.000000 3753 3753
721 53.000000 3812.000000 3812 3812
731 55.000000 3874.000000 3874 3874
741 54.000000 3933.000000 3933 3933
751 55.000000 3995.000000 3995 3995
761 55.000000 4054.000000 4054 4054
771 56.000000 4111.000000 4111 4111
781 58.000000 4172.000000 4172 4172
791 57.000000 4233.000000 4233 4233
801 58.000000 4291.000000 4291 4291
811 59.000000 4353.000000 4353 4353
821 59.000000 4413.000000 4413 4413
831 60.000000 4475.000000 4475 4475
841 60.000000 4532.000000 4532 4532
851 61.000000 4593.000000 4593 4593
861 61.000000 4654.000000 4654 4654
871 62.000000 4714.000000 4714 4714
881 64.000000 4773.000000 4773 4773
891 63.000000 4835.000000 4835 4835
901 65.000000 4892.000000 4892 4892
911 64.000000 4954.000000 4954 4954
921 66.000000 5013.000000 5013 5013
931 67.000000 5073.000000 5073 5073
941 67.000000 5134.000000 5134 5134
951 68.000000 5195.000000 5195 5195
961 69.000000 5252.000000 5252 5252
971 69.000000 5314.000000 5314 5314
981 69.000000 5374.000000 5374 5374
991 69.000000 5436.000000 5436 5436
1001 70.000000 5494.000000 5494 5494
