1 2.000000 0.000000 0 0
2 0.000000 1.000000 1 1
3 0.000000 3.000000 3 3
4 1.000000 4.000000 4 4
5 0.000000 7.000000 7 7
6 0.000000 9.000000 9 9
7 2.000000 13.000000 13 13
8 1.000000 14.000000 14 14
9 1.000000 19.000000 19 19
10 1.000000 22.000000 22 22
11 0.000000 26.000000 26 26
12 2.000000 28.000000 28 28
13 1.000000 33.000000 33 33
14 1.000000 35.000000 35 35
15 1.000000 41.000000 41 41
16 1.000000 42.000000 42 42
17 3.000000 48.000000 48 48
18 1.000000 52.000000 52 52
19 1.000000 57.000000 57 57
20 1.000000 60.000000 60 60
21 1.000000 66.000000 66 66
22 2.000000 69.000000 69 69
23 1.000000 75.000000 75 75
24 1.000000 77.000000 77 77
25 3.000000 82.000000 82 82
26 2.000000 85.000000 85 85
27 2.000000 92.000000 92 92
28 2.000000 94.000000 94 94
29 2.000000 100.000000 100 100
30 2.000000 102.000000 102 102
31 3.000000 109.000000 109 109
32 2.000000 110.000000 110 110
33 4.000000 117.000000 117 117
34 3.000000 122.000000 122 122
35 3.000000 128.000000 128 128
36 3.000000 132.000000 132 132
37 3.000000 140.000000 140 140
38 3.000000 144.000000 144 144
39 3.000000 149.000000 149 149
40 3.000000 152.000000 152 152
41 3.000000 160.000000 160 160
42 3.000000 164.000000 164 164
43 4.000000 171.000000 171 171
44 4.000000 174.000000 174 174
45 3.000000 180.000000 180 180
46 3.000000 183.000000 183 183
47 4.000000 189.000000 189 189
48 5.000000 191.000000 191 191
49 4.000000 198.000000 198 198
50 4.000000 202.000000 202 202
51 5.000000 211.000000 211 211
52 4.000000 214.000000 214 214
53 4.000000 221.000000 221 221
54 4.000000 224.000000 224 224
55 4.000000 230.000000 230 230
56 4.000000 232.000000 232 232
57 4.000000 240.000000 240 240
58 3.000000 243.000000 243 243
59 4.000000 250.000000 250 250
60 4.000000 252.000000 252 252
61 4.000000 259.000000 259 259
62 5.000000 261.000000 261 261
63 4.000000 269.000000 269 269
64 4.000000 270.000000 270 270
65 4.000000 278.000000 278 278
66 5.000000 284.000000 284 284
67 5.000000 291.000000 291 291
68 5.000000 296.000000 296 296
69 5.000000 305.000000 305 305
70 6.000000 310.000000 310 310
71 6.000000 318.000000 318 318
72 6.000000 322.000000 322 322
73 6.000000 330.000000 330 330
74 6.000000 335.000000 335 335
75 6.000000 342.000000 342 342
76 5.000000 346.000000 346 346
77 7.000000 354.000000 354 354
78 6.000000 358.000000 358 358
79 6.000000 365.000000 365 365
80 6.000000 368.000000 368 368
81 6.000000 376.000000 376 376
82 6.000000 381.000000 381 381
83 6.000000 390.000000 390 390
84 6.000000 394.000000 394 394
85 7.000000 402.000000 402 402
86 6.000000 406.000000 406 406
87 7.000000 413.000000 413 413
88 7.000000 416.000000 416 416
89 6.000000 422.000000 422 422
90 6.000000 426.000000 426 426
91 6.000000 435.000000 435 435
92 6.000000 438.000000 438 438
93 6.000000 443.000000 443 443
94 6.000000 446.000000 446 446
95 6.000000 454.000000 454 454
96 7.000000 456.000000 456 456
97 7.000000 465.000000 465 465
98 7.000000 470.000000 470 470
99 10.000000 481.000000 481 481
100 7.000000 485.000000 485 485
101 7.000000 493.000000 493 493
