1 5.000000 0.000000 0 0
2 0.000000 1.000000 1 1
3 1.000000 3.000000 3 3
4 1.000000 5.000000 5 5
5 0.000000 7.000000 7 7
6 1.000000 10.000000 10 10
7 2.000000 13.000000 13 13
8 1.000000 15.000000 15 15
9 1.000000 17.000000 17 17
10 1.000000 21.000000 21 21
11 1.000000 24.000000 24 24
12 1.000000 27.000000 27 27
13 2.000000 30.000000 30 30
14 1.000000 33.000000 33 33
15 2.000000 37.000000 37 37
16 1.000000 39.000000 39 39
17 2.000000 41.000000 41 41
18 3.000000 46.000000 46 46
19 2.000000 49.000000 49 49
20 1.000000 53.000000 53 53
21 1.000000 56.000000 56 56
22 1.000000 60.000000 60 60
23 2.000000 64.000000 64 64
24 2.000000 67.000000 67 67
25 2.000000 70.000000 70 70
26 3.000000 74.000000 74 74
27 2.000000 78.000000 78 78
28 2.000000 81.000000 81 81
29 2.000000 85.000000 85 85
30 2.000000 88.000000 88 88
31 3.000000 93.000000 93 93
32 2.000000 95.000000 95 95
33 2.000000 97.000000 97 97
34 4.000000 103.000000 103 103
35 3.000000 106.000000 106 106
36 3.000000 111.000000 111 111
37 3.000000 114.000000 114 114
38 3.000000 119.000000 119 119
39 3.000000 123.000000 123 123
40 3.000000 127.000000 127 127
41 4.000000 130.000000 130 130
42 4.000000 135.000000 135 135
43 3.000000 139.000000 139 139
44 3.000000 143.000000 143 143
45 3.000000 147.000000 147 147
46 4.000000 151.000000 151 151
47 4.000000 156.000000 156 156
48 3.000000 159.000000 159 159
49 4.000000 162.000000 162 162
50 4.000000 167.000000 167 167
51 3.000000 171.000000 171 171
52 3.000000 175.000000 175 175
53 4.000000 179.000000 179 179
54 4.000000 183.000000 183 183
55 4.000000 188.000000 188 188
56 4.000000 191.000000 191 191
57 6.000000 195.000000 195 195
58 4.000000 199.000000 199 199
59 4.000000 204.000000 204 204
60 4.000000 207.000000 207 207
61 5.000000 212.000000 212 212
62 4.000000 215.000000 215 215
63 5.000000 221.000000 221 221
64 5.000000 223.000000 223 223
65 4.000000 225.000000 225 225
66 4.000000 232.000000 232 232
67 5.000000 235.000000 235 235
68 5.000000 241.000000 241 241
69 6.000000 244.000000 244 244
70 5.000000 250.000000 250 250
71 5.000000 254.000000 254 254
72 6.000000 259.000000 259 259
73 5.000000 262.000000 262 262
74 7.000000 268.000000 268 268
75 5.000000 272.000000 272 272
76 5.000000 277.000000 277 277
77 6.000000 281.000000 281 281
78 6.000000 286.000000 286 286
79 6.000000 291.000000 291 291
80 6.000000 295.000000 295 295
81 6.000000 298.000000 298 298
82 5.000000 304.000000 304 304
83 6.000000 308.000000 308 308
84 6.000000 313.000000 313 313
85 7.000000 317.000000 317 317
86 6.000000 322.000000 322 322
87 6.000000 327.000000 327 327
88 7.000000 331.000000 331 331
89 6.000000 335.000000 335 335
90 6.000000 340.000000 340 340
91 7.000000 345.000000 345 345
92 7.000000 349.000000 349 349
93 7.000000 354.000000 354 354
94 7.000000 358.000000 358 358
95 6.000000 364.000000 364 364
96 6.000000 367.000000 367 367
97 7.000000 370.000000 370 370
98 7.000000 376.000000 376 376
99 7.000000 380.000000 380 380
100 7.000000 385.000000 385 385
101 8.000000 389.000000 389 389
