1 2.000000 0.000000 0 0
101 9.000000 389.000000 389 389
201 16.000000 875.000000 875 875
301 25.000000 1398.000000 1398 1398
401 31.000000 1947.000000 1947 1947
501 35.000000 2500.000000 2500 2500
601 46.000000 3092.000000 3092 3092
701 58.000000 3694.000000 3694 3694
801 59.000000 4291.000000 4291 4291
901 64.000000 4892.000000 4892 4892
1001 71.000000 5494.000000 5494 5494
1101 83.000000 6130.000000 6130 6130
1201 92.000000 6780.000000 6780 6780
1301 100.000000 7430.000000 7430 7430
1401 107.000000 8082.000000 8082 8082
1501 136.000000 8733.000000 8733 8733
1601 130.000000 9379.000000 9379 9379
1701 130.000000 10031.000000 10031 10031
1801 130.000000 10680.000000 10680 10680
1901 144.000000 11333.000000 11333 11333
2001 149.000000 11982.000000 11982 11982
2101 156.000000 12656.000000 12656 12656
2201 166.000000 13356.000000 13356 13356
2301 207.000000 14059.000000 14059 14059
2401 189.000000 14756.000000 14756 14756
2501 196.000000 15457.000000 15457 15457
2601 201.000000 16156.000000 16156 16156
2701 207.000000 16857.000000 16857 16857
2801 222.000000 17558.000000 17558 17558
2901 222.000000 18258.000000 18258 18258
3001 228.000000 18959.000000 18959 18959
3101 236.000000 19657.000000 19657 19657
3201 239.000000 20355.000000 20355 20355
3301 246.000000 21058.000000 21058 21058
3401 259.000000 21757.000000 21757 21757
3501 258.000000 22459.000000 22459 22459
3601 286.000000 23156.000000 23156 23156
3701 282.000000 23859.000000 23859 23859
3801 292.000000 24559.000000 24559 24559
3901 306.000000 25260.000000 25260 25260
4001 286.000000 25958.000000 25958 25958
4101 287.000000 26656.000000 26656 26656
4201 300.000000 27408.000000 27408 27408
4301 311.000000 28159.000000 28159 28159
4401 322.000000 28908.000000 28908 28908
4501 336.000000 29659.000000 29659 29659
4601 343.000000 30411.000000 30411 30411
4701 361.000000 31160.000000 31160 31160
4801 374.000000 31908.000000 31908 31908
4901 433.000000 32659.000000 32659 32659
5001 408.000000 33409.000000 33409 33409
5101 412.000000 34162.000000 34162 34162
5201 421.000000 34908.000000 34908 34908
5301 431.000000 35660.000000 35660 35660
5401 438.000000 36409.000000 36409 36409
5501 445.000000 37162.000000 37162 37162
5601 468.000000 37910.000000 37910 37910
5701 507.000000 38659.000000 38659 38659
5801 467.000000 39410.000000 39410 39410
5901 474.000000 40160.000000 40160 40160
6001 488.000000 40911.000000 40911 40911
6101 490.000000 41662.000000 41662 41662
6201 492.000000 42409.000000 42409 42409
6301 514.000000 43160.000000 43160 43160
6401 525.000000 43907.000000 43907 43907
6501 527.000000 44660.000000 44660 44660
6601 506.000000 45410.000000 45410 45410
6701 541.000000 46160.000000 46160 46160
6801 545.000000 46909.000000 46909 46909
6901 554.000000 47662.000000 47662 47662
7001 537.000000 48411.000000 48411 48411
7101 608.000000 49163.000000 49163 49163
7201 572.000000 49908.000000 49908 49908
7301 596.000000 50659.000000 50659 50659
7401 550.000000 51411.000000 51411 51411
7501 553.000000 52161.000000 52161 52161
7601 571.000000 52911.000000 52911 52911
7701 586.000000 53660.000000 53660 53660
7801 590.000000 54412.000000 54412 54412
7901 598.000000 55163.000000 55163 55163
8001 605.000000 55910.000000 55910 55910
8101 617.000000 56662.000000 56662 56662
8201 633.000000 57410.000000 57410 57410
8301 645.000000 58213.000000 58213 58213
8401 675.000000 59012.000000 59012 59012
8501 737.000000 59813.000000 59813 59813
8601 754.000000 60613.000000 60613 60613
8701 680.000000 61416.000000 61416 61416
8801 694.000000 62212.000000 62212 62212
8901 701.000000 63013.000000 63013 63013
9001 714.000000 63813.000000 63813 63813
9101 723.000000 64614.000000 64614 64614
9201 747.000000 65415.000000 65415 65415
9301 747.000000 66213.000000 66213 66213
9401 759.000000 67014.000000 67014 67014
9501 774.000000 67814.000000 67814 67814
9601 785.000000 68612.000000 68612 68612
9701 807.000000 69415.000000 69415 69415
9801 801.000000 70213.000000 70213 70213
9901 827.000000 71015.000000 71015 71015
10001 823.000000 71813.000000 71813 71813
