1 4.000000 0.000000 0 0
11 3.000000 26.000000 26 26
21 4.000000 66.000000 66 66
31 6.000000 109.000000 109 109
41 6.000000 160.000000 160 160
51 7.000000 211.000000 211 211
61 8.000000 259.000000 259 259
71 12.000000 318.000000 318 318
81 12.000000 376.000000 376 376
91 13.000000 435.000000 435 435
101 14.000000 493.000000 493 493
111 15.000000 550.000000 550 550
121 17.000000 605.000000 605 605
131 17.000000 662.000000 662 662
141 23.000000 735.000000 735 735
151 23.000000 804.000000 804 804
161 23.000000 868.000000 868 868
171 24.000000 936.000000 936 936
181 26.000000 999.000000 999 999
191 26.000000 1056.000000 1056 1056
201 29.000000 1128.000000 1128 1128
211 30.000000 1197.000000 1197 1197
221 31.000000 1260.000000 1260 1260
231 31.000000 1325.000000 1325 1325
241 32.000000 1386.000000 1386 1386
251 34.000000 1446.000000 1446 1446
261 35.000000 1515.000000 1515 1515
271 38.000000 1597.000000 1597 1597
281 43.000000 1676.000000 1676 1676
291 44.000000 1752.000000 1752 1752
301 43.000000 1829.000000 1829 1829
311 45.000000 1901.000000 1901 1901
321 45.000000 1971.000000 1971 1971
331 48.000000 2050.000000 2050 2050
341 48.000000 2128.000000 2128 2128
351 50.000000 2192.000000 2192 2192
361 51.000000 2265.000000 2265 2265
371 93.000000 2335.000000 2335 2335
381 53.000000 2388.000000 2388 2388
391 55.000000 2477.000000 2477 2477
401 55.000000 2551.000000 2551 2551
411 57.000000 2629.000000 2629 2629
421 57.000000 2703.000000 2703 2703
431 62.000000 2779.000000 2779 2779
441 58.000000 2845.000000 2845 2845
451 59.000000 2918.000000 2918 2918
461 61.000000 2990.000000 2990 2990
471 62.000000 3059.000000 3059 3059
481 62.000000 3126.000000 3126 3126
491 63.000000 3197.000000 3197 3197
501 62.000000 3262.000000 3262 3262
511 65.000000 3325.000000 3325 3325
521 68.000000 3413.000000 3413 3413
531 70.000000 3503.000000 3503 3503
541 72.000000 3591.000000 3591 3591
551 74.000000 3680.000000 3680 3680
561 77.000000 3764.000000 3764 3764
571 82.000000 3849.000000 3849 3849
581 82.000000 3933.000000 3933 3933
591 84.000000 4017.000000 4017 4017
601 85.000000 4100.000000 4100 4100
611 87.000000 4182.000000 4182 4182
621 88.000000 4262.000000 4262 4262
631 90.000000 4342.000000 4342 4342
641 88.000000 4416.000000 4416 4416
651 92.000000 4506.000000 4506 4506
661 93.000000 4589.000000 4589 4589
671 97.000000 4669.000000 4669 4669
681 95.000000 4752.000000 4752 4752
691 97.000000 4829.000000 4829 4829
701 97.000000 4905.000000 4905 4905
711 100.000000 4985.000000 4985 4985
721 101.000000 5063.000000 5063 5063
731 106.000000 5141.000000 5141 5141
741 103.000000 5212.000000 5212 5212
751 104.000000 5289.000000 5289 5289
761 104.000000 5353.000000 5353 5353
771 104.000000 5441.000000 5441 5441
781 107.000000 5533.000000 5533 5533
791 108.000000 5616.000000 5616 5616
801 111.000000 5695.000000 5695 5695
811 111.000000 5786.000000 5786 5786
821 99.000000 5866.000000 5866 5866
831 99.000000 5944.000000 5944 5944
841 102.000000 6027.000000 6027 6027
851 102.000000 6114.000000 6114 6114
861 107.000000 6191.000000 6191 6191
871 104.000000 6271.000000 6271 6271
881 105.000000 6346.000000 6346 6346
891 106.000000 6423.000000 6423 6423
901 107.000000 6504.000000 6504 6504
911 108.000000 6584.000000 6584 6584
921 110.000000 6663.000000 6663 6663
931 114.000000 6741.000000 6741 6741
941 112.000000 6818.000000 6818 6818
951 112.000000 6895.000000 6895 6895
961 113.000000 6966.000000 6966 6966
971 140.000000 7046.000000 7046 7046
981 116.000000 7122.000000 7122 7122
991 115.000000 7194.000000 7194 7194
1001 116.000000 7268.000000 7268 7268
