2 0.000000 1.000000 1 1
12 1.000000 28.000000 28 28
22 2.000000 69.000000 69 69
32 2.000000 110.000000 110 110
42 3.000000 164.000000 164 164
52 3.000000 214.000000 214 214
62 4.000000 261.000000 261 261
72 5.000000 322.000000 322 322
82 5.000000 381.000000 381 381
92 6.000000 438.000000 438 438
102 7.000000 497.000000 497 497
112 8.000000 552.000000 552 552
122 7.000000 608.000000 608 608
132 7.000000 668.000000 668 668
142 9.000000 740.000000 740 740
152 10.000000 808.000000 808 808
162 10.000000 874.000000 874 874
172 10.000000 940.000000 940 940
182 21.000000 1003.000000 1003 1003
192 12.000000 1058.000000 1058 1058
202 12.000000 1133.000000 1133 1133
212 13.000000 1201.000000 1201 1201
222 13.000000 1263.000000 1263 1263
232 14.000000 1328.000000 1328 1328
242 19.000000 1390.000000 1390 1390
252 14.000000 1448.000000 1448 1448
262 16.000000 1522.000000 1522 1522
272 17.000000 1602.000000 1602 1602
282 17.000000 1682.000000 1682 1682
292 19.000000 1758.000000 1758 1758
302 19.000000 1834.000000 1834 1834
312 19.000000 1905.000000 1905 1905
322 19.000000 1978.000000 1978 1978
332 22.000000 2055.000000 2055 2055
342 22.000000 2133.000000 2133 2133
352 22.000000 2195.000000 2195 2195
362 22.000000 2270.000000 2270 2270
372 23.000000 2339.000000 2339 2339
382 23.000000 2391.000000 2391 2391
392 24.000000 2482.000000 2482 2482
402 25.000000 2557.000000 2557 2557
412 25.000000 2633.000000 2633 2633
422 26.000000 2708.000000 2708 2708
432 27.000000 2782.000000 2782 2782
442 27.000000 2849.000000 2849 2849
452 28.000000 2923.000000 2923 2923
462 28.000000 2994.000000 2994 2994
472 29.000000 3062.000000 3062 3062
482 30.000000 3131.000000 3131 3131
492 30.000000 3200.000000 3200 3200
502 30.000000 3265.000000 3265 3265
512 30.000000 3326.000000 3326 3326
522 33.000000 3421.000000 3421 3421
532 34.000000 3510.000000 3510 3510
542 34.000000 3597.000000 3597 3597
552 35.000000 3686.000000 3686 3686
562 36.000000 3771.000000 3771 3771
572 36.000000 3854.000000 3854 3854
582 36.000000 3940.000000 3940 3940
592 38.000000 4022.000000 4022 4022
602 39.000000 4106.000000 4106 4106
612 39.000000 4188.000000 4188 4188
622 38.000000 4267.000000 4267 4267
632 39.000000 4346.000000 4346 4346
642 37.000000 4424.000000 4424 4424
652 38.000000 4512.000000 4512 4512
662 39.000000 4595.000000 4595 4595
672 69.000000 4673.000000 4673 4673
682 40.000000 4758.000000 4758 4758
692 40.000000 4834.000000 4834 4834
702 40.000000 4909.000000 4909 4909
712 41.000000 4990.000000 4990 4990
722 42.000000 5069.000000 5069 5069
732 43.000000 5145.000000 5145 5145
742 43.000000 5217.000000 5217 5217
752 45.000000 5292.000000 5292 5292
762 45.000000 5357.000000 5357 5357
772 45.000000 5448.000000 5448 5448
782 47.000000 5539.000000 5539 5539
792 47.000000 5621.000000 5621 5621
802 48.000000 5702.000000 5702 5702
812 49.000000 5791.000000 5791 5791
822 98.000000 5871.000000 5871 5871
832 50.000000 5947.000000 5947 5947
842 51.000000 6033.000000 6033 6033
852 52.000000 6119.000000 6119 6119
862 52.000000 6195.000000 6195 6195
872 53.000000 6275.000000 6275 6275
882 53.000000 6351.000000 6351 6351
892 54.000000 6426.000000 6426 6426
902 55.000000 6510.000000 6510 6510
912 56.000000 6588.000000 6588 6588
922 56.000000 6668.000000 6668 6668
932 57.000000 6746.000000 6746 6746
942 57.000000 6822.000000 6822 6822
952 58.000000 6898.000000 6898 6898
962 58.000000 6972.000000 6972 6972
972 59.000000 7050.000000 7050 7050
982 60.000000 7126.000000 7126 7126
992 62.000000 7196.000000 7196 7196
1002 61.000000 7272.000000 7272 7272
