1 1.000000 0.000000 0 0
101 7.000000 493.000000 493 493
201 12.000000 1128.000000 1128 1128
301 19.000000 1829.000000 1829 1829
401 43.000000 2551.000000 2551 2551
501 44.000000 3262.000000 3262 3262
601 55.000000 4100.000000 4100 4100
701 42.000000 4904.000000 4904 4904
801 63.000000 5695.000000 5695 5695
901 53.000000 6504.000000 6504 6504
1001 78.000000 7268.000000 7268 7268
1101 103.000000 8175.000000 8175 8175
1201 74.000000 9096.000000 9096 9096
1301 88.000000 9981.000000 9981 9981
1401 85.000000 10853.000000 10853 10853
1501 90.000000 11696.000000 11696 11696
1601 98.000000 12584.000000 12584 12584
1701 105.000000 13489.000000 13489 13489
1801 110.000000 14344.000000 14344 14344
1901 118.000000 15207.000000 15207 15207
2001 121.000000 16029.000000 16029 16029
2101 132.000000 16960.000000 16960 16960
2201 179.000000 17992.000000 17992 17992
2301 142.000000 18969.000000 18969 18969
2401 153.000000 19980.000000 19980 19980
2501 157.000000 20937.000000 20937 20937
2601 164.000000 21900.000000 21900 21900
2701 229.000000 22867.000000 22867 22867
2801 346.000000 23800.000000 23800 23800
2901 225.000000 24735.000000 24735 24735
3001 205.000000 25640.000000 25640 25640
3101 263.000000 26566.000000 26566 26566
3201 263.000000 27560.000000 27560 27560
3301 212.000000 28549.000000 28549 28549
3401 219.000000 29515.000000 29515 29515
3501 232.000000 30462.000000 30462 30462
3601 229.000000 31377.000000 31377 31377
3701 240.000000 32336.000000 32336 32336
3801 245.000000 33260.000000 33260 33260
3901 261.000000 34165.000000 34165 34165
4001 253.000000 35049.000000 35049 35049
4101 257.000000 35902.000000 35902 35902
4201 299.000000 37062.000000 37062 37062
4301 290.000000 38177.000000 38177 38177
4401 297.000000 39274.000000 39274 39274
4501 364.000000 40349.000000 40349 40349
4601 309.000000 41387.000000 41387 41387
4701 322.000000 42491.000000 42491 42491
4801 336.000000 43549.000000 43549 43549
4901 336.000000 44596.000000 44596 44596
5001 344.000000 45616.000000 45616 45616
5101 362.000000 46607.000000 46607 46607
5201 348.000000 47683.000000 47683 47683
5301 365.000000 48745.000000 48745 48745
5401 365.000000 49775.000000 49775 49775
5501 370.000000 50797.000000 50797 50797
5601 404.000000 51791.000000 51791 51791
5701 370.000000 52809.000000 52809 52809
5801 421.000000 53824.000000 53824 53824
5901 388.000000 54789.000000 54789 54789
6001 416.000000 55767.000000 55767 55767
6101 435.000000 56698.000000 56698 56698
6201 404.000000 57761.000000 57761 57761
6301 425.000000 58856.000000 58856 58856
6401 431.000000 59911.000000 59911 59911
6501 436.000000 61001.000000 61001 61001
6601 436.000000 62036.000000 62036 62036
6701 490.000000 63080.000000 63080 63080
6801 448.000000 64120.000000 64120 64120
6901 461.000000 65144.000000 65144 65144
7001 462.000000 66171.000000 66171 66171
7101 736.000000 67150.000000 67150 67150
7201 477.000000 68144.000000 68144 68144
7301 531.000000 69190.000000 69190 69190
7401 1149.000000 70210.000000 70210 70210
7501 567.000000 71231.000000 71231 71231
7601 582.000000 72213.000000 72213 72213
7701 508.000000 73173.000000 73173 73173
7801 680.000000 74170.000000 74170 74170
7901 551.000000 75136.000000 75136 75136
8001 524.000000 76090.000000 76090 76090
8101 574.000000 77025.000000 77025 77025
8201 524.000000 77944.000000 77944 77944
8301 555.000000 79200.000000 79200 79200
8401 568.000000 80416.000000 80416 80416
8501 569.000000 81613.000000 81613 81613
8601 599.000000 82795.000000 82795 82795
8701 583.000000 83925.000000 83925 83925
8801 643.000000 85140.000000 85140 85140
8901 617.000000 86304.000000 86304 86304
9001 613.000000 87455.000000 87455 87455
9101 809.000000 88592.000000 88592 88592
9201 644.000000 89669.000000 89669 89669
9301 652.000000 90861.000000 90861 90861
9401 665.000000 92024.000000 92024 92024
9501 783.000000 93164.000000 93164 93164
9601 690.000000 94288.000000 94288 94288
9701 702.000000 95394.000000 95394 95394
9801 764.000000 96521.000000 96521 96521
9901 676.000000 97640.000000 97640 97640
10001 691.000000 98722.000000 98722 98722
