1 4.000000 0.000000 0 0
2 1.000000 1.000000 1 1
4 1.000000 5.000000 5 5
8 2.000000 17.000000 17 17
16 4.000000 49.000000 49 49
32 5.000000 129.000000 129 129
64 12.000000 321.000000 321 321
128 23.000000 769.000000 769 769
256 43.000000 1793.000000 1793 1793
512 87.000000 4097.000000 4097 4097
1024 181.000000 9217.000000 9217 9217
2048 378.000000 20481.000000 20481 20481
4096 796.000000 45057.000000 45057 45057
8192 1659.000000 98305.000000 98305 98305
16384 3371.000000 212993.000000 212993 212993
32768 5812.000000 458753.000000 458753 458753
65536 9992.000000 983041.000000 983041 983041
131072 16504.000000 2097153.000000 2097153 2097153
262144 27543.000000 4456449.000000 4456449 4456449
524288 54443.000000 9437185.000000 9437185 9437185
1048576 112451.000000 19922945.000000 19922945 19922945
2097152 237752.000000 41943041.000000 41943041 41943041
4194304 494498.000000 88080385.000000 88080385 88080385
8388608 1017306.000000 184549377.000000 184549377 184549377
16777216 2132264.000000 385875969.000000 385875969 385875969
33554432 4358986.000000 805306369.000000 805306369 805306369
