1 3.000000 0.000000 0 0
11 1.000000 22.000000 22 22
21 3.000000 52.000000 52 52
31 2.000000 79.000000 79 79
41 4.000000 121.000000 121 121
51 4.000000 157.000000 157 157
61 5.000000 187.000000 187 187
71 5.000000 232.000000 232 232
81 7.000000 278.000000 278 278
91 7.000000 321.000000 321 321
101 9.000000 361.000000 361 361
111 8.000000 398.000000 398 398
121 8.000000 432.000000 432 432
131 10.000000 470.000000 470 470
141 10.000000 530.000000 530 530
151 11.000000 584.000000 584 584
161 11.000000 631.000000 631 631
171 12.000000 684.000000 684 684
181 13.000000 729.000000 729 729
191 13.000000 766.000000 766 766
201 15.000000 818.000000 818 818
211 14.000000 864.000000 864 864
221 15.000000 904.000000 904 904
231 15.000000 945.000000 945 945
241 17.000000 981.000000 981 981
251 16.000000 1014.000000 1014 1014
261 17.000000 1064.000000 1064 1064
271 18.000000 1131.000000 1131 1131
281 19.000000 1195.000000 1195 1195
291 21.000000 1254.000000 1254 1254
301 21.000000 1314.000000 1314 1314
311 21.000000 1368.000000 1368 1368
321 24.000000 1416.000000 1416 1416
331 23.000000 1479.000000 1479 1479
341 24.000000 1534.000000 1534 1534
351 26.000000 1581.000000 1581 1581
361 26.000000 1634.000000 1634 1634
371 26.000000 1680.000000 1680 1680
381 26.000000 1720.000000 1720 1720
391 27.000000 1775.000000 1775 1775
401 27.000000 1831.000000 1831 1831
411 27.000000 1884.000000 1884 1884
421 28.000000 1934.000000 1934 1934
431 29.000000 1981.000000 1981 1981
441 29.000000 2025.000000 2025 2025
451 31.000000 2067.000000 2067 2067
461 31.000000 2117.000000 2117 2117
471 31.000000 2161.000000 2161 2161
481 33.000000 2198.000000 2198 2198
491 33.000000 2241.000000 2241 2241
501 33.000000 2276.000000 2276 2276
511 33.000000 2303.000000 2303 2303
521 35.000000 2381.000000 2381 2381
531 35.000000 2457.000000 2457 2457
541 36.000000 2527.000000 2527 2527
551 38.000000 2598.000000 2598 2598
561 39.000000 2664.000000 2664 2664
571 39.000000 2727.000000 2727 2727
581 41.000000 2792.000000 2792 2792
591 41.000000 2859.000000 2859 2859
601 42.000000 2923.000000 2923 2923
611 45.000000 2982.000000 2982 2982
621 44.000000 3042.000000 3042 3042
631 47.000000 3096.000000 3096 3096
641 47.000000 3145.000000 3145 3145
651 48.000000 3218.000000 3218 3218
661 47.000000 3283.000000 3283 3283
671 48.000000 3340.000000 3340 3340
681 49.000000 3403.000000 3403 3403
691 50.000000 3459.000000 3459 3459
701 49.000000 3509.000000 3509 3509
711 50.000000 3567.000000 3567 3567
721 50.000000 3623.000000 3623 3623
731 51.000000 3676.000000 3676 3676
741 49.000000 3726.000000 3726 3726
751 50.000000 3773.000000 3773 3773
761 50.000000 3817.000000 3817 3817
771 51.000000 3865.000000 3865 3865
781 52.000000 3935.000000 3935 3935
791 53.000000 3999.000000 3999 3999
801 57.000000 4056.000000 4056 4056
811 58.000000 4119.000000 4119 4119
821 54.000000 4174.000000 4174 4174
831 54.000000 4221.000000 4221 4221
841 55.000000 4283.000000 4283 4283
851 56.000000 4339.000000 4339 4339
861 56.000000 4389.000000 4389 4389
871 56.000000 4440.000000 4440 4440
881 57.000000 4486.000000 4486 4486
891 58.000000 4529.000000 4529 4529
901 58.000000 4579.000000 4579 4579
911 59.000000 4636.000000 4636 4636
921 61.000000 4690.000000 4690 4690
931 60.000000 4739.000000 4739 4739
941 61.000000 4789.000000 4789 4789
951 63.000000 4833.000000 4833 4833
961 63.000000 4871.000000 4871 4871
971 63.000000 4924.000000 4924 4924
981 63.000000 4969.000000 4969 4969
991 64.000000 5006.000000 5006 5006
1001 64.000000 5049.000000 5049 5049
