2 4.000000 1.000000 1 1
102 41.000000 497.000000 497 497
202 71.000000 1133.000000 1133 1133
302 116.000000 1834.000000 1834 1834
402 69.000000 2557.000000 2557 2557
502 68.000000 3265.000000 3265 3265
602 61.000000 4106.000000 4106 4106
702 63.000000 4909.000000 4909 4909
802 62.000000 5702.000000 5702 5702
902 63.000000 6510.000000 6510 6510
1002 63.000000 7272.000000 7272 7272
1102 71.000000 8183.000000 8183 8183
1202 77.000000 9104.000000 9104 9104
1302 82.000000 9989.000000 9989 9989
1402 89.000000 10859.000000 10859 10859
1502 95.000000 11701.000000 11701 11701
1602 103.000000 12592.000000 12592 12592
1702 115.000000 13495.000000 13495 13495
1802 121.000000 14351.000000 14351 14351
1902 130.000000 15211.000000 15211 15211
2002 134.000000 16034.000000 16034 16034
2102 143.000000 16969.000000 16969 16969
2202 152.000000 18001.000000 18001 18001
2302 168.000000 18975.000000 18975 18975
2402 168.000000 19989.000000 19989 19989
2502 173.000000 20945.000000 20945 20945
2602 157.000000 21909.000000 21909 21909
2702 164.000000 22875.000000 22875 22875
2802 171.000000 23807.000000 23807 23807
2902 181.000000 24742.000000 24742 24742
3002 194.000000 25646.000000 25646 25646
3102 200.000000 26573.000000 26573 26573
3202 208.000000 27569.000000 27569 27569
3302 215.000000 28555.000000 28555 28555
3402 222.000000 29522.000000 29522 29522
3502 228.000000 30467.000000 30467 30467
3602 232.000000 31385.000000 31385 31385
3702 249.000000 32341.000000 32341 32341
3802 248.000000 33265.000000 33265 33265
3902 255.000000 34169.000000 34169 34169
4002 306.000000 35055.000000 35055 35055
4102 253.000000 35914.000000 35914 35914
4202 269.000000 37072.000000 37072 37072
4302 278.000000 38186.000000 38186 38186
4402 306.000000 39284.000000 39284 39284
4502 294.000000 40358.000000 40358 40358
4602 320.000000 41394.000000 41394 41394
4702 366.000000 42499.000000 42499 42499
4802 932.000000 43559.000000 43559 43559
4902 356.000000 44605.000000 44605 44605
5002 360.000000 45625.000000 45625 45625
5102 371.000000 46613.000000 46613 46613
5202 381.000000 47693.000000 47693 47693
5302 363.000000 48753.000000 48753 48753
5402 360.000000 49784.000000 49784 49784
5502 363.000000 50803.000000 50803 50803
5602 382.000000 51799.000000 51799 51799
5702 373.000000 52818.000000 52818 52818
5802 419.000000 53832.000000 53832 53832
5902 425.000000 54797.000000 54797 54797
6002 393.000000 55774.000000 55774 55774
6102 397.000000 56704.000000 56704 56704
6202 407.000000 57769.000000 57769 57769
6302 426.000000 58863.000000 58863 58863
6402 431.000000 59921.000000 59921 59921
6502 445.000000 61008.000000 61008 61008
6602 451.000000 62043.000000 62043 62043
6702 454.000000 63087.000000 63087 63087
6802 463.000000 64128.000000 64128 64128
6902 472.000000 65149.000000 65149 65149
7002 465.000000 66177.000000 66177 66177
7102 482.000000 67154.000000 67154 67154
7202 491.000000 68153.000000 68153 68153
7302 573.000000 69198.000000 69198 69198
7402 507.000000 70216.000000 70216 70216
7502 525.000000 71237.000000 71237 71237
7602 533.000000 72219.000000 72219 72219
7702 536.000000 73180.000000 73180 73180
7802 544.000000 74175.000000 74175 74175
7902 537.000000 75140.000000 75140 75140
8002 578.000000 76097.000000 76097 76097
8102 579.000000 77030.000000 77030 77030
8202 530.000000 77957.000000 77957 77957
8302 550.000000 79210.000000 79210 79210
8402 561.000000 80427.000000 80427 80427
8502 571.000000 81623.000000 81623 81623
8602 582.000000 82805.000000 82805 82805
8702 588.000000 83932.000000 83932 83932
8802 800.000000 85151.000000 85151 85151
8902 654.000000 86314.000000 86314 86314
9002 656.000000 87465.000000 87465 87465
9102 675.000000 88601.000000 88601 88601
9202 664.000000 89677.000000 89677 89677
9302 685.000000 90871.000000 90871 90871
9402 679.000000 92033.000000 92033 92033
9502 671.000000 93173.000000 93173 93173
9602 676.000000 94299.000000 94299 94299
9702 730.000000 95402.000000 95402 95402
9802 735.000000 96531.000000 96531 96531
9902 686.000000 97648.000000 97648 97648
10002 812.000000 98732.000000 98732 98732
