2 0.040000 1.000000 1 1
102 7.360000 365.000000 365 365
202 10.400000 823.000000 823 823
302 16.000000 1319.000000 1319 1319
402 21.600000 1837.000000 1837 1837
502 27.260000 2279.000000 2279 2279
602 34.540000 2929.000000 2929 2929
702 43.140000 3513.000000 3513 3513
802 46.420000 4063.000000 4063 4063
902 52.220000 4585.000000 4585 4585
1002 58.020000 5053.000000 5053 5053
1102 65.160000 5747.000000 5747 5747
1202 75.920000 6447.000000 6447 6447
1302 79.120000 7087.000000 7087 7087
1402 85.760000 7719.000000 7719 7719
1502 93.120000 8297.000000 8297 8297
1602 100.660000 8913.000000 8913 8913
1702 103.700000 9529.000000 9529 9529
1802 110.460000 10059.000000 10059 10059
1902 118.920000 10617.000000 10617 10617
2002 122.280000 11099.000000 11099 11099
2102 130.760000 11765.000000 11765 11765
2202 135.580000 12581.000000 12581 12581
2302 141.780000 13303.000000 13303 13303
2402 152.160000 14081.000000 14081 14081
2502 155.840000 14767.000000 14767 14767
2602 165.260000 15461.000000 15461 15461
2702 172.520000 16179.000000 16179 16179
2802 177.640000 16829.000000 16829 16829
2902 185.040000 17497.000000 17497 17497
3002 187.900000 18087.000000 18087 18087
3102 197.840000 18691.000000 18691 18691
3202 204.180000 19411.000000 19411 19411
3302 211.220000 20089.000000 20089 20089
3402 221.020000 20747.000000 20747 20747
3502 230.480000 21351.000000 21351 21351
3602 229.580000 21905.000000 21905 21905
3702 236.820000 22547.000000 22547 22547
3802 244.660000 23127.000000 23127 23127
3902 265.960000 23673.000000 23673 23673
4002 261.060000 24189.000000 24189 24189
4102 263.460000 24647.000000 24647 24647
4202 277.600000 25615.000000 25615 25615
4302 281.740000 26497.000000 26497 26497
4402 288.960000 27347.000000 27347 27347
4502 297.920000 28165.000000 28165 28165
4602 332.520000 28897.000000 28897 28897
4702 320.460000 29763.000000 29763 29763
4802 328.020000 30547.000000 30547 30547
4902 324.880000 31301.000000 31301 31301
5002 330.040000 32021.000000 32021 32021
5102 337.860000 32679.000000 32679 32679
5202 353.720000 33507.000000 33507 33507
5302 351.580000 34303.000000 34303 34303
5402 362.580000 35045.000000 35045 35045
5502 364.800000 35767.000000 35767 35767
5602 371.380000 36447.000000 36447 36447
5702 383.320000 37173.000000 37173 37173
5802 391.820000 37883.000000 37883 37883
5902 414.460000 38515.000000 38515 38515
6002 401.580000 39165.000000 39165 39165
6102 406.760000 39747.000000 39747 39747
6202 418.560000 40469.000000 40469 40469
6302 424.620000 41283.000000 41283 41283
6402 498.940000 42005.000000 42005 42005
6502 446.820000 42783.000000 42783 42783
6602 465.140000 43467.000000 43467 43467
6702 476.700000 44163.000000 44163 44163
6802 475.880000 44881.000000 44881 44881
6902 488.020000 45523.000000 45523 45523
7002 509.200000 46193.000000 46193 46193
7102 519.400000 46777.000000 46777 46777
7202 576.200000 47395.000000 47395 47395
7302 615.820000 48117.000000 48117 48117
7402 555.020000 48785.000000 48785 48785
7502 566.980000 49445.000000 49445 49445
7602 567.220000 50045.000000 50045 50045
7702 585.780000 50607.000000 50607 50607
7802 584.980000 51239.000000 51239 51239
7902 578.980000 51817.000000 51817 51817
8002 590.200000 52367.000000 52367 52367
8102 598.080000 52883.000000 52883 52883
8202 601.760000 53373.000000 53373 53373
8302 588.700000 54431.000000 54431 54431
8402 633.600000 55413.000000 55413 55413
8502 619.200000 56363.000000 56363 56363
8602 626.900000 57279.000000 57279 57279
8702 626.300000 58101.000000 58101 58101
8802 654.740000 59077.000000 59077 59077
8902 638.980000 59963.000000 59963 59963
9002 651.580000 60815.000000 60815 60815
9102 653.840000 61633.000000 61633 61633
9202 647.420000 62383.000000 62383 62383
9302 676.880000 63323.000000 63323 63323
9402 704.140000 64213.000000 64213 64213
9502 694.340000 65057.000000 65057 65057
9602 685.160000 65877.000000 65877 65877
9702 713.620000 66655.000000 66655 66655
9802 707.020000 67487.000000 67487 67487
9902 725.540000 68291.000000 68291 68291
10002 794.000000 69027.000000 69027 69027
