1 2.000000 0.000000 0 0
2 1.000000 1.000000 1 1
3 1.000000 3.000000 3 3
4 1.000000 4.000000 4 4
5 0.000000 7.000000 7 7
6 0.000000 9.000000 9 9
7 1.000000 11.000000 11 11
8 1.000000 12.000000 12 12
9 1.000000 16.000000 16 16
10 1.000000 19.000000 19 19
11 2.000000 22.000000 22 22
12 1.000000 24.000000 24 24
13 1.000000 27.000000 27 27
14 2.000000 29.000000 29 29
15 1.000000 31.000000 31 31
16 0.000000 32.000000 32 32
17 1.000000 37.000000 37 37
18 2.000000 41.000000 41 41
19 2.000000 45.000000 45 45
20 1.000000 48.000000 48 48
21 2.000000 52.000000 52 52
22 2.000000 55.000000 55 55
23 1.000000 58.000000 58 58
24 2.000000 60.000000 60 60
25 3.000000 64.000000 64 64
26 2.000000 67.000000 67 67
27 3.000000 70.000000 70 70
28 2.000000 72.000000 72 72
29 2.000000 75.000000 75 75
30 3.000000 77.000000 77 77
31 2.000000 79.000000 79 79
32 2.000000 80.000000 80 80
33 3.000000 86.000000 86 86
34 3.000000 91.000000 91 91
35 3.000000 96.000000 96 96
36 2.000000 100.000000 100 100
37 2.000000 105.000000 105 105
38 3.000000 109.000000 109 109
39 3.000000 113.000000 113 113
40 3.000000 116.000000 116 116
41 4.000000 121.000000 121 121
42 3.000000 125.000000 125 125
43 3.000000 129.000000 129 129
44 3.000000 132.000000 132 132
45 3.000000 136.000000 136 136
46 4.000000 139.000000 139 139
47 3.000000 142.000000 142 142
48 3.000000 144.000000 144 144
49 4.000000 149.000000 149 149
50 3.000000 153.000000 153 153
51 4.000000 157.000000 157 157
52 3.000000 160.000000 160 160
53 4.000000 164.000000 164 164
54 3.000000 167.000000 167 167
55 3.000000 170.000000 170 170
56 4.000000 172.000000 172 172
57 4.000000 176.000000 176 176
58 4.000000 179.000000 179 179
59 4.000000 182.000000 182 182
60 4.000000 184.000000 184 184
61 4.000000 187.000000 187 187
62 4.000000 189.000000 189 189
63 4.000000 191.000000 191 191
64 4.000000 192.000000 192 192
65 4.000000 199.000000 199 199
66 4.000000 205.000000 205 205
67 5.000000 211.000000 211 211
68 4.000000 216.000000 216 216
69 5.000000 222.000000 222 222
70 5.000000 227.000000 227 227
71 5.000000 232.000000 232 232
72 5.000000 236.000000 236 236
73 5.000000 242.000000 242 242
74 6.000000 247.000000 247 247
75 6.000000 252.000000 252 252
76 5.000000 256.000000 256 256
77 5.000000 261.000000 261 261
78 6.000000 265.000000 265 265
79 5.000000 269.000000 269 269
80 5.000000 272.000000 272 272
81 6.000000 278.000000 278 278
82 7.000000 283.000000 283 283
83 5.000000 288.000000 288 288
84 5.000000 292.000000 292 292
85 6.000000 297.000000 297 297
86 6.000000 301.000000 301 301
87 5.000000 305.000000 305 305
88 5.000000 308.000000 308 308
89 6.000000 313.000000 313 313
90 7.000000 317.000000 317 317
91 6.000000 321.000000 321 321
92 6.000000 324.000000 324 324
93 8.000000 328.000000 328 328
94 6.000000 331.000000 331 331
95 6.000000 334.000000 334 334
96 7.000000 336.000000 336 336
97 6.000000 342.000000 342 342
98 6.000000 347.000000 347 347
99 7.000000 352.000000 352 352
100 6.000000 356.000000 356 356
101 8.000000 361.000000 361 361
