2 2.000000 1.000000 1 1
4 2.000000 4.000000 4 4
6 2.000000 9.000000 9 9
8 2.000000 14.000000 14 14
10 2.000000 22.000000 22 22
12 3.000000 28.000000 28 28
14 3.000000 35.000000 35 35
16 3.000000 42.000000 42 42
18 3.000000 52.000000 52 52
20 3.000000 60.000000 60 60
22 3.000000 69.000000 69 69
24 4.000000 77.000000 77 77
26 4.000000 85.000000 85 85
28 4.000000 94.000000 94 94
30 3.000000 102.000000 102 102
32 5.000000 110.000000 110 110
34 4.000000 122.000000 122 122
36 3.000000 132.000000 132 132
38 5.000000 144.000000 144 144
40 5.000000 152.000000 152 152
42 5.000000 164.000000 164 164
44 6.000000 174.000000 174 174
46 5.000000 183.000000 183 183
48 5.000000 191.000000 191 191
50 6.000000 202.000000 202 202
52 5.000000 214.000000 214 214
54 5.000000 224.000000 224 224
56 6.000000 232.000000 232 232
58 6.000000 243.000000 243 243
60 6.000000 252.000000 252 252
62 6.000000 261.000000 261 261
64 5.000000 270.000000 270 270
66 9.000000 284.000000 284 284
68 7.000000 296.000000 296 296
70 7.000000 310.000000 310 310
72 7.000000 322.000000 322 322
74 8.000000 335.000000 335 335
76 7.000000 346.000000 346 346
78 7.000000 358.000000 358 358
80 10.000000 368.000000 368 368
82 9.000000 381.000000 381 381
84 8.000000 394.000000 394 394
86 8.000000 406.000000 406 406
88 9.000000 416.000000 416 416
90 8.000000 426.000000 426 426
92 8.000000 438.000000 438 438
94 8.000000 446.000000 446 446
96 8.000000 456.000000 456 456
98 9.000000 470.000000 470 470
100 9.000000 485.000000 485 485
102 10.000000 497.000000 497 497
