1 3.000000 0.000000 0 0
11 1.000000 22.000000 22 22
21 1.000000 58.000000 58 58
31 1.000000 98.000000 98 98
41 2.000000 148.000000 148 148
51 1.000000 198.000000 198 198
61 2.000000 248.000000 248 248
71 3.000000 306.000000 306 306
81 3.000000 366.000000 366 366
91 2.000000 426.000000 426 426
101 2.000000 486.000000 486 486
111 3.000000 546.000000 546 546
121 3.000000 606.000000 606 606
131 4.000000 670.000000 670 670
141 4.000000 740.000000 740 740
151 4.000000 810.000000 810 810
161 5.000000 880.000000 880 880
171 5.000000 950.000000 950 950
181 5.000000 1020.000000 1020 1020
191 5.000000 1090.000000 1090 1090
201 6.000000 1160.000000 1160 1160
211 7.000000 1230.000000 1230 1230
221 6.000000 1300.000000 1300 1300
231 6.000000 1370.000000 1370 1370
241 8.000000 1440.000000 1440 1440
251 7.000000 1510.000000 1510 1510
261 7.000000 1586.000000 1586 1586
271 8.000000 1666.000000 1666 1666
281 8.000000 1746.000000 1746 1746
291 9.000000 1826.000000 1826 1826
301 9.000000 1906.000000 1906 1906
311 9.000000 1986.000000 1986 1986
321 10.000000 2066.000000 2066 2066
331 10.000000 2146.000000 2146 2146
341 10.000000 2226.000000 2226 2226
351 10.000000 2306.000000 2306 2306
361 10.000000 2386.000000 2386 2386
371 12.000000 2466.000000 2466 2466
381 11.000000 2546.000000 2546 2546
391 11.000000 2626.000000 2626 2626
401 13.000000 2706.000000 2706 2706
411 12.000000 2786.000000 2786 2786
421 12.000000 2866.000000 2866 2866
431 12.000000 2946.000000 2946 2946
441 13.000000 3026.000000 3026 3026
451 13.000000 3106.000000 3106 3106
461 13.000000 3186.000000 3186 3186
471 14.000000 3266.000000 3266 3266
481 15.000000 3346.000000 3346 3346
491 15.000000 3426.000000 3426 3426
501 15.000000 3506.000000 3506 3506
511 17.000000 3586.000000 3586 3586
521 17.000000 3676.000000 3676 3676
531 17.000000 3766.000000 3766 3766
541 17.000000 3856.000000 3856 3856
551 18.000000 3946.000000 3946 3946
561 18.000000 4036.000000 4036 4036
571 18.000000 4126.000000 4126 4126
581 19.000000 4216.000000 4216 4216
591 20.000000 4306.000000 4306 4306
601 19.000000 4396.000000 4396 4396
611 20.000000 4486.000000 4486 4486
621 19.000000 4576.000000 4576 4576
631 20.000000 4666.000000 4666 4666
641 22.000000 4756.000000 4756 4756
651 20.000000 4846.000000 4846 4846
661 21.000000 4936.000000 4936 4936
671 23.000000 5026.000000 5026 5026
681 21.000000 5116.000000 5116 5116
691 22.000000 5206.000000 5206 5206
701 22.000000 5296.000000 5296 5296
711 23.000000 5386.000000 5386 5386
721 23.000000 5476.000000 5476 5476
731 23.000000 5566.000000 5566 5566
741 24.000000 5656.000000 5656 5656
751 25.000000 5746.000000 5746 5746
761 24.000000 5836.000000 5836 5836
771 24.000000 5926.000000 5926 5926
781 24.000000 6016.000000 6016 6016
791 25.000000 6106.000000 6106 6106
801 26.000000 6196.000000 6196 6196
811 25.000000 6286.000000 6286 6286
821 25.000000 6376.000000 6376 6376
831 26.000000 6466.000000 6466 6466
841 26.000000 6556.000000 6556 6556
851 27.000000 6646.000000 6646 6646
861 27.000000 6736.000000 6736 6736
871 27.000000 6826.000000 6826 6826
881 37.000000 6916.000000 6916 6916
891 28.000000 7006.000000 7006 7006
901 29.000000 7096.000000 7096 7096
911 28.000000 7186.000000 7186 7186
921 29.000000 7276.000000 7276 7276
931 30.000000 7366.000000 7366 7366
941 29.000000 7456.000000 7456 7456
951 29.000000 7546.000000 7546 7546
961 31.000000 7636.000000 7636 7636
971 31.000000 7726.000000 7726 7726
981 31.000000 7816.000000 7816 7816
991 42.000000 7906.000000 7906 7906
1001 33.000000 7996.000000 7996 7996
