1 0.000000 0.000000 0 0
2 0.000000 1.000000 1 1
3 1.000000 3.000000 3 3
4 0.000000 6.000000 6 6
5 0.000000 10.000000 10 10
6 1.000000 15.000000 15 15
7 0.000000 21.000000 21 21
8 1.000000 28.000000 28 28
9 1.000000 36.000000 36 36
10 0.000000 45.000000 45 45
11 0.000000 55.000000 55 55
12 0.000000 66.000000 66 66
13 1.000000 78.000000 78 78
14 1.000000 91.000000 91 91
15 0.000000 105.000000 105 105
16 1.000000 120.000000 120 120
17 0.000000 136.000000 136 136
18 0.000000 153.000000 153 153
19 2.000000 171.000000 171 171
20 1.000000 190.000000 190 190
21 1.000000 210.000000 210 210
22 1.000000 231.000000 231 231
23 1.000000 253.000000 253 253
24 1.000000 276.000000 276 276
25 1.000000 300.000000 300 300
26 1.000000 325.000000 325 325
27 2.000000 351.000000 351 351
28 1.000000 378.000000 378 378
29 1.000000 406.000000 406 406
30 1.000000 435.000000 435 435
31 1.000000 465.000000 465 465
32 2.000000 496.000000 496 496
33 1.000000 528.000000 528 528
34 1.000000 561.000000 561 561
35 3.000000 595.000000 595 595
36 2.000000 630.000000 630 630
37 1.000000 666.000000 666 666
38 2.000000 703.000000 703 703
39 1.000000 741.000000 741 741
40 1.000000 780.000000 780 780
41 2.000000 820.000000 820 820
42 2.000000 861.000000 861 861
43 2.000000 903.000000 903 903
44 2.000000 946.000000 946 946
45 4.000000 990.000000 990 990
46 2.000000 1035.000000 1035 1035
47 2.000000 1081.000000 1081 1081
48 3.000000 1128.000000 1128 1128
49 3.000000 1176.000000 1176 1176
50 2.000000 1225.000000 1225 1225
51 3.000000 1275.000000 1275 1275
52 3.000000 1326.000000 1326 1326
53 3.000000 1378.000000 1378 1378
54 4.000000 1431.000000 1431 1431
55 3.000000 1485.000000 1485 1485
56 5.000000 1540.000000 1540 1540
57 3.000000 1596.000000 1596 1596
58 3.000000 1653.000000 1653 1653
59 5.000000 1711.000000 1711 1711
60 4.000000 1770.000000 1770 1770
61 4.000000 1830.000000 1830 1830
62 4.000000 1891.000000 1891 1891
63 4.000000 1953.000000 1953 1953
64 4.000000 2016.000000 2016 2016
65 5.000000 2080.000000 2080 2080
66 4.000000 2145.000000 2145 2145
67 6.000000 2211.000000 2211 2211
68 5.000000 2278.000000 2278 2278
69 5.000000 2346.000000 2346 2346
70 5.000000 2415.000000 2415 2415
71 5.000000 2485.000000 2485 2485
72 5.000000 2556.000000 2556 2556
73 5.000000 2628.000000 2628 2628
74 5.000000 2701.000000 2701 2701
75 7.000000 2775.000000 2775 2775
76 5.000000 2850.000000 2850 2850
77 7.000000 2926.000000 2926 2926
78 6.000000 3003.000000 3003 3003
79 6.000000 3081.000000 3081 3081
80 6.000000 3160.000000 3160 3160
81 6.000000 3240.000000 3240 3240
82 6.000000 3321.000000 3321 3321
83 6.000000 3403.000000 3403 3403
84 6.000000 3486.000000 3486 3486
85 6.000000 3570.000000 3570 3570
86 6.000000 3655.000000 3655 3655
87 7.000000 3741.000000 3741 3741
88 7.000000 3828.000000 3828 3828
89 7.000000 3916.000000 3916 3916
90 7.000000 4005.000000 4005 4005
91 9.000000 4095.000000 4095 4095
92 7.000000 4186.000000 4186 4186
93 7.000000 4278.000000 4278 4278
94 8.000000 4371.000000 4371 4371
95 8.000000 4465.000000 4465 4465
96 8.000000 4560.000000 4560 4560
97 8.000000 4656.000000 4656 4656
98 8.000000 4753.000000 4753 4753
99 9.000000 4851.000000 4851 4851
100 9.000000 4950.000000 4950 4950
101 9.000000 5050.000000 5050 5050
