1 2.000000 0.000000 0 0
2 0.000000 1.000000 1 1
3 0.000000 2.000000 2 2
4 0.000000 4.000000 4 4
5 0.000000 6.000000 6 6
6 0.000000 9.000000 9 9
7 0.000000 12.000000 12 12
8 1.000000 16.000000 16 16
9 1.000000 20.000000 20 20
10 1.000000 25.000000 25 25
11 0.000000 30.000000 30 30
12 1.000000 36.000000 36 36
13 1.000000 42.000000 42 42
14 0.000000 49.000000 49 49
15 0.000000 56.000000 56 56
16 1.000000 64.000000 64 64
17 1.000000 72.000000 72 72
18 0.000000 81.000000 81 81
19 0.000000 90.000000 90 90
20 0.000000 100.000000 100 100
21 1.000000 110.000000 110 110
22 1.000000 121.000000 121 121
23 2.000000 132.000000 132 132
24 1.000000 144.000000 144 144
25 1.000000 156.000000 156 156
26 2.000000 169.000000 169 169
27 1.000000 182.000000 182 182
28 1.000000 196.000000 196 196
29 1.000000 210.000000 210 210
30 1.000000 225.000000 225 225
31 0.000000 240.000000 240 240
32 1.000000 256.000000 256 256
33 1.000000 272.000000 272 272
34 1.000000 289.000000 289 289
35 1.000000 306.000000 306 306
36 1.000000 324.000000 324 324
37 1.000000 342.000000 342 342
38 1.000000 361.000000 361 361
39 1.000000 380.000000 380 380
40 2.000000 400.000000 400 400
41 1.000000 420.000000 420 420
42 2.000000 441.000000 441 441
43 1.000000 462.000000 462 462
44 1.000000 484.000000 484 484
45 2.000000 506.000000 506 506
46 2.000000 529.000000 529 529
47 3.000000 552.000000 552 552
48 1.000000 576.000000 576 576
49 2.000000 600.000000 600 600
50 1.000000 625.000000 625 625
51 1.000000 650.000000 650 650
52 2.000000 676.000000 676 676
53 2.000000 702.000000 702 702
54 2.000000 729.000000 729 729
55 2.000000 756.000000 756 756
56 2.000000 784.000000 784 784
57 3.000000 812.000000 812 812
58 2.000000 841.000000 841 841
59 2.000000 870.000000 870 870
60 3.000000 900.000000 900 900
61 2.000000 930.000000 930 930
62 2.000000 961.000000 961 961
63 2.000000 992.000000 992 992
64 2.000000 1024.000000 1024 1024
65 3.000000 1056.000000 1056 1056
66 3.000000 1089.000000 1089 1089
67 2.000000 1122.000000 1122 1122
68 2.000000 1156.000000 1156 1156
69 2.000000 1190.000000 1190 1190
70 3.000000 1225.000000 1225 1225
71 4.000000 1260.000000 1260 1260
72 2.000000 1296.000000 1296 1296
73 3.000000 1332.000000 1332 1332
74 3.000000 1369.000000 1369 1369
75 3.000000 1406.000000 1406 1406
76 4.000000 1444.000000 1444 1444
77 3.000000 1482.000000 1482 1482
78 3.000000 1521.000000 1521 1521
79 4.000000 1560.000000 1560 1560
80 3.000000 1600.000000 1600 1600
81 3.000000 1640.000000 1640 1640
82 3.000000 1681.000000 1681 1681
83 3.000000 1722.000000 1722 1722
84 4.000000 1764.000000 1764 1764
85 3.000000 1806.000000 1806 1806
86 3.000000 1849.000000 1849 1849
87 5.000000 1892.000000 1892 1892
88 4.000000 1936.000000 1936 1936
89 4.000000 1980.000000 1980 1980
90 11.000000 2025.000000 2025 2025
91 5.000000 2070.000000 2070 2070
92 4.000000 2116.000000 2116 2116
93 5.000000 2162.000000 2162 2162
94 4.000000 2209.000000 2209 2209
95 4.000000 2256.000000 2256 2256
96 5.000000 2304.000000 2304 2304
97 4.000000 2352.000000 2352 2352
98 4.000000 2401.000000 2401 2401
99 6.000000 2450.000000 2450 2450
100 5.000000 2500.000000 2500 2500
101 5.000000 2550.000000 2550 2550
