2 1.000000 1.000000 1 1
102 4.000000 492.000000 492 492
202 7.000000 1167.000000 1167 1167
302 10.000000 1914.000000 1914 1914
402 14.000000 2714.000000 2714 2714
502 17.000000 3514.000000 3514 3514
602 20.000000 4405.000000 4405 4405
702 25.000000 5305.000000 5305 5305
802 29.000000 6205.000000 6205 6205
902 32.000000 7105.000000 7105 7105
1002 35.000000 8005.000000 8005 8005
1102 39.000000 8984.000000 8984 8984
1202 43.000000 9984.000000 9984 9984
1302 48.000000 10984.000000 10984 10984
1402 51.000000 11984.000000 11984 11984
1502 57.000000 12984.000000 12984 12984
1602 60.000000 13984.000000 13984 13984
1702 64.000000 14984.000000 14984 14984
1802 66.000000 15984.000000 15984 15984
1902 69.000000 16984.000000 16984 16984
2002 72.000000 17984.000000 17984 17984
2102 77.000000 19039.000000 19039 19039
2202 82.000000 20139.000000 20139 20139
2302 86.000000 21239.000000 21239 21239
2402 102.000000 22339.000000 22339 22339
2502 96.000000 23439.000000 23439 23439
2602 110.000000 24539.000000 24539 24539
2702 235.000000 25639.000000 25639 25639
2802 119.000000 26739.000000 26739 26739
2902 125.000000 27839.000000 27839 27839
3002 120.000000 28939.000000 28939 28939
3102 124.000000 30039.000000 30039 30039
3202 128.000000 31139.000000 31139 31139
3302 131.000000 32239.000000 32239 32239
3402 135.000000 33339.000000 33339 33339
3502 137.000000 34439.000000 34439 34439
3602 140.000000 35539.000000 35539 35539
3702 217.000000 36639.000000 36639 36639
3802 150.000000 37739.000000 37739 37739
3902 152.000000 38839.000000 38839 38839
4002 155.000000 39939.000000 39939 39939
4102 158.000000 41046.000000 41046 41046
4202 163.000000 42246.000000 42246 42246
4302 165.000000 43446.000000 43446 43446
4402 179.000000 44646.000000 44646 44646
4502 175.000000 45846.000000 45846 45846
4602 180.000000 47046.000000 47046 47046
4702 185.000000 48246.000000 48246 48246
4802 190.000000 49446.000000 49446 49446
4902 202.000000 50646.000000 50646 50646
5002 199.000000 51846.000000 51846 51846
5102 204.000000 53046.000000 53046 53046
5202 465.000000 54246.000000 54246 54246
5302 216.000000 55446.000000 55446 55446
5402 236.000000 56646.000000 56646 56646
5502 227.000000 57846.000000 57846 57846
5602 240.000000 59046.000000 59046 59046
5702 234.000000 60246.000000 60246 60246
5802 297.000000 61446.000000 61446 61446
5902 244.000000 62646.000000 62646 62646
6002 260.000000 63846.000000 63846 63846
6102 253.000000 65046.000000 65046 65046
6202 357.000000 66246.000000 66246 66246
6302 279.000000 67446.000000 67446 67446
6402 265.000000 68646.000000 68646 68646
6502 282.000000 69846.000000 69846 69846
6602 272.000000 71046.000000 71046 71046
6702 276.000000 72246.000000 72246 72246
6802 297.000000 73446.000000 73446 73446
6902 295.000000 74646.000000 74646 74646
7002 285.000000 75846.000000 75846 75846
7102 296.000000 77046.000000 77046 77046
7202 393.000000 78246.000000 78246 78246
7302 309.000000 79446.000000 79446 79446
7402 301.000000 80646.000000 80646 80646
7502 311.000000 81846.000000 81846 81846
7602 337.000000 83046.000000 83046 83046
7702 318.000000 84246.000000 84246 84246
7802 323.000000 85446.000000 85446 85446
7902 325.000000 86646.000000 86646 86646
8002 353.000000 87846.000000 87846 87846
8102 326.000000 89046.000000 89046 89046
8202 341.000000 90257.000000 90257 90257
8302 335.000000 91557.000000 91557 91557
8402 340.000000 92857.000000 92857 92857
8502 346.000000 94157.000000 94157 94157
8602 351.000000 95457.000000 95457 95457
8702 355.000000 96757.000000 96757 96757
8802 362.000000 98057.000000 98057 98057
8902 377.000000 99357.000000 99357 99357
9002 371.000000 100657.000000 100657 100657
9102 383.000000 101957.000000 101957 101957
9202 380.000000 103257.000000 103257 103257
9302 388.000000 104557.000000 104557 104557
9402 393.000000 105857.000000 105857 105857
9502 409.000000 107157.000000 107157 107157
9602 402.000000 108457.000000 108457 108457
9702 492.000000 109757.000000 109757 109757
9802 413.000000 111057.000000 111057 111057
9902 428.000000 112357.000000 112357 112357
10002 433.000000 113657.000000 113657 113657
