2 0.040000 1.000000 1 1
102 8.600000 2601.000000 2601 2601
202 17.600000 10201.000000 10201 10201
302 36.440000 22801.000000 22801 22801
402 65.660000 40401.000000 40401 40401
502 106.160000 63001.000000 63001 63001
602 137.820000 90601.000000 90601 90601
702 191.680000 123201.000000 123201 123201
802 238.620000 160801.000000 160801 160801
902 303.380000 203401.000000 203401 203401
1002 375.640000 251001.000000 251001 251001
1102 433.880000 303601.000000 303601 303601
1202 528.500000 361201.000000 361201 361201
1302 596.620000 423801.000000 423801 423801
1402 681.940000 491401.000000 491401 491401
1502 825.520000 564001.000000 564001 564001
1602 937.640000 641601.000000 641601 641601
1702 1003.220000 724201.000000 724201 724201
1802 1111.720000 811801.000000 811801 811801
1902 1235.040000 904401.000000 904401 904401
2002 1369.520000 1002001.000000 1002001 1002001
2102 1545.320000 1104601.000000 1104601 1104601
2202 1685.300000 1212201.000000 1212201 1212201
2302 1870.000000 1324801.000000 1324801 1324801
2402 2122.960000 1442401.000000 1442401 1442401
2502 2162.540000 1565001.000000 1565001 1565001
2602 2398.720000 1692601.000000 1692601 1692601
2702 2485.240000 1825201.000000 1825201 1825201
2802 2675.260000 1962801.000000 1962801 1962801
2902 2911.520000 2105401.000000 2105401 2105401
3002 3147.600000 2253001.000000 2253001 2253001
3102 3409.500000 2405601.000000 2405601 2405601
3202 3441.080000 2563201.000000 2563201 2563201
3302 3737.180000 2725801.000000 2725801 2725801
3402 4007.680000 2893401.000000 2893401 2893401
3502 4061.840000 3066001.000000 3066001 3066001
3602 4387.580000 3243601.000000 3243601 3243601
3702 4595.160000 3426201.000000 3426201 3426201
3802 4990.000000 3613801.000000 3613801 3613801
3902 5133.660000 3806401.000000 3806401 3806401
4002 5448.320000 4004001.000000 4004001 4004001
4102 5780.720000 4206601.000000 4206601 4206601
4202 6139.180000 4414201.000000 4414201 4414201
4302 6459.140000 4626801.000000 4626801 4626801
4402 6785.920000 4844401.000000 4844401 4844401
4502 6884.340000 5067001.000000 5067001 5067001
4602 7368.660000 5294601.000000 5294601 5294601
4702 7720.380000 5527201.000000 5527201 5527201
4802 7903.160000 5764801.000000 5764801 5764801
4902 8222.300000 6007401.000000 6007401 6007401
5002 8601.640000 6255001.000000 6255001 6255001
5102 8700.700000 6507601.000000 6507601 6507601
5202 9390.560000 6765201.000000 6765201 6765201
5302 9321.500000 7027801.000000 7027801 7027801
5402 9970.260000 7295401.000000 7295401 7295401
5502 10536.480000 7568001.000000 7568001 7568001
5602 10666.100000 7845601.000000 7845601 7845601
5702 10909.600000 8128201.000000 8128201 8128201
5802 11470.920000 8415801.000000 8415801 8415801
5902 11857.900000 8708401.000000 8708401 8708401
6002 12376.520000 9006001.000000 9006001 9006001
6102 12733.960000 9308601.000000 9308601 9308601
6202 12834.040000 9616201.000000 9616201 9616201
6302 13380.280000 9928801.000000 9928801 9928801
6402 13792.060000 10246401.000000 10246401 10246401
6502 14102.980000 10569001.000000 10569001 10569001
6602 14706.300000 10896601.000000 10896601 10896601
6702 15408.360000 11229201.000000 11229201 11229201
6802 15641.820000 11566801.000000 11566801 11566801
6902 15870.340000 11909401.000000 11909401 11909401
7002 16495.740000 12257001.000000 12257001 12257001
7102 16831.680000 12609601.000000 12609601 12609601
7202 17622.280000 12967201.000000 12967201 12967201
7302 18484.420000 13329801.000000 13329801 13329801
7402 18770.300000 13697401.000000 13697401 13697401
7502 20118.020000 14070001.000000 14070001 14070001
7602 20643.460000 14447601.000000 14447601 14447601
7702 20728.640000 14830201.000000 14830201 14830201
7802 21012.100000 15217801.000000 15217801 15217801
7902 21858.600000 15610401.000000 15610401 15610401
8002 22246.160000 16008001.000000 16008001 16008001
8102 24749.000000 16410601.000000 16410601 16410601
8202 24565.300000 16818201.000000 16818201 16818201
8302 23991.120000 17230801.000000 17230801 17230801
8402 25358.000000 17648401.000000 17648401 17648401
8502 25533.620000 18071001.000000 18071001 18071001
8602 25457.100000 18498601.000000 18498601 18498601
8702 26442.740000 18931201.000000 18931201 18931201
8802 27019.340000 19368801.000000 19368801 19368801
8902 27595.480000 19811401.000000 19811401 19811401
9002 27906.080000 20259001.000000 20259001 20259001
9102 27920.420000 20711601.000000 20711601 20711601
9202 29639.200000 21169201.000000 21169201 21169201
9302 29647.220000 21631801.000000 21631801 21631801
9402 29817.840000 22099401.000000 22099401 22099401
9502 30453.600000 22572001.000000 22572001 22572001
9602 31186.700000 23049601.000000 23049601 23049601
9702 31901.120000 23532201.000000 23532201 23532201
9802 33097.280000 24019801.000000 24019801 24019801
9902 34100.820000 24512401.000000 24512401 24512401
10002 35506.820000 25010001.000000 25010001 25010001
