1 1.000000 0.000000 0 0
2 0.000000 1.000000 1 1
3 0.000000 3.000000 3 3
4 1.000000 6.000000 6 6
5 0.000000 8.000000 8 8
6 0.000000 12.000000 12 12
7 1.000000 15.000000 15 15
8 1.000000 19.000000 19 19
9 0.000000 22.000000 22 22
10 1.000000 27.000000 27 27
11 0.000000 35.000000 35 35
12 1.000000 39.000000 39 39
13 0.000000 40.000000 40 40
14 1.000000 46.000000 46 46
15 2.000000 55.000000 55 55
16 0.000000 60.000000 60 60
17 0.000000 60.000000 60 60
18 0.000000 66.000000 66 66
19 1.000000 99.000000 99 99
20 0.000000 103.000000 103 103
21 0.000000 84.000000 84 84
22 0.000000 90.000000 90 90
23 2.000000 115.000000 115 115
24 1.000000 121.000000 121 121
25 1.000000 114.000000 114 114
26 1.000000 121.000000 121 121
27 1.000000 175.000000 175 175
28 1.000000 180.000000 180 180
29 1.000000 144.000000 144 144
30 1.000000 151.000000 151 151
31 2.000000 195.000000 195 195
32 2.000000 201.000000 201 201
33 1.000000 172.000000 172 172
34 2.000000 178.000000 178 178
35 2.000000 323.000000 323 323
36 2.000000 327.000000 327 327
37 1.000000 220.000000 220 220
38 2.000000 226.000000 226 226
39 2.000000 291.000000 291 291
40 1.000000 297.000000 297 297
41 1.000000 278.000000 278 278
42 1.000000 283.000000 283 283
43 2.000000 415.000000 415 415
44 3.000000 421.000000 421 421
45 3.000000 290.000000 290 290
46 2.000000 297.000000 297 297
47 2.000000 415.000000 415 415
48 3.000000 420.000000 420 420
49 2.000000 346.000000 346 346
50 2.000000 355.000000 355 355
51 3.000000 631.000000 631 631
52 3.000000 636.000000 636 636
53 4.000000 382.000000 382 382
54 2.000000 390.000000 390 390
55 3.000000 547.000000 547 547
56 4.000000 555.000000 555 555
57 3.000000 422.000000 422 422
58 2.000000 431.000000 431 431
59 4.000000 753.000000 753 753
60 4.000000 759.000000 759 759
61 2.000000 476.000000 476 476
62 3.000000 486.000000 486 486
63 4.000000 705.000000 705 705
64 5.000000 711.000000 711 711
65 3.000000 524.000000 524 524
66 3.000000 532.000000 532 532
67 6.000000 1155.000000 1155 1155
68 6.000000 1159.000000 1159 1159
69 3.000000 684.000000 684 684
70 3.000000 690.000000 690 690
71 4.000000 875.000000 875 875
72 4.000000 882.000000 882 882
73 3.000000 646.000000 646 646
74 3.000000 654.000000 654 654
75 6.000000 1191.000000 1191 1191
76 7.000000 1198.000000 1198 1198
77 3.000000 694.000000 694 694
78 3.000000 704.000000 704 704
79 5.000000 1063.000000 1063 1063
80 5.000000 1070.000000 1070 1070
81 6.000000 846.000000 846 846
82 5.000000 852.000000 852 852
83 8.000000 1615.000000 1615 1615
84 7.000000 1621.000000 1621 1621
85 4.000000 870.000000 870 870
86 4.000000 877.000000 877 877
87 6.000000 1315.000000 1315 1315
88 6.000000 1320.000000 1320 1320
89 5.000000 894.000000 894 894
90 4.000000 904.000000 904 904
91 8.000000 1735.000000 1735 1735
92 8.000000 1740.000000 1740 1740
93 5.000000 1006.000000 1006 1006
94 5.000000 1014.000000 1014 1014
95 7.000000 1555.000000 1555 1555
96 17.000000 1560.000000 1560 1560
97 6.000000 1266.000000 1266 1266
98 6.000000 1273.000000 1273 1273
99 11.000000 2407.000000 2407 2407
100 10.000000 2412.000000 2412 2412
101 7.000000 1296.000000 1296 1296
