1 0.000000 0.000000 0 0
11 1.000000 39.000000 39 39
21 1.000000 129.000000 129 129
31 2.000000 269.000000 269 269
41 2.000000 459.000000 459 459
51 4.000000 699.000000 699 699
61 4.000000 989.000000 989 989
71 5.000000 1329.000000 1329 1329
81 7.000000 1719.000000 1719 1719
91 8.000000 2159.000000 2159 2159
101 10.000000 2649.000000 2649 2649
111 12.000000 3189.000000 3189 3189
121 14.000000 3779.000000 3779 3779
131 17.000000 4419.000000 4419 4419
141 17.000000 5109.000000 5109 5109
151 20.000000 5849.000000 5849 5849
161 23.000000 6639.000000 6639 6639
171 25.000000 7479.000000 7479 7479
181 29.000000 8369.000000 8369 8369
191 30.000000 9309.000000 9309 9309
201 34.000000 10299.000000 10299 10299
211 37.000000 11339.000000 11339 11339
221 43.000000 12429.000000 12429 12429
231 44.000000 13569.000000 13569 13569
241 47.000000 14759.000000 14759 14759
251 50.000000 15999.000000 15999 15999
261 54.000000 17289.000000 17289 17289
271 69.000000 18629.000000 18629 18629
281 62.000000 20019.000000 20019 20019
291 66.000000 21459.000000 21459 21459
301 74.000000 22949.000000 22949 22949
311 78.000000 24489.000000 24489 24489
321 83.000000 26079.000000 26079 26079
331 85.000000 27719.000000 27719 27719
341 90.000000 29409.000000 29409 29409
351 96.000000 31149.000000 31149 31149
361 100.000000 32939.000000 32939 32939
371 105.000000 34779.000000 34779 34779
381 110.000000 36669.000000 36669 36669
391 116.000000 38609.000000 38609 38609
401 122.000000 40599.000000 40599 40599
411 128.000000 42639.000000 42639 42639
421 134.000000 44729.000000 44729 44729
431 140.000000 46869.000000 46869 46869
441 147.000000 49059.000000 49059 49059
451 154.000000 51299.000000 51299 51299
461 161.000000 53589.000000 53589 53589
471 167.000000 55929.000000 55929 55929
481 175.000000 58319.000000 58319 58319
491 180.000000 60759.000000 60759 60759
501 188.000000 63249.000000 63249 63249
511 195.000000 65789.000000 65789 65789
521 203.000000 68379.000000 68379 68379
531 211.000000 71019.000000 71019 71019
541 223.000000 73709.000000 73709 73709
551 234.000000 76449.000000 76449 76449
561 242.000000 79239.000000 79239 79239
571 252.000000 82079.000000 82079 82079
581 258.000000 84969.000000 84969 84969
591 268.000000 87909.000000 87909 87909
601 276.000000 90899.000000 90899 90899
611 285.000000 93939.000000 93939 93939
621 295.000000 97029.000000 97029 97029
631 306.000000 100169.000000 100169 100169
641 315.000000 103359.000000 103359 103359
651 323.000000 106599.000000 106599 106599
661 333.000000 109889.000000 109889 109889
671 344.000000 113229.000000 113229 113229
681 352.000000 116619.000000 116619 116619
691 364.000000 120059.000000 120059 120059
701 373.000000 123549.000000 123549 123549
711 387.000000 127089.000000 127089 127089
721 384.000000 130679.000000 130679 130679
731 409.000000 134319.000000 134319 134319
741 474.000000 138009.000000 138009 138009
751 460.000000 141749.000000 141749 141749
761 434.000000 145539.000000 145539 145539
771 438.000000 149379.000000 149379 149379
781 447.000000 153269.000000 153269 153269
791 459.000000 157209.000000 157209 157209
801 478.000000 161199.000000 161199 161199
811 496.000000 165239.000000 165239 165239
821 509.000000 169329.000000 169329 169329
831 522.000000 173469.000000 173469 173469
841 574.000000 177659.000000 177659 177659
851 564.000000 181899.000000 181899 181899
861 547.000000 186189.000000 186189 186189
871 556.000000 190529.000000 190529 190529
881 575.000000 194919.000000 194919 194919
891 591.000000 199359.000000 199359 199359
901 592.000000 203849.000000 203849 203849
911 604.000000 208389.000000 208389 208389
921 618.000000 212979.000000 212979 212979
931 638.000000 217619.000000 217619 217619
941 648.000000 222309.000000 222309 222309
951 686.000000 227049.000000 227049 227049
961 693.000000 231839.000000 231839 231839
971 707.000000 236679.000000 236679 236679
981 720.000000 241569.000000 241569 241569
991 692.000000 246509.000000 246509 246509
1001 709.000000 251499.000000 251499 251499
