1 1.000000 0.000000 0 0
101 6.000000 2550.000000 2550 2550
201 19.000000 10100.000000 10100 10100
301 77.000000 22650.000000 22650 22650
401 106.000000 40200.000000 40200 40200
501 186.000000 62750.000000 62750 62750
601 176.000000 90300.000000 90300 90300
701 197.000000 122850.000000 122850 122850
801 232.000000 160400.000000 160400 160400
901 314.000000 202950.000000 202950 202950
1001 365.000000 250500.000000 250500 250500
1101 417.000000 303050.000000 303050 303050
1201 541.000000 360600.000000 360600 360600
1301 577.000000 423150.000000 423150 423150
1401 724.000000 490700.000000 490700 490700
1501 788.000000 563250.000000 563250 563250
1601 888.000000 640800.000000 640800 640800
1701 1076.000000 723350.000000 723350 723350
1801 1116.000000 810900.000000 810900 810900
1901 1229.000000 903450.000000 903450 903450
2001 1373.000000 1001000.000000 1001000 1001000
2101 1558.000000 1103550.000000 1103550 1103550
2201 1607.000000 1211100.000000 1211100 1211100
2301 1701.000000 1323650.000000 1323650 1323650
2401 1838.000000 1441200.000000 1441200 1441200
2501 1999.000000 1563750.000000 1563750 1563750
2601 2241.000000 1691300.000000 1691300 1691300
2701 2503.000000 1823850.000000 1823850 1823850
2801 2669.000000 1961400.000000 1961400 1961400
2901 2765.000000 2103950.000000 2103950 2103950
3001 2872.000000 2251500.000000 2251500 2251500
3101 3056.000000 2404050.000000 2404050 2404050
3201 3616.000000 2561600.000000 2561600 2561600
3301 3939.000000 2724150.000000 2724150 2724150
3401 3836.000000 2891700.000000 2891700 2891700
3501 4083.000000 3064250.000000 3064250 3064250
3601 4381.000000 3241800.000000 3241800 3241800
3701 5077.000000 3424350.000000 3424350 3424350
3801 4792.000000 3611900.000000 3611900 3611900
3901 5135.000000 3804450.000000 3804450 3804450
4001 5294.000000 4002000.000000 4002000 4002000
4101 5601.000000 4204550.000000 4204550 4204550
4201 5906.000000 4412100.000000 4412100 4412100
4301 6112.000000 4624650.000000 4624650 4624650
4401 6393.000000 4842200.000000 4842200 4842200
4501 6887.000000 5064750.000000 5064750 5064750
4601 7004.000000 5292300.000000 5292300 5292300
4701 7373.000000 5524850.000000 5524850 5524850
4801 7593.000000 5762400.000000 5762400 5762400
4901 8125.000000 6004950.000000 6004950 6004950
5001 10055.000000 6252500.000000 6252500 6252500
5101 9188.000000 6505050.000000 6505050 6505050
5201 8797.000000 6762600.000000 6762600 6762600
5301 9318.000000 7025150.000000 7025150 7025150
5401 9501.000000 7292700.000000 7292700 7292700
5501 9740.000000 7565250.000000 7565250 7565250
5601 10206.000000 7842800.000000 7842800 7842800
5701 10615.000000 8125350.000000 8125350 8125350
5801 10824.000000 8412900.000000 8412900 8412900
5901 11303.000000 8705450.000000 8705450 8705450
6001 11953.000000 9003000.000000 9003000 9003000
6101 12344.000000 9305550.000000 9305550 9305550
6201 12721.000000 9613100.000000 9613100 9613100
6301 13044.000000 9925650.000000 9925650 9925650
6401 13565.000000 10243200.000000 10243200 10243200
6501 17047.000000 10565750.000000 10565750 10565750
6601 14982.000000 10893300.000000 10893300 10893300
6701 17895.000000 11225850.000000 11225850 11225850
6801 15939.000000 11563400.000000 11563400 11563400
6901 16158.000000 11905950.000000 11905950 11905950
7001 16635.000000 12253500.000000 12253500 12253500
7101 17089.000000 12606050.000000 12606050 12606050
7201 17862.000000 12963600.000000 12963600 12963600
7301 17678.000000 13326150.000000 13326150 13326150
7401 17957.000000 13693700.000000 13693700 13693700
7501 18201.000000 14066250.000000 14066250 14066250
7601 18693.000000 14443800.000000 14443800 14443800
7701 19212.000000 14826350.000000 14826350 14826350
7801 20530.000000 15213900.000000 15213900 15213900
7901 22087.000000 15606450.000000 15606450 15606450
8001 24967.000000 16004000.000000 16004000 16004000
8101 25076.000000 16406550.000000 16406550 16406550
8201 24065.000000 16814100.000000 16814100 16814100
8301 23349.000000 17226650.000000 17226650 17226650
8401 23986.000000 17644200.000000 17644200 17644200
8501 24391.000000 18066750.000000 18066750 18066750
8601 24978.000000 18494300.000000 18494300 18494300
8701 24568.000000 18926850.000000 18926850 18926850
8801 25068.000000 19364400.000000 19364400 19364400
8901 30954.000000 19806950.000000 19806950 19806950
9001 29798.000000 20254500.000000 20254500 20254500
9101 28222.000000 20707050.000000 20707050 20707050
9201 28710.000000 21164600.000000 21164600 21164600
9301 29371.000000 21627150.000000 21627150 21627150
9401 29046.000000 22094700.000000 22094700 22094700
9501 29907.000000 22567250.000000 22567250 22567250
9601 29472.000000 23044800.000000 23044800 23044800
9701 30851.000000 23527350.000000 23527350 23527350
9801 30731.000000 24014900.000000 24014900 24014900
9901 31114.000000 24507450.000000 24507450 24507450
10001 31512.000000 25005000.000000 25005000 25005000
