1 1.000000 0.000000 0 0
11 1.000000 30.000000 30 30
21 0.000000 110.000000 110 110
31 2.000000 240.000000 240 240
41 2.000000 420.000000 420 420
51 2.000000 650.000000 650 650
61 2.000000 930.000000 930 930
71 3.000000 1260.000000 1260 1260
81 4.000000 1640.000000 1640 1640
91 5.000000 2070.000000 2070 2070
101 6.000000 2550.000000 2550 2550
111 7.000000 3080.000000 3080 3080
121 9.000000 3660.000000 3660 3660
131 9.000000 4290.000000 4290 4290
141 10.000000 4970.000000 4970 4970
151 11.000000 5700.000000 5700 5700
161 13.000000 6480.000000 6480 6480
171 14.000000 7310.000000 7310 7310
181 16.000000 8190.000000 8190 8190
191 18.000000 9120.000000 9120 9120
201 19.000000 10100.000000 10100 10100
211 21.000000 11130.000000 11130 11130
221 22.000000 12210.000000 12210 12210
231 29.000000 13340.000000 13340 13340
241 27.000000 14520.000000 14520 14520
251 28.000000 15750.000000 15750 15750
261 32.000000 17030.000000 17030 17030
271 33.000000 18360.000000 18360 18360
281 36.000000 19740.000000 19740 19740
291 37.000000 21170.000000 21170 21170
301 41.000000 22650.000000 22650 22650
311 42.000000 24180.000000 24180 24180
321 45.000000 25760.000000 25760 25760
331 48.000000 27390.000000 27390 27390
341 50.000000 29070.000000 29070 29070
351 52.000000 30800.000000 30800 30800
361 56.000000 32580.000000 32580 32580
371 61.000000 34410.000000 34410 34410
381 62.000000 36290.000000 36290 36290
391 64.000000 38220.000000 38220 38220
401 67.000000 40200.000000 40200 40200
411 71.000000 42230.000000 42230 42230
421 74.000000 44310.000000 44310 44310
431 79.000000 46440.000000 46440 46440
441 81.000000 48620.000000 48620 48620
451 85.000000 50850.000000 50850 50850
461 88.000000 53130.000000 53130 53130
471 91.000000 55460.000000 55460 55460
481 96.000000 57840.000000 57840 57840
491 99.000000 60270.000000 60270 60270
501 104.000000 62750.000000 62750 62750
511 107.000000 65280.000000 65280 65280
521 113.000000 67860.000000 67860 67860
531 115.000000 70490.000000 70490 70490
541 121.000000 73170.000000 73170 73170
551 125.000000 75900.000000 75900 75900
561 128.000000 78680.000000 78680 78680
571 134.000000 81510.000000 81510 81510
581 137.000000 84390.000000 84390 84390
591 141.000000 87320.000000 87320 87320
601 147.000000 90300.000000 90300 90300
611 151.000000 93330.000000 93330 93330
621 147.000000 96410.000000 96410 96410
631 142.000000 99540.000000 99540 99540
641 147.000000 102720.000000 102720 102720
651 151.000000 105950.000000 105950 105950
661 155.000000 109230.000000 109230 109230
671 160.000000 112560.000000 112560 112560
681 164.000000 115940.000000 115940 115940
691 169.000000 119370.000000 119370 119370
701 175.000000 122850.000000 122850 122850
711 179.000000 126380.000000 126380 126380
721 183.000000 129960.000000 129960 129960
731 189.000000 133590.000000 133590 133590
741 193.000000 137270.000000 137270 137270
751 199.000000 141000.000000 141000 141000
761 204.000000 144780.000000 144780 144780
771 209.000000 148610.000000 148610 148610
781 214.000000 152490.000000 152490 152490
791 220.000000 156420.000000 156420 156420
801 225.000000 160400.000000 160400 160400
811 247.000000 164430.000000 164430 164430
821 248.000000 168510.000000 168510 168510
831 246.000000 172640.000000 172640 172640
841 239.000000 176820.000000 176820 176820
851 248.000000 181050.000000 181050 181050
861 269.000000 185330.000000 185330 185330
871 268.000000 189660.000000 189660 189660
881 277.000000 194040.000000 194040 194040
891 291.000000 198470.000000 198470 198470
901 290.000000 202950.000000 202950 202950
911 290.000000 207480.000000 207480 207480
921 293.000000 212060.000000 212060 212060
931 299.000000 216690.000000 216690 216690
941 306.000000 221370.000000 221370 221370
951 306.000000 226100.000000 226100 226100
961 309.000000 230880.000000 230880 230880
971 316.000000 235710.000000 235710 235710
981 320.000000 240590.000000 240590 240590
991 327.000000 245520.000000 245520 245520
1001 327.000000 250500.000000 250500 250500
