1 1.000000 0.000000 0 0
2 0.000000 1.000000 1 1
3 1.000000 2.000000 2 2
4 0.000000 4.000000 4 4
5 1.000000 6.000000 6 6
6 1.000000 8.000000 8 8
7 1.000000 10.000000 10 10
8 0.000000 13.000000 13 13
9 1.000000 16.000000 16 16
10 0.000000 19.000000 19 19
11 2.000000 22.000000 22 22
12 0.000000 25.000000 25 25
13 0.000000 28.000000 28 28
14 2.000000 31.000000 31 31
15 0.000000 34.000000 34 34
16 0.000000 38.000000 38 38
17 1.000000 42.000000 42 42
18 0.000000 46.000000 46 46
19 1.000000 50.000000 50 50
20 1.000000 54.000000 54 54
21 1.000000 58.000000 58 58
22 2.000000 62.000000 62 62
23 0.000000 66.000000 66 66
24 0.000000 70.000000 70 70
25 1.000000 74.000000 74 74
26 1.000000 78.000000 78 78
27 2.000000 82.000000 82 82
28 1.000000 86.000000 86 86
29 1.000000 90.000000 90 90
30 1.000000 94.000000 94 94
31 0.000000 98.000000 98 98
32 1.000000 103.000000 103 103
33 1.000000 108.000000 108 108
34 1.000000 113.000000 113 113
35 2.000000 118.000000 118 118
36 1.000000 123.000000 123 123
37 1.000000 128.000000 128 128
38 2.000000 133.000000 133 133
39 1.000000 138.000000 138 138
40 1.000000 143.000000 143 143
41 1.000000 148.000000 148 148
42 1.000000 153.000000 153 153
43 2.000000 158.000000 158 158
44 1.000000 163.000000 163 163
45 1.000000 168.000000 168 168
46 1.000000 173.000000 173 173
47 1.000000 178.000000 178 178
48 2.000000 183.000000 183 183
49 1.000000 188.000000 188 188
50 1.000000 193.000000 193 193
51 2.000000 198.000000 198 198
52 1.000000 203.000000 203 203
53 1.000000 208.000000 208 208
54 1.000000 213.000000 213 213
55 2.000000 218.000000 218 218
56 2.000000 223.000000 223 223
57 2.000000 228.000000 228 228
58 1.000000 233.000000 233 233
59 1.000000 238.000000 238 238
60 2.000000 243.000000 243 243
61 2.000000 248.000000 248 248
62 2.000000 253.000000 253 253
63 1.000000 258.000000 258 258
64 2.000000 264.000000 264 264
65 2.000000 270.000000 270 270
66 2.000000 276.000000 276 276
67 3.000000 282.000000 282 282
68 2.000000 288.000000 288 288
69 2.000000 294.000000 294 294
70 2.000000 300.000000 300 300
71 2.000000 306.000000 306 306
72 2.000000 312.000000 312 312
73 2.000000 318.000000 318 318
74 2.000000 324.000000 324 324
75 3.000000 330.000000 330 330
76 2.000000 336.000000 336 336
77 2.000000 342.000000 342 342
78 1.000000 348.000000 348 348
79 2.000000 354.000000 354 354
80 3.000000 360.000000 360 360
81 2.000000 366.000000 366 366
82 3.000000 372.000000 372 372
83 2.000000 378.000000 378 378
84 3.000000 384.000000 384 384
85 3.000000 390.000000 390 390
86 3.000000 396.000000 396 396
87 2.000000 402.000000 402 402
88 3.000000 408.000000 408 408
89 2.000000 414.000000 414 414
90 3.000000 420.000000 420 420
91 3.000000 426.000000 426 426
92 3.000000 432.000000 432 432
93 3.000000 438.000000 438 438
94 2.000000 444.000000 444 444
95 3.000000 450.000000 450 450
96 3.000000 456.000000 456 456
97 3.000000 462.000000 462 462
98 4.000000 468.000000 468 468
99 3.000000 474.000000 474 474
100 2.000000 480.000000 480 480
101 2.000000 486.000000 486 486
