2 0.060000 1.000000 1 1
102 8.220000 1293.000000 1293 1293
202 35.540000 5558.000000 5558 5558
302 70.540000 10182.000000 10182 10182
402 136.660000 23438.000000 23438 23438
502 156.680000 27482.000000 27482 27482
602 250.040000 47276.000000 47276 47276
702 279.680000 53604.000000 53604 53604
802 543.360000 96729.000000 96729 96729
902 436.900000 87020.000000 87020 87020
1002 646.740000 129925.000000 129925 129925
1102 635.680000 128028.000000 128028 128028
1202 1013.900000 206231.000000 206231 206231
1302 923.540000 178548.000000 178548 178548
1402 1335.460000 254344.000000 254344 254344
1502 1188.040000 236996.000000 236996 236996
1602 1984.480000 393327.000000 393327 393327
1702 1542.580000 306132.000000 306132 306132
1802 2050.700000 417183.000000 417183 417183
1902 1998.980000 394814.000000 394814 394814
2002 2744.200000 569630.000000 569630 569630
2102 2386.700000 466123.000000 466123 466123
2202 3784.320000 624652.000000 624652 624652
2302 3006.820000 565931.000000 565931 565931
2402 4559.840000 861062.000000 861062 861062
2502 3332.740000 671779.000000 671779 671779
2602 4458.480000 871108.000000 871108 871108
2702 3726.460000 763058.000000 763058 763058
2802 5522.820000 1113405.000000 1113405 1113405
2902 4472.180000 901578.000000 901578 901578
3002 5695.180000 1156843.000000 1156843 1156843
3102 4959.080000 1007950.000000 1007950 1007950
3202 7989.980000 1586539.000000 1586539 1586539
3302 5538.140000 1140352.000000 1140352 1140352
3402 7399.500000 1485804.000000 1485804 1485804
3502 6345.320000 1301469.000000 1301469 1301469
3602 8778.880000 1838352.000000 1838352 1838352
3702 7572.220000 1487849.000000 1487849 1487849
3802 9140.560000 1854279.000000 1854279 1854279
3902 7827.720000 1634669.000000 1634669 1634669
4002 11712.380000 2386496.000000 2386496 2386496
4102 8756.600000 1842614.000000 1842614 1842614
4202 11041.860000 2279252.000000 2279252 2279252
4302 9531.440000 1934915.000000 1934915 1934915
4402 13604.300000 2744304.000000 2744304 2744304
4502 10329.560000 2130275.000000 2130275 2130275
4602 13384.580000 2710113.000000 2710113 2710113
4702 12364.400000 2390946.000000 2390946 2390946
4802 17782.940000 3520732.000000 3520732 3520732
4902 12326.400000 2545361.000000 2545361 2545361
5002 15983.200000 3197303.000000 3197303 3197303
5102 13866.540000 2799916.000000 2799916 2799916
5202 18925.460000 3829985.000000 3829985 3829985
5302 16483.320000 3000831.000000 3000831 3000831
5402 18478.460000 3732091.000000 3732091 3732091
5502 15991.340000 3231784.000000 3231784 3231784
5602 23407.860000 4671684.000000 4671684 4671684
5702 16606.640000 3445794.000000 3445794 3445794
5802 21708.420000 4304600.000000 4304600 4304600
5902 18923.740000 3638876.000000 3638876 3638876
6002 27043.600000 5109352.000000 5109352 5109352
6102 20122.840000 3891805.000000 3891805 3891805
6202 26905.280000 4923116.000000 4923116 4923116
6302 21730.900000 4183236.000000 4183236 4183236
6402 32840.760000 6372932.000000 6372932 6372932
6502 22284.820000 4510006.000000 4510006 4510006
6602 27799.540000 5604357.000000 5604357 5604357
6702 23438.000000 4751365.000000 4751365 4751365
6802 33307.040000 6549283.000000 6549283 6549283
6902 25964.200000 4999144.000000 4999144 4999144
7002 32053.500000 6281450.000000 6281450 6281450
7102 27218.260000 5281355.000000 5281355 5281355
7202 39065.520000 7719141.000000 7719141 7719141
7302 28821.080000 5589470.000000 5589470 5589470
7402 34791.040000 7005804.000000 7005804 7005804
7502 30113.180000 5865818.000000 5865818 5865818
7602 40486.660000 8173843.000000 8173843 8173843
7702 31767.800000 6477591.000000 6477591 6477591
7802 40039.260000 7776068.000000 7776068 7776068
7902 32384.440000 6560364.000000 6560364 6560364
8002 49216.960000 9768713.000000 9768713 9768713
8102 34873.940000 7094313.000000 7094313 7094313
8202 43558.660000 8666706.000000 8666706 8666706
8302 36947.420000 7511810.000000 7511810 7511810
8402 51510.980000 9986110.000000 9986110 9986110
8502 38303.640000 7730002.000000 7730002 7730002
8602 47544.500000 9516760.000000 9516760 9516760
8702 39830.420000 8054235.000000 8054235 8054235
8802 61283.100000 11527119.000000 11527119 11527119
8902 41947.820000 8195833.000000 8195833 8195833
9002 52838.200000 10432614.000000 10432614 10432614
9102 42817.180000 8635773.000000 8635773 8635773
9202 62864.400000 11981149.000000 11981149 11981149
9302 47193.900000 9441671.000000 9441671 9441671
9402 58040.880000 11324808.000000 11324808 11324808
9502 48441.180000 9640876.000000 9640876 9640876
9602 70348.320000 14240354.000000 14240354 14240354
9702 47614.560000 9821306.000000 9821306 9821306
9802 59884.840000 12307482.000000 12307482 12307482
9902 55233.300000 10403486.000000 10403486 10403486
10002 71050.660000 14148539.000000 14148539 14148539
