2 0.040000 1.000000 1 1
102 14.600000 5151.000000 5151 5151
202 36.900000 20301.000000 20301 20301
302 74.340000 45451.000000 45451 45451
402 118.160000 80601.000000 80601 80601
502 178.340000 125751.000000 125751 125751
602 255.140000 180901.000000 180901 180901
702 340.980000 246051.000000 246051 246051
802 446.040000 321201.000000 321201 321201
902 563.560000 406351.000000 406351 406351
1002 697.880000 501501.000000 501501 501501
1102 823.000000 606651.000000 606651 606651
1202 971.780000 721801.000000 721801 721801
1302 1166.460000 846951.000000 846951 846951
1402 1347.060000 982101.000000 982101 982101
1502 1641.540000 1127251.000000 1127251 1127251
1602 1744.900000 1282401.000000 1282401 1282401
1702 1956.200000 1447551.000000 1447551 1447551
1802 2239.740000 1622701.000000 1622701 1622701
1902 2432.680000 1807851.000000 1807851 1807851
2002 2710.520000 2003001.000000 2003001 2003001
2102 3087.820000 2208151.000000 2208151 2208151
2202 3273.240000 2423301.000000 2423301 2423301
2302 3568.700000 2648451.000000 2648451 2648451
2402 3829.300000 2883601.000000 2883601 2883601
2502 4171.680000 3128751.000000 3128751 3128751
2602 4442.920000 3383901.000000 3383901 3383901
2702 4875.120000 3649051.000000 3649051 3649051
2802 5290.540000 3924201.000000 3924201 3924201
2902 5686.680000 4209351.000000 4209351 4209351
3002 6066.460000 4504501.000000 4504501 4504501
3102 6474.780000 4809651.000000 4809651 4809651
3202 6942.720000 5124801.000000 5124801 5124801
3302 7336.380000 5449951.000000 5449951 5449951
3402 7780.040000 5785101.000000 5785101 5785101
3502 8232.600000 6130251.000000 6130251 6130251
3602 8676.420000 6485401.000000 6485401 6485401
3702 9338.700000 6850551.000000 6850551 6850551
3802 10333.340000 7225701.000000 7225701 7225701
3902 10637.220000 7610851.000000 7610851 7610851
4002 10840.200000 8006001.000000 8006001 8006001
4102 11257.840000 8411151.000000 8411151 8411151
4202 11857.440000 8826301.000000 8826301 8826301
4302 12402.220000 9251451.000000 9251451 9251451
4402 13016.580000 9686601.000000 9686601 9686601
4502 13708.420000 10131751.000000 10131751 10131751
4602 14307.020000 10586901.000000 10586901 10586901
4702 14800.700000 11052051.000000 11052051 11052051
4802 15469.400000 11527201.000000 11527201 11527201
4902 16197.940000 12012351.000000 12012351 12012351
5002 16644.240000 12507501.000000 12507501 12507501
5102 17245.740000 13012651.000000 13012651 13012651
5202 17652.880000 13527801.000000 13527801 13527801
5302 18927.880000 14052951.000000 14052951 14052951
5402 18971.900000 14588101.000000 14588101 14588101
5502 19725.620000 15133251.000000 15133251 15133251
5602 20515.180000 15688401.000000 15688401 15688401
5702 21894.420000 16253551.000000 16253551 16253551
5802 22810.880000 16828701.000000 16828701 16828701
5902 25538.920000 17413851.000000 17413851 17413851
6002 24010.980000 18009001.000000 18009001 18009001
6102 24215.980000 18614151.000000 18614151 18614151
6202 25771.600000 19229301.000000 19229301 19229301
6302 27303.580000 19854451.000000 19854451 19854451
6402 28005.320000 20489601.000000 20489601 20489601
6502 29492.600000 21134751.000000 21134751 21134751
6602 28884.220000 21789901.000000 21789901 21789901
6702 29509.820000 22455051.000000 22455051 22455051
6802 30290.160000 23130201.000000 23130201 23130201
6902 31858.780000 23815351.000000 23815351 23815351
7002 34969.960000 24510501.000000 24510501 24510501
7102 34458.120000 25215651.000000 25215651 25215651
7202 34536.320000 25930801.000000 25930801 25930801
7302 35603.600000 26655951.000000 26655951 26655951
7402 37112.740000 27391101.000000 27391101 27391101
7502 38427.020000 28136251.000000 28136251 28136251
7602 39473.980000 28891401.000000 28891401 28891401
7702 40292.060000 29656551.000000 29656551 29656551
7802 40859.940000 30431701.000000 30431701 30431701
7902 40532.340000 31216851.000000 31216851 31216851
8002 42463.000000 32012001.000000 32012001 32012001
8102 44150.580000 32817151.000000 32817151 32817151
8202 48568.700000 33632301.000000 33632301 33632301
8302 47027.360000 34457451.000000 34457451 34457451
8402 48643.760000 35292601.000000 35292601 35292601
8502 47559.880000 36137751.000000 36137751 36137751
8602 49098.860000 36992901.000000 36992901 36992901
8702 50545.420000 37858051.000000 37858051 37858051
8802 52994.100000 38733201.000000 38733201 38733201
8902 56754.880000 39618351.000000 39618351 39618351
9002 56404.960000 40513501.000000 40513501 40513501
9102 56539.940000 41418651.000000 41418651 41418651
9202 60101.060000 42333801.000000 42333801 42333801
9302 58846.880000 -42640394.920000 43258951 43258951
9402 59882.660000 -41705244.920000 44194101 44194101
9502 62398.420000 -40760094.920000 45139251 45139251
9602 62054.880000 -39804944.920000 46094401 46094401
9702 63257.720000 -38839794.920000 47059551 47059551
9802 66700.060000 -37864644.920000 48034701 48034701
9902 67290.660000 -36879494.920000 49019851 49019851
10002 67968.200000 -35884344.920000 50015001 50015001
