2 0.040000 1.000000 1 1
102 10.720000 2601.000000 2601 2601
202 20.900000 10201.000000 10201 10201
302 37.640000 22801.000000 22801 22801
402 77.920000 40401.000000 40401 40401
502 113.660000 63001.000000 63001 63001
602 143.400000 90601.000000 90601 90601
702 181.260000 123201.000000 123201 123201
802 253.480000 160801.000000 160801 160801
902 312.020000 203401.000000 203401 203401
1002 383.200000 251001.000000 251001 251001
1102 434.120000 303601.000000 303601 303601
1202 517.840000 361201.000000 361201 361201
1302 595.540000 423801.000000 423801 423801
1402 677.080000 491401.000000 491401 491401
1502 771.920000 564001.000000 564001 564001
1602 887.060000 641601.000000 641601 641601
1702 1042.340000 724201.000000 724201 724201
1802 1117.200000 811801.000000 811801 811801
1902 1247.320000 904401.000000 904401 904401
2002 1379.420000 1002001.000000 1002001 1002001
2102 1577.880000 1104601.000000 1104601 1104601
2202 1643.760000 1212201.000000 1212201 1212201
2302 1857.240000 1324801.000000 1324801 1324801
2402 2012.280000 1442401.000000 1442401 1442401
2502 2210.900000 1565001.000000 1565001 1565001
2602 2320.260000 1692601.000000 1692601 1692601
2702 2459.400000 1825201.000000 1825201 1825201
2802 2699.380000 1962801.000000 1962801 1962801
2902 2839.400000 2105401.000000 2105401 2105401
3002 3131.000000 2253001.000000 2253001 2253001
3102 3443.940000 2405601.000000 2405601 2405601
3202 3573.660000 2563201.000000 2563201 2563201
3302 3700.460000 2725801.000000 2725801 2725801
3402 3997.080000 2893401.000000 2893401 2893401
3502 4118.260000 3066001.000000 3066001 3066001
3602 4445.120000 3243601.000000 3243601 3243601
3702 4658.240000 3426201.000000 3426201 3426201
3802 4891.480000 3613801.000000 3613801 3613801
3902 5170.300000 3806401.000000 3806401 3806401
4002 5442.980000 4004001.000000 4004001 4004001
4102 5778.560000 4206601.000000 4206601 4206601
4202 5962.020000 4414201.000000 4414201 4414201
4302 6227.840000 4626801.000000 4626801 4626801
4402 6593.420000 4844401.000000 4844401 4844401
4502 6893.060000 5067001.000000 5067001 5067001
4602 7091.960000 5294601.000000 5294601 5294601
4702 7304.960000 5527201.000000 5527201 5527201
4802 7524.280000 5764801.000000 5764801 5764801
4902 8042.320000 6007401.000000 6007401 6007401
5002 8181.540000 6255001.000000 6255001 6255001
5102 8649.480000 6507601.000000 6507601 6507601
5202 9240.200000 6765201.000000 6765201 6765201
5302 9166.960000 7027801.000000 7027801 7027801
5402 9697.580000 7295401.000000 7295401 7295401
5502 9884.300000 7568001.000000 7568001 7568001
5602 10432.560000 7845601.000000 7845601 7845601
5702 11430.500000 8128201.000000 8128201 8128201
5802 11430.840000 8415801.000000 8415801 8415801
5902 11704.140000 8708401.000000 8708401 8708401
6002 12077.500000 9006001.000000 9006001 9006001
6102 12574.020000 9308601.000000 9308601 9308601
6202 12922.920000 9616201.000000 9616201 9616201
6302 13332.340000 9928801.000000 9928801 9928801
6402 13999.680000 10246401.000000 10246401 10246401
6502 14221.540000 10569001.000000 10569001 10569001
6602 14674.200000 10896601.000000 10896601 10896601
6702 15019.940000 11229201.000000 11229201 11229201
6802 15240.120000 11566801.000000 11566801 11566801
6902 16248.000000 11909401.000000 11909401 11909401
7002 16687.840000 12257001.000000 12257001 12257001
7102 17246.420000 12609601.000000 12609601 12609601
7202 17380.320000 12967201.000000 12967201 12967201
7302 17997.140000 13329801.000000 13329801 13329801
7402 18520.840000 13697401.000000 13697401 13697401
7502 19189.160000 14070001.000000 14070001 14070001
7602 19746.820000 14447601.000000 14447601 14447601
7702 20100.980000 14830201.000000 14830201 14830201
7802 20934.120000 15217801.000000 15217801 15217801
7902 20824.200000 15610401.000000 15610401 15610401
8002 21311.500000 16008001.000000 16008001 16008001
8102 22404.580000 16410601.000000 16410601 16410601
8202 22371.980000 16818201.000000 16818201 16818201
8302 23023.120000 17230801.000000 17230801 17230801
8402 23378.700000 17648401.000000 17648401 17648401
8502 24527.360000 18071001.000000 18071001 18071001
8602 25080.120000 18498601.000000 18498601 18498601
8702 25949.800000 18931201.000000 18931201 18931201
8802 26790.620000 19368801.000000 19368801 19368801
8902 27108.720000 19811401.000000 19811401 19811401
9002 27804.080000 20259001.000000 20259001 20259001
9102 28301.140000 20711601.000000 20711601 20711601
9202 28245.660000 21169201.000000 21169201 21169201
9302 28624.360000 21631801.000000 21631801 21631801
9402 30186.840000 22099401.000000 22099401 22099401
9502 30773.500000 22572001.000000 22572001 22572001
9602 32080.060000 23049601.000000 23049601 23049601
9702 31460.220000 23532201.000000 23532201 23532201
9802 32830.000000 24019801.000000 24019801 24019801
9902 33762.440000 24512401.000000 24512401 24512401
10002 34066.380000 25010001.000000 25010001 25010001
