1 1.000000 0.000000 0 0
101 4.000000 486.000000 486 486
201 6.000000 1160.000000 1160 1160
301 33.000000 1906.000000 1906 1906
401 14.000000 2706.000000 2706 2706
501 35.000000 3506.000000 3506 3506
601 37.000000 4396.000000 4396 4396
701 47.000000 5296.000000 5296 5296
801 29.000000 6196.000000 6196 6196
901 32.000000 7096.000000 7096 7096
1001 52.000000 7996.000000 7996 7996
1101 47.000000 8974.000000 8974 8974
1201 66.000000 9974.000000 9974 9974
1301 48.000000 10974.000000 10974 10974
1401 92.000000 11974.000000 11974 11974
1501 74.000000 12974.000000 12974 12974
1601 60.000000 13974.000000 13974 13974
1701 62.000000 14974.000000 14974 14974
1801 66.000000 15974.000000 15974 15974
1901 70.000000 16974.000000 16974 16974
2001 73.000000 17974.000000 17974 17974
2101 77.000000 19028.000000 19028 19028
2201 81.000000 20128.000000 20128 20128
2301 87.000000 21228.000000 21228 21228
2401 98.000000 22328.000000 22328 22328
2501 153.000000 23428.000000 23428 23428
2601 100.000000 24528.000000 24528 24528
2701 104.000000 25628.000000 25628 25628
2801 121.000000 26728.000000 26728 26728
2901 112.000000 27828.000000 27828 27828
3001 116.000000 28928.000000 28928 28928
3101 121.000000 30028.000000 30028 30028
3201 150.000000 31128.000000 31128 31128
3301 140.000000 32228.000000 32228 32228
3401 129.000000 33328.000000 33328 33328
3501 133.000000 34428.000000 34428 34428
3601 135.000000 35528.000000 35528 35528
3701 139.000000 36628.000000 36628 36628
3801 142.000000 37728.000000 37728 37728
3901 153.000000 38828.000000 38828 38828
4001 149.000000 39928.000000 39928 39928
4101 154.000000 41034.000000 41034 41034
4201 158.000000 42234.000000 42234 42234
4301 163.000000 43434.000000 43434 43434
4401 204.000000 44634.000000 44634 44634
4501 178.000000 45834.000000 45834 45834
4601 177.000000 47034.000000 47034 47034
4701 183.000000 48234.000000 48234 48234
4801 187.000000 49434.000000 49434 49434
4901 192.000000 50634.000000 50634 50634
5001 202.000000 51834.000000 51834 51834
5101 210.000000 53034.000000 53034 53034
5201 268.000000 54234.000000 54234 54234
5301 213.000000 55434.000000 55434 55434
5401 225.000000 56634.000000 56634 56634
5501 221.000000 57834.000000 57834 57834
5601 224.000000 59034.000000 59034 59034
5701 231.000000 60234.000000 60234 60234
5801 236.000000 61434.000000 61434 61434
5901 248.000000 62634.000000 62634 62634
6001 247.000000 63834.000000 63834 63834
6101 252.000000 65034.000000 65034 65034
6201 286.000000 66234.000000 66234 66234
6301 488.000000 67434.000000 67434 67434
6401 298.000000 68634.000000 68634 68634
6501 272.000000 69834.000000 69834 69834
6601 267.000000 71034.000000 71034 71034
6701 272.000000 72234.000000 72234 72234
6801 275.000000 73434.000000 73434 73434
6901 327.000000 74634.000000 74634 74634
7001 283.000000 75834.000000 75834 75834
7101 285.000000 77034.000000 77034 77034
7201 295.000000 78234.000000 78234 78234
7301 295.000000 79434.000000 79434 79434
7401 297.000000 80634.000000 80634 80634
7501 308.000000 81834.000000 81834 81834
7601 303.000000 83034.000000 83034 83034
7701 307.000000 84234.000000 84234 84234
7801 344.000000 85434.000000 85434 85434
7901 316.000000 86634.000000 86634 86634
8001 320.000000 87834.000000 87834 87834
8101 375.000000 89034.000000 89034 89034
8201 328.000000 90244.000000 90244 90244
8301 334.000000 91544.000000 91544 91544
8401 436.000000 92844.000000 92844 92844
8501 349.000000 94144.000000 94144 94144
8601 348.000000 95444.000000 95444 95444
8701 351.000000 96744.000000 96744 96744
8801 358.000000 98044.000000 98044 98044
8901 368.000000 99344.000000 99344 99344
9001 367.000000 100644.000000 100644 100644
9101 372.000000 101944.000000 101944 101944
9201 384.000000 103244.000000 103244 103244
9301 385.000000 104544.000000 104544 104544
9401 397.000000 105844.000000 105844 105844
9501 393.000000 107144.000000 107144 107144
9601 397.000000 108444.000000 108444 108444
9701 408.000000 109744.000000 109744 109744
9801 415.000000 111044.000000 111044 111044
9901 422.000000 112344.000000 112344 112344
10001 419.000000 113644.000000 113644 113644
