2 0.060000 1.000000 1 1
4 0.060000 4.000000 4 4
8 0.180000 16.000000 16 16
16 0.380000 47.000000 47 47
32 0.940000 135.000000 135 135
64 2.300000 369.000000 369 369
128 5.820000 968.000000 968 968
256 13.640000 2378.000000 2378 2378
512 34.060000 5509.000000 5509 5509
1024 87.680000 12811.000000 12811 12811
2048 218.960000 28896.000000 28896 28896
4096 488.020000 65885.000000 65885 65885
8192 1033.540000 142481.000000 142481 142481
16384 2014.600000 305647.000000 305647 305647
32768 4211.260000 657192.000000 657192 657192
65536 8737.560000 1413277.000000 1413277 1413277
131072 19471.680000 3030358.000000 3030358 3030358
262144 39128.360000 6377987.000000 6377987 6377987
524288 83597.420000 13679978.000000 13679978 13679978
1048576 175647.540000 28864293.000000 28864293 28864293
