1 2.000000 0.000000 0 0
2 0.000000 1.000000 1 1
3 0.000000 3.000000 3 3
4 1.000000 6.000000 6 6
5 0.000000 9.000000 9 9
6 1.000000 15.000000 15 15
7 1.000000 17.000000 17 17
8 0.000000 22.000000 22 22
9 1.000000 27.000000 27 27
10 0.000000 32.000000 32 32
11 0.000000 39.000000 39 39
12 2.000000 44.000000 44 44
13 0.000000 53.000000 53 53
14 0.000000 58.000000 58 58
15 1.000000 69.000000 69 69
16 1.000000 74.000000 74 74
17 2.000000 87.000000 87 87
18 1.000000 92.000000 92 92
19 1.000000 107.000000 107 107
20 1.000000 112.000000 112 112
21 1.000000 129.000000 129 129
22 1.000000 134.000000 134 134
23 1.000000 153.000000 153 153
24 1.000000 158.000000 158 158
25 3.000000 179.000000 179 179
26 1.000000 184.000000 184 184
27 1.000000 207.000000 207 207
28 2.000000 212.000000 212 212
29 1.000000 237.000000 237 237
30 1.000000 242.000000 242 242
31 1.000000 269.000000 269 269
32 2.000000 274.000000 274 274
33 2.000000 303.000000 303 303
34 1.000000 308.000000 308 308
35 2.000000 339.000000 339 339
36 3.000000 344.000000 344 344
37 2.000000 377.000000 377 377
38 3.000000 382.000000 382 382
39 2.000000 417.000000 417 417
40 2.000000 422.000000 422 422
41 3.000000 459.000000 459 459
42 2.000000 464.000000 464 464
43 3.000000 503.000000 503 503
44 2.000000 508.000000 508 508
45 3.000000 549.000000 549 549
46 3.000000 554.000000 554 554
47 3.000000 597.000000 597 597
48 3.000000 602.000000 602 602
49 3.000000 647.000000 647 647
50 3.000000 652.000000 652 652
51 3.000000 699.000000 699 699
52 3.000000 704.000000 704 704
53 3.000000 753.000000 753 753
54 4.000000 758.000000 758 758
55 3.000000 809.000000 809 809
56 3.000000 814.000000 814 814
57 4.000000 867.000000 867 867
58 4.000000 872.000000 872 872
59 4.000000 927.000000 927 927
60 3.000000 932.000000 932 932
61 4.000000 989.000000 989 989
62 5.000000 994.000000 994 994
63 4.000000 1053.000000 1053 1053
64 4.000000 1058.000000 1058 1058
65 4.000000 1119.000000 1119 1119
66 4.000000 1124.000000 1124 1124
67 6.000000 1187.000000 1187 1187
68 5.000000 1192.000000 1192 1192
69 5.000000 1257.000000 1257 1257
70 6.000000 1262.000000 1262 1262
71 5.000000 1329.000000 1329 1329
72 5.000000 1334.000000 1334 1334
73 5.000000 1403.000000 1403 1403
74 6.000000 1408.000000 1408 1408
75 6.000000 1479.000000 1479 1479
76 5.000000 1484.000000 1484 1484
77 5.000000 1557.000000 1557 1557
78 6.000000 1562.000000 1562 1562
79 6.000000 1637.000000 1637 1637
80 6.000000 1642.000000 1642 1642
81 6.000000 1719.000000 1719 1719
82 7.000000 1724.000000 1724 1724
83 7.000000 1803.000000 1803 1803
84 7.000000 1808.000000 1808 1808
85 7.000000 1889.000000 1889 1889
86 8.000000 1894.000000 1894 1894
87 7.000000 1977.000000 1977 1977
88 7.000000 1982.000000 1982 1982
89 8.000000 2067.000000 2067 2067
90 8.000000 2072.000000 2072 2072
91 9.000000 2159.000000 2159 2159
92 8.000000 2164.000000 2164 2164
93 8.000000 2253.000000 2253 2253
94 9.000000 2258.000000 2258 2258
95 9.000000 2349.000000 2349 2349
96 9.000000 2354.000000 2354 2354
97 9.000000 2447.000000 2447 2447
98 9.000000 2452.000000 2452 2452
99 11.000000 2547.000000 2547 2547
100 9.000000 2552.000000 2552 2552
101 9.000000 2649.000000 2649 2649
