2 0.000000 1.000000 1 1
12 1.000000 36.000000 36 36
22 1.000000 121.000000 121 121
32 2.000000 256.000000 256 256
42 2.000000 441.000000 441 441
52 3.000000 676.000000 676 676
62 3.000000 961.000000 961 961
72 4.000000 1296.000000 1296 1296
82 4.000000 1681.000000 1681 1681
92 5.000000 2116.000000 2116 2116
102 6.000000 2601.000000 2601 2601
112 7.000000 3136.000000 3136 3136
122 9.000000 3721.000000 3721 3721
132 9.000000 4356.000000 4356 4356
142 10.000000 5041.000000 5041 5041
152 11.000000 5776.000000 5776 5776
162 13.000000 6561.000000 6561 6561
172 14.000000 7396.000000 7396 7396
182 17.000000 8281.000000 8281 8281
192 16.000000 9216.000000 9216 9216
202 18.000000 10201.000000 10201 10201
212 20.000000 11236.000000 11236 11236
222 22.000000 12321.000000 12321 12321
232 23.000000 13456.000000 13456 13456
242 99.000000 14641.000000 14641 14641
252 26.000000 15876.000000 15876 15876
262 28.000000 17161.000000 17161 17161
272 30.000000 18496.000000 18496 18496
282 34.000000 19881.000000 19881 19881
292 35.000000 21316.000000 21316 21316
302 37.000000 22801.000000 22801 22801
312 39.000000 24336.000000 24336 24336
322 41.000000 25921.000000 25921 25921
332 43.000000 27556.000000 27556 27556
342 46.000000 29241.000000 29241 29241
352 48.000000 30976.000000 30976 30976
362 51.000000 32761.000000 32761 32761
372 53.000000 34596.000000 34596 34596
382 57.000000 36481.000000 36481 36481
392 60.000000 38416.000000 38416 38416
402 81.000000 40401.000000 40401 40401
412 65.000000 42436.000000 42436 42436
422 73.000000 44521.000000 44521 44521
432 76.000000 46656.000000 46656 46656
442 79.000000 48841.000000 48841 48841
452 82.000000 51076.000000 51076 51076
462 94.000000 53361.000000 53361 53361
472 89.000000 55696.000000 55696 55696
482 92.000000 58081.000000 58081 58081
492 108.000000 60516.000000 60516 60516
502 92.000000 63001.000000 63001 63001
512 96.000000 65536.000000 65536 65536
522 107.000000 68121.000000 68121 68121
532 103.000000 70756.000000 70756 70756
542 107.000000 73441.000000 73441 73441
552 110.000000 76176.000000 76176 76176
562 114.000000 78961.000000 78961 78961
572 118.000000 81796.000000 81796 81796
582 122.000000 84681.000000 84681 84681
592 127.000000 87616.000000 87616 87616
602 130.000000 90601.000000 90601 90601
612 134.000000 93636.000000 93636 93636
622 139.000000 96721.000000 96721 96721
632 142.000000 99856.000000 99856 99856
642 147.000000 103041.000000 103041 103041
652 151.000000 106276.000000 106276 106276
662 174.000000 109561.000000 109561 109561
672 161.000000 112896.000000 112896 112896
682 165.000000 116281.000000 116281 116281
692 171.000000 119716.000000 119716 119716
702 174.000000 123201.000000 123201 123201
712 179.000000 126736.000000 126736 126736
722 176.000000 130321.000000 130321 130321
732 180.000000 133956.000000 133956 133956
742 186.000000 137641.000000 137641 137641
752 190.000000 141376.000000 141376 141376
762 195.000000 145161.000000 145161 145161
772 199.000000 148996.000000 148996 148996
782 205.000000 152881.000000 152881 152881
792 210.000000 156816.000000 156816 156816
802 216.000000 160801.000000 160801 160801
812 220.000000 164836.000000 164836 164836
822 243.000000 168921.000000 168921 168921
832 230.000000 173056.000000 173056 173056
842 412.000000 177241.000000 177241 177241
852 259.000000 181476.000000 181476 181476
862 253.000000 185761.000000 185761 185761
872 258.000000 190096.000000 190096 190096
882 258.000000 194481.000000 194481 194481
892 263.000000 198916.000000 198916 198916
902 289.000000 203401.000000 203401 203401
912 294.000000 207936.000000 207936 207936
922 300.000000 212521.000000 212521 212521
932 306.000000 217156.000000 217156 217156
942 321.000000 221841.000000 221841 221841
952 319.000000 226576.000000 226576 226576
962 334.000000 231361.000000 231361 231361
972 333.000000 236196.000000 236196 236196
982 339.000000 241081.000000 241081 241081
992 355.000000 246016.000000 246016 246016
1002 354.000000 251001.000000 251001 251001
