1 0.000000 0.000000 0 0
101 3.000000 486.000000 486 486
201 6.000000 1160.000000 1160 1160
301 32.000000 1906.000000 1906 1906
401 12.000000 2706.000000 2706 2706
501 31.000000 3506.000000 3506 3506
601 40.000000 4396.000000 4396 4396
701 38.000000 5296.000000 5296 5296
801 26.000000 6196.000000 6196 6196
901 51.000000 7096.000000 7096 7096
1001 32.000000 7996.000000 7996 7996
1101 36.000000 8974.000000 8974 8974
1201 54.000000 9974.000000 9974 9974
1301 43.000000 10974.000000 10974 10974
1401 91.000000 11974.000000 11974 11974
1501 111.000000 12974.000000 12974 12974
1601 56.000000 13974.000000 13974 13974
1701 60.000000 14974.000000 14974 14974
1801 63.000000 15974.000000 15974 15974
1901 66.000000 16974.000000 16974 16974
2001 69.000000 17974.000000 17974 17974
2101 72.000000 19028.000000 19028 19028
2201 77.000000 20128.000000 20128 20128
2301 81.000000 21228.000000 21228 21228
2401 100.000000 22328.000000 22328 22328
2501 88.000000 23428.000000 23428 23428
2601 93.000000 24528.000000 24528 24528
2701 98.000000 25628.000000 25628 25628
2801 182.000000 26728.000000 26728 26728
2901 106.000000 27828.000000 27828 27828
3001 111.000000 28928.000000 28928 28928
3101 114.000000 30028.000000 30028 30028
3201 119.000000 31128.000000 31128 31128
3301 121.000000 32228.000000 32228 32228
3401 131.000000 33328.000000 33328 33328
3501 128.000000 34428.000000 34428 34428
3601 137.000000 35528.000000 35528 35528
3701 135.000000 36628.000000 36628 36628
3801 138.000000 37728.000000 37728 37728
3901 142.000000 38828.000000 38828 38828
4001 145.000000 39928.000000 39928 39928
4101 200.000000 41034.000000 41034 41034
4201 192.000000 42234.000000 42234 42234
4301 157.000000 43434.000000 43434 43434
4401 162.000000 44634.000000 44634 44634
4501 165.000000 45834.000000 45834 45834
4601 170.000000 47034.000000 47034 47034
4701 176.000000 48234.000000 48234 48234
4801 289.000000 49434.000000 49434 49434
4901 184.000000 50634.000000 50634 50634
5001 189.000000 51834.000000 51834 51834
5101 193.000000 53034.000000 53034 53034
5201 280.000000 54234.000000 54234 54234
5301 204.000000 55434.000000 55434 55434
5401 210.000000 56634.000000 56634 56634
5501 213.000000 57834.000000 57834 57834
5601 224.000000 59034.000000 59034 59034
5701 222.000000 60234.000000 60234 60234
5801 227.000000 61434.000000 61434 61434
5901 231.000000 62634.000000 62634 62634
6001 237.000000 63834.000000 63834 63834
6101 256.000000 65034.000000 65034 65034
6201 247.000000 66234.000000 66234 66234
6301 249.000000 67434.000000 67434 67434
6401 260.000000 68634.000000 68634 68634
6501 257.000000 69834.000000 69834 69834
6601 259.000000 71034.000000 71034 71034
6701 263.000000 72234.000000 72234 72234
6801 274.000000 73434.000000 73434 73434
6901 321.000000 74634.000000 74634 74634
7001 274.000000 75834.000000 75834 75834
7101 276.000000 77034.000000 77034 77034
7201 281.000000 78234.000000 78234 78234
7301 286.000000 79434.000000 79434 79434
7401 289.000000 80634.000000 80634 80634
7501 321.000000 81834.000000 81834 81834
7601 295.000000 83034.000000 83034 83034
7701 298.000000 84234.000000 84234 84234
7801 311.000000 85434.000000 85434 85434
7901 307.000000 86634.000000 86634 86634
8001 316.000000 87834.000000 87834 87834
8101 325.000000 89034.000000 89034 89034
8201 317.000000 90244.000000 90244 90244
8301 323.000000 91544.000000 91544 91544
8401 333.000000 92844.000000 92844 92844
8501 333.000000 94144.000000 94144 94144
8601 338.000000 95444.000000 95444 95444
8701 347.000000 96744.000000 96744 96744
8801 348.000000 98044.000000 98044 98044
8901 351.000000 99344.000000 99344 99344
9001 361.000000 100644.000000 100644 100644
9101 359.000000 101944.000000 101944 101944
9201 370.000000 103244.000000 103244 103244
9301 377.000000 104544.000000 104544 104544
9401 388.000000 105844.000000 105844 105844
9501 379.000000 107144.000000 107144 107144
9601 391.000000 108444.000000 108444 108444
9701 387.000000 109744.000000 109744 109744
9801 394.000000 111044.000000 111044 111044
9901 571.000000 112344.000000 112344 112344
10001 404.000000 113644.000000 113644 113644
