1 0.100000 0.000000 0 0
201 16.700000 10100.000000 10100 10100
401 57.600000 40200.000000 40200 40200
601 125.900000 90300.000000 90300 90300
801 214.700000 160400.000000 160400 160400
1001 338.700000 250500.000000 250500 250500
1201 485.500000 360600.000000 360600 360600
1401 650.200000 490700.000000 490700 490700
1601 840.300000 640800.000000 640800 640800
1801 1045.500000 810900.000000 810900 810900
2001 1281.600000 1001000.000000 1001000 1001000
2201 1550.400000 1211100.000000 1211100 1211100
2401 1840.200000 1441200.000000 1441200 1441200
2601 2159.200000 1691300.000000 1691300 1691300
2801 2492.000000 1961400.000000 1961400 1961400
3001 2865.600000 2251500.000000 2251500 2251500
3201 3254.200000 2561600.000000 2561600 2561600
3401 3669.200000 2891700.000000 2891700 2891700
3601 4109.400000 3241800.000000 3241800 3241800
3801 4572.900000 3611900.000000 3611900 3611900
4001 5074.600000 4002000.000000 4002000 4002000
4201 5600.400000 4412100.000000 4412100 4412100
4401 6082.900000 4842200.000000 4842200 4842200
4601 6638.300000 5292300.000000 5292300 5292300
4801 7228.600000 5762400.000000 5762400 5762400
5001 7918.900000 6252500.000000 6252500 6252500
5201 8539.700000 6762600.000000 6762600 6762600
5401 9275.000000 7292700.000000 7292700 7292700
5601 10141.600000 7842800.000000 7842800 7842800
5801 10851.000000 8412900.000000 8412900 8412900
6001 11417.200000 9003000.000000 9003000 9003000
6201 12223.700000 9613100.000000 9613100 9613100
6401 13084.500000 10243200.000000 10243200 10243200
6601 13860.400000 10893300.000000 10893300 10893300
6801 14734.400000 11563400.000000 11563400 11563400
7001 15559.600000 12253500.000000 12253500 12253500
7201 16297.300000 12963600.000000 12963600 12963600
7401 17364.200000 13693700.000000 13693700 13693700
7601 18344.600000 14443800.000000 14443800 14443800
7801 19331.400000 15213900.000000 15213900 15213900
8001 20410.100000 16004000.000000 16004000 16004000
8201 21205.500000 16814100.000000 16814100 16814100
8401 22321.100000 17644200.000000 17644200 17644200
8601 23241.600000 18494300.000000 18494300 18494300
8801 24438.800000 19364400.000000 19364400 19364400
9001 25730.300000 20254500.000000 20254500 20254500
9201 26752.300000 21164600.000000 21164600 21164600
9401 28047.400000 22094700.000000 22094700 22094700
9601 29267.500000 23044800.000000 23044800 23044800
9801 30272.300000 24014900.000000 24014900 24014900
10001 31522.000000 25005000.000000 25005000 25005000
