1 0.050000 0.000000 0 0
2 0.050000 1.000000 1 1
3 0.050000 2.000000 2 2
4 0.100000 4.000000 4 4
5 0.150000 6.000000 6 6
6 0.150000 9.000000 9 9
7 0.200000 11.000000 11 11
8 0.150000 15.000000 15 15
9 0.200000 17.000000 17 17
10 0.250000 23.000000 23 23
11 0.200000 25.000000 25 25
12 0.300000 31.000000 31 31
13 0.300000 33.000000 33 33
14 0.350000 41.000000 41 41
15 0.350000 43.000000 43 43
16 0.350000 51.000000 51 51
17 0.400000 53.000000 53 53
18 0.500000 63.000000 63 63
19 0.550000 65.000000 65 65
20 0.550000 75.000000 75 75
21 0.600000 77.000000 77 77
22 0.650000 89.000000 89 89
23 0.700000 91.000000 91 91
24 0.700000 103.000000 103 103
25 0.700000 105.000000 105 105
26 0.800000 119.000000 119 119
27 0.850000 121.000000 121 121
28 0.900000 135.000000 135 135
29 0.900000 137.000000 137 137
30 1.050000 153.000000 153 153
31 1.000000 155.000000 155 155
32 1.100000 171.000000 171 171
33 1.100000 173.000000 173 173
34 1.250000 191.000000 191 191
35 1.250000 193.000000 193 193
36 1.300000 211.000000 211 211
37 1.300000 213.000000 213 213
38 1.400000 233.000000 233 233
39 1.450000 235.000000 235 235
40 1.500000 255.000000 255 255
41 1.550000 257.000000 257 257
42 1.650000 279.000000 279 279
43 1.700000 281.000000 281 281
44 1.700000 303.000000 303 303
45 1.750000 305.000000 305 305
46 1.850000 329.000000 329 329
47 1.900000 331.000000 331 331
48 2.000000 355.000000 355 355
49 2.000000 357.000000 357 357
50 2.200000 383.000000 383 383
51 2.200000 385.000000 385 385
52 2.300000 411.000000 411 411
53 2.300000 413.000000 413 413
54 2.450000 441.000000 441 441
55 2.500000 443.000000 443 443
56 2.600000 471.000000 471 471
57 2.650000 473.000000 473 473
58 2.750000 503.000000 503 503
59 2.750000 505.000000 505 505
60 2.850000 535.000000 535 535
61 2.900000 537.000000 537 537
62 3.050000 569.000000 569 569
63 3.050000 571.000000 571 571
64 3.250000 603.000000 603 603
65 3.200000 605.000000 605 605
66 3.400000 639.000000 639 639
67 3.400000 641.000000 641 641
68 3.550000 675.000000 675 675
69 3.600000 677.000000 677 677
70 3.750000 713.000000 713 713
71 3.800000 715.000000 715 715
72 3.900000 751.000000 751 751
73 3.950000 753.000000 753 753
74 4.150000 791.000000 791 791
75 4.400000 793.000000 793 793
76 4.300000 831.000000 831 831
77 4.350000 833.000000 833 833
78 4.550000 873.000000 873 873
79 4.550000 875.000000 875 875
80 4.700000 915.000000 915 915
81 4.750000 917.000000 917 917
82 4.950000 959.000000 959 959
83 5.000000 961.000000 961 961
84 5.100000 1003.000000 1003 1003
85 5.200000 1005.000000 1005 1005
86 5.300000 1049.000000 1049 1049
87 5.400000 1051.000000 1051 1051
88 5.550000 1095.000000 1095 1095
89 5.550000 1097.000000 1097 1097
90 5.800000 1143.000000 1143 1143
91 5.800000 1145.000000 1145 1145
92 5.950000 1191.000000 1191 1191
93 6.050000 1193.000000 1193 1193
94 6.250000 1241.000000 1241 1241
95 6.250000 1243.000000 1243 1243
96 6.450000 1291.000000 1291 1291
97 6.500000 1293.000000 1293 1293
98 6.700000 1343.000000 1343 1343
99 6.700000 1345.000000 1345 1345
100 6.950000 1395.000000 1395 1395
