1 0.100000 0.000000 0 0
2 0.050000 1.000000 1 1
3 0.050000 2.000000 2 2
4 0.100000 6.000000 6 6
5 0.100000 6.000000 6 6
6 0.200000 15.000000 15 15
7 0.200000 12.000000 12 12
8 0.200000 22.000000 22 22
9 0.200000 20.000000 20 20
10 0.300000 32.000000 32 32
11 0.250000 30.000000 30 30
12 0.350000 44.000000 44 44
13 0.250000 42.000000 42 42
14 0.400000 58.000000 58 58
15 0.300000 56.000000 56 56
16 0.450000 74.000000 74 74
17 0.400000 72.000000 72 72
18 0.550000 92.000000 92 92
19 0.400000 90.000000 90 90
20 0.700000 112.000000 112 112
21 0.450000 110.000000 110 110
22 0.850000 134.000000 134 134
23 0.550000 132.000000 132 132
24 0.950000 158.000000 158 158
25 0.600000 156.000000 156 156
26 1.050000 184.000000 184 184
27 0.700000 182.000000 182 182
28 1.200000 212.000000 212 212
29 0.800000 210.000000 210 210
30 1.350000 242.000000 242 242
31 0.900000 240.000000 240 240
32 1.500000 274.000000 274 274
33 1.000000 272.000000 272 272
34 1.600000 308.000000 308 308
35 1.050000 306.000000 306 306
36 1.800000 344.000000 344 344
37 1.200000 342.000000 342 342
38 1.950000 382.000000 382 382
39 1.350000 380.000000 380 380
40 2.150000 422.000000 422 422
41 1.350000 420.000000 420 420
42 2.400000 464.000000 464 464
43 1.450000 462.000000 462 462
44 2.550000 508.000000 508 508
45 1.600000 506.000000 506 506
46 2.800000 554.000000 554 554
47 1.750000 552.000000 552 552
48 3.050000 602.000000 602 602
49 1.750000 600.000000 600 600
50 3.250000 652.000000 652 652
51 1.900000 650.000000 650 650
52 3.450000 704.000000 704 704
53 2.000000 702.000000 702 702
54 3.700000 758.000000 758 758
55 2.150000 756.000000 756 756
56 3.850000 814.000000 814 814
57 2.250000 812.000000 812 812
58 4.150000 872.000000 872 872
59 2.450000 870.000000 870 870
60 4.450000 932.000000 932 932
61 2.550000 930.000000 930 930
62 4.650000 994.000000 994 994
63 2.700000 992.000000 992 992
64 4.900000 1058.000000 1058 1058
65 2.850000 1056.000000 1056 1056
66 5.250000 1124.000000 1124 1124
67 2.950000 1122.000000 1122 1122
68 5.500000 1192.000000 1192 1192
69 3.100000 1190.000000 1190 1190
70 5.800000 1262.000000 1262 1262
71 3.700000 1260.000000 1260 1260
72 6.050000 1334.000000 1334 1334
73 3.400000 1332.000000 1332 1332
74 6.400000 1408.000000 1408 1408
75 3.900000 1406.000000 1406 1406
76 6.750000 1484.000000 1484 1484
77 3.700000 1482.000000 1482 1482
78 7.050000 1562.000000 1562 1562
79 3.900000 1560.000000 1560 1560
80 7.300000 1642.000000 1642 1642
81 4.050000 1640.000000 1640 1640
82 7.600000 1724.000000 1724 1724
83 4.250000 1722.000000 1722 1722
84 8.050000 1808.000000 1808 1808
85 4.400000 1806.000000 1806 1806
86 8.450000 1894.000000 1894 1894
87 5.350000 1892.000000 1892 1892
88 8.950000 1982.000000 1982 1982
89 5.050000 1980.000000 1980 1980
90 9.350000 2072.000000 2072 2072
91 5.300000 2070.000000 2070 2070
92 10.150000 2164.000000 2164 2164
93 5.450000 2162.000000 2162 2162
94 10.100000 2258.000000 2258 2258
95 5.600000 2256.000000 2256 2256
96 10.500000 2354.000000 2354 2354
97 5.800000 2352.000000 2352 2352
98 10.800000 2452.000000 2452 2452
99 5.950000 2450.000000 2450 2450
100 11.200000 2552.000000 2552 2552
