2 1.000000 1.000000 1 1
102 8.000000 1303.000000 1303 1303
202 22.000000 4168.000000 4168 4168
302 45.000000 8881.000000 8881 8881
402 68.000000 14673.000000 14673 14673
502 197.000000 24489.000000 24489 24489
602 233.000000 28840.000000 28840 28840
702 208.000000 43086.000000 43086 43086
802 250.000000 55886.000000 55886 55886
902 560.000000 98753.000000 98753 98753
1002 1270.000000 105850.000000 105850 105850
1102 491.000000 100855.000000 100855 100855
1202 611.000000 126807.000000 126807 126807
1302 781.000000 161736.000000 161736 161736
1402 881.000000 183470.000000 183470 183470
1502 914.000000 190900.000000 190900 190900
1602 1166.000000 216428.000000 216428 216428
1702 1490.000000 306790.000000 306790 306790
1802 1395.000000 284659.000000 284659 284659
1902 1736.000000 359076.000000 359076 359076
2002 2264.000000 450701.000000 450701 450701
2102 1945.000000 407640.000000 407640 407640
2202 1831.000000 380009.000000 380009 380009
2302 1942.000000 410391.000000 410391 410391
2402 2222.000000 468279.000000 468279 468279
2502 3452.000000 719192.000000 719192 719192
2602 3827.000000 806688.000000 806688 806688
2702 2919.000000 602507.000000 602507 602507
2802 3518.000000 755089.000000 755089 755089
2902 3706.000000 794696.000000 794696 794696
3002 4497.000000 960619.000000 960619 960619
3102 3460.000000 747770.000000 747770 747770
3202 4374.000000 939621.000000 939621 939621
3302 5411.000000 1161499.000000 1161499 1161499
3402 4890.000000 1019030.000000 1019030 1019030
3502 5598.000000 1103007.000000 1103007 1103007
3602 4956.000000 1104809.000000 1104809 1104809
3702 5690.000000 1273538.000000 1273538 1273538
3802 5179.000000 1160460.000000 1160460 1160460
3902 5112.000000 1141205.000000 1141205 1141205
4002 8439.000000 1893555.000000 1893555 1893555
4102 9756.000000 2107410.000000 2107410 2107410
4202 8055.000000 1813204.000000 1813204 1813204
4302 7342.000000 1562017.000000 1562017 1562017
4402 7422.000000 1557511.000000 1557511 1557511
4502 8759.000000 1837707.000000 1837707 1837707
4602 8722.000000 1934979.000000 1934979 1934979
4702 8637.000000 1932406.000000 1932406 1932406
4802 9782.000000 2077250.000000 2077250 2077250
4902 12449.000000 2521522.000000 2521522 2521522
5002 9687.000000 2170106.000000 2170106 2170106
5102 19348.000000 2478741.000000 2478741 2478741
5202 15322.000000 2758078.000000 2758078 2758078
5302 12756.000000 2542069.000000 2542069 2542069
5402 11042.000000 2407818.000000 2407818 2407818
5502 11204.000000 2484006.000000 2484006 2484006
5602 18401.000000 3758469.000000 3758469 3758469
5702 17540.000000 3720758.000000 3720758 3720758
5802 17923.000000 3796253.000000 3796253 3796253
5902 13572.000000 2924552.000000 2924552 2924552
6002 18467.000000 3805175.000000 3805175 3805175
6102 16485.000000 3447026.000000 3447026 3447026
6202 15902.000000 3099777.000000 3099777 3099777
6302 14692.000000 3100718.000000 3100718 3100718
6402 16575.000000 3490768.000000 3490768 3490768
6502 22397.000000 4429064.000000 4429064 4429064
6602 20439.000000 3861446.000000 3861446 3861446
6702 19865.000000 4053579.000000 4053579 4053579
6802 20579.000000 4162797.000000 4162797 4162797
6902 20954.000000 4389914.000000 4389914 4389914
7002 21902.000000 4586157.000000 4586157 4586157
7102 19225.000000 4065825.000000 4065825 4065825
7202 20570.000000 4377077.000000 4377077 4377077
7302 30494.000000 6374818.000000 6374818 6374818
7402 26685.000000 5590937.000000 5590937 5590937
7502 22479.000000 4659995.000000 4659995 4659995
7602 32725.000000 6727028.000000 6727028 6727028
7702 28604.000000 5627791.000000 5627791 5627791
7802 29560.000000 5875937.000000 5875937 5875937
7902 24993.000000 5175752.000000 5175752 5175752
8002 37813.000000 7777641.000000 7777641 7777641
8102 33101.000000 6864803.000000 6864803 6864803
8202 27896.000000 5835010.000000 5835010 5835010
8302 32712.000000 6894745.000000 6894745 6894745
8402 40651.000000 8586197.000000 8586197 8586197
8502 31961.000000 6833775.000000 6833775 6833775
8602 37641.000000 8132013.000000 8132013 8132013
8702 26205.000000 5684826.000000 5684826 5684826
8802 39180.000000 6837537.000000 6837537 6837537
8902 43616.000000 9060873.000000 9060873 9060873
9002 47777.000000 9873853.000000 9873853 9873853
9102 31248.000000 6759551.000000 6759551 6759551
9202 32004.000000 7280305.000000 7280305 7280305
9302 36927.000000 7935750.000000 7935750 7935750
9402 34931.000000 8141101.000000 8141101 8141101
9502 31321.000000 7065420.000000 7065420 7065420
9602 33534.000000 7533976.000000 7533976 7533976
9702 44985.000000 9831794.000000 9831794 9831794
9802 37372.000000 8177712.000000 8177712 8177712
9902 41655.000000 8741715.000000 8741715 8741715
10002 38740.000000 8477997.000000 8477997 8477997
