1 0.000000 0.000000 0 0
101 11.000000 5050.000000 5050 5050
201 58.000000 20100.000000 20100 20100
301 67.000000 45150.000000 45150 45150
401 299.000000 80200.000000 80200 80200
501 261.000000 125250.000000 125250 125250
601 301.000000 180300.000000 180300 180300
701 350.000000 245350.000000 245350 245350
801 617.000000 320400.000000 320400 320400
901 539.000000 405450.000000 405450 405450
1001 742.000000 500500.000000 500500 500500
1101 935.000000 605550.000000 605550 605550
1201 991.000000 720600.000000 720600 720600
1301 1149.000000 845650.000000 845650 845650
1401 1498.000000 980700.000000 980700 980700
1501 1592.000000 1125750.000000 1125750 1125750
1601 1686.000000 1280800.000000 1280800 1280800
1701 1844.000000 1445850.000000 1445850 1445850
1801 2026.000000 1620900.000000 1620900 1620900
1901 2384.000000 1805950.000000 1805950 1805950
2001 2661.000000 2001000.000000 2001000 2001000
2101 3077.000000 2206050.000000 2206050 2206050
2201 3523.000000 2421100.000000 2421100 2421100
2301 3508.000000 2646150.000000 2646150 2646150
2401 3841.000000 2881200.000000 2881200 2881200
2501 4134.000000 3126250.000000 3126250 3126250
2601 4557.000000 3381300.000000 3381300 3381300
2701 4832.000000 3646350.000000 3646350 3646350
2801 5175.000000 3921400.000000 3921400 3921400
2901 6148.000000 4206450.000000 4206450 4206450
3001 5979.000000 4501500.000000 4501500 4501500
3101 6417.000000 4806550.000000 4806550 4806550
3201 6750.000000 5121600.000000 5121600 5121600
3301 7189.000000 5446650.000000 5446650 5446650
3401 7781.000000 5781700.000000 5781700 5781700
3501 8366.000000 6126750.000000 6126750 6126750
3601 9184.000000 6481800.000000 6481800 6481800
3701 9182.000000 6846850.000000 6846850 6846850
3801 9536.000000 7221900.000000 7221900 7221900
3901 10062.000000 7606950.000000 7606950 7606950
4001 10514.000000 8002000.000000 8002000 8002000
4101 11223.000000 8407050.000000 8407050 8407050
4201 11920.000000 8822100.000000 8822100 8822100
4301 12268.000000 9247150.000000 9247150 9247150
4401 12699.000000 9682200.000000 9682200 9682200
4501 13376.000000 10127250.000000 10127250 10127250
4601 13623.000000 10582300.000000 10582300 10582300
4701 13934.000000 11047350.000000 11047350 11047350
4801 14551.000000 11522400.000000 11522400 11522400
4901 15136.000000 12007450.000000 12007450 12007450
5001 15975.000000 12502500.000000 12502500 12502500
5101 16700.000000 13007550.000000 13007550 13007550
5201 19368.000000 13522600.000000 13522600 13522600
5301 19861.000000 14047650.000000 14047650 14047650
5401 18969.000000 14582700.000000 14582700 14582700
5501 22199.000000 15127750.000000 15127750 15127750
5601 20202.000000 15682800.000000 15682800 15682800
5701 21342.000000 16247850.000000 16247850 16247850
5801 22612.000000 16822900.000000 16822900 16822900
5901 23629.000000 17407950.000000 17407950 17407950
6001 24175.000000 18003000.000000 18003000 18003000
6101 24908.000000 18608050.000000 18608050 18608050
6201 24352.000000 19223100.000000 19223100 19223100
6301 28336.000000 19848150.000000 19848150 19848150
6401 30533.000000 20483200.000000 20483200 20483200
6501 29482.000000 21128250.000000 21128250 21128250
6601 30040.000000 21783300.000000 21783300 21783300
6701 30987.000000 22448350.000000 22448350 22448350
6801 29850.000000 23123400.000000 23123400 23123400
6901 30706.000000 23808450.000000 23808450 23808450
7001 31586.000000 24503500.000000 24503500 24503500
7101 32378.000000 25208550.000000 25208550 25208550
7201 32707.000000 25923600.000000 25923600 25923600
7301 34131.000000 26648650.000000 26648650 26648650
7401 34973.000000 27383700.000000 27383700 27383700
7501 42747.000000 28128750.000000 28128750 28128750
7601 37221.000000 28883800.000000 28883800 28883800
7701 42802.000000 29648850.000000 29648850 29648850
7801 41537.000000 30423900.000000 30423900 30423900
7901 40799.000000 31208950.000000 31208950 31208950
8001 41326.000000 32004000.000000 32004000 32004000
8101 42579.000000 32809050.000000 32809050 32809050
8201 42777.000000 33624100.000000 33624100 33624100
8301 44662.000000 34449150.000000 34449150 34449150
8401 45302.000000 35284200.000000 35284200 35284200
8501 49537.000000 36129250.000000 36129250 36129250
8601 47978.000000 36984300.000000 36984300 36984300
8701 49871.000000 37849350.000000 37849350 37849350
8801 55822.000000 38724400.000000 38724400 38724400
8901 52078.000000 39609450.000000 39609450 39609450
9001 52804.000000 40504500.000000 40504500 40504500
9101 54595.000000 41409550.000000 41409550 41409550
9201 54838.000000 42324600.000000 42324600 42324600
9301 55692.000000 43249650.000000 43249650 43249650
9401 56335.000000 44184700.000000 44184700 44184700
9501 56604.000000 45129750.000000 45129750 45129750
9601 57773.000000 46084800.000000 46084800 46084800
9701 59240.000000 47049850.000000 47049850 47049850
9801 60138.000000 48024900.000000 48024900 48024900
9901 64900.000000 49009950.000000 49009950 49009950
10001 63714.000000 50005000.000000 50005000 50005000
