1 1.000000 0.000000 0 0
101 12.000000 2649.000000 2649 2649
201 39.000000 10299.000000 10299 10299
301 85.000000 22949.000000 22949 22949
401 150.000000 40599.000000 40599 40599
501 230.000000 63249.000000 63249 63249
601 329.000000 90899.000000 90899 90899
701 447.000000 123549.000000 123549 123549
801 581.000000 161199.000000 161199 161199
901 738.000000 203849.000000 203849 203849
1001 935.000000 251499.000000 251499 251499
1101 1123.000000 304149.000000 304149 304149
1201 1318.000000 361799.000000 361799 361799
1301 1528.000000 424449.000000 424449 424449
1401 1820.000000 492099.000000 492099 492099
1501 2097.000000 564749.000000 564749 564749
1601 2379.000000 642399.000000 642399 642399
1701 2679.000000 725049.000000 725049 725049
1801 3031.000000 812699.000000 812699 812699
1901 3361.000000 905349.000000 905349 905349
2001 3714.000000 1002999.000000 1002999 1002999
2101 4133.000000 1105649.000000 1105649 1105649
2201 4479.000000 1213299.000000 1213299 1213299
2301 4896.000000 1325949.000000 1325949 1325949
2401 5324.000000 1443599.000000 1443599 1443599
2501 5783.000000 1566249.000000 1566249 1566249
2601 6241.000000 1693899.000000 1693899 1693899
2701 6741.000000 1826549.000000 1826549 1826549
2801 7242.000000 1964199.000000 1964199 1964199
2901 7845.000000 2106849.000000 2106849 2106849
3001 8317.000000 2254499.000000 2254499 2254499
3101 9037.000000 2407149.000000 2407149 2407149
3201 9512.000000 2564799.000000 2564799 2564799
3301 10042.000000 2727449.000000 2727449 2727449
3401 10682.000000 2895099.000000 2895099 2895099
3501 11411.000000 3067749.000000 3067749 3067749
3601 12023.000000 3245399.000000 3245399 3245399
3701 12540.000000 3428049.000000 3428049 3428049
3801 13308.000000 3615699.000000 3615699 3615699
3901 14082.000000 3808349.000000 3808349 3808349
4001 14681.000000 4005999.000000 4005999 4005999
4101 15460.000000 4208649.000000 4208649 4208649
4201 16307.000000 4416299.000000 4416299 4416299
4301 17261.000000 4628949.000000 4628949 4628949
4401 18359.000000 4846599.000000 4846599 4846599
4501 18917.000000 5069249.000000 5069249 5069249
4601 19790.000000 5296899.000000 5296899 5296899
4701 20717.000000 5529549.000000 5529549 5529549
4801 21441.000000 5767199.000000 5767199 5767199
4901 21805.000000 6009849.000000 6009849 6009849
5001 22984.000000 6257499.000000 6257499 6257499
5101 24209.000000 6510149.000000 6510149 6510149
5201 25025.000000 6767799.000000 6767799 6767799
5301 26188.000000 7030449.000000 7030449 7030449
5401 26770.000000 7298099.000000 7298099 7298099
5501 28332.000000 7570749.000000 7570749 7570749
5601 29148.000000 7848399.000000 7848399 7848399
5701 30107.000000 8131049.000000 8131049 8131049
5801 31475.000000 8418699.000000 8418699 8418699
5901 32500.000000 8711349.000000 8711349 8711349
6001 33040.000000 9008999.000000 9008999 9008999
6101 34200.000000 9311649.000000 9311649 9311649
6201 35872.000000 9619299.000000 9619299 9619299
6301 36589.000000 9931949.000000 9931949 9931949
6401 37290.000000 10249599.000000 10249599 10249599
6501 39290.000000 10572249.000000 10572249 10572249
6601 40302.000000 10899899.000000 10899899 10899899
6701 41405.000000 11232549.000000 11232549 11232549
6801 43130.000000 11570199.000000 11570199 11570199
6901 43822.000000 11912849.000000 11912849 11912849
7001 45301.000000 12260499.000000 12260499 12260499
7101 47258.000000 12613149.000000 12613149 12613149
7201 48355.000000 12970799.000000 12970799 12970799
7301 49637.000000 13333449.000000 13333449 13333449
7401 50757.000000 13701099.000000 13701099 13701099
7501 51965.000000 14073749.000000 14073749 14073749
7601 53468.000000 14451399.000000 14451399 14451399
7701 55555.000000 14834049.000000 14834049 14834049
7801 56156.000000 15221699.000000 15221699 15221699
7901 57900.000000 15614349.000000 15614349 15614349
8001 59380.000000 16011999.000000 16011999 16011999
8101 60491.000000 16414649.000000 16414649 16414649
8201 62371.000000 16822299.000000 16822299 16822299
8301 64271.000000 17234949.000000 17234949 17234949
8401 65052.000000 17652599.000000 17652599 17652599
8501 67093.000000 18075249.000000 18075249 18075249
8601 68247.000000 18502899.000000 18502899 18502899
8701 69972.000000 18935549.000000 18935549 18935549
8801 71102.000000 19373199.000000 19373199 19373199
8901 72797.000000 19815849.000000 19815849 19815849
9001 74470.000000 20263499.000000 20263499 20263499
9101 76220.000000 20716149.000000 20716149 20716149
9201 77875.000000 21173799.000000 21173799 21173799
9301 79155.000000 21636449.000000 21636449 21636449
9401 81219.000000 22104099.000000 22104099 22104099
9501 82938.000000 22576749.000000 22576749 22576749
9601 84698.000000 23054399.000000 23054399 23054399
9701 86511.000000 23537049.000000 23537049 23537049
9801 88300.000000 24024699.000000 24024699 24024699
9901 90137.000000 24517349.000000 24517349 24517349
10001 91882.000000 25014999.000000 25014999 25014999
