1 0.100000 0.000000 0 0
11 0.150000 30.000000 30 30
21 0.400000 110.000000 110 110
31 0.650000 240.000000 240 240
41 1.150000 420.000000 420 420
51 1.550000 650.000000 650 650
61 2.050000 930.000000 930 930
71 2.600000 1260.000000 1260 1260
81 3.250000 1640.000000 1640 1640
91 4.550000 2070.000000 2070 2070
101 5.050000 2550.000000 2550 2550
111 5.700000 3080.000000 3080 3080
121 6.300000 3660.000000 3660 3660
131 7.300000 4290.000000 4290 4290
141 8.200000 4970.000000 4970 4970
151 9.250000 5700.000000 5700 5700
161 10.400000 6480.000000 6480 6480
171 11.850000 7310.000000 7310 7310
181 12.950000 8190.000000 8190 8190
191 14.550000 9120.000000 9120 9120
201 15.600000 10100.000000 10100 10100
211 20.350000 11130.000000 11130 11130
221 19.550000 12210.000000 12210 12210
231 20.900000 13340.000000 13340 13340
241 22.450000 14520.000000 14520 14520
251 24.700000 15750.000000 15750 15750
261 26.400000 17030.000000 17030 17030
271 27.750000 18360.000000 18360 18360
281 29.700000 19740.000000 19740 19740
291 32.600000 21170.000000 21170 21170
301 35.000000 22650.000000 22650 22650
311 38.300000 24180.000000 24180 24180
321 37.350000 25760.000000 25760 25760
331 39.200000 27390.000000 27390 27390
341 41.950000 29070.000000 29070 29070
351 44.050000 30800.000000 30800 30800
361 48.650000 32580.000000 32580 32580
371 51.150000 34410.000000 34410 34410
381 54.350000 36290.000000 36290 36290
391 53.450000 38220.000000 38220 38220
401 57.000000 40200.000000 40200 40200
411 60.550000 42230.000000 42230 42230
421 64.300000 44310.000000 44310 44310
431 66.350000 46440.000000 46440 46440
441 71.150000 48620.000000 48620 48620
451 71.050000 50850.000000 50850 50850
461 74.000000 53130.000000 53130 53130
471 76.450000 55460.000000 55460 55460
481 82.600000 57840.000000 57840 57840
491 85.450000 60270.000000 60270 60270
501 85.550000 62750.000000 62750 62750
511 89.600000 65280.000000 65280 65280
521 94.300000 67860.000000 67860 67860
531 99.400000 70490.000000 70490 70490
541 100.000000 73170.000000 73170 73170
551 103.300000 75900.000000 75900 75900
561 108.700000 78680.000000 78680 78680
571 112.900000 81510.000000 81510 81510
581 113.800000 84390.000000 84390 84390
591 118.000000 87320.000000 87320 87320
601 124.850000 90300.000000 90300 90300
611 127.850000 93330.000000 93330 93330
621 129.450000 96410.000000 96410 96410
631 136.350000 99540.000000 99540 99540
641 140.350000 102720.000000 102720 102720
651 142.600000 105950.000000 105950 105950
661 149.100000 109230.000000 109230 109230
671 152.100000 112560.000000 112560 112560
681 157.650000 115940.000000 115940 115940
691 167.300000 119370.000000 119370 119370
701 163.200000 122850.000000 122850 122850
711 173.700000 126380.000000 126380 126380
721 174.800000 129960.000000 129960 129960
731 181.450000 133590.000000 133590 133590
741 184.150000 137270.000000 137270 137270
751 187.250000 141000.000000 141000 141000
761 196.700000 144780.000000 144780 144780
771 196.650000 148610.000000 148610 148610
781 205.850000 152490.000000 152490 152490
791 207.350000 156420.000000 156420 156420
801 217.000000 160400.000000 160400 160400
811 216.400000 164430.000000 164430 164430
821 224.500000 168510.000000 168510 168510
831 227.000000 172640.000000 172640 172640
841 234.700000 176820.000000 176820 176820
851 240.000000 181050.000000 181050 181050
861 251.300000 185330.000000 185330 185330
871 257.600000 189660.000000 189660 189660
881 263.750000 194040.000000 194040 194040
891 265.000000 198470.000000 198470 198470
901 271.750000 202950.000000 202950 202950
911 278.900000 207480.000000 207480 207480
921 284.550000 212060.000000 212060 212060
931 294.100000 216690.000000 216690 216690
941 296.800000 221370.000000 221370 221370
951 297.200000 226100.000000 226100 226100
961 308.200000 230880.000000 230880 230880
971 314.350000 235710.000000 235710 235710
981 317.500000 240590.000000 240590 240590
991 325.300000 245520.000000 245520 245520
1001 328.650000 250500.000000 250500 250500
