1 0.200000 0.000000 0 0
201 5.900000 1160.000000 1160 1160
401 11.900000 2706.000000 2706 2706
601 18.300000 4396.000000 4396 4396
801 25.300000 6196.000000 6196 6196
1001 31.500000 7996.000000 7996 7996
1201 39.000000 9974.000000 9974 9974
1401 46.200000 11974.000000 11974 11974
1601 54.000000 13974.000000 13974 13974
1801 59.800000 15974.000000 15974 15974
2001 68.100000 17974.000000 17974 17974
2201 76.900000 20128.000000 20128 20128
2401 84.000000 22328.000000 22328 22328
2601 89.500000 24528.000000 24528 24528
2801 96.100000 26728.000000 26728 26728
3001 106.500000 28928.000000 28928 28928
3201 116.600000 31128.000000 31128 31128
3401 121.200000 33328.000000 33328 33328
3601 129.400000 35528.000000 35528 35528
3801 138.600000 37728.000000 37728 37728
4001 138.100000 39928.000000 39928 39928
4201 149.400000 42234.000000 42234 42234
4401 163.900000 44634.000000 44634 44634
4601 164.800000 47034.000000 47034 47034
4801 172.800000 49434.000000 49434 49434
5001 178.500000 51834.000000 51834 51834
5201 190.100000 54234.000000 54234 54234
5401 206.300000 56634.000000 56634 56634
5601 206.800000 59034.000000 59034 59034
5801 214.100000 61434.000000 61434 61434
6001 223.100000 63834.000000 63834 63834
6201 231.600000 66234.000000 66234 66234
6401 238.400000 68634.000000 68634 68634
6601 241.700000 71034.000000 71034 71034
6801 250.600000 73434.000000 73434 73434
7001 256.600000 75834.000000 75834 75834
7201 262.300000 78234.000000 78234 78234
7401 271.600000 80634.000000 80634 80634
7601 277.600000 83034.000000 83034 83034
7801 283.500000 85434.000000 85434 85434
8001 294.600000 87834.000000 87834 87834
8201 305.800000 90244.000000 90244 90244
8401 315.600000 92844.000000 92844 92844
8601 324.200000 95444.000000 95444 95444
8801 334.400000 98044.000000 98044 98044
9001 345.900000 100644.000000 100644 100644
9201 346.900000 103244.000000 103244 103244
9401 355.400000 105844.000000 105844 105844
9601 372.700000 108444.000000 108444 108444
9801 370.900000 111044.000000 111044 111044
10001 380.100000 113644.000000 113644 113644
