2 0.040000 1.000000 1 1
102 11.660000 1712.000000 1712 1712
202 43.500000 8199.000000 8199 8199
302 84.920000 14018.000000 14018 14018
402 210.760000 36031.000000 36031 36031
502 226.580000 38049.000000 38049 38049
602 388.920000 70597.000000 70597 70597
702 410.260000 74776.000000 74776 74776
802 915.300000 151821.000000 151821 151821
902 758.940000 121011.000000 121011 121011
1002 1124.880000 194946.000000 194946 194946
1102 989.700000 177303.000000 177303 177303
1202 1856.900000 319972.000000 319972 319972
1302 1386.180000 247712.000000 247712 247712
1402 2145.840000 383030.000000 383030 383030
1502 1844.000000 328867.000000 328867 328867
1602 3607.020000 623431.000000 623431 623431
1702 2381.680000 427257.000000 427257 427257
1802 3523.320000 627542.000000 627542 627542
1902 3094.260000 559617.000000 559617 559617
2002 4738.140000 885039.000000 885039 885039
2102 3336.640000 651200.000000 651200 651200
2202 4707.780000 941751.000000 941751 941751
2302 3915.180000 795381.000000 795381 795381
2402 7192.840000 1357158.000000 1357158 1357158
2502 4929.040000 945774.000000 945774 945774
2602 6692.420000 1313729.000000 1313729 1313729
2702 5746.880000 1062871.000000 1062871 1062871
2802 9113.760000 1730820.000000 1730820 1730820
2902 6565.020000 1270660.000000 1270660 1270660
3002 9326.460000 1743988.000000 1743988 1743988
3102 7338.440000 1406634.000000 1406634 1406634
3202 13213.160000 2526661.000000 2526661 2526661
3302 8361.980000 1591052.000000 1591052 1591052
3402 11696.340000 2241181.000000 2241181 2241181
3502 9209.960000 1828782.000000 1828782 1828782
3602 14280.360000 2858664.000000 2858664 2858664
3702 10753.080000 2111335.000000 2111335 2111335
3802 14491.160000 2796804.000000 2796804 2796804
3902 13070.420000 2308936.000000 2308936 2308936
4002 19267.540000 3764778.000000 3764778 3764778
4102 14750.020000 2623202.000000 2623202 2623202
4202 17977.720000 3446507.000000 3446507 3446507
4302 13224.600000 2702732.000000 2702732 2702732
4402 20985.380000 4269155.000000 4269155 4269155
4502 14632.100000 2982205.000000 2982205 2982205
4602 20095.860000 4086394.000000 4086394 4086394
4702 16480.140000 3389027.000000 3389027 3389027
4802 27461.200000 5591722.000000 5591722 5591722
4902 17457.840000 3577313.000000 3577313 3577313
5002 25506.160000 4819937.000000 4819937 4819937
5102 19796.320000 3961005.000000 3961005 3961005
5202 33155.700000 5958578.000000 5958578 5958578
5302 21812.620000 4233244.000000 4233244 4233244
5402 30371.220000 5629253.000000 5629253 5629253
5502 23607.940000 4559218.000000 4559218 4559218
5602 38438.080000 7371783.000000 7371783 7371783
5702 24493.700000 4843344.000000 4843344 4843344
5802 32128.940000 6492460.000000 6492460 6492460
5902 25043.860000 5086018.000000 5086018 5086018
6002 38959.200000 7955661.000000 7955661 7955661
6102 28652.580000 5440187.000000 5440187 5440187
6202 39530.020000 7428603.000000 7428603 7428603
6302 30052.280000 5869257.000000 5869257 5869257
6402 51236.560000 10173042.000000 10173042 10173042
6502 32195.600000 6360655.000000 6360655 6360655
6602 41498.680000 8471568.000000 8471568 8471568
6702 33086.940000 6679359.000000 6679359 6679359
6802 50397.520000 10193925.000000 10193925 10193925
6902 35863.200000 7003771.000000 7003771 7003771
7002 48994.960000 9484637.000000 9484637 9484637
7102 37836.940000 7391967.000000 7391967 7391967
7202 63436.640000 12183422.000000 12183422 12183422
7302 41053.940000 7827074.000000 7827074 7827074
7402 54225.240000 10571210.000000 10571210 10571210
7502 42304.900000 8193771.000000 8193771 8193771
7602 66637.640000 12720774.000000 12720774 12720774
7702 48308.560000 9229452.000000 9229452 9229452
7802 59299.520000 11730934.000000 11730934 11730934
7902 48473.060000 9199078.000000 9199078 9199078
8002 78043.380000 15521111.000000 15521111 15521111
8102 50851.520000 10069164.000000 10069164 10069164
8202 63961.160000 13111107.000000 13111107 13111107
8302 53392.400000 10699136.000000 10699136 10699136
8402 77114.880000 15543587.000000 15543587 15543587
8502 53350.620000 10923208.000000 10923208 10923208
8602 69983.340000 14391504.000000 14391504 14391504
8702 55443.900000 11355143.000000 11355143 11355143
8802 89100.860000 18195561.000000 18195561 18195561
8902 55618.500000 11414465.000000 11414465 11414465
9002 79780.920000 15782246.000000 15782246 15782246
9102 58430.100000 12070010.000000 12070010 12070010
9202 93202.700000 18652966.000000 18652966 18652966
9302 67357.220000 13454431.000000 13454431 13454431
9402 85147.080000 17104637.000000 17104637 17104637
9502 65312.620000 13616378.000000 13616378 13616378
9602 113423.020000 22701359.000000 22701359 22701359
9702 66999.500000 13736985.000000 13736985 13736985
9802 93312.700000 18588996.000000 18588996 18588996
9902 75945.920000 14657342.000000 14657342 14657342
10002 112231.500000 22025177.000000 22025177 22025177
