2 0.000000 1.000000 1 1
12 0.000000 39.000000 39 39
22 2.000000 90.000000 90 90
32 2.000000 201.000000 201 201
42 3.000000 283.000000 283 283
52 4.000000 636.000000 636 636
62 5.000000 486.000000 486 486
72 6.000000 882.000000 882 882
82 6.000000 852.000000 852 852
92 10.000000 1740.000000 1740 1740
102 8.000000 1303.000000 1303 1303
112 12.000000 2079.000000 2079 2079
122 10.000000 1776.000000 1776 1776
132 24.000000 4359.000000 4359 4359
142 11.000000 2016.000000 2016 2016
152 20.000000 3669.000000 3669 3669
162 16.000000 2975.000000 2975 2975
172 32.000000 5898.000000 5898 5898
182 37.000000 3416.000000 3416 3416
192 30.000000 5720.000000 5720 5720
202 23.000000 4168.000000 4168 4168
212 54.000000 10065.000000 10065 10065
222 25.000000 4693.000000 4693 4693
232 43.000000 8270.000000 8270 8270
242 29.000000 5449.000000 5449 5449
252 63.000000 12526.000000 12526 12526
262 46.000000 8850.000000 8850 8850
272 58.000000 11309.000000 11309 11309
282 38.000000 7413.000000 7413 7413
292 103.000000 20206.000000 20206 20206
302 45.000000 8881.000000 8881 8881
312 76.000000 15062.000000 15062 15062
322 57.000000 11089.000000 11089 11089
332 109.000000 21659.000000 21659 21659
342 58.000000 11376.000000 11376 11376
352 95.000000 18880.000000 18880 18880
362 72.000000 14107.000000 14107 14107
372 153.000000 30765.000000 30765 30765
382 68.000000 13512.000000 13512 13512
392 119.000000 23932.000000 23932 23932
402 74.000000 14673.000000 14673 14673
412 210.000000 33318.000000 33318 33318
422 97.000000 19525.000000 19525 19525
432 139.000000 28072.000000 28072 28072
442 111.000000 20789.000000 20789 20789
452 246.000000 49761.000000 49761 49761
462 94.000000 18702.000000 18702 18702
472 166.000000 33499.000000 33499 33499
482 109.000000 22056.000000 22056 22056
492 235.000000 47633.000000 47633 47633
502 122.000000 24489.000000 24489 24489
512 195.000000 39417.000000 39417 39417
522 126.000000 25847.000000 25847 25847
532 304.000000 62730.000000 62730 62730
542 116.000000 24151.000000 24151 24151
552 221.000000 45904.000000 45904 45904
562 172.000000 35865.000000 35865 35865
572 307.000000 64006.000000 64006 64006
582 191.000000 39749.000000 39749 39749
592 248.000000 51630.000000 51630 51630
602 139.000000 28840.000000 28840 28840
612 424.000000 88335.000000 88335 88335
622 193.000000 40329.000000 40329 40329
632 301.000000 59634.000000 59634 59634
642 207.000000 43129.000000 43129 43129
652 395.000000 82685.000000 82685 82685
662 200.000000 41696.000000 41696 41696
672 351.000000 69093.000000 69093 69093
682 257.000000 53705.000000 53705 53705
692 513.000000 106196.000000 106196 106196
702 205.000000 43086.000000 43086 43086
712 364.000000 76472.000000 76472 76472
722 300.000000 62857.000000 62857 62857
732 499.000000 104805.000000 104805 104805
742 283.000000 59473.000000 59473 59473
752 381.000000 83728.000000 83728 83728
762 250.000000 55191.000000 55191 55191
772 697.000000 148236.000000 148236 148236
782 235.000000 51421.000000 51421 51421
792 419.000000 92119.000000 92119 92119
802 254.000000 55886.000000 55886 55886
812 758.000000 129445.000000 129445 129445
822 295.000000 64713.000000 64713 64713
832 471.000000 103752.000000 103752 103752
842 285.000000 63158.000000 63158 63158
852 766.000000 160836.000000 160836 160836
862 311.000000 68541.000000 68541 68541
872 512.000000 112731.000000 112731 112731
882 302.000000 66911.000000 66911 66911
892 711.000000 155487.000000 155487 155487
902 449.000000 98753.000000 98753 98753
912 573.000000 125364.000000 125364 125364
922 392.000000 74771.000000 74771 74771
932 948.000000 204551.000000 204551 204551
942 369.000000 81402.000000 81402 81402
952 911.000000 134392.000000 134392 134392
962 389.000000 80397.000000 80397 80397
972 829.000000 182817.000000 182817 182817
982 413.000000 89895.000000 89895 89895
992 847.000000 147171.000000 147171 147171
1002 486.000000 105850.000000 105850 105850
