2 0.040000 1.000000 1 1
102 3.400000 492.000000 492 492
202 6.640000 1167.000000 1167 1167
302 8.660000 1914.000000 1914 1914
402 12.600000 2714.000000 2714 2714
502 23.200000 3514.000000 3514 3514
602 25.560000 4405.000000 4405 4405
702 23.380000 5305.000000 5305 5305
802 29.060000 6205.000000 6205 6205
902 31.080000 7105.000000 7105 7105
1002 36.520000 8005.000000 8005 8005
1102 39.600000 8984.000000 8984 8984
1202 39.740000 9984.000000 9984 9984
1302 49.960000 10984.000000 10984 10984
1402 54.140000 11984.000000 11984 11984
1502 54.920000 12984.000000 12984 12984
1602 68.460000 13984.000000 13984 13984
1702 58.940000 14984.000000 14984 14984
1802 71.400000 15984.000000 15984 15984
1902 100.840000 16984.000000 16984 16984
2002 82.160000 17984.000000 17984 17984
2102 85.740000 19039.000000 19039 19039
2202 87.860000 20139.000000 20139 20139
2302 102.840000 21239.000000 21239 21239
2402 100.620000 22339.000000 22339 22339
2502 101.900000 23439.000000 23439 23439
2602 102.840000 24539.000000 24539 24539
2702 98.860000 25639.000000 25639 25639
2802 116.960000 26739.000000 26739 26739
2902 113.440000 27839.000000 27839 27839
3002 118.260000 28939.000000 28939 28939
3102 124.800000 30039.000000 30039 30039
3202 126.180000 31139.000000 31139 31139
3302 131.460000 32239.000000 32239 32239
3402 132.400000 33339.000000 33339 33339
3502 136.420000 34439.000000 34439 34439
3602 140.940000 35539.000000 35539 35539
3702 143.640000 36639.000000 36639 36639
3802 150.260000 37739.000000 37739 37739
3902 161.280000 38839.000000 38839 38839
4002 156.380000 39939.000000 39939 39939
4102 160.560000 41046.000000 41046 41046
4202 160.140000 42246.000000 42246 42246
4302 166.920000 43446.000000 43446 43446
4402 176.240000 44646.000000 44646 44646
4502 176.400000 45846.000000 45846 45846
4602 181.060000 47046.000000 47046 47046
4702 191.860000 48246.000000 48246 48246
4802 190.980000 49446.000000 49446 49446
4902 200.120000 50646.000000 50646 50646
5002 199.980000 51846.000000 51846 51846
5102 213.120000 53046.000000 53046 53046
5202 209.300000 54246.000000 54246 54246
5302 216.540000 55446.000000 55446 55446
5402 227.180000 56646.000000 56646 56646
5502 228.460000 57846.000000 57846 57846
5602 226.040000 59046.000000 59046 59046
5702 240.560000 60246.000000 60246 60246
5802 245.020000 61446.000000 61446 61446
5902 248.940000 62646.000000 62646 62646
6002 257.180000 63846.000000 63846 63846
6102 259.780000 65046.000000 65046 65046
6202 262.060000 66246.000000 66246 66246
6302 265.880000 67446.000000 67446 67446
6402 271.360000 68646.000000 68646 68646
6502 275.680000 69846.000000 69846 69846
6602 275.920000 71046.000000 71046 71046
6702 281.260000 72246.000000 72246 72246
6802 284.820000 73446.000000 73446 73446
6902 286.740000 74646.000000 74646 74646
7002 288.900000 75846.000000 75846 75846
7102 295.600000 77046.000000 77046 77046
7202 291.420000 78246.000000 78246 78246
7302 304.300000 79446.000000 79446 79446
7402 306.100000 80646.000000 80646 80646
7502 312.780000 81846.000000 81846 81846
7602 312.120000 83046.000000 83046 83046
7702 326.420000 84246.000000 84246 84246
7802 323.980000 85446.000000 85446 85446
7902 322.960000 86646.000000 86646 86646
8002 333.040000 87846.000000 87846 87846
8102 342.680000 89046.000000 89046 89046
8202 337.040000 90257.000000 90257 90257
8302 347.240000 91557.000000 91557 91557
8402 351.120000 92857.000000 92857 92857
8502 351.080000 94157.000000 94157 94157
8602 366.840000 95457.000000 95457 95457
8702 370.340000 96757.000000 96757 96757
8802 397.280000 98057.000000 98057 98057
8902 377.320000 99357.000000 99357 99357
9002 397.780000 100657.000000 100657 100657
9102 379.900000 101957.000000 101957 101957
9202 384.820000 103257.000000 103257 103257
9302 393.320000 104557.000000 104557 104557
9402 402.020000 105857.000000 105857 105857
9502 409.740000 107157.000000 107157 107157
9602 442.800000 108457.000000 108457 108457
9702 436.400000 109757.000000 109757 109757
9802 435.940000 111057.000000 111057 111057
9902 440.420000 112357.000000 112357 112357
10002 427.560000 113657.000000 113657 113657
