2 0.040000 1.000000 1 1
102 12.660000 5151.000000 5151 5151
202 33.640000 20301.000000 20301 20301
302 78.900000 45451.000000 45451 45451
402 122.300000 80601.000000 80601 80601
502 180.460000 125751.000000 125751 125751
602 252.160000 180901.000000 180901 180901
702 343.580000 246051.000000 246051 246051
802 517.600000 321201.000000 321201 321201
902 571.080000 406351.000000 406351 406351
1002 693.520000 501501.000000 501501 501501
1102 836.360000 606651.000000 606651 606651
1202 982.560000 721801.000000 721801 721801
1302 1140.040000 846951.000000 846951 846951
1402 1311.660000 982101.000000 982101 982101
1502 1501.320000 1127251.000000 1127251 1127251
1602 1721.420000 1282401.000000 1282401 1282401
1702 1947.680000 1447551.000000 1447551 1447551
1802 2186.760000 1622701.000000 1622701 1622701
1902 2476.360000 1807851.000000 1807851 1807851
2002 2762.320000 2003001.000000 2003001 2003001
2102 3105.840000 2208151.000000 2208151 2208151
2202 3324.540000 2423301.000000 2423301 2423301
2302 3632.660000 2648451.000000 2648451 2648451
2402 4146.440000 2883601.000000 2883601 2883601
2502 4175.920000 3128751.000000 3128751 3128751
2602 4541.240000 3383901.000000 3383901 3383901
2702 4806.560000 3649051.000000 3649051 3649051
2802 5158.640000 3924201.000000 3924201 3924201
2902 5753.100000 4209351.000000 4209351 4209351
3002 6379.500000 4504501.000000 4504501 4504501
3102 6674.920000 4809651.000000 4809651 4809651
3202 7203.240000 5124801.000000 5124801 5124801
3302 7515.240000 5449951.000000 5449951 5449951
3402 8146.800000 5785101.000000 5785101 5785101
3502 8322.780000 6130251.000000 6130251 6130251
3602 8720.940000 6485401.000000 6485401 6485401
3702 9211.240000 6850551.000000 6850551 6850551
3802 9716.120000 7225701.000000 7225701 7225701
3902 10276.400000 7610851.000000 7610851 7610851
4002 10486.080000 8006001.000000 8006001 8006001
4102 11024.740000 8411151.000000 8411151 8411151
4202 11837.240000 8826301.000000 8826301 8826301
4302 12480.820000 9251451.000000 9251451 9251451
4402 14251.700000 9686601.000000 9686601 9686601
4502 14303.640000 10131751.000000 10131751 10131751
4602 14261.140000 10586901.000000 10586901 10586901
4702 15312.980000 11052051.000000 11052051 11052051
4802 15463.660000 11527201.000000 11527201 11527201
4902 15782.140000 12012351.000000 12012351 12012351
5002 16475.120000 12507501.000000 12507501 12507501
5102 17431.300000 13012651.000000 13012651 13012651
5202 18577.440000 13527801.000000 13527801 13527801
5302 19377.380000 14052951.000000 14052951 14052951
5402 19860.360000 14588101.000000 14588101 14588101
5502 20615.180000 15133251.000000 15133251 15133251
5602 21001.240000 15688401.000000 15688401 15688401
5702 22152.020000 16253551.000000 16253551 16253551
5802 22631.460000 16828701.000000 16828701 16828701
5902 23313.860000 17413851.000000 17413851 17413851
6002 23580.520000 18009001.000000 18009001 18009001
6102 24361.120000 18614151.000000 18614151 18614151
6202 25145.780000 19229301.000000 19229301 19229301
6302 26427.080000 19854451.000000 19854451 19854451
6402 27191.480000 20489601.000000 20489601 20489601
6502 28239.860000 21134751.000000 21134751 21134751
6602 29050.520000 21789901.000000 21789901 21789901
6702 30029.780000 22455051.000000 22455051 22455051
6802 31547.540000 23130201.000000 23130201 23130201
6902 32810.280000 23815351.000000 23815351 23815351
7002 33427.500000 24510501.000000 24510501 24510501
7102 34187.040000 25215651.000000 25215651 25215651
7202 34340.700000 25930801.000000 25930801 25930801
7302 36097.160000 26655951.000000 26655951 26655951
7402 36431.380000 27391101.000000 27391101 27391101
7502 37868.540000 28136251.000000 28136251 28136251
7602 39095.300000 28891401.000000 28891401 28891401
7702 39944.660000 29656551.000000 29656551 29656551
7802 40679.940000 30431701.000000 30431701 30431701
7902 42042.140000 31216851.000000 31216851 31216851
8002 43202.180000 32012001.000000 32012001 32012001
8102 43661.860000 32817151.000000 32817151 32817151
8202 45837.420000 33632301.000000 33632301 33632301
8302 46750.640000 34457451.000000 34457451 34457451
8402 47796.660000 35292601.000000 35292601 35292601
8502 48585.760000 36137751.000000 36137751 36137751
8602 49347.020000 36992901.000000 36992901 36992901
8702 52912.880000 37858051.000000 37858051 37858051
8802 54029.480000 38733201.000000 38733201 38733201
8902 52247.400000 39618351.000000 39618351 39618351
9002 53368.260000 40513501.000000 40513501 40513501
9102 55540.440000 41418651.000000 41418651 41418651
9202 57513.600000 42333801.000000 42333801 42333801
9302 57411.200000 -42640394.920000 43258951 43258951
9402 60447.240000 -41705244.920000 44194101 44194101
9502 60082.940000 -40760094.920000 45139251 45139251
9602 61027.520000 -39804944.920000 46094401 46094401
9702 63894.700000 -38839794.920000 47059551 47059551
9802 64963.380000 -37864644.920000 48034701 48034701
9902 64811.700000 -36879494.920000 49019851 49019851
10002 66026.160000 -35884344.920000 50015001 50015001
