1 0.000000 0.000000 0 0
101 9.000000 1397.000000 1397 1397
201 32.000000 5297.000000 5297 5297
301 68.000000 11697.000000 11697 11697
401 119.000000 20597.000000 20597 20597
501 181.000000 31997.000000 31997 31997
601 279.000000 45897.000000 45897 45897
701 334.000000 62297.000000 62297 62297
801 473.000000 81197.000000 81197 81197
901 575.000000 102597.000000 102597 102597
1001 717.000000 126497.000000 126497 126497
1101 841.000000 152897.000000 152897 152897
1201 975.000000 181797.000000 181797 181797
1301 1139.000000 213197.000000 213197 213197
1401 1324.000000 247097.000000 247097 247097
1501 1829.000000 283497.000000 283497 283497
1601 1851.000000 322397.000000 322397 322397
1701 1906.000000 363797.000000 363797 363797
1801 2173.000000 407697.000000 407697 407697
1901 2366.000000 454097.000000 454097 454097
2001 2624.000000 502997.000000 502997 502997
2101 2985.000000 554397.000000 554397 554397
2201 3168.000000 608297.000000 608297 608297
2301 3507.000000 664697.000000 664697 664697
2401 3718.000000 723597.000000 723597 723597
2501 3987.000000 784997.000000 784997 784997
2601 4410.000000 848897.000000 848897 848897
2701 4643.000000 915297.000000 915297 915297
2801 5003.000000 984197.000000 984197 984197
2901 5438.000000 1055597.000000 1055597 1055597
3001 5754.000000 1129497.000000 1129497 1129497
3101 6123.000000 1205897.000000 1205897 1205897
3201 7387.000000 1284797.000000 1284797 1284797
3301 7324.000000 1366197.000000 1366197 1366197
3401 7466.000000 1450097.000000 1450097 1450097
3501 7788.000000 1536497.000000 1536497 1536497
3601 8369.000000 1625397.000000 1625397 1625397
3701 8732.000000 1716797.000000 1716797 1716797
3801 9305.000000 1810697.000000 1810697 1810697
3901 9742.000000 1907097.000000 1907097 1907097
4001 9948.000000 2005997.000000 2005997 2005997
4101 10533.000000 2107397.000000 2107397 2107397
4201 10960.000000 2211297.000000 2211297 2211297
4301 11596.000000 2317697.000000 2317697 2317697
4401 12115.000000 2426597.000000 2426597 2426597
4501 12679.000000 2537997.000000 2537997 2537997
4601 13235.000000 2651897.000000 2651897 2651897
4701 13723.000000 2768297.000000 2768297 2768297
4801 13996.000000 2887197.000000 2887197 2887197
4901 14688.000000 3008597.000000 3008597 3008597
5001 15377.000000 3132497.000000 3132497 3132497
5101 15790.000000 3258897.000000 3258897 3258897
5201 16490.000000 3387797.000000 3387797 3387797
5301 19513.000000 3519197.000000 3519197 3519197
5401 18981.000000 3653097.000000 3653097 3653097
5501 24265.000000 3789497.000000 3789497 3789497
5601 22602.000000 3928397.000000 3928397 3928397
5701 22606.000000 4069797.000000 4069797 4069797
5801 21659.000000 4213697.000000 4213697 4213697
5901 22757.000000 4360097.000000 4360097 4360097
6001 25382.000000 4508997.000000 4508997 4508997
6101 26477.000000 4660397.000000 4660397 4660397
6201 25124.000000 4814297.000000 4814297 4814297
6301 25939.000000 4970697.000000 4970697 4970697
6401 28307.000000 5129597.000000 5129597 5129597
6501 28229.000000 5290997.000000 5290997 5290997
6601 28633.000000 5454897.000000 5454897 5454897
6701 30187.000000 5621297.000000 5621297 5621297
6801 30607.000000 5790197.000000 5790197 5790197
6901 30559.000000 5961597.000000 5961597 5961597
7001 31196.000000 6135497.000000 6135497 6135497
7101 32067.000000 6311897.000000 6311897 6311897
7201 33100.000000 6490797.000000 6490797 6490797
7301 33065.000000 6672197.000000 6672197 6672197
7401 34339.000000 6856097.000000 6856097 6856097
7501 34385.000000 7042497.000000 7042497 7042497
7601 35413.000000 7231397.000000 7231397 7231397
7701 36958.000000 7422797.000000 7422797 7422797
7801 37111.000000 7616697.000000 7616697 7616697
7901 38021.000000 7813097.000000 7813097 7813097
8001 39735.000000 8011997.000000 8011997 8011997
8101 40488.000000 8213397.000000 8213397 8213397
8201 41043.000000 8417297.000000 8417297 8417297
8301 42427.000000 8623697.000000 8623697 8623697
8401 43525.000000 8832597.000000 8832597 8832597
8501 45148.000000 9043997.000000 9043997 9043997
8601 48481.000000 9257897.000000 9257897 9257897
8701 48331.000000 9474297.000000 9474297 9474297
8801 49848.000000 9693197.000000 9693197 9693197
8901 50756.000000 9914597.000000 9914597 9914597
9001 51716.000000 10138497.000000 10138497 10138497
9101 52578.000000 10364897.000000 10364897 10364897
9201 51902.000000 10593797.000000 10593797 10593797
9301 55259.000000 10825197.000000 10825197 10825197
9401 54603.000000 11059097.000000 11059097 11059097
9501 55847.000000 11295497.000000 11295497 11295497
9601 57721.000000 11534397.000000 11534397 11534397
9701 57888.000000 11775797.000000 11775797 11775797
9801 58799.000000 12019697.000000 12019697 12019697
9901 61938.000000 12266097.000000 12266097 12266097
10001 61632.000000 12514997.000000 12514997 12514997
