1 0.050000 0.000000 0 0
2 0.050000 1.000000 1 1
3 0.100000 3.000000 3 3
4 0.100000 4.000000 4 4
5 0.150000 6.000000 6 6
6 0.100000 10.000000 10 10
7 0.150000 12.000000 12 12
8 0.200000 18.000000 18 18
9 0.200000 20.000000 20 20
10 0.350000 28.000000 28 28
11 0.300000 30.000000 30 30
12 0.450000 40.000000 40 40
13 0.400000 42.000000 42 42
14 0.500000 54.000000 54 54
15 0.550000 56.000000 56 56
16 0.650000 70.000000 70 70
17 0.750000 72.000000 72 72
18 0.800000 88.000000 88 88
19 0.800000 90.000000 90 90
20 0.950000 108.000000 108 108
21 0.950000 110.000000 110 110
22 1.150000 130.000000 130 130
23 1.100000 132.000000 132 132
24 1.250000 154.000000 154 154
25 1.250000 156.000000 156 156
26 1.400000 180.000000 180 180
27 1.450000 182.000000 182 182
28 1.550000 208.000000 208 208
29 1.650000 210.000000 210 210
30 1.800000 238.000000 238 238
31 1.850000 240.000000 240 240
32 2.000000 270.000000 270 270
33 2.000000 272.000000 272 272
34 2.200000 304.000000 304 304
35 2.250000 306.000000 306 306
36 2.500000 340.000000 340 340
37 2.500000 342.000000 342 342
38 2.700000 378.000000 378 378
39 2.750000 380.000000 380 380
40 3.000000 418.000000 418 418
41 3.000000 420.000000 420 420
42 3.200000 460.000000 460 460
43 3.250000 462.000000 462 462
44 3.500000 504.000000 504 504
45 3.600000 506.000000 506 506
46 3.800000 550.000000 550 550
47 3.850000 552.000000 552 552
48 4.100000 598.000000 598 598
49 4.150000 600.000000 600 600
50 4.400000 648.000000 648 648
51 4.450000 650.000000 650 650
52 4.750000 700.000000 700 700
53 4.800000 702.000000 702 702
54 5.950000 754.000000 754 754
55 5.100000 756.000000 756 756
56 5.400000 810.000000 810 810
57 5.500000 812.000000 812 812
58 5.800000 868.000000 868 868
59 5.850000 870.000000 870 870
60 6.200000 928.000000 928 928
61 6.200000 930.000000 930 930
62 7.300000 990.000000 990 990
63 6.650000 992.000000 992 992
64 7.700000 1054.000000 1054 1054
65 7.550000 1056.000000 1056 1056
66 8.000000 1120.000000 1120 1120
67 7.450000 1122.000000 1122 1122
68 7.800000 1188.000000 1188 1188
69 7.800000 1190.000000 1190 1190
70 8.250000 1258.000000 1258 1258
71 8.200000 1260.000000 1260 1260
72 8.700000 1330.000000 1330 1330
73 8.650000 1332.000000 1332 1332
74 9.150000 1404.000000 1404 1404
75 9.150000 1406.000000 1406 1406
76 9.600000 1480.000000 1480 1480
77 9.600000 1482.000000 1482 1482
78 10.650000 1558.000000 1558 1558
79 10.100000 1560.000000 1560 1560
80 10.900000 1638.000000 1638 1638
81 11.550000 1640.000000 1640 1640
82 11.000000 1720.000000 1720 1720
83 11.100000 1722.000000 1722 1722
84 11.500000 1804.000000 1804 1804
85 11.600000 1806.000000 1806 1806
86 11.050000 1890.000000 1890 1890
87 10.900000 1892.000000 1892 1892
88 11.700000 1978.000000 1978 1978
89 11.650000 1980.000000 1980 1980
90 12.150000 2068.000000 2068 2068
91 12.150000 2070.000000 2070 2070
92 12.950000 2160.000000 2160 2160
93 12.700000 2162.000000 2162 2162
94 13.600000 2254.000000 2254 2254
95 13.550000 2256.000000 2256 2256
96 14.600000 2350.000000 2350 2350
97 13.650000 2352.000000 2352 2352
98 14.250000 2448.000000 2448 2448
99 14.250000 2450.000000 2450 2450
100 15.200000 2548.000000 2548 2548
