1 3.000000 0.000000 0 0
11 2.000000 35.000000 35 35
21 2.000000 84.000000 84 84
31 2.000000 195.000000 195 195
41 3.000000 278.000000 278 278
51 5.000000 631.000000 631 631
61 5.000000 476.000000 476 476
71 7.000000 875.000000 875 875
81 7.000000 846.000000 846 846
91 12.000000 1735.000000 1735 1735
101 10.000000 1296.000000 1296 1296
111 15.000000 2073.000000 2073 2073
121 13.000000 1768.000000 1768 1768
131 27.000000 4355.000000 4355 4355
141 15.000000 2008.000000 2008 2008
151 25.000000 3663.000000 3663 3663
161 20.000000 2966.000000 2966 2966
171 37.000000 5891.000000 5891 5891
181 23.000000 3406.000000 3406 3406
191 37.000000 5711.000000 5711 5711
201 28.000000 4160.000000 4160 4160
211 64.000000 10059.000000 10059 10059
221 31.000000 4684.000000 4684 4684
231 52.000000 8259.000000 8259 8259
241 37.000000 5438.000000 5438 5438
251 77.000000 12519.000000 12519 12519
261 56.000000 8844.000000 8844 8844
271 70.000000 11301.000000 11301 11301
281 47.000000 7404.000000 7404 7404
291 122.000000 20199.000000 20199 20199
301 58.000000 8872.000000 8872 8872
311 92.000000 15053.000000 15053 15053
321 70.000000 11080.000000 11080 11080
331 132.000000 21651.000000 21651 21651
341 72.000000 11366.000000 11366 11366
351 116.000000 18869.000000 18869 18869
361 88.000000 14098.000000 14098 14098
371 204.000000 30757.000000 30757 30757
381 84.000000 13502.000000 13502 13502
391 160.000000 23925.000000 23925 23925
401 101.000000 14662.000000 14662 14662
411 211.000000 33311.000000 33311 33311
421 133.000000 19516.000000 19516 19516
431 169.000000 28063.000000 28063 28063
441 127.000000 20782.000000 20782 20782
451 296.000000 49755.000000 49755 49755
461 116.000000 18692.000000 18692 18692
471 215.000000 33487.000000 33487 33487
481 134.000000 22048.000000 22048 22048
491 275.000000 47627.000000 47627 47627
501 142.000000 24480.000000 24480 24480
511 212.000000 39409.000000 39409 39409
521 143.000000 25838.000000 25838 25838
531 353.000000 62721.000000 62721 62721
541 142.000000 24138.000000 24138 24138
551 252.000000 45895.000000 45895 45895
561 221.000000 35858.000000 35858 35858
571 342.000000 63999.000000 63999 63999
581 163.000000 39740.000000 39740 39740
591 215.000000 51621.000000 51621 51621
601 119.000000 28822.000000 28822 28822
611 362.000000 88329.000000 88329 88329
621 165.000000 40322.000000 40322 40322
631 244.000000 59623.000000 59623 59623
641 176.000000 43122.000000 43122 43122
651 333.000000 82675.000000 82675 82675
661 171.000000 41688.000000 41688 41688
671 280.000000 69085.000000 69085 69085
681 219.000000 53698.000000 53698 53698
691 427.000000 106191.000000 106191 106191
701 178.000000 43074.000000 43074 43074
711 308.000000 76461.000000 76461 76461
721 254.000000 62850.000000 62850 62850
731 407.000000 104797.000000 104797 104797
741 224.000000 59464.000000 59464 59464
751 317.000000 83719.000000 83719 83719
761 208.000000 55182.000000 55182 55182
771 558.000000 148231.000000 148231 148231
781 197.000000 51412.000000 51412 51412
791 347.000000 92103.000000 92103 92103
801 216.000000 55874.000000 55874 55874
811 502.000000 129439.000000 129439 129439
821 251.000000 64704.000000 64704 64704
831 401.000000 103745.000000 103745 103745
841 235.000000 63146.000000 63146 63146
851 594.000000 160831.000000 160831 160831
861 252.000000 68532.000000 68532 68532
871 433.000000 112721.000000 112721 112721
881 259.000000 66902.000000 66902 66902
891 584.000000 155479.000000 155479 155479
901 377.000000 98744.000000 98744 98744
911 462.000000 125353.000000 125353 125353
921 276.000000 74762.000000 74762 74762
931 755.000000 204543.000000 204543 204543
941 296.000000 81392.000000 81392 81392
951 484.000000 134383.000000 134383 134383
961 305.000000 80382.000000 80382 80382
971 653.000000 182807.000000 182807 182807
981 336.000000 89884.000000 89884 89884
991 544.000000 147163.000000 147163 147163
1001 388.000000 105842.000000 105842 105842
