1 0.000000 0.000000 0 0
101 8.000000 1296.000000 1296 1296
201 42.000000 4160.000000 4160 4160
301 107.000000 8872.000000 8872 8872
401 130.000000 14662.000000 14662 14662
501 178.000000 24480.000000 24480 24480
601 246.000000 28822.000000 28822 28822
701 329.000000 43074.000000 43074 43074
801 310.000000 55874.000000 55874 55874
901 858.000000 98744.000000 98744 98744
1001 526.000000 105842.000000 105842 105842
1101 728.000000 100844.000000 100844 100844
1201 590.000000 126796.000000 126796 126796
1301 1096.000000 161724.000000 161724 161724
1401 814.000000 183456.000000 183456 183456
1501 863.000000 190886.000000 190886 190886
1601 1423.000000 216416.000000 216416 216416
1701 1471.000000 306780.000000 306780 306780
1801 1280.000000 284646.000000 284646 284646
1901 1672.000000 359068.000000 359068 359068
2001 2097.000000 450692.000000 450692 450692
2101 1907.000000 407630.000000 407630 407630
2201 1801.000000 379998.000000 379998 379998
2301 2306.000000 410378.000000 410378 410378
2401 2467.000000 468266.000000 468266 468266
2501 3568.000000 719184.000000 719184 719184
2601 3862.000000 806680.000000 806680 806680
2701 2809.000000 602498.000000 602498 602498
2801 3638.000000 755078.000000 755078 755078
2901 4232.000000 794688.000000 794688 794688
3001 4550.000000 960610.000000 960610 960610
3101 3513.000000 747756.000000 747756 747756
3201 4513.000000 939614.000000 939614 939614
3301 5995.000000 1161492.000000 1161492 1161492
3401 4756.000000 1019020.000000 1019020 1019020
3501 5519.000000 1102996.000000 1102996 1102996
3601 5170.000000 1104796.000000 1104796 1104796
3701 6073.000000 1273528.000000 1273528 1273528
3801 5404.000000 1160450.000000 1160450 1160450
3901 5299.000000 1141190.000000 1141190 1141190
4001 9000.000000 1893546.000000 1893546 1893546
4101 9946.000000 2107404.000000 2107404 2107404
4201 8595.000000 1813192.000000 1813192 1813192
4301 7283.000000 1562008.000000 1562008 1562008
4401 7338.000000 1557492.000000 1557492 1557492
4501 8523.000000 1837694.000000 1837694 1837694
4601 8901.000000 1934960.000000 1934960 1934960
4701 8911.000000 1932396.000000 1932396 1932396
4801 9483.000000 2077232.000000 2077232 2077232
4901 11627.000000 2521508.000000 2521508 2521508
5001 9882.000000 2170094.000000 2170094 2170094
5101 11432.000000 2478730.000000 2478730 2478730
5201 12801.000000 2758070.000000 2758070 2758070
5301 11691.000000 2542060.000000 2542060 2542060
5401 10977.000000 2407806.000000 2407806 2407806
5501 11079.000000 2483992.000000 2483992 2483992
5601 17266.000000 3758458.000000 3758458 3758458
5701 17115.000000 3720750.000000 3720750 3720750
5801 20245.000000 3796244.000000 3796244 3796244
5901 13487.000000 2924540.000000 2924540 2924540
6001 19165.000000 3805166.000000 3805166 3805166
6101 16792.000000 3447014.000000 3447014 3447014
6201 14561.000000 3099762.000000 3099762 3099762
6301 14523.000000 3100704.000000 3100704 3100704
6401 16314.000000 3490754.000000 3490754 3490754
6501 20835.000000 4429050.000000 4429050 4429050
6601 18084.000000 3861436.000000 3861436 3861436
6701 19793.000000 4053570.000000 4053570 4053570
6801 19084.000000 4162786.000000 4162786 4162786
6901 20258.000000 4389904.000000 4389904 4389904
7001 21074.000000 4586144.000000 4586144 4586144
7101 19153.000000 4065814.000000 4065814 4065814
7201 21812.000000 4377060.000000 4377060 4377060
7301 33785.000000 6374802.000000 6374802 6374802
7401 29981.000000 5590924.000000 5590924 5590924
7501 25255.000000 4659982.000000 4659982 4659982
7601 33360.000000 6727016.000000 6727016 6727016
7701 26598.000000 5627778.000000 5627778 5627778
7801 28020.000000 5875922.000000 5875922 5875922
7901 23730.000000 5175742.000000 5175742 5175742
8001 35966.000000 7777632.000000 7777632 7777632
8101 31859.000000 6864790.000000 6864790 6864790
8201 27115.000000 5834994.000000 5834994 5834994
8301 31633.000000 6894728.000000 6894728 6894728
8401 39675.000000 8586188.000000 8586188 8586188
8501 31325.000000 6833766.000000 6833766 6833766
8601 38493.000000 8132002.000000 8132002 8132002
8701 30027.000000 5684808.000000 5684808 5684808
8801 32875.000000 6837524.000000 6837524 6837524
8901 44555.000000 9060864.000000 9060864 9060864
9001 47459.000000 9873844.000000 9873844 9873844
9101 34352.000000 6759536.000000 6759536 6759536
9201 33440.000000 7280290.000000 7280290 7280290
9301 36987.000000 7935740.000000 7935740 7935740
9401 39197.000000 8141088.000000 8141088 8141088
9501 32914.000000 7065408.000000 7065408 7065408
9601 34781.000000 7533956.000000 7533956 7533956
9701 45219.000000 9831780.000000 9831780 9831780
9801 37341.000000 8177696.000000 8177696 8177696
9901 40409.000000 8741704.000000 8741704 8741704
10001 45170.000000 8477986.000000 8477986 8477986
