1 0.000000 0.000000 0 0
11 1.000000 30.000000 30 30
21 1.000000 110.000000 110 110
31 0.000000 240.000000 240 240
41 1.000000 420.000000 420 420
51 1.000000 650.000000 650 650
61 2.000000 930.000000 930 930
71 3.000000 1260.000000 1260 1260
81 3.000000 1640.000000 1640 1640
91 4.000000 2070.000000 2070 2070
101 5.000000 2550.000000 2550 2550
111 6.000000 3080.000000 3080 3080
121 8.000000 3660.000000 3660 3660
131 8.000000 4290.000000 4290 4290
141 9.000000 4970.000000 4970 4970
151 10.000000 5700.000000 5700 5700
161 12.000000 6480.000000 6480 6480
171 13.000000 7310.000000 7310 7310
181 14.000000 8190.000000 8190 8190
191 15.000000 9120.000000 9120 9120
201 16.000000 10100.000000 10100 10100
211 20.000000 11130.000000 11130 11130
221 21.000000 12210.000000 12210 12210
231 22.000000 13340.000000 13340 13340
241 23.000000 14520.000000 14520 14520
251 24.000000 15750.000000 15750 15750
261 28.000000 17030.000000 17030 17030
271 30.000000 18360.000000 18360 18360
281 30.000000 19740.000000 19740 19740
291 33.000000 21170.000000 21170 21170
301 34.000000 22650.000000 22650 22650
311 36.000000 24180.000000 24180 24180
321 37.000000 25760.000000 25760 25760
331 40.000000 27390.000000 27390 27390
341 41.000000 29070.000000 29070 29070
351 44.000000 30800.000000 30800 30800
361 47.000000 32580.000000 32580 32580
371 49.000000 34410.000000 34410 34410
381 51.000000 36290.000000 36290 36290
391 54.000000 38220.000000 38220 38220
401 56.000000 40200.000000 40200 40200
411 59.000000 42230.000000 42230 42230
421 62.000000 44310.000000 44310 44310
431 66.000000 46440.000000 46440 46440
441 72.000000 48620.000000 48620 48620
451 79.000000 50850.000000 50850 50850
461 81.000000 53130.000000 53130 53130
471 86.000000 55460.000000 55460 55460
481 88.000000 57840.000000 57840 57840
491 93.000000 60270.000000 60270 60270
501 96.000000 62750.000000 62750 62750
511 100.000000 65280.000000 65280 65280
521 103.000000 67860.000000 67860 67860
531 108.000000 70490.000000 70490 70490
541 111.000000 73170.000000 73170 73170
551 115.000000 75900.000000 75900 75900
561 119.000000 78680.000000 78680 78680
571 122.000000 81510.000000 81510 81510
581 127.000000 84390.000000 84390 84390
591 131.000000 87320.000000 87320 87320
601 135.000000 90300.000000 90300 90300
611 139.000000 93330.000000 93330 93330
621 144.000000 96410.000000 96410 96410
631 149.000000 99540.000000 99540 99540
641 153.000000 102720.000000 102720 102720
651 157.000000 105950.000000 105950 105950
661 162.000000 109230.000000 109230 109230
671 167.000000 112560.000000 112560 112560
681 172.000000 115940.000000 115940 115940
691 177.000000 119370.000000 119370 119370
701 182.000000 122850.000000 122850 122850
711 187.000000 126380.000000 126380 126380
721 193.000000 129960.000000 129960 129960
731 198.000000 133590.000000 133590 133590
741 203.000000 137270.000000 137270 137270
751 209.000000 141000.000000 141000 141000
761 214.000000 144780.000000 144780 144780
771 220.000000 148610.000000 148610 148610
781 224.000000 152490.000000 152490 152490
791 231.000000 156420.000000 156420 156420
801 235.000000 160400.000000 160400 160400
811 243.000000 164430.000000 164430 164430
821 241.000000 168510.000000 168510 168510
831 242.000000 172640.000000 172640 172640
841 248.000000 176820.000000 176820 176820
851 253.000000 181050.000000 181050 181050
861 259.000000 185330.000000 185330 185330
871 267.000000 189660.000000 189660 189660
881 271.000000 194040.000000 194040 194040
891 277.000000 198470.000000 198470 198470
901 290.000000 202950.000000 202950 202950
911 291.000000 207480.000000 207480 207480
921 295.000000 212060.000000 212060 212060
931 303.000000 216690.000000 216690 216690
941 308.000000 221370.000000 221370 221370
951 315.000000 226100.000000 226100 226100
961 321.000000 230880.000000 230880 230880
971 330.000000 235710.000000 235710 235710
981 334.000000 240590.000000 240590 240590
991 340.000000 245520.000000 245520 245520
1001 348.000000 250500.000000 250500 250500
