2 0.000000 1.000000 1 1
4 1.000000 4.000000 4 4
6 1.000000 9.000000 9 9
8 1.000000 16.000000 16 16
10 1.000000 25.000000 25 25
12 1.000000 36.000000 36 36
14 1.000000 49.000000 49 49
16 2.000000 64.000000 64 64
18 1.000000 81.000000 81 81
20 1.000000 100.000000 100 100
22 2.000000 121.000000 121 121
24 2.000000 144.000000 144 144
26 3.000000 169.000000 169 169
28 2.000000 196.000000 196 196
30 3.000000 225.000000 225 225
32 2.000000 256.000000 256 256
34 3.000000 289.000000 289 289
36 2.000000 324.000000 324 324
38 2.000000 361.000000 361 361
40 3.000000 400.000000 400 400
42 3.000000 441.000000 441 441
44 2.000000 484.000000 484 484
46 4.000000 529.000000 529 529
48 3.000000 576.000000 576 576
50 4.000000 625.000000 625 625
52 4.000000 676.000000 676 676
54 4.000000 729.000000 729 729
56 4.000000 784.000000 784 784
58 4.000000 841.000000 841 841
60 5.000000 900.000000 900 900
62 4.000000 961.000000 961 961
64 4.000000 1024.000000 1024 1024
66 5.000000 1089.000000 1089 1089
68 5.000000 1156.000000 1156 1156
70 7.000000 1225.000000 1225 1225
72 6.000000 1296.000000 1296 1296
74 6.000000 1369.000000 1369 1369
76 5.000000 1444.000000 1444 1444
78 6.000000 1521.000000 1521 1521
80 7.000000 1600.000000 1600 1600
82 6.000000 1681.000000 1681 1681
84 6.000000 1764.000000 1764 1764
86 6.000000 1849.000000 1849 1849
88 7.000000 1936.000000 1936 1936
90 8.000000 2025.000000 2025 2025
92 7.000000 2116.000000 2116 2116
94 7.000000 2209.000000 2209 2209
96 7.000000 2304.000000 2304 2304
98 7.000000 2401.000000 2401 2401
100 7.000000 2500.000000 2500 2500
102 7.000000 2601.000000 2601 2601
