1 0.000000 0.000000 0 0
11 1.000000 26.000000 26 26
21 0.000000 78.000000 78 78
31 1.000000 156.000000 156 156
41 2.000000 258.000000 258 258
51 2.000000 386.000000 386 386
61 4.000000 538.000000 538 538
71 3.000000 716.000000 716 716
81 4.000000 918.000000 918 918
91 5.000000 1146.000000 1146 1146
101 7.000000 1398.000000 1398 1398
111 7.000000 1676.000000 1676 1676
121 9.000000 1978.000000 1978 1978
131 11.000000 2306.000000 2306 2306
141 11.000000 2658.000000 2658 2658
151 13.000000 3036.000000 3036 3036
161 14.000000 3438.000000 3438 3438
171 16.000000 3866.000000 3866 3866
181 19.000000 4318.000000 4318 4318
191 20.000000 4796.000000 4796 4796
201 23.000000 5298.000000 5298 5298
211 24.000000 5826.000000 5826 5826
221 26.000000 6378.000000 6378 6378
231 28.000000 6956.000000 6956 6956
241 30.000000 7558.000000 7558 7558
251 32.000000 8186.000000 8186 8186
261 37.000000 8838.000000 8838 8838
271 39.000000 9516.000000 9516 9516
281 40.000000 10218.000000 10218 10218
291 42.000000 10946.000000 10946 10946
301 44.000000 11698.000000 11698 11698
311 48.000000 12476.000000 12476 12476
321 51.000000 13278.000000 13278 13278
331 53.000000 14106.000000 14106 14106
341 56.000000 14958.000000 14958 14958
351 60.000000 15836.000000 15836 15836
361 63.000000 16738.000000 16738 16738
371 67.000000 17666.000000 17666 17666
381 70.000000 18618.000000 18618 18618
391 74.000000 19596.000000 19596 19596
401 77.000000 20598.000000 20598 20598
411 80.000000 21626.000000 21626 21626
421 84.000000 22678.000000 22678 22678
431 89.000000 23756.000000 23756 23756
441 93.000000 24858.000000 24858 24858
451 96.000000 25986.000000 25986 25986
461 101.000000 27138.000000 27138 27138
471 105.000000 28316.000000 28316 28316
481 109.000000 29518.000000 29518 29518
491 114.000000 30746.000000 30746 30746
501 118.000000 31998.000000 31998 31998
511 124.000000 33276.000000 33276 33276
521 128.000000 34578.000000 34578 34578
531 133.000000 35906.000000 35906 35906
541 144.000000 37258.000000 37258 37258
551 152.000000 38636.000000 38636 38636
561 166.000000 40038.000000 40038 40038
571 163.000000 41466.000000 41466 41466
581 167.000000 42918.000000 42918 42918
591 168.000000 44396.000000 44396 44396
601 179.000000 45898.000000 45898 45898
611 185.000000 47426.000000 47426 47426
621 190.000000 48978.000000 48978 48978
631 197.000000 50556.000000 50556 50556
641 201.000000 52158.000000 52158 52158
651 208.000000 53786.000000 53786 53786
661 216.000000 55438.000000 55438 55438
671 218.000000 57116.000000 57116 57116
681 222.000000 58818.000000 58818 58818
691 228.000000 60546.000000 60546 60546
701 240.000000 62298.000000 62298 62298
711 249.000000 64076.000000 64076 64076
721 257.000000 65878.000000 65878 65878
731 263.000000 67706.000000 67706 67706
741 270.000000 69558.000000 69558 69558
751 279.000000 71436.000000 71436 71436
761 300.000000 73338.000000 73338 73338
771 308.000000 75266.000000 75266 75266
781 319.000000 77218.000000 77218 77218
791 315.000000 79196.000000 79196 79196
801 315.000000 81198.000000 81198 81198
811 322.000000 83226.000000 83226 83226
821 332.000000 85278.000000 85278 85278
831 332.000000 87356.000000 87356 87356
841 343.000000 89458.000000 89458 89458
851 343.000000 91586.000000 91586 91586
861 355.000000 93738.000000 93738 93738
871 363.000000 95916.000000 95916 95916
881 370.000000 98118.000000 98118 98118
891 387.000000 100346.000000 100346 100346
901 396.000000 102598.000000 102598 102598
911 406.000000 104876.000000 104876 104876
921 414.000000 107178.000000 107178 107178
931 424.000000 109506.000000 109506 109506
941 432.000000 111858.000000 111858 111858
951 438.000000 114236.000000 114236 114236
961 438.000000 116638.000000 116638 116638
971 449.000000 119066.000000 119066 119066
981 455.000000 121518.000000 121518 121518
991 471.000000 123996.000000 123996 123996
1001 482.000000 126498.000000 126498 126498
