1 1.000000 0.000000 0 0
2 1.000000 1.000000 1 1
3 1.000000 3.000000 3 3
4 0.000000 4.000000 4 4
5 0.000000 9.000000 9 9
6 0.000000 10.000000 10 10
7 0.000000 17.000000 17 17
8 0.000000 18.000000 18 18
9 0.000000 27.000000 27 27
10 0.000000 28.000000 28 28
11 1.000000 39.000000 39 39
12 1.000000 40.000000 40 40
13 0.000000 53.000000 53 53
14 1.000000 54.000000 54 54
15 1.000000 69.000000 69 69
16 1.000000 70.000000 70 70
17 1.000000 87.000000 87 87
18 0.000000 88.000000 88 88
19 0.000000 107.000000 107 107
20 0.000000 108.000000 108 108
21 1.000000 129.000000 129 129
22 1.000000 130.000000 130 130
23 0.000000 153.000000 153 153
24 1.000000 154.000000 154 154
25 1.000000 179.000000 179 179
26 1.000000 180.000000 180 180
27 2.000000 207.000000 207 207
28 1.000000 208.000000 208 208
29 1.000000 237.000000 237 237
30 2.000000 238.000000 238 238
31 2.000000 269.000000 269 269
32 1.000000 270.000000 270 270
33 2.000000 303.000000 303 303
34 2.000000 304.000000 304 304
35 2.000000 339.000000 339 339
36 3.000000 340.000000 340 340
37 2.000000 377.000000 377 377
38 2.000000 378.000000 378 378
39 2.000000 417.000000 417 417
40 2.000000 418.000000 418 418
41 3.000000 459.000000 459 459
42 3.000000 460.000000 460 460
43 2.000000 503.000000 503 503
44 3.000000 504.000000 504 504
45 3.000000 549.000000 549 549
46 3.000000 550.000000 550 550
47 4.000000 597.000000 597 597
48 3.000000 598.000000 598 598
49 3.000000 647.000000 647 647
50 3.000000 648.000000 648 648
51 3.000000 699.000000 699 699
52 3.000000 700.000000 700 700
53 4.000000 753.000000 753 753
54 4.000000 754.000000 754 754
55 4.000000 809.000000 809 809
56 4.000000 810.000000 810 810
57 4.000000 867.000000 867 867
58 5.000000 868.000000 868 868
59 4.000000 927.000000 927 927
60 5.000000 928.000000 928 928
61 4.000000 989.000000 989 989
62 5.000000 990.000000 990 990
63 5.000000 1053.000000 1053 1053
64 5.000000 1054.000000 1054 1054
65 5.000000 1119.000000 1119 1119
66 6.000000 1120.000000 1120 1120
67 6.000000 1187.000000 1187 1187
68 5.000000 1188.000000 1188 1188
69 6.000000 1257.000000 1257 1257
70 6.000000 1258.000000 1258 1258
71 7.000000 1329.000000 1329 1329
72 6.000000 1330.000000 1330 1330
73 6.000000 1403.000000 1403 1403
74 7.000000 1404.000000 1404 1404
75 7.000000 1479.000000 1479 1479
76 7.000000 1480.000000 1480 1480
77 7.000000 1557.000000 1557 1557
78 6.000000 1558.000000 1558 1558
79 7.000000 1637.000000 1637 1637
80 7.000000 1638.000000 1638 1638
81 8.000000 1719.000000 1719 1719
82 8.000000 1720.000000 1720 1720
83 7.000000 1803.000000 1803 1803
84 7.000000 1804.000000 1804 1804
85 9.000000 1889.000000 1889 1889
86 8.000000 1890.000000 1890 1890
87 8.000000 1977.000000 1977 1977
88 8.000000 1978.000000 1978 1978
89 9.000000 2067.000000 2067 2067
90 9.000000 2068.000000 2068 2068
91 9.000000 2159.000000 2159 2159
92 10.000000 2160.000000 2160 2160
93 11.000000 2253.000000 2253 2253
94 10.000000 2254.000000 2254 2254
95 10.000000 2349.000000 2349 2349
96 11.000000 2350.000000 2350 2350
97 10.000000 2447.000000 2447 2447
98 11.000000 2448.000000 2448 2448
99 11.000000 2547.000000 2547 2547
100 10.000000 2548.000000 2548 2548
101 12.000000 2649.000000 2649 2649
