1 1.000000 0.000000 0 0
2 1.000000 1.000000 1 1
3 0.000000 2.000000 2 2
4 1.000000 4.000000 4 4
5 0.000000 6.000000 6 6
6 2.000000 9.000000 9 9
7 0.000000 12.000000 12 12
8 1.000000 15.000000 15 15
9 0.000000 18.000000 18 18
10 0.000000 23.000000 23 23
11 1.000000 26.000000 26 26
12 0.000000 31.000000 31 31
13 0.000000 34.000000 34 34
14 1.000000 41.000000 41 41
15 0.000000 44.000000 44 44
16 0.000000 51.000000 51 51
17 2.000000 54.000000 54 54
18 1.000000 63.000000 63 63
19 1.000000 66.000000 66 66
20 0.000000 75.000000 75 75
21 0.000000 78.000000 78 78
22 2.000000 89.000000 89 89
23 1.000000 92.000000 92 92
24 1.000000 103.000000 103 103
25 2.000000 106.000000 106 106
26 1.000000 119.000000 119 119
27 1.000000 122.000000 122 122
28 2.000000 135.000000 135 135
29 1.000000 138.000000 138 138
30 1.000000 153.000000 153 153
31 1.000000 156.000000 156 156
32 1.000000 171.000000 171 171
33 3.000000 174.000000 174 174
34 1.000000 191.000000 191 191
35 1.000000 194.000000 194 194
36 1.000000 211.000000 211 211
37 1.000000 214.000000 214 214
38 1.000000 233.000000 233 233
39 2.000000 236.000000 236 236
40 1.000000 255.000000 255 255
41 2.000000 258.000000 258 258
42 2.000000 279.000000 279 279
43 2.000000 282.000000 282 282
44 3.000000 303.000000 303 303
45 1.000000 306.000000 306 306
46 2.000000 329.000000 329 329
47 2.000000 332.000000 332 332
48 2.000000 355.000000 355 355
49 2.000000 358.000000 358 358
50 2.000000 383.000000 383 383
51 3.000000 386.000000 386 386
52 3.000000 411.000000 411 411
53 2.000000 414.000000 414 414
54 2.000000 441.000000 441 441
55 4.000000 444.000000 444 444
56 2.000000 471.000000 471 471
57 2.000000 474.000000 474 474
58 4.000000 503.000000 503 503
59 3.000000 506.000000 506 506
60 2.000000 535.000000 535 535
61 2.000000 538.000000 538 538
62 3.000000 569.000000 569 569
63 3.000000 572.000000 572 572
64 3.000000 603.000000 603 603
65 3.000000 606.000000 606 606
66 5.000000 639.000000 639 639
67 3.000000 642.000000 642 642
68 4.000000 675.000000 675 675
69 3.000000 678.000000 678 678
70 4.000000 713.000000 713 713
71 3.000000 716.000000 716 716
72 3.000000 751.000000 751 751
73 3.000000 754.000000 754 754
74 5.000000 791.000000 791 791
75 4.000000 794.000000 794 794
76 3.000000 831.000000 831 831
77 5.000000 834.000000 834 834
78 4.000000 873.000000 873 873
79 4.000000 876.000000 876 876
80 4.000000 915.000000 915 915
81 5.000000 918.000000 918 918
82 4.000000 959.000000 959 959
83 4.000000 962.000000 962 962
84 5.000000 1003.000000 1003 1003
85 6.000000 1006.000000 1006 1006
86 5.000000 1049.000000 1049 1049
87 5.000000 1052.000000 1052 1052
88 6.000000 1095.000000 1095 1095
89 5.000000 1098.000000 1098 1098
90 5.000000 1143.000000 1143 1143
91 5.000000 1146.000000 1146 1146
92 5.000000 1191.000000 1191 1191
93 6.000000 1194.000000 1194 1194
94 6.000000 1241.000000 1241 1241
95 6.000000 1244.000000 1244 1244
96 6.000000 1291.000000 1291 1291
97 6.000000 1294.000000 1294 1294
98 7.000000 1343.000000 1343 1343
99 6.000000 1346.000000 1346 1346
100 6.000000 1395.000000 1395 1395
101 7.000000 1398.000000 1398 1398
