2 2.000000 1.000000 1 1
4 2.000000 6.000000 6 6
6 2.000000 12.000000 12 12
8 2.000000 19.000000 19 19
10 1.000000 27.000000 27 27
12 2.000000 39.000000 39 39
14 2.000000 46.000000 46 46
16 2.000000 60.000000 60 60
18 2.000000 66.000000 66 66
20 2.000000 103.000000 103 103
22 2.000000 90.000000 90 90
24 4.000000 121.000000 121 121
26 3.000000 121.000000 121 121
28 3.000000 180.000000 180 180
30 4.000000 151.000000 151 151
32 4.000000 201.000000 201 201
34 4.000000 178.000000 178 178
36 5.000000 327.000000 327 327
38 4.000000 226.000000 226 226
40 6.000000 297.000000 297 297
42 3.000000 283.000000 283 283
44 4.000000 421.000000 421 421
46 5.000000 297.000000 297 297
48 5.000000 420.000000 420 420
50 5.000000 355.000000 355 355
52 5.000000 636.000000 636 636
54 4.000000 390.000000 390 390
56 5.000000 555.000000 555 555
58 5.000000 431.000000 431 431
60 7.000000 759.000000 759 759
62 6.000000 486.000000 486 486
64 7.000000 711.000000 711 711
66 6.000000 532.000000 532 532
68 9.000000 1159.000000 1159 1159
70 6.000000 690.000000 690 690
72 7.000000 882.000000 882 882
74 7.000000 654.000000 654 654
76 8.000000 1198.000000 1198 1198
78 6.000000 704.000000 704 704
80 9.000000 1070.000000 1070 1070
82 7.000000 852.000000 852 852
84 10.000000 1621.000000 1621 1621
86 7.000000 877.000000 877 877
88 9.000000 1320.000000 1320 1320
90 7.000000 904.000000 904 904
92 12.000000 1740.000000 1740 1740
94 7.000000 1014.000000 1014 1014
96 11.000000 1560.000000 1560 1560
98 9.000000 1273.000000 1273 1273
100 20.000000 2412.000000 2412 2412
102 10.000000 1303.000000 1303 1303
