1 0.018282 1.000000 1 1
2 0.015574 1.277616 2 1
3 0.019831 1.563134 3 1
4 0.022603 1.798592 4 1
5 0.024551 1.987960 5 1
6 0.025697 2.145337 6 1
7 0.026498 2.281702 7 1
8 0.026804 2.401335 8 1
9 0.026957 2.509719 9 1
10 0.027166 2.607793 10 1
11 0.027302 2.697226 11 1
12 0.027443 2.779419 12 1
13 0.027637 2.856695 13 1
14 0.027475 2.927033 14 1
15 0.027633 2.994248 15 1
16 0.027711 3.056156 16 1
17 0.027861 3.117270 17 1
18 0.027915 3.172668 18 1
19 0.028125 3.227397 19 1
20 0.028271 3.278287 20 1
21 0.028195 3.326960 21 1
22 0.028318 3.374789 22 1
23 0.028501 3.420018 23 1
24 0.028552 3.463081 24 1
25 0.028364 3.506236 25 1
26 0.028405 3.546341 26 1
27 0.028621 3.586176 27 1
28 0.028711 3.624324 28 1
29 0.028737 3.661230 29 1
30 0.028584 3.696262 30 1
31 0.028691 3.733866 31 1
32 0.028970 3.767317 32 1
33 0.028852 3.801711 33 1
34 0.028883 3.834099 34 1
35 0.029037 3.867532 35 1
36 0.028943 3.896881 36 1
37 0.028975 3.929414 37 1
38 0.029021 3.960048 38 1
39 0.029039 3.988445 39 1
40 0.029121 4.019180 40 1
41 0.029468 4.047689 41 1
42 0.029458 4.077018 42 1
43 0.029346 4.106118 43 1
44 0.029653 4.133879 44 1
45 0.029732 4.160368 45 1
46 0.029687 4.186251 46 1
47 0.029675 4.212169 47 1
48 0.029674 4.237784 48 1
49 0.029702 4.261325 49 1
50 0.029846 4.291353 50 1
51 0.029845 4.316499 51 1
52 0.029804 4.339781 52 1
53 0.029949 4.363470 53 1
54 0.029934 4.390542 54 1
55 0.029978 4.413383 55 1
56 0.030052 4.436276 56 1
57 0.030069 4.463530 57 1
58 0.029986 4.485048 58 1
59 0.030133 4.507385 59 1
60 0.030179 4.532112 60 1
61 0.030215 4.554388 61 1
62 0.030309 4.576772 62 1
63 0.030303 4.600026 63 1
64 0.030282 4.621938 64 1
65 0.030321 4.644185 65 1
66 0.030365 4.664317 66 1
67 0.030469 4.688291 67 1
68 0.030465 4.711571 68 1
69 0.030511 4.732892 69 1
70 0.030470 4.754648 70 1
71 0.030523 4.774581 71 1
72 0.030740 4.796862 72 1
73 0.030561 4.818166 73 1
74 0.030471 4.840083 74 1
75 0.030637 4.859255 75 1
76 0.030627 4.882336 76 1
77 0.030683 4.901202 77 1
78 0.030852 4.927602 78 1
79 0.030934 4.945612 79 1
80 0.030766 4.969737 80 1
81 0.030922 4.984752 81 1
82 0.030729 5.006843 82 1
83 0.030865 5.028722 83 1
84 0.030771 5.043248 84 1
85 0.030920 5.066701 85 1
86 0.030892 5.086478 86 1
87 0.030916 5.108261 87 1
88 0.031069 5.129270 88 1
89 0.031219 5.147445 89 1
90 0.031137 5.166222 90 1
91 0.031077 5.186844 91 1
92 0.031271 5.207869 92 1
93 0.031352 5.225173 93 1
94 0.031255 5.248257 94 1
95 0.031265 5.264859 95 1
96 0.031278 5.286233 96 1
97 0.031376 5.301964 97 1
98 0.031450 5.320890 98 1
99 0.031317 5.342498 99 1
100 0.031346 5.360612 100 1
101 0.031398 5.382658 101 1
