1 0.310000 1.000000 1 1
1001 0.545115 403.700490 957 1
2001 1.072564 801.246262 1943 1
3001 1.737358 1313.780646 2959 1
4001 2.167663 1638.775634 3986 1
5001 2.533655 1919.998720 4987 1
6001 3.170040 2409.586389 5990 1
7001 4.046382 3071.422005 6907 1
8001 4.511665 3407.332687 7963 13
9001 4.709949 3558.787749 8999 1
10001 5.331062 4026.151291 9869 1
11001 5.834799 4425.163185 10975 1
12001 6.717914 5104.231747 11942 1
13001 7.118962 5392.388749 12957 1
14001 7.139398 5415.148103 13984 1
15001 7.972266 6070.826409 14981 1
16001 8.423645 6377.521376 15863 1
17001 9.244456 7018.241895 16969 6
18001 10.078877 7644.978543 17996 1
19001 10.299706 7827.588013 18984 1
20001 11.121813 8474.399773 19735 1
21001 11.360963 8643.607119 20913 11
22001 11.852600 9025.220020 21745 1
23001 11.856858 9009.029793 22980 43
24001 13.419895 10187.689383 23906 1
25001 13.752784 10440.266907 24862 1
26001 13.972990 10556.960622 25937 152
27001 14.695047 11173.466845 26985 1
28001 15.327343 11635.497969 27908 1
29001 16.415642 12313.694251 28965 1
30001 19.391924 11831.875103 29984 1
31001 21.648655 13205.476979 30773 1
32001 21.484967 13102.807586 31930 1
33001 22.476633 13716.356604 32896 1
34001 23.128412 14110.859147 33935 1
35001 22.759941 13890.519820 34937 1
36001 24.751855 15100.032588 35724 1
37001 24.417438 14891.007677 36910 1
38001 25.913444 15813.509036 37984 1
39001 26.446898 16152.206310 38532 401
40001 25.732029 15698.602067 39967 233
41001 27.933067 17062.593143 40982 269
42001 28.814183 17592.085604 41930 444
43001 29.039964 17721.432069 42834 1
44001 29.406095 17938.605306 43559 51
45001 30.794477 18778.801346 44687 319
46001 30.470900 18574.645772 45928 1
47001 29.511062 20110.254932 46949 1
48001 25.855309 19673.866711 47996 49
49001 25.826372 19618.947600 48901 1
50001 26.573128 20203.961436 49841 1
51001 27.809756 21123.542245 50978 70
52001 28.819933 21896.394560 51831 153
53001 28.097988 21333.947772 52822 1
54001 27.716353 21006.059666 53953 1
55001 30.051504 22784.879985 54953 1
56001 31.140517 23653.539329 55940 1
57001 28.875324 21895.901745 56882 441
58001 32.083615 24330.452609 57672 34
59001 30.830045 23378.159792 58723 1
60001 32.184361 24655.751606 59900 1
61001 31.817673 24799.094691 60952 1
62001 32.407916 25254.976169 62001 1
63001 33.103451 25740.530738 62731 1
64001 34.228363 26611.646938 63994 171
65001 35.131329 27363.083442 64724 1
66001 33.739581 26273.818233 65861 1
67001 35.286797 27462.381458 66617 488
68001 34.563984 26888.239423 67926 10
69001 37.760189 29394.192709 68939 1
70001 36.718432 28582.154503 69917 33
71001 37.340743 29034.982379 70749 250
72001 40.515146 31068.139448 71973 1
73001 37.960335 28572.952022 72906 182
74001 37.885607 29394.325560 73936 1
75001 39.123633 30520.577608 74894 1
76001 38.403789 29909.910417 75969 34
77001 39.465100 30763.692792 76949 302
78001 40.941940 31893.753742 77779 1
79001 40.982923 31926.178023 78718 1
80001 41.787647 32576.031024 79865 1
81001 41.762558 32539.887843 80949 201
82001 42.845473 33416.641112 81965 1
83001 43.593388 34052.734677 82822 1
84001 43.090831 33590.331968 83764 1
85001 45.465925 35433.648395 84849 1
86001 45.951975 35791.467012 85776 359
87001 58.434742 36642.370314 86935 1
88001 61.327814 37438.158860 87899 1
89001 61.292299 37419.215416 88320 1
90001 62.995952 38440.786206 89831 1
91001 61.500875 37528.818237 90649 1
92001 61.574283 37546.785048 91925 396
93001 60.413378 36872.600527 92941 1
94001 63.453611 38727.897147 93945 316
95001 64.691854 39486.785635 94700 1
96001 68.416482 41772.568471 95837 19
97001 66.902969 40824.904716 96912 1
98001 66.985404 40842.800980 97894 1
99001 69.678193 42423.290023 98565 1
100001 62.677253 38196.529913 99726 1
