1 0.450000 1.000000 1 1
2 0.120000 1.390000 1 1
3 0.083333 1.823333 3 1
4 0.122500 2.330000 4 2
5 0.062000 2.642000 3 1
6 0.055000 3.005000 4 1
7 0.054286 3.602857 7 1
8 0.056250 4.052500 8 1
9 0.056667 4.366667 9 1
10 0.050000 4.815000 7 1
11 0.045455 5.006364 11 1
12 0.052500 5.694167 10 1
13 0.065385 6.071538 11 2
14 0.092857 6.495714 14 1
15 0.061333 6.780000 12 1
16 0.048125 7.279375 15 1
17 0.072941 7.488824 14 1
18 0.075000 8.418333 17 3
19 0.070000 8.574211 18 2
20 0.056500 8.900000 20 1
21 0.057143 9.276190 18 1
22 0.070455 9.364091 22 1
23 0.055217 10.569565 22 4
24 0.051250 10.403750 23 1
25 0.051200 10.606000 24 3
26 0.051154 11.272308 25 3
27 0.069630 11.962593 27 4
28 0.073929 11.680000 18 1
29 0.074138 12.071034 27 1
30 0.067000 13.216667 30 2
31 0.067419 13.543871 30 1
32 0.070000 13.430312 30 7
33 0.060909 13.649394 33 13
34 0.075294 14.482647 33 1
35 0.066000 14.412000 35 6
36 0.065833 14.968611 33 1
37 0.072432 15.918108 35 1
38 0.061053 16.623421 35 6
39 0.062051 16.863846 36 1
40 0.061250 16.184000 35 1
41 0.062927 17.837805 41 3
42 0.063810 18.201667 42 1
43 0.061860 18.472558 38 1
44 0.064545 19.005455 29 1
45 0.064444 19.298444 44 3
46 0.068913 20.491739 42 1
47 0.062340 18.509787 46 1
48 0.067917 20.697708 41 5
49 0.067347 20.141633 45 1
50 0.067000 21.017400 42 1
51 0.068039 20.681765 46 1
52 0.070962 21.713077 42 1
53 0.069434 22.065094 51 1
54 0.071852 22.665926 42 1
55 0.075636 23.946545 55 1
56 0.073750 24.435536 56 12
57 0.073158 23.929825 57 10
58 0.090345 25.007414 56 1
59 0.077119 24.475593 59 1
60 0.079333 25.318333 58 1
61 0.072951 25.253607 60 1
62 0.073871 26.450161 58 1
63 0.097460 26.670476 52 1
64 0.087813 27.008750 52 1
65 0.088462 27.473538 49 1
66 0.088333 28.377273 63 12
67 0.089403 28.158507 66 1
68 0.090882 27.885882 64 3
69 0.084058 28.393478 68 3
70 0.125143 29.825857 70 1
71 0.111690 29.519718 68 1
72 0.107222 30.265556 72 1
73 0.115205 30.621918 73 1
74 0.131486 30.880000 73 1
75 0.119733 31.900933 72 1
76 0.096711 30.562105 58 1
77 0.103766 32.557922 72 1
78 0.103974 31.405000 73 1
79 0.104557 32.240633 79 2
80 0.106375 33.656250 76 1
81 0.117037 36.025432 80 1
82 0.088171 32.943293 81 2
83 0.110241 34.532530 78 1
84 0.109881 34.434881 82 6
85 0.107294 35.422118 83 3
86 0.109186 34.948488 82 6
87 0.120920 37.426897 86 1
88 0.112045 37.465682 80 1
89 0.113371 36.535056 85 19
90 0.106889 36.078778 82 1
91 0.100659 38.954835 83 7
92 0.119891 39.580978 91 7
93 0.103441 38.329677 85 1
94 0.104894 38.264681 94 13
95 0.124737 38.496842 94 1
96 0.120313 42.017396 90 1
97 0.117526 40.950825 88 1
98 0.109796 40.104694 98 7
99 0.120000 40.772121 93 1
100 0.130000 42.529000 82 1
101 0.130693 45.010594 96 1
