1 0.030000 1.000000 1 1
2 0.022050 1.285850 2 1
3 0.024800 1.604800 3 1
4 0.025475 1.866975 4 1
5 0.025480 2.115840 5 1
6 0.028367 2.316067 6 1
7 0.028886 2.518157 7 1
8 0.027025 2.702400 8 1
9 0.028911 2.874956 9 1
10 0.029670 3.069780 10 1
11 0.027218 3.248655 11 1
12 0.027700 3.441725 12 1
13 0.028931 3.606900 13 1
14 0.029500 3.812650 14 1
15 0.027420 3.935247 15 1
16 0.028425 4.150437 16 1
17 0.028529 4.277106 17 1
18 0.028633 4.437172 18 1
19 0.028879 4.619347 19 1
20 0.029825 4.796750 20 1
21 0.029481 4.959071 21 1
22 0.030209 5.132264 22 1
23 0.030604 5.305683 23 1
24 0.030738 5.477900 24 1
25 0.031172 5.629404 25 1
26 0.030765 5.740435 26 1
27 0.030896 5.912211 27 1
28 0.032475 6.082207 28 1
29 0.031972 6.286924 27 1
30 0.032020 6.418357 27 1
31 0.030661 6.565268 31 1
32 0.031397 6.755972 32 1
33 0.031800 6.844464 33 1
34 0.031865 7.061624 34 1
35 0.037423 7.205609 35 1
36 0.039417 7.395003 33 1
37 0.034549 7.643754 37 1
38 0.033950 7.771368 38 1
39 0.034144 7.885215 39 1
40 0.034322 8.097285 39 1
41 0.034724 8.230205 41 1
42 0.034881 8.359707 41 1
43 0.036030 8.488660 43 1
44 0.034843 8.721439 44 1
45 0.035480 8.835111 44 1
46 0.036950 8.923376 46 1
47 0.037543 9.148383 47 1
48 0.039706 9.335956 48 1
49 0.036400 9.455265 49 1
50 0.037884 9.663596 50 1
51 0.039437 9.869161 51 1
52 0.038862 9.989937 51 1
53 0.037983 10.172338 53 1
54 0.038580 10.364072 54 1
55 0.038416 10.409596 55 1
56 0.038420 10.635409 53 1
57 0.040375 10.835588 57 1
58 0.039579 10.891447 57 1
59 0.044619 11.043417 59 1
60 0.041938 11.236217 60 1
61 0.041036 11.409475 61 1
62 0.042658 11.545353 60 1
63 0.041616 11.854760 63 1
64 0.041777 11.925727 63 1
65 0.047869 12.046051 65 1
66 0.045830 12.049862 66 1
67 0.043885 12.452307 67 1
68 0.044663 12.569871 65 1
69 0.043864 12.770941 69 1
70 0.043630 12.809366 68 1
71 0.043679 13.011062 71 1
72 0.046801 13.227640 64 1
73 0.045621 13.461190 72 1
74 0.045795 13.553947 72 1
75 0.045076 13.570056 75 1
76 0.044304 14.005609 76 1
77 0.046642 13.942151 74 1
78 0.044900 14.062559 77 1
79 0.045572 14.308314 78 1
80 0.045588 14.558934 80 1
81 0.045964 14.826700 80 1
82 0.046777 14.833030 82 1
83 0.046470 14.905236 83 1
84 0.051102 15.080895 82 1
85 0.048915 15.299831 85 1
86 0.049662 15.477794 82 1
87 0.048674 15.491889 87 1
88 0.049039 15.857745 88 1
89 0.049730 16.030694 88 1
90 0.049296 16.158248 87 1
91 0.050924 16.273726 89 1
92 0.053050 16.443729 91 1
93 0.053866 16.826995 93 1
94 0.051068 16.753874 92 1
95 0.052225 17.013382 94 1
96 0.051293 17.032820 92 1
97 0.051720 17.373620 96 1
98 0.051370 17.217731 97 1
99 0.051362 17.676630 97 1
100 0.051867 17.653060 98 1
101 0.051411 17.801175 96 1
