1 0.020000 1.000000 1 1
1001 0.132997 55.673307 1001 1
2001 0.207546 99.946402 1999 1
3001 0.274912 133.855861 3000 1
4001 0.422524 218.513774 3994 1
5001 0.552933 290.978736 5001 1
6001 0.648910 339.294568 6001 1
7001 0.761535 403.542675 7000 1
8001 0.750587 387.821536 7986 1
9001 1.053120 528.010231 9000 1
10001 1.054323 498.474561 9996 1
11001 1.328013 705.237933 10953 1
12001 1.218224 648.220501 11998 1
13001 1.100671 587.549432 12993 1
14001 0.947692 503.336054 13996 1
15001 1.379781 736.652859 14998 1
16001 1.782287 954.711997 15987 1
17001 2.206217 1180.510560 16986 1
18001 1.807900 969.748095 17996 1
19001 1.711132 912.357068 19000 1
20001 2.179817 1158.087164 19991 1
21001 2.249608 1131.092814 20989 1
22001 2.385310 1193.044458 21984 1
23001 2.303600 1157.499612 22987 1
24001 2.882852 1507.921484 23987 1
25001 2.195732 1157.743819 24983 1
26001 2.426223 1299.206875 25996 1
27001 3.129285 1570.971800 26979 1
28001 2.926529 1449.921534 28001 1
29001 3.203309 1674.379301 28996 1
30001 3.518659 1840.583904 29992 1
31001 2.640658 1343.924489 30997 1
32001 3.173010 1639.996159 31998 1
33001 3.407694 1802.246133 32936 1
34001 2.690896 1441.937895 34000 1
35001 3.759531 2020.231524 35000 1
36001 3.787461 1935.720090 35989 1
37001 3.507060 1854.165974 36997 1
38001 4.141462 2105.252072 37993 1
39001 3.977428 1991.738809 38997 1
40001 4.492467 2258.513087 39996 1
41001 3.854046 2032.529607 40969 1
42001 4.866238 2491.605728 41988 1
43001 4.058022 2066.493791 42932 1
44001 5.157745 2664.115046 43995 1
45001 4.513277 2353.600936 44989 1
46001 5.413313 2843.826085 45982 1
47001 4.668815 2464.121861 47000 1
48001 4.256788 2279.332754 47994 1
49001 4.699618 2480.608712 48998 1
50001 4.600495 2415.631627 49960 1
51001 4.393012 2347.418621 50998 1
52001 4.731966 2533.783180 51989 1
53001 5.379389 2827.223683 52990 1
54001 5.339908 2762.798777 54001 1
55001 5.088928 2659.378598 54996 1
56001 5.073463 2697.882474 55996 1
57001 5.081711 2717.911549 56955 1
58001 4.955284 2644.869575 57990 1
59001 5.532669 2952.483075 58998 1
60001 4.978881 2499.760842 59975 1
61001 5.912260 3113.999523 60997 1
62001 6.345896 3387.501023 61995 1
63001 7.527580 4031.400151 62973 1
64001 5.545992 2973.643177 63994 1
65001 6.293930 3358.042512 64995 1
66001 5.367751 2762.675740 65987 1
67001 7.287848 3797.500765 66999 1
68001 6.690789 3521.772955 67999 1
69001 7.344718 3766.011523 68975 1
70001 6.084518 3253.100776 69984 1
71001 7.533248 3915.333681 70991 1
72001 7.390327 3824.777646 72000 1
73001 5.628496 2934.602991 72928 1
74001 7.581396 3967.751457 73943 1
75001 8.067671 4143.084941 74990 1
76001 7.843690 3972.036986 75990 1
77001 7.739908 4134.694757 76987 1
78001 8.026745 4207.586659 77993 1
79001 7.826491 4205.651483 78990 1
80001 8.097283 4348.471325 79952 1
81001 8.066582 4341.476211 80995 1
82001 8.270548 4367.519761 81991 1
83001 9.490909 4960.276267 82987 1
84001 8.169738 4187.882675 83956 1
85001 9.300363 4865.515735 84988 1
86001 8.494203 4500.042136 85984 1
87001 9.193953 4903.758920 87001 1
88001 9.467255 4972.468416 87974 1
89001 8.737613 4611.697218 89001 1
90001 7.449184 3983.241598 89975 1
91001 9.773857 5179.515443 91000 1
92001 9.113471 4671.708799 91982 1
93001 9.739085 5125.449755 92996 1
94001 10.925130 5527.410808 93966 1
95001 9.759908 5039.768804 94998 1
96001 11.194717 5620.856203 95998 1
97001 10.122104 5193.269309 96999 1
98001 12.140734 6288.102207 97956 1
99001 10.820442 5758.754517 98990 1
100001 10.765495 5492.305527 99984 1
