1 1.000000 1.000000 1 1
2 0.000000 2.000000 2 2
3 0.000000 2.666667 3 2
4 0.250000 3.500000 4 3
5 0.200000 4.200000 5 3
6 0.000000 5.000000 5 5
7 0.142857 4.000000 7 2
8 0.000000 3.750000 7 1
9 0.000000 6.111111 9 3
10 0.000000 6.600000 9 3
11 0.000000 5.000000 10 1
12 0.083333 8.083333 12 2
13 0.076923 3.076923 7 2
14 0.000000 10.214286 14 4
15 0.066667 6.266667 13 1
16 0.062500 7.312500 16 1
17 0.058824 11.294118 16 2
18 0.000000 3.777778 7 1
19 0.000000 8.684211 16 2
20 0.050000 9.600000 18 2
21 0.047619 11.904762 19 2
22 0.090909 8.863636 19 4
23 0.043478 11.521739 22 5
24 0.041667 13.833333 22 2
25 0.040000 8.360000 22 2
26 0.038462 12.153846 25 4
27 0.037037 5.888889 24 1
28 0.071429 12.571429 18 1
29 0.068966 18.724138 27 3
30 0.033333 11.300000 30 2
31 0.064516 19.838710 26 9
32 0.062500 20.031250 30 5
33 0.090909 23.363636 30 5
34 0.088235 18.970588 32 6
35 0.085714 24.028571 35 6
36 0.083333 21.638889 31 3
37 0.081081 18.054054 37 4
38 0.052632 11.500000 33 1
39 0.076923 20.358974 35 10
40 0.075000 18.800000 40 8
41 0.048780 9.341463 23 2
42 0.047619 18.047619 40 9
43 0.093023 32.953488 42 6
44 0.068182 21.340909 42 4
45 0.066667 14.800000 43 4
46 0.043478 15.500000 44 1
47 0.063830 20.021277 47 14
48 0.062500 23.125000 42 2
49 0.102041 37.367347 43 5
50 0.100000 32.220000 49 8
51 0.078431 22.921569 49 3
52 0.057692 20.230769 50 3
53 0.075472 22.207547 48 6
54 0.092593 31.648148 54 1
55 0.072727 24.818182 52 3
56 0.071429 20.107143 56 1
57 0.070175 20.842105 54 11
58 0.068966 15.637931 49 8
59 0.067797 19.864407 51 6
60 0.066667 23.500000 60 3
61 0.114754 39.967213 61 7
62 0.096774 31.677419 61 1
63 0.111111 39.428571 61 1
64 0.093750 28.562500 63 1
65 0.076923 26.584615 65 5
66 0.075758 28.696970 64 4
67 0.074627 19.014925 65 3
68 0.102941 41.161765 61 7
69 0.115942 39.985507 55 2
70 0.085714 31.728571 70 2
71 0.070423 23.070423 57 13
72 0.083333 25.916667 70 8
73 0.082192 26.753425 67 4
74 0.094595 37.486486 72 3
75 0.080000 29.813333 72 2
76 0.131579 51.486842 70 2
77 0.051948 19.142857 75 4
78 0.089744 32.974359 77 8
79 0.101266 43.848101 78 5
80 0.100000 39.050000 70 8
81 0.123457 45.629630 80 1
82 0.134146 53.024390 77 12
83 0.108434 42.253012 83 3
84 0.119048 44.690476 78 12
85 0.129412 49.482353 81 1
86 0.139535 54.767442 84 10
87 0.080460 29.321839 87 7
88 0.113636 42.681818 86 14
89 0.123596 50.157303 88 10
90 0.100000 34.200000 85 1
91 0.098901 33.186813 78 3
92 0.141304 57.054348 92 11
93 0.129032 51.580645 82 2
94 0.138298 53.031915 85 1
95 0.094737 36.031579 88 4
96 0.156250 68.916667 95 5
97 0.154639 64.319588 96 11
98 0.132653 54.897959 98 6
99 0.111111 45.353535 87 6
100 0.120000 45.590000 96 4
101 0.118812 46.801980 99 3
