1 1.000000 1.000000 1 1
2 0.500000 1.500000 2 1
3 0.000000 1.666667 3 1
4 0.250000 1.500000 3 1
5 0.200000 2.400000 5 1
6 0.166667 2.833333 4 2
7 0.142857 4.142857 7 2
8 0.125000 6.125000 8 3
9 0.111111 3.777778 9 1
10 0.100000 6.200000 10 2
11 0.090909 7.000000 11 4
12 0.083333 4.583333 11 1
13 0.076923 4.153846 11 1
14 0.071429 7.785714 14 1
15 0.133333 5.800000 14 1
16 0.125000 6.125000 13 1
17 0.117647 9.176471 16 2
18 0.111111 11.666667 17 3
19 0.105263 10.842105 19 1
20 0.100000 4.900000 17 1
21 0.095238 9.000000 18 1
22 0.090909 13.090909 22 4
23 0.086957 7.565217 17 1
24 0.083333 6.208333 24 1
25 0.080000 10.680000 23 1
26 0.076923 5.692308 24 1
27 0.111111 10.259259 18 1
28 0.071429 9.500000 28 1
29 0.103448 18.689655 29 1
30 0.066667 11.733333 26 1
31 0.129032 17.677419 31 1
32 0.093750 21.781250 31 1
33 0.060606 7.878788 26 1
34 0.088235 15.823529 31 1
35 0.114286 20.971429 34 4
36 0.111111 20.444444 34 12
37 0.081081 10.648649 37 1
38 0.105263 15.342105 38 1
39 0.102564 19.564103 38 1
40 0.100000 24.350000 40 6
41 0.097561 20.609756 41 1
42 0.095238 22.047619 41 1
43 0.116279 28.465116 43 5
44 0.113636 22.363636 35 9
45 0.066667 13.933333 36 1
46 0.086957 24.326087 37 7
47 0.106383 25.148936 46 3
48 0.083333 13.625000 46 1
49 0.081633 24.591837 49 1
50 0.100000 14.800000 42 1
51 0.098039 17.803922 43 1
52 0.115385 19.519231 46 4
53 0.132075 26.245283 53 1
54 0.111111 20.111111 44 1
55 0.109091 30.145455 55 2
56 0.125000 31.339286 47 3
57 0.122807 32.877193 54 1
58 0.068966 13.482759 55 1
59 0.084746 15.745763 54 1
60 0.100000 24.016667 55 1
61 0.065574 10.967213 52 1
62 0.129032 29.758065 61 1
63 0.111111 28.793651 54 4
64 0.140625 38.359375 61 1
65 0.092308 21.907692 64 1
66 0.121212 28.818182 63 2
67 0.104478 28.626866 63 1
68 0.117647 28.058824 68 2
69 0.101449 21.550725 55 1
70 0.100000 17.500000 52 1
71 0.098592 21.323944 67 1
72 0.097222 26.444444 69 1
73 0.123288 33.493151 57 1
74 0.067568 9.175676 70 1
75 0.106667 32.760000 66 1
76 0.144737 44.986842 68 3
77 0.129870 41.116883 77 9
78 0.115385 31.153846 76 1
79 0.113924 30.367089 75 1
80 0.112500 32.550000 80 1
81 0.123457 31.679012 72 1
82 0.109756 30.817073 79 1
83 0.096386 27.807229 83 1
84 0.107143 27.333333 83 1
85 0.117647 36.482353 83 1
86 0.093023 30.081395 86 1
87 0.137931 39.586207 86 9
88 0.136364 41.488636 81 11
89 0.112360 32.089888 78 1
90 0.144444 35.822222 90 1
91 0.131868 27.021978 84 1
92 0.141304 35.967391 89 1
93 0.139785 36.118280 73 1
94 0.159574 49.670213 93 1
95 0.136842 45.273684 87 4
96 0.125000 41.104167 85 1
97 0.154639 51.649485 92 6
98 0.183673 63.377551 90 32
99 0.141414 52.303030 92 11
100 0.150000 49.130000 100 2
101 0.148515 53.702970 100 1
