1 0.005000 0.000000 0 0
2 0.052000 1.000000 1 1
3 0.103000 2.685000 3 2
4 0.159000 4.676000 5 4
5 0.257000 7.114000 8 5
6 0.322000 9.811000 11 7
7 0.381000 12.726000 14 9
8 0.447000 15.713000 17 12
9 0.586000 19.272000 21 15
10 0.685000 22.570000 25 18
11 0.777000 26.265000 29 20
12 0.773000 30.029000 33 25
13 0.912000 33.820000 37 28
14 0.917000 37.766000 41 30
15 1.029000 41.748000 45 36
16 1.082000 45.676000 49 39
17 1.225000 50.058000 54 42
18 1.417000 54.477000 59 48
19 1.412000 59.056000 64 52
20 1.478000 63.378000 69 54
21 1.594000 68.153000 74 59
22 1.648000 72.756000 79 62
23 1.677000 77.342000 83 68
24 1.707000 82.044000 89 72
25 1.784000 86.940000 93 75
26 1.838000 91.773000 99 82
27 1.889000 96.581000 103 82
28 1.878000 101.423000 109 89
29 2.003000 106.604000 113 94
30 2.152000 111.351000 119 102
31 2.113000 116.560000 123 107
32 2.182000 121.319000 128 109
33 2.320000 126.972000 134 114
34 2.502000 132.431000 140 123
35 2.698000 137.698000 145 126
36 2.837000 143.210000 152 128
37 2.869000 148.488000 157 137
38 3.042000 153.984000 163 143
39 3.044000 159.599000 168 146
40 3.136000 165.041000 174 152
41 3.167000 170.643000 180 157
42 3.302000 176.555000 186 160
43 3.414000 181.892000 192 165
44 3.445000 187.568000 198 175
45 3.561000 193.140000 204 181
46 3.636000 198.877000 209 183
47 3.731000 204.842000 216 192
48 3.787000 209.915000 221 191
49 4.057000 215.949000 227 201
50 3.974000 221.997000 233 210
51 4.116000 227.812000 238 214
52 4.153000 233.945000 243 222
53 4.214000 239.628000 249 226
54 4.190000 245.508000 258 230
55 4.177000 251.249000 263 233
56 4.291000 256.940000 268 243
57 4.448000 263.199000 277 251
58 4.474000 269.295000 279 254
59 4.608000 275.038000 286 261
60 4.656000 280.850000 294 265
61 4.756000 287.211000 298 271
62 4.809000 292.964000 303 277
63 4.824000 299.027000 310 284
64 4.974000 305.289000 317 291
65 5.171000 311.304000 323 294
66 5.196000 317.809000 331 298
67 5.361000 324.138000 338 310
68 5.572000 330.637000 343 315
69 5.782000 337.162000 350 318
70 5.748000 343.601000 357 327
71 5.879000 350.110000 362 336
72 6.024000 356.151000 369 339
73 6.188000 362.996000 378 343
74 6.282000 369.399000 383 351
75 6.484000 376.041000 390 363
76 6.542000 382.397000 397 368
77 6.651000 388.732000 404 372
78 6.694000 395.168000 410 375
79 6.899000 401.861000 416 385
80 6.970000 408.303000 423 390
81 7.183000 414.953000 430 398
82 6.865000 421.751000 435 399
83 7.217000 428.301000 441 408
84 7.290000 434.479000 451 415
85 7.469000 441.291000 455 423
86 7.474000 447.856000 462 428
87 7.572000 454.329000 472 431
88 7.629000 460.978000 477 440
89 7.822000 467.801000 484 451
90 7.575000 474.663000 489 453
91 7.739000 480.902000 496 463
92 7.834000 487.886000 503 468
93 8.182000 494.272000 509 473
94 7.966000 501.237000 517 478
95 7.997000 508.100000 524 490
96 8.259000 514.582000 530 495
97 8.402000 521.188000 538 499
98 8.254000 528.509000 547 511
99 8.349000 535.062000 552 515
100 8.380000 542.021000 559 525
101 8.759000 548.693000 567 530
102 8.681000 555.547000 574 531
103 8.680000 562.175000 579 540
104 8.860000 569.434000 585 549
105 9.134000 576.545000 593 552
106 8.798000 582.903000 600 563
107 9.018000 589.631000 607 571
108 8.968000 596.654000 614 578
109 9.264000 603.610000 621 582
110 9.151000 610.704000 629 585
111 9.539000 617.791000 634 596
112 9.323000 624.380000 643 604
113 9.655000 631.638000 653 611
114 9.707000 638.666000 658 617
115 9.706000 645.421000 663 621
116 9.725000 652.535000 669 630
117 10.009000 659.128000 676 640
118 9.894000 666.221000 686 637
119 10.134000 673.141000 689 653
120 10.092000 680.487000 699 661
121 10.462000 687.106000 703 664
122 10.242000 693.924000 712 672
123 10.202000 700.908000 717 679
124 10.395000 707.830000 724 686
125 10.464000 715.298000 733 694
126 10.662000 721.746000 740 700
127 10.638000 729.211000 748 707
128 10.810000 736.042000 751 714
129 11.097000 743.494000 760 725
130 11.285000 750.910000 767 726
131 11.146000 758.583000 775 732
132 11.483000 765.899000 784 745
133 11.786000 772.956000 789 752
134 11.885000 780.579000 800 759
135 11.604000 787.522000 806 767
136 11.975000 795.396000 816 771
137 12.214000 802.585000 821 773
138 12.616000 810.246000 829 790
139 12.222000 817.849000 837 796
140 12.521000 825.152000 845 799
141 12.640000 832.494000 853 801
142 12.859000 840.473000 857 819
143 13.019000 847.474000 868 826
144 12.964000 854.347000 879 824
145 13.864000 862.257000 883 837
146 13.833000 869.827000 892 850
147 13.861000 877.583000 897 850
148 13.430000 884.730000 905 861
149 13.693000 892.310000 912 866
150 13.747000 899.526000 919 874
151 14.109000 907.033000 925 880
152 14.113000 914.967000 936 889
153 14.043000 921.965000 947 898
154 14.256000 929.532000 950 906
155 14.341000 936.829000 960 911
156 14.588000 944.888000 972 916
157 14.518000 952.114000 974 930
158 14.910000 959.766000 980 933
159 14.760000 967.445000 991 944
160 14.399000 974.815000 997 952
161 15.279000 982.125000 1003 957
162 15.121000 989.668000 1010 965
163 14.712000 997.594000 1020 974
164 15.368000 1004.993000 1025 978
165 15.406000 1012.784000 1034 982
166 15.582000 1020.217000 1049 992
167 15.060000 1028.041000 1049 1006
168 15.183000 1035.672000 1059 1012
169 15.666000 1042.725000 1064 1018
170 16.241000 1050.675000 1070 1027
171 15.585000 1058.004000 1078 1030
172 15.650000 1065.804000 1086 1035
173 16.555000 1073.545000 1096 1048
174 16.982000 1081.083000 1104 1054
175 17.064000 1088.451000 1112 1065
176 16.243000 1096.501000 1119 1072
177 16.753000 1104.065000 1129 1079
178 16.890000 1111.342000 1136 1083
179 16.232000 1119.271000 1145 1094
180 16.375000 1126.931000 1158 1102
181 16.890000 1134.507000 1154 1105
182 16.592000 1142.528000 1165 1111
183 16.951000 1149.698000 1176 1124
184 16.667000 1158.183000 1182 1128
185 17.076000 1164.984000 1186 1143
186 17.395000 1173.143000 1196 1148
187 17.176000 1180.505000 1205 1152
188 16.946000 1188.084000 1210 1165
189 17.373000 1195.945000 1219 1168
190 17.314000 1203.565000 1227 1177
191 18.322000 1210.987000 1237 1179
192 17.784000 1218.673000 1242 1196
193 18.723000 1226.614000 1252 1203
194 18.405000 1234.315000 1258 1204
195 17.536000 1242.526000 1266 1217
196 17.621000 1250.503000 1275 1221
197 18.150000 1257.844000 1281 1234
198 18.665000 1265.819000 1290 1234
199 17.962000 1273.435000 1299 1245
200 18.050000 1281.349000 1309 1250
201 18.977000 1289.659000 1314 1264
202 18.518000 1297.362000 1326 1270
203 18.653000 1305.163000 1330 1278
204 18.767000 1312.997000 1335 1291
205 18.876000 1320.903000 1346 1283
206 18.968000 1329.092000 1354 1301
207 19.024000 1337.065000 1359 1305
208 19.018000 1344.675000 1367 1317
209 19.449000 1351.862000 1378 1327
210 19.860000 1359.918000 1382 1331
211 19.022000 1368.506000 1392 1342
212 19.065000 1376.233000 1405 1346
213 20.019000 1383.993000 1411 1357
214 19.987000 1392.009000 1416 1364
215 19.788000 1399.866000 1423 1374
216 19.517000 1407.818000 1431 1376
217 20.106000 1415.496000 1442 1390
218 19.547000 1423.460000 1451 1395
219 19.629000 1431.372000 1455 1400
220 19.684000 1439.322000 1463 1407
221 20.633000 1447.342000 1474 1417
222 20.303000 1454.883000 1487 1424
223 20.260000 1462.887000 1488 1436
224 19.982000 1470.608000 1496 1443
225 20.481000 1479.057000 1500 1446
226 20.834000 1486.845000 1511 1460
227 20.771000 1494.914000 1520 1458
228 20.443000 1502.479000 1526 1472
229 21.418000 1510.404000 1538 1481
230 21.292000 1518.601000 1541 1489
231 21.431000 1526.860000 1552 1494
232 21.534000 1534.516000 1560 1505
233 21.784000 1542.572000 1572 1518
234 22.054000 1550.184000 1577 1518
235 21.925000 1558.917000 1581 1529
236 21.224000 1566.438000 1596 1530
237 21.884000 1574.308000 1599 1545
238 21.974000 1582.295000 1606 1555
239 21.959000 1590.524000 1618 1555
240 21.610000 1598.523000 1623 1569
241 22.143000 1606.570000 1629 1570
242 22.217000 1614.456000 1647 1583
243 22.243000 1622.491000 1650 1596
244 21.978000 1630.452000 1658 1601
245 22.504000 1638.754000 1665 1598
246 22.544000 1646.378000 1673 1619
247 22.452000 1654.212000 1679 1625
248 22.637000 1662.301000 1690 1629
249 22.722000 1670.079000 1699 1646
250 22.866000 1678.269000 1703 1652
251 22.913000 1686.360000 1717 1656
252 22.996000 1694.755000 1722 1670
253 22.568000 1702.469000 1730 1675
254 22.656000 1710.530000 1734 1675
255 22.723000 1718.130000 1745 1689
256 23.356000 1725.959000 1750 1693
257 24.917000 1734.750000 1764 1698
258 23.285000 1743.084000 1771 1705
259 23.301000 1752.045000 1779 1718
260 23.437000 1759.499000 1785 1728
261 23.569000 1768.078000 1797 1732
262 23.751000 1776.692000 1805 1749
263 23.967000 1784.697000 1811 1743
264 24.033000 1793.835000 1818 1767
265 24.224000 1802.038000 1832 1770
266 24.388000 1810.179000 1835 1773
267 24.575000 1818.887000 1844 1785
268 24.667000 1827.007000 1858 1794
269 24.808000 1835.564000 1863 1801
270 24.973000 1844.105000 1872 1817
271 25.126000 1852.020000 1876 1822
272 25.189000 1860.862000 1887 1829
273 25.328000 1869.447000 1898 1834
274 25.486000 1877.644000 1906 1846
275 25.678000 1886.156000 1913 1856
276 25.823000 1894.519000 1922 1868
277 25.969000 1902.612000 1929 1870
278 26.198000 1911.841000 1941 1879
279 26.283000 1919.773000 1947 1878
280 26.387000 1928.063000 1958 1894
281 26.530000 1936.948000 1966 1906
282 26.634000 1944.854000 1976 1913
283 26.740000 1953.753000 1981 1914
284 26.847000 1961.967000 1988 1925
285 27.024000 1970.414000 2001 1932
286 27.100000 1978.597000 2012 1943
287 27.241000 1986.762000 2017 1955
288 27.487000 1995.459000 2027 1959
289 27.599000 2004.271000 2037 1972
290 27.741000 2012.708000 2038 1985
291 27.850000 2020.971000 2052 1989
292 27.981000 2029.747000 2060 1997
293 28.101000 2038.183000 2066 2008
294 28.244000 2046.790000 2075 2014
295 28.328000 2055.059000 2092 2019
296 28.481000 2063.340000 2097 2031
297 28.609000 2072.222000 2099 2037
298 28.706000 2080.494000 2111 2033
299 28.786000 2089.406000 2126 2063
300 28.993000 2097.367000 2133 2062
301 29.079000 2105.518000 2140 2072
302 29.220000 2114.475000 2144 2076
303 29.326000 2123.292000 2154 2092
304 29.624000 2131.718000 2161 2101
305 29.729000 2140.235000 2171 2108
306 29.857000 2148.161000 2175 2112
307 29.935000 2156.370000 2186 2114
308 29.981000 2164.766000 2205 2123
309 30.088000 2174.286000 2202 2143
310 30.248000 2182.052000 2214 2143
311 30.312000 2190.668000 2223 2157
312 30.358000 2199.015000 2230 2167
313 30.538000 2207.530000 2246 2154
314 30.634000 2216.575000 2249 2178
315 30.718000 2225.071000 2254 2196
316 30.828000 2233.618000 2266 2196
317 30.765000 2242.335000 2278 2200
318 30.839000 2251.018000 2282 2220
319 31.011000 2258.589000 2296 2223
320 30.986000 2267.430000 2299 2232
321 31.040000 2276.069000 2307 2236
322 31.167000 2284.743000 2314 2246
323 31.350000 2292.702000 2327 2263
324 31.459000 2301.955000 2335 2266
325 31.575000 2310.401000 2339 2276
326 31.702000 2318.634000 2344 2272
327 31.800000 2327.726000 2360 2289
328 31.943000 2336.152000 2365 2303
329 32.109000 2345.003000 2378 2309
330 32.209000 2353.077000 2385 2320
331 32.209000 2361.607000 2392 2324
332 32.288000 2370.856000 2404 2327
333 32.432000 2379.008000 2411 2344
334 32.514000 2387.909000 2419 2348
335 32.701000 2396.142000 2432 2361
336 32.673000 2405.117000 2435 2367
337 32.784000 2413.109000 2445 2360
338 32.842000 2422.188000 2455 2391
339 33.030000 2430.633000 2461 2395
340 33.012000 2439.079000 2470 2399
341 33.120000 2448.338000 2479 2404
342 33.247000 2456.417000 2499 2419
343 33.347000 2465.084000 2495 2426
344 34.175000 2473.767000 2509 2427
345 33.639000 2482.542000 2510 2450
346 33.776000 2491.075000 2527 2448
347 33.949000 2499.542000 2531 2462
348 33.908000 2508.247000 2542 2472
349 34.034000 2517.530000 2553 2482
350 34.169000 2525.526000 2558 2478
351 34.398000 2533.949000 2570 2494
352 34.326000 2543.055000 2577 2508
353 34.493000 2551.551000 2583 2504
354 34.569000 2560.099000 2592 2522
355 34.705000 2568.314000 2603 2536
356 34.856000 2577.714000 2605 2540
357 34.935000 2585.938000 2621 2544
358 35.085000 2594.864000 2630 2554
359 35.117000 2603.174000 2646 2567
360 35.213000 2612.426000 2645 2565
361 35.325000 2620.401000 2655 2579
362 35.424000 2628.951000 2668 2581
363 35.478000 2637.966000 2671 2599
364 35.471000 2647.030000 2679 2603
365 35.579000 2654.527000 2691 2615
366 35.674000 2663.435000 2704 2622
367 35.713000 2672.107000 2706 2632
368 35.812000 2680.424000 2714 2648
369 35.866000 2690.279000 2729 2648
370 35.997000 2699.064000 2735 2662
371 36.071000 2706.456000 2737 2661
372 36.137000 2715.803000 2758 2676
373 36.256000 2724.603000 2758 2688
374 36.224000 2733.053000 2771 2697
375 36.298000 2741.602000 2778 2700
376 36.376000 2750.518000 2792 2714
377 36.497000 2759.063000 2793 2724
378 36.679000 2767.253000 2802 2730
379 36.687000 2776.374000 2812 2735
380 36.729000 2785.287000 2818 2748
381 36.883000 2794.381000 2831 2755
382 36.960000 2802.435000 2847 2763
383 37.016000 2811.986000 2846 2770
384 37.139000 2819.831000 2855 2779
385 37.297000 2828.961000 2860 2793
386 37.414000 2838.361000 2871 2797
387 37.454000 2846.864000 2885 2796
388 37.518000 2855.170000 2889 2820
389 37.614000 2863.889000 2898 2830
390 37.693000 2872.591000 2907 2822
391 37.860000 2881.602000 2918 2833
392 37.869000 2890.473000 2925 2852
393 38.011000 2899.129000 2949 2863
394 38.155000 2908.150000 2949 2857
395 38.332000 2916.854000 2954 2871
396 38.505000 2925.823000 2961 2888
397 38.676000 2934.708000 2976 2894
398 38.648000 2943.730000 2977 2898
399 38.708000 2953.252000 2987 2913
400 38.785000 2961.242000 3000 2922
401 38.875000 2970.051000 3010 2927
402 38.998000 2979.893000 3019 2940
403 39.130000 2988.390000 3025 2941
404 39.160000 2997.387000 3033 2956
405 39.247000 3005.796000 3045 2966
406 39.328000 3014.119000 3050 2978
407 39.404000 3023.055000 3058 2983
408 39.534000 3032.100000 3073 2995
409 39.643000 3040.665000 3070 3002
410 39.791000 3049.984000 3089 3006
411 39.913000 3058.742000 3091 3020
412 39.945000 3067.963000 3103 3027
413 40.028000 3076.392000 3112 3037
414 40.143000 3085.647000 3128 3032
415 40.178000 3093.930000 3134 3058
416 40.214000 3103.125000 3134 3065
417 40.295000 3112.881000 3149 3079
418 40.395000 3120.795000 3167 3079
419 40.505000 3129.361000 3169 3087
420 40.642000 3138.810000 3177 3100
421 40.814000 3147.465000 3188 3103
422 40.688000 3156.690000 3191 3118
423 40.822000 3165.953000 3203 3128
424 40.911000 3174.595000 3210 3140
425 41.066000 3182.803000 3218 3135
426 41.188000 3191.528000 3225 3148
427 41.210000 3201.471000 3240 3162
428 41.300000 3209.805000 3242 3173
429 41.390000 3218.453000 3254 3178
430 41.516000 3227.521000 3266 3169
431 41.585000 3237.604000 3279 3195
432 41.759000 3246.309000 3282 3200
433 41.778000 3254.099000 3288 3215
434 41.902000 3263.157000 3302 3218
435 41.937000 3271.885000 3309 3235
436 42.018000 3281.138000 3323 3242
437 42.129000 3290.966000 3325 3254
438 42.167000 3299.105000 3333 3257
439 42.431000 3307.382000 3344 3272
440 42.542000 3317.281000 3354 3280
441 42.988000 3325.997000 3361 3288
442 42.685000 3334.889000 3367 3303
443 42.779000 3343.173000 3381 3299
444 42.962000 3352.636000 3391 3314
445 42.873000 3361.015000 3395 3313
446 43.010000 3369.785000 3409 3331
447 42.997000 3378.540000 3417 3334
448 43.119000 3387.807000 3424 3349
449 43.205000 3397.298000 3444 3362
450 43.384000 3406.546000 3444 3369
451 43.549000 3413.746000 3452 3368
452 43.574000 3424.122000 3470 3367
453 43.549000 3432.616000 3470 3396
454 43.963000 3441.814000 3488 3398
455 43.897000 3449.496000 3484 3411
456 43.955000 3459.415000 3497 3410
457 44.119000 3468.033000 3512 3431
458 44.170000 3477.697000 3511 3433
459 44.269000 3486.044000 3533 3440
460 44.390000 3494.805000 3532 3455
461 44.429000 3504.187000 3541 3449
462 44.579000 3513.361000 3552 3473
463 44.722000 3522.797000 3562 3481
464 44.858000 3530.410000 3565 3485
465 45.002000 3540.282000 3579 3492
466 45.118000 3548.962000 3583 3514
467 45.313000 3558.420000 3592 3515
468 45.316000 3567.423000 3604 3521
469 45.617000 3576.374000 3610 3539
470 45.608000 3584.732000 3624 3549
471 45.703000 3593.918000 3631 3554
472 45.756000 3602.858000 3638 3568
473 45.835000 3611.915000 3651 3559
474 46.051000 3620.783000 3660 3567
475 46.113000 3629.505000 3668 3592
476 46.172000 3638.731000 3682 3594
477 46.298000 3647.939000 3687 3610
478 46.438000 3656.632000 3696 3607
479 46.496000 3665.636000 3710 3629
480 46.595000 3674.887000 3712 3636
481 46.700000 3684.159000 3723 3646
482 46.808000 3692.169000 3739 3658
483 46.881000 3701.804000 3738 3665
484 47.001000 3710.124000 3755 3672
485 47.111000 3720.096000 3763 3677
486 47.098000 3728.605000 3765 3688
487 47.199000 3737.509000 3785 3698
488 47.289000 3746.702000 3782 3704
489 47.380000 3756.058000 3796 3718
490 47.469000 3764.573000 3797 3713
491 47.541000 3773.391000 3807 3734
492 47.608000 3782.246000 3832 3733
493 47.740000 3792.000000 3834 3754
494 47.862000 3800.053000 3844 3756
495 47.887000 3809.781000 3850 3765
496 47.896000 3818.386000 3858 3773
497 48.022000 3827.667000 3872 3782
498 48.128000 3836.448000 3876 3790
499 48.163000 3845.194000 3882 3794
500 48.271000 3854.677000 3890 3817
501 48.309000 3863.521000 3903 3826
502 48.343000 3872.500000 3905 3829
503 48.374000 3881.465000 3922 3843
504 48.485000 3890.969000 3927 3855
505 48.620000 3899.461000 3934 3860
506 48.715000 3908.954000 3945 3870
507 48.811000 3917.900000 3952 3880
508 48.811000 3926.771000 3962 3881
509 49.006000 3935.510000 3973 3893
510 49.017000 3944.234000 3976 3907
511 49.355000 3953.703000 3989 3909
512 49.302000 3962.742000 3998 3915
513 49.474000 3971.480000 4008 3925
514 50.484000 3981.589000 4019 3943
515 49.719000 3990.598000 4029 3952
516 49.939000 3999.878000 4032 3959
517 50.082000 4009.910000 4048 3969
518 50.694000 4019.313000 4063 3976
519 50.455000 4028.191000 4064 3986
520 50.574000 4037.815000 4077 3982
521 50.744000 4047.036000 4087 4013
522 50.983000 4056.859000 4099 4010
523 51.387000 4066.034000 4107 4012
524 51.168000 4075.079000 4111 4025
525 51.290000 4085.174000 4125 4041
526 51.476000 4093.677000 4126 4056
527 51.636000 4103.530000 4141 4060
528 51.797000 4112.510000 4156 4059
529 52.061000 4122.489000 4168 4079
530 52.117000 4132.101000 4170 4082
531 52.310000 4141.231000 4178 4099
532 52.373000 4150.010000 4196 4094
533 52.607000 4159.833000 4207 4116
534 52.704000 4170.587000 4206 4125
535 52.805000 4178.567000 4216 4137
536 52.953000 4188.167000 4235 4143
537 53.420000 4197.911000 4238 4150
538 53.469000 4206.693000 4248 4154
539 53.499000 4216.401000 4256 4174
540 53.746000 4226.224000 4264 4183
541 53.707000 4236.056000 4278 4189
542 53.955000 4244.975000 4286 4198
543 54.097000 4253.955000 4293 4200
544 54.162000 4263.707000 4311 4208
545 54.499000 4273.459000 4311 4230
546 54.573000 4282.144000 4326 4233
547 54.731000 4292.473000 4346 4245
548 54.993000 4301.315000 4343 4255
549 55.074000 4310.630000 4346 4261
550 55.310000 4320.833000 4360 4277
551 55.322000 4329.664000 4373 4290
552 55.443000 4339.489000 4379 4293
553 55.745000 4348.091000 4385 4306
554 55.949000 4357.575000 4403 4310
555 55.946000 4368.194000 4417 4312
556 56.276000 4376.425000 4428 4325
557 56.561000 4386.107000 4429 4332
558 56.572000 4395.290000 4437 4342
559 56.688000 4405.140000 4444 4363
560 56.756000 4414.281000 4456 4370
561 56.935000 4423.571000 4469 4366
562 57.067000 4433.648000 4469 4385
563 57.083000 4443.010000 4485 4391
564 57.204000 4452.504000 4491 4406
565 57.513000 4462.065000 4510 4420
566 57.582000 4470.112000 4511 4421
567 57.842000 4480.763000 4523 4444
568 57.962000 4489.971000 4527 4444
569 58.092000 4499.248000 4551 4454
570 58.159000 4509.198000 4559 4458
571 58.334000 4517.507000 4560 4470
572 58.409000 4527.742000 4573 4480
573 58.616000 4536.794000 4583 4495
574 58.644000 4547.087000 4588 4506
575 58.769000 4555.707000 4601 4502
576 58.878000 4565.592000 4609 4521
577 59.074000 4574.195000 4612 4531
578 59.213000 4584.597000 4635 4537
579 59.377000 4594.344000 4636 4549
580 59.634000 4602.696000 4652 4549
581 59.876000 4612.805000 4656 4565
582 59.901000 4622.348000 4667 4574
583 60.117000 4631.769000 4670 4592
584 60.163000 4640.862000 4678 4598
585 60.359000 4650.724000 4689 4597
586 60.470000 4660.507000 4707 4607
587 60.580000 4668.880000 4712 4624
588 60.737000 4678.846000 4722 4636
589 60.727000 4688.369000 4732 4640
590 60.812000 4697.723000 4743 4640
591 60.996000 4707.186000 4751 4654
592 61.133000 4716.377000 4761 4667
593 61.269000 4726.396000 4774 4670
594 61.383000 4735.567000 4781 4684
595 61.564000 4745.444000 4784 4683
596 61.797000 4755.567000 4800 4695
597 61.879000 4764.082000 4804 4718
598 62.053000 4774.366000 4816 4729
599 62.231000 4783.398000 4826 4732
600 62.308000 4792.803000 4837 4736
601 62.486000 4802.026000 4840 4756
602 62.555000 4811.166000 4850 4761
603 62.712000 4821.539000 4867 4766
604 62.819000 4830.941000 4873 4774
605 62.902000 4840.162000 4880 4792
606 63.074000 4849.266000 4896 4803
607 63.259000 4859.034000 4908 4816
608 63.336000 4868.257000 4914 4815
609 63.446000 4877.843000 4929 4832
610 63.695000 4887.163000 4929 4841
611 63.723000 4897.122000 4941 4849
612 63.827000 4907.706000 4954 4856
613 63.929000 4916.260000 4960 4849
614 64.004000 4926.299000 4971 4875
615 64.138000 4935.494000 4986 4886
616 64.360000 4944.065000 4990 4894
617 64.350000 4953.825000 4997 4910
618 64.493000 4963.256000 5016 4907
619 64.551000 4973.490000 5019 4917
620 64.568000 4982.973000 5029 4930
621 65.034000 4992.114000 5040 4934
622 64.798000 5001.272000 5053 4947
623 65.288000 5011.138000 5054 4958
624 65.197000 5020.548000 5056 4960
625 65.148000 5030.832000 5079 4979
626 65.707000 5039.586000 5084 4973
627 65.433000 5049.673000 5096 5000
628 65.450000 5058.065000 5107 5010
629 65.570000 5068.662000 5114 5022
630 65.702000 5077.118000 5117 5028
631 65.864000 5087.206000 5134 5039
632 65.974000 5096.876000 5136 5044
633 66.022000 5106.409000 5151 5057
634 66.049000 5114.828000 5161 5053
635 66.118000 5124.866000 5166 5079
636 66.161000 5134.854000 5184 5089
637 66.294000 5144.251000 5195 5098
638 66.492000 5153.872000 5192 5098
639 66.507000 5163.049000 5208 5115
640 66.479000 5172.060000 5213 5124
641 66.472000 5182.384000 5226 5119
642 66.620000 5192.422000 5234 5148
643 66.709000 5201.463000 5247 5155
644 66.906000 5211.094000 5257 5160
645 66.991000 5220.391000 5271 5171
646 67.223000 5230.055000 5277 5176
647 67.222000 5239.303000 5293 5189
648 67.370000 5250.227000 5300 5193
649 67.451000 5258.683000 5305 5212
650 67.606000 5267.908000 5318 5197
651 67.699000 5277.771000 5340 5224
652 67.769000 5287.774000 5327 5235
653 68.152000 5297.203000 5338 5232
654 68.161000 5307.125000 5358 5249
655 68.239000 5316.292000 5355 5247
656 68.119000 5325.495000 5369 5269
657 68.375000 5335.194000 5391 5276
658 68.441000 5345.090000 5393 5283
659 68.673000 5355.164000 5397 5299
660 68.928000 5364.639000 5410 5313
661 69.040000 5373.923000 5432 5314
662 68.892000 5382.937000 5434 5334
663 69.081000 5394.008000 5439 5337
664 69.248000 5402.662000 5446 5355
665 69.385000 5412.204000 5463 5359
666 69.537000 5422.216000 5464 5373
667 69.474000 5431.507000 5480 5384
668 69.525000 5441.434000 5485 5383
669 69.760000 5450.590000 5497 5410
670 69.938000 5460.012000 5505 5409
671 69.938000 5469.949000 5526 5425
672 70.006000 5479.514000 5525 5418
673 70.483000 5490.615000 5535 5441
674 70.406000 5499.306000 5554 5445
675 70.437000 5509.120000 5553 5452
676 70.502000 5517.926000 5574 5462
677 70.784000 5527.274000 5574 5469
678 70.855000 5538.057000 5591 5491
679 71.092000 5547.407000 5605 5500
680 71.117000 5556.678000 5606 5512
681 71.261000 5565.888000 5624 5511
682 71.373000 5575.988000 5625 5522
683 71.437000 5585.755000 5642 5532
684 71.673000 5595.499000 5651 5544
685 71.767000 5604.207000 5652 5553
686 71.834000 5612.910000 5662 5551
687 71.952000 5624.092000 5675 5562
688 72.734000 5633.833000 5677 5579
689 72.165000 5642.280000 5683 5594
690 72.282000 5653.095000 5696 5603
691 72.316000 5662.678000 5708 5612
692 72.458000 5672.277000 5718 5620
693 72.491000 5681.637000 5727 5639
694 72.532000 5690.329000 5742 5637
695 72.754000 5701.051000 5757 5644
696 72.806000 5710.380000 5761 5654
697 73.224000 5719.579000 5768 5669
698 73.304000 5729.751000 5780 5671
699 73.195000 5738.818000 5785 5677
700 73.116000 5748.380000 5794 5694
701 73.262000 5758.641000 5810 5708
702 73.465000 5768.197000 5817 5707
703 73.604000 5777.552000 5836 5722
704 73.686000 5788.275000 5838 5737
705 73.971000 5797.232000 5843 5737
706 73.976000 5807.052000 5858 5760
707 74.232000 5816.883000 5863 5752
708 74.247000 5826.537000 5874 5779
709 74.498000 5835.964000 5883 5782
710 74.757000 5844.561000 5893 5790
711 76.722000 5854.693000 5902 5793
712 74.619000 5864.363000 5915 5816
713 74.821000 5873.530000 5931 5827
714 74.731000 5883.767000 5937 5827
715 74.884000 5892.556000 5934 5836
716 74.917000 5902.924000 5950 5843
717 75.020000 5914.396000 5961 5862
718 75.566000 5923.258000 5967 5872
719 75.635000 5932.965000 5976 5882
720 75.607000 5941.791000 5997 5880
721 75.558000 5952.104000 6002 5895
722 75.661000 5961.193000 6013 5893
723 75.829000 5970.829000 6021 5920
724 75.843000 5980.613000 6032 5915
725 75.957000 5989.441000 6043 5931
726 76.003000 5999.987000 6047 5943
727 76.112000 6009.849000 6055 5956
728 76.142000 6018.735000 6074 5959
729 76.539000 6029.049000 6084 5976
730 76.718000 6038.410000 6096 5992
731 76.610000 6047.927000 6092 5991
732 76.799000 6058.109000 6100 6003
733 76.535000 6068.144000 6122 6008
734 76.607000 6077.517000 6125 6015
735 76.776000 6086.384000 6142 6033
736 76.904000 6096.676000 6143 6046
737 76.953000 6105.878000 6152 6045
738 77.028000 6114.924000 6165 6061
739 77.371000 6125.746000 6180 6075
740 77.529000 6135.197000 6182 6073
741 77.437000 6144.365000 6203 6090
742 77.439000 6154.132000 6209 6104
743 77.498000 6163.673000 6209 6111
744 77.574000 6174.181000 6219 6123
745 77.719000 6182.646000 6231 6137
746 77.868000 6192.989000 6237 6143
747 78.019000 6202.178000 6255 6154
748 78.003000 6211.568000 6254 6148
749 78.085000 6221.791000 6272 6158
750 78.201000 6231.663000 6289 6180
751 78.065000 6241.339000 6288 6190
752 78.351000 6250.547000 6301 6180
753 78.422000 6260.417000 6315 6198
754 78.391000 6269.053000 6318 6215
755 78.430000 6279.700000 6328 6228
756 78.545000 6289.344000 6348 6233
757 78.679000 6298.792000 6339 6251
758 78.840000 6308.726000 6365 6250
759 79.046000 6317.588000 6375 6263
760 78.961000 6328.946000 6373 6270
761 79.115000 6337.626000 6397 6281
762 79.096000 6347.620000 6404 6282
763 79.241000 6356.748000 6409 6303
764 79.261000 6366.259000 6420 6308
765 79.465000 6377.105000 6433 6329
766 79.529000 6385.923000 6436 6334
767 79.628000 6395.628000 6442 6335
768 79.721000 6406.085000 6454 6349
769 79.826000 6415.681000 6460 6361
770 79.978000 6425.260000 6480 6363
771 80.143000 6435.295000 6482 6365
772 80.149000 6445.145000 6491 6396
773 80.300000 6454.956000 6510 6400
774 80.422000 6464.664000 6516 6405
775 80.587000 6475.299000 6522 6414
776 80.602000 6484.252000 6534 6403
777 80.826000 6494.865000 6544 6432
778 80.751000 6504.615000 6550 6457
779 80.889000 6513.785000 6579 6455
780 81.164000 6523.465000 6570 6468
781 81.143000 6533.711000 6591 6480
782 81.223000 6542.791000 6619 6488
783 81.166000 6553.024000 6606 6505
784 81.489000 6563.666000 6619 6496
785 81.520000 6573.573000 6620 6518
786 81.741000 6582.731000 6636 6522
787 81.784000 6593.028000 6641 6544
788 82.017000 6602.046000 6649 6553
789 82.043000 6612.739000 6664 6562
790 82.113000 6622.049000 6679 6569
791 82.257000 6631.780000 6681 6579
792 82.220000 6641.532000 6693 6588
793 82.439000 6651.323000 6700 6595
794 82.544000 6661.730000 6718 6608
795 82.594000 6671.834000 6715 6604
796 82.732000 6681.362000 6744 6615
797 82.892000 6691.865000 6753 6642
798 83.009000 6701.078000 6755 6640
799 83.122000 6710.902000 6762 6648
800 83.395000 6721.240000 6771 6654
801 83.407000 6731.161000 6781 6669
802 83.498000 6740.174000 6790 6689
803 83.631000 6750.639000 6801 6704
804 83.815000 6760.286000 6811 6711
805 83.918000 6770.118000 6823 6714
806 83.892000 6779.746000 6839 6734
807 83.826000 6790.501000 6850 6734
808 84.043000 6799.419000 6863 6747
809 84.087000 6809.015000 6864 6752
810 84.025000 6818.173000 6870 6758
811 84.496000 6829.257000 6884 6780
812 84.440000 6839.540000 6895 6781
813 84.600000 6849.520000 6904 6797
814 84.714000 6859.126000 6926 6805
815 84.796000 6868.979000 6925 6816
816 84.844000 6878.271000 6929 6825
817 84.924000 6889.204000 6943 6832
818 85.089000 6898.750000 6956 6824
819 85.168000 6908.388000 6960 6854
820 85.268000 6917.597000 6974 6861
821 85.266000 6927.733000 6984 6873
822 85.475000 6938.316000 7002 6866
823 85.454000 6947.559000 7000 6890
824 85.652000 6958.184000 7010 6883
825 85.658000 6967.874000 7025 6913
826 85.808000 6977.743000 7029 6927
827 85.943000 6987.444000 7032 6936
828 85.992000 6996.846000 7053 6935
829 85.829000 7007.141000 7053 6955
830 86.049000 7016.601000 7081 6966
831 86.112000 7026.285000 7075 6965
832 86.271000 7037.093000 7089 6988
833 86.315000 7047.268000 7105 6985
834 86.351000 7056.078000 7108 6995
835 86.302000 7065.620000 7120 7007
836 86.600000 7075.624000 7128 7017
837 86.855000 7086.076000 7135 7024
838 86.901000 7096.070000 7150 7044
839 87.087000 7104.458000 7160 7051
840 87.178000 7114.615000 7188 7064
841 87.335000 7125.383000 7183 7071
842 87.299000 7135.377000 7188 7085
843 87.502000 7144.250000 7203 7089
844 87.547000 7155.319000 7205 7097
845 87.729000 7164.920000 7214 7105
846 87.892000 7173.837000 7226 7110
847 87.933000 7183.860000 7230 7122
848 88.108000 7194.230000 7249 7143
849 88.176000 7204.424000 7266 7150
850 88.344000 7214.180000 7261 7159
851 88.307000 7223.684000 7276 7160
852 88.500000 7233.508000 7278 7177
853 88.474000 7244.339000 7302 7189
854 88.356000 7252.792000 7309 7181
855 88.389000 7264.347000 7320 7206
856 88.504000 7273.895000 7328 7218
857 88.856000 7283.097000 7334 7228
858 89.084000 7294.903000 7351 7245
859 89.294000 7303.203000 7356 7245
860 89.151000 7313.926000 7365 7260
861 89.496000 7322.847000 7379 7267
862 89.539000 7332.086000 7383 7269
863 89.586000 7342.093000 7395 7282
864 89.673000 7352.594000 7407 7302
865 89.616000 7363.343000 7413 7303
866 89.670000 7373.178000 7419 7316
867 89.715000 7382.846000 7429 7321
868 89.762000 7392.173000 7443 7331
869 89.850000 7402.146000 7461 7346
870 89.897000 7412.179000 7458 7358
871 90.237000 7422.706000 7476 7365
872 90.236000 7432.167000 7497 7372
873 90.219000 7441.886000 7497 7386
874 90.437000 7452.086000 7506 7393
875 90.348000 7460.596000 7524 7407
876 90.463000 7471.289000 7520 7412
877 90.502000 7481.888000 7530 7430
878 90.547000 7491.986000 7547 7425
879 90.981000 7500.575000 7549 7443
880 91.175000 7511.194000 7564 7452
881 91.310000 7521.130000 7576 7466
882 91.433000 7530.926000 7584 7472
883 91.544000 7540.170000 7596 7485
884 91.465000 7551.178000 7600 7493
885 91.334000 7559.829000 7609 7507
886 91.349000 7569.438000 7632 7516
887 91.485000 7579.245000 7629 7532
888 91.598000 7589.711000 7640 7523
889 92.199000 7599.354000 7653 7548
890 92.009000 7609.395000 7668 7548
891 92.122000 7619.619000 7681 7564
892 92.208000 7630.017000 7682 7577
893 92.237000 7641.172000 7697 7592
894 92.353000 7649.354000 7711 7590
895 92.167000 7660.024000 7712 7608
896 92.210000 7670.265000 7727 7615
897 92.356000 7679.718000 7740 7619
898 92.512000 7690.161000 7741 7640
899 92.662000 7698.677000 7752 7646
900 92.713000 7709.588000 7772 7651
901 93.078000 7719.686000 7786 7663
902 93.225000 7729.585000 7788 7666
903 93.253000 7739.067000 7795 7682
904 93.419000 7749.130000 7799 7694
905 93.743000 7759.223000 7810 7710
906 93.741000 7769.412000 7830 7718
907 93.845000 7779.313000 7841 7722
908 93.907000 7788.709000 7850 7706
909 94.318000 7799.597000 7860 7745
910 94.303000 7809.701000 7855 7760
911 94.404000 7819.897000 7867 7756
912 94.721000 7829.362000 7882 7776
913 94.551000 7839.966000 7894 7780
914 94.405000 7849.298000 7901 7794
915 94.453000 7859.635000 7907 7800
916 94.629000 7868.694000 7921 7809
917 94.956000 7877.843000 7932 7817
918 95.031000 7888.720000 7945 7826
919 95.249000 7898.523000 7951 7827
920 95.386000 7908.545000 7970 7858
921 95.378000 7918.511000 7968 7858
922 95.484000 7928.337000 7980 7870
923 95.607000 7939.445000 7994 7883
924 95.833000 7948.841000 7996 7887
925 95.938000 7958.006000 8009 7901
926 95.975000 7968.281000 8013 7910
927 96.069000 7978.422000 8029 7905
928 96.160000 7988.782000 8045 7932
929 96.249000 7998.340000 8045 7945
930 96.415000 8008.885000 8069 7952
931 96.445000 8019.027000 8074 7963
932 96.585000 8028.430000 8076 7975
933 96.780000 8038.281000 8094 7974
934 96.965000 8048.477000 8102 7987
935 96.999000 8058.768000 8110 7999
936 97.131000 8068.753000 8127 8020
937 97.202000 8078.500000 8131 8017
938 97.440000 8088.478000 8142 8030
939 97.511000 8098.468000 8154 8031
940 97.532000 8108.090000 8160 8048
941 97.640000 8119.092000 8172 8063
942 97.606000 8128.059000 8175 8078
943 97.926000 8137.351000 8190 8081
944 98.213000 8148.475000 8202 8085
945 98.219000 8157.811000 8211 8096
946 98.332000 8168.517000 8220 8114
947 98.378000 8178.269000 8231 8117
948 98.252000 8187.915000 8236 8136
949 98.424000 8198.127000 8247 8140
950 98.609000 8207.490000 8265 8155
951 98.801000 8218.440000 8268 8171
952 99.031000 8227.870000 8283 8170
953 99.075000 8235.869000 8287 8180
954 99.195000 8247.348000 8297 8184
955 99.256000 8257.059000 8312 8196
956 99.342000 8267.416000 8319 8211
957 99.594000 8277.543000 8323 8209
958 99.765000 8287.901000 8342 8234
959 99.745000 8297.153000 8349 8224
960 99.768000 8307.110000 8361 8242
961 99.918000 8317.152000 8372 8263
962 100.012000 8326.740000 8384 8270
963 100.054000 8337.832000 8398 8277
964 100.317000 8347.958000 8412 8293
965 100.386000 8357.086000 8413 8295
966 100.533000 8367.354000 8420 8306
967 100.634000 8377.727000 8451 8309
968 100.750000 8387.679000 8443 8326
969 100.708000 8398.101000 8453 8336
970 100.842000 8408.019000 8462 8356
971 100.817000 8417.495000 8470 8371
972 100.664000 8427.132000 8477 8356
973 100.787000 8437.379000 8488 8376
974 101.013000 8446.720000 8494 8389
975 101.322000 8457.801000 8517 8404
976 100.964000 8467.601000 8525 8415
977 101.114000 8477.574000 8530 8423
978 101.285000 8487.502000 8542 8434
979 101.314000 8496.761000 8547 8437
980 101.623000 8506.999000 8570 8453
981 101.697000 8517.068000 8570 8453
982 101.892000 8526.992000 8577 8468
983 102.046000 8537.727000 8593 8480
984 102.202000 8548.157000 8597 8491
985 102.039000 8557.434000 8608 8506
986 101.907000 8566.261000 8623 8501
987 101.951000 8577.930000 8624 8507
988 101.991000 8587.026000 8635 8525
989 102.281000 8597.947000 8652 8538
990 102.305000 8607.494000 8664 8529
991 102.323000 8617.757000 8666 8528
992 102.446000 8626.451000 8675 8567
993 102.509000 8636.582000 8709 8583
994 103.148000 8646.490000 8701 8574
995 103.058000 8657.831000 8715 8595
996 103.177000 8667.339000 8719 8611
997 103.305000 8678.089000 8733 8615
998 103.523000 8687.787000 8743 8634
999 103.540000 8696.720000 8753 8640
1000 103.594000 8707.392000 8757 8653
