1 0.007300 0.000000 0 0
2 0.068800 1.000000 1 1
3 0.141500 2.667300 3 2
4 0.216100 4.658400 5 4
5 0.331000 7.154300 8 5
6 0.371300 9.838700 11 7
7 0.430200 12.742100 14 9
8 0.465800 15.741700 17 12
9 0.593100 19.156500 21 14
10 0.643900 22.643500 25 17
11 0.690100 26.296500 29 19
12 0.701000 29.936300 33 22
13 0.750400 33.822500 37 25
14 0.814600 37.703500 41 30
15 0.924100 41.726000 45 34
16 0.964600 45.706400 49 37
17 1.057200 50.108800 54 41
18 1.206600 54.524800 59 44
19 1.276800 59.061800 64 48
20 1.360400 63.484100 69 51
21 1.429600 68.128500 74 56
22 1.538300 72.733000 79 62
23 1.607000 77.342700 84 65
24 1.616500 82.119500 89 71
25 1.733400 86.954600 94 75
26 1.754900 91.787000 99 76
27 1.837900 96.685300 104 84
28 1.905000 101.586800 109 87
29 1.949700 106.568700 114 94
30 2.010100 111.510200 119 97
31 2.074800 116.503700 124 102
32 2.190300 121.484600 129 107
33 2.278100 126.927400 135 114
34 2.512700 132.311400 141 117
35 2.563400 137.762000 147 123
36 2.677900 143.163700 153 126
37 2.905300 148.654100 158 133
38 2.914000 154.043700 164 139
39 3.090800 159.680900 170 144
40 3.126100 165.156100 175 146
41 3.126800 170.783600 182 155
42 3.265200 176.314200 188 157
43 3.288300 181.971600 194 166
44 3.359200 187.549900 199 168
45 3.624300 193.243300 204 177
46 3.638400 198.875600 211 181
47 3.774700 204.555300 216 189
48 3.641400 210.116100 223 193
49 3.805400 216.081700 229 196
50 3.914400 221.880100 234 206
51 3.941700 227.743100 240 208
52 3.943800 233.659900 247 215
53 4.177100 239.549300 252 223
54 4.216900 245.417400 259 228
55 4.277500 251.331200 264 231
56 4.342100 257.264400 272 239
57 4.471400 263.227200 275 244
58 4.416200 269.159500 283 251
59 4.431400 275.095300 288 257
60 4.526100 281.105500 294 264
61 4.804400 287.027900 299 268
62 4.868300 293.142300 305 275
63 4.842000 299.096200 312 278
64 4.709500 305.028600 318 283
65 5.086800 311.365000 324 293
66 5.242700 317.817200 332 300
67 5.406700 324.263200 338 303
68 5.497000 330.680400 345 311
69 5.541800 337.168300 351 317
70 5.857900 343.526000 358 321
71 5.980500 349.876500 367 322
72 5.828900 356.477400 374 335
73 6.014600 362.874800 380 343
74 6.134600 369.372900 387 350
75 6.350000 375.781600 391 351
76 6.372900 382.246100 398 360
77 6.467700 388.651800 406 366
78 6.622600 395.244100 412 371
79 6.778100 401.768500 417 377
80 6.858200 408.346100 425 386
81 7.038100 414.893900 432 393
82 6.975200 421.481600 438 398
83 7.158000 428.078100 445 403
84 7.427100 434.719000 451 410
85 7.128700 441.254400 460 417
86 7.406700 447.884600 467 424
87 7.491400 454.626600 475 431
88 7.825700 461.219900 479 439
89 7.692900 467.864600 486 445
90 7.553900 474.410200 492 446
91 7.744400 481.146000 498 457
92 7.723500 487.783200 506 467
93 8.086600 494.458300 513 468
94 8.041000 501.169100 520 473
95 8.116400 507.846300 524 483
96 8.212700 514.462600 535 489
97 8.188700 521.294000 540 491
98 8.198300 528.203900 547 500
99 8.226300 534.980900 553 511
100 8.355200 541.747700 561 518
