1 0.009000 0.000000 0 0
101 5.080000 659.443000 913 549
201 11.386000 1571.045000 2062 1337
301 17.571000 2583.400000 3715 2203
401 24.212000 3676.885000 4940 3148
501 31.456000 4826.037000 6167 4112
601 38.455000 5984.430000 7432 5282
701 45.902000 7213.531000 10613 6346
801 53.452000 8433.315000 10863 7427
901 61.130000 9718.898000 12262 8589
1001 70.301000 11031.571000 15967 9674
1101 77.175000 12319.670000 15604 10700
1201 85.278000 13628.970000 17077 12181
1301 95.084000 14978.991000 19284 13196
1401 101.569000 16312.594000 20203 14371
1501 109.302000 17759.911000 22228 15650
1601 118.968000 19103.468000 24274 16526
1701 127.369000 20426.185000 25515 18100
1801 135.233000 21859.593000 27040 19631
1901 143.587000 23279.400000 30069 20755
2001 152.274000 24718.126000 30347 22141
2101 160.615000 26262.071000 34456 23345
2201 168.911000 27659.223000 33957 24415
2301 178.638000 29114.408000 36587 26018
2401 187.154000 30544.174000 37100 26998
2501 194.789000 32053.627000 38609 28667
2601 202.920000 33606.603000 40298 29768
2701 212.591000 35011.518000 42199 31337
2801 221.129000 36426.355000 43766 32552
2901 228.818000 38067.027000 46851 34016
3001 237.877000 39498.756000 46907 35402
3101 247.309000 40942.168000 51110 36895
3201 255.495000 42564.150000 50171 38556
3301 265.981000 43936.274000 54893 38969
3401 273.332000 45641.570000 57559 40896
3501 283.349000 47165.484000 58786 42611
3601 291.279000 48877.574000 58762 44187
3701 300.624000 50308.682000 59796 45505
3801 309.993000 51839.421000 62322 47121
3901 319.086000 53439.488000 65456 47941
4001 336.242000 54955.679000 69429 48953
4101 342.249000 56495.771000 70136 51168
4201 351.920000 58158.500000 70658 51915
4301 359.826000 59811.628000 71206 53658
4401 368.560000 61446.508000 73995 55605
4501 377.595000 63081.022000 84478 57155
4601 388.211000 64470.715000 76324 57716
4701 398.035000 66130.509000 78256 59264
4801 420.341000 67789.675000 80979 61618
4901 423.056000 69364.407000 85003 62587
5001 429.166000 70775.214000 83488 64062
5101 435.236000 72675.065000 86763 65302
5201 445.660000 74335.970000 95681 67319
5301 452.034000 75707.729000 92766 68645
5401 462.107000 77479.512000 89652 70189
5501 469.726000 78966.318000 92585 71188
5601 480.343000 80857.127000 100793 73507
5701 490.666000 82346.320000 100035 75269
5801 498.838000 84026.306000 98008 76287
5901 508.037000 85769.925000 107335 77781
6001 517.928000 87418.390000 105775 80031
6101 527.653000 89194.546000 111163 80878
6201 537.105000 90582.547000 109126 82683
6301 548.233000 92194.459000 110738 83732
6401 556.223000 93989.417000 109552 85448
6501 568.644000 95826.010000 111635 86781
6601 574.470000 97363.199000 122762 89181
6701 580.678000 98908.222000 117787 90020
6801 591.713000 101099.329000 123188 91674
6901 600.353000 102218.817000 124105 93320
7001 611.765000 104115.445000 121900 95086
7101 622.859000 105530.220000 124918 95724
7201 629.031000 107338.046000 123091 98094
7301 640.282000 109174.559000 130369 100010
7401 649.631000 110837.907000 129332 99849
7501 658.790000 112433.191000 134317 101348
7601 669.992000 114241.669000 137940 104524
7701 679.396000 115897.876000 136545 104066
7801 687.804000 117493.680000 146345 106879
7901 699.453000 119273.258000 139605 107947
8001 723.611000 121027.776000 143980 109614
8101 725.992000 122837.116000 151061 111044
8201 736.858000 124265.113000 145951 113129
8301 743.697000 126049.935000 146807 113701
8401 761.875000 127914.610000 152279 117321
8501 762.113000 129529.837000 154352 118322
8601 774.261000 131439.834000 158989 119572
8701 789.509000 132988.405000 161205 121668
8801 791.828000 135107.863000 163123 122987
8901 806.487000 136753.154000 159048 124750
9001 822.645000 138007.811000 165553 126354
9101 823.433000 140104.038000 167036 128175
9201 838.129000 141746.012000 163521 128014
9301 846.216000 143957.597000 168120 129986
9401 862.291000 145443.059000 180155 132420
9501 871.004000 147226.347000 181165 133285
9601 874.850000 148634.098000 175813 135535
9701 883.874000 150584.718000 178877 136746
9801 884.153000 152195.306000 180083 138372
9901 893.429000 154165.155000 184938 141037
10001 903.315000 156070.466000 191916 141833
