1 0.005000 0.000000 0 0
2 0.024000 1.000000 1 1
3 0.048000 2.694000 3 2
4 0.071000 4.841000 6 4
5 0.103000 7.397000 10 6
6 0.131000 10.227000 15 8
7 0.168000 13.527000 21 10
8 0.209000 16.754000 28 13
9 0.237000 20.468000 33 16
10 0.275000 24.381000 42 19
11 0.339000 28.417000 49 22
12 0.368000 32.875000 53 25
13 0.390000 36.834000 61 28
14 0.428000 41.220000 70 32
15 0.467000 45.970000 80 36
16 0.518000 51.018000 82 39
17 0.568000 55.549000 87 43
18 0.607000 60.554000 106 47
19 0.651000 65.887000 106 52
20 0.687000 71.232000 116 54
21 0.735000 76.543000 124 58
22 0.788000 81.890000 143 63
23 0.813000 87.362000 140 67
24 0.901000 93.834000 150 73
25 0.936000 98.175000 156 75
26 0.980000 104.356000 173 80
27 1.005000 109.109000 178 85
28 1.060000 116.017000 206 92
29 1.122000 120.704000 194 95
30 1.162000 127.355000 198 100
31 1.218000 133.933000 210 105
32 1.269000 138.563000 222 109
33 1.242000 145.897000 228 116
34 1.291000 152.335000 264 120
35 1.344000 158.926000 258 126
36 1.384000 165.221000 245 131
37 1.477000 171.968000 292 137
38 1.486000 177.640000 299 141
39 1.529000 184.667000 276 146
40 1.572000 190.395000 296 154
41 1.632000 197.098000 294 155
42 1.689000 205.301000 315 166
43 1.767000 210.229000 337 168
44 1.818000 217.673000 342 174
45 1.870000 225.772000 357 178
46 1.869000 231.844000 352 182
47 1.905000 237.417000 379 188
48 1.971000 245.110000 393 196
49 2.010000 253.285000 363 203
50 2.068000 258.669000 378 203
51 2.121000 266.652000 420 215
52 2.162000 272.493000 400 216
53 2.217000 278.169000 383 226
54 2.267000 286.426000 447 229
55 2.331000 294.187000 468 238
56 2.374000 302.164000 447 241
57 2.427000 308.599000 430 248
58 2.599000 317.045000 519 258
59 2.550000 323.709000 506 265
60 2.586000 331.630000 511 260
61 2.642000 340.307000 509 270
62 2.683000 346.576000 515 280
63 2.732000 353.219000 491 280
64 2.795000 360.766000 534 291
65 2.865000 368.686000 552 300
66 2.887000 374.653000 538 302
67 2.938000 381.090000 578 310
68 2.992000 389.831000 581 318
69 3.062000 398.899000 605 326
70 3.100000 405.824000 598 323
71 3.150000 413.802000 619 337
72 3.215000 420.606000 632 342
73 3.263000 429.900000 743 350
74 3.309000 436.398000 653 361
75 3.367000 444.045000 640 357
76 3.422000 450.464000 634 370
77 3.482000 460.422000 652 380
78 3.527000 466.919000 673 382
79 3.584000 476.614000 641 389
80 3.636000 486.294000 674 396
81 3.687000 491.007000 717 414
82 3.741000 499.207000 721 411
83 3.827000 510.206000 705 416
84 3.856000 516.332000 723 419
85 3.914000 525.435000 741 432
86 3.972000 531.918000 759 438
87 4.028000 542.397000 789 441
88 4.096000 549.615000 913 445
89 4.131000 556.599000 823 456
90 4.194000 565.760000 817 461
91 4.249000 574.847000 814 459
92 4.318000 580.928000 864 473
93 4.346000 588.394000 888 489
94 4.410000 595.967000 840 490
95 4.463000 608.100000 968 495
96 4.558000 614.412000 826 512
97 4.576000 621.424000 883 516
98 4.628000 630.578000 1055 509
99 4.695000 642.120000 943 535
100 4.757000 649.311000 958 525
101 4.806000 656.353000 1082 550
102 4.862000 664.536000 953 553
103 4.930000 671.679000 949 546
104 4.996000 682.225000 997 555
105 5.040000 691.266000 1033 562
106 5.130000 696.776000 1025 583
107 5.190000 709.528000 1052 581
108 5.217000 716.960000 1006 592
109 5.292000 728.341000 1036 585
110 5.319000 731.747000 1068 598
111 5.421000 741.349000 1090 615
112 5.441000 754.086000 1074 620
113 5.486000 759.526000 1115 623
114 5.566000 766.309000 1106 635
115 5.611000 774.878000 1050 642
116 5.691000 784.850000 1240 651
117 5.709000 791.372000 1108 651
118 5.772000 800.549000 1094 655
119 5.820000 810.238000 1188 666
120 5.892000 820.014000 1174 661
121 5.937000 827.862000 1134 692
122 6.003000 837.775000 1190 696
123 6.058000 841.822000 1169 710
124 6.111000 852.735000 1193 715
125 6.184000 866.792000 1276 729
126 6.236000 873.418000 1143 727
127 6.292000 876.792000 1352 724
128 6.347000 887.652000 1204 733
129 6.410000 899.265000 1336 743
130 6.476000 904.147000 1220 754
131 6.537000 913.387000 1228 754
132 6.593000 924.268000 1351 787
133 6.684000 938.927000 1350 785
134 6.740000 941.355000 1267 786
135 6.862000 949.709000 1297 801
136 6.846000 964.806000 1329 806
137 6.911000 972.479000 1325 802
138 7.047000 983.386000 1376 806
139 7.217000 988.265000 1427 820
140 7.363000 996.933000 1367 837
141 7.181000 999.069000 1330 840
142 7.228000 1014.086000 1414 846
143 7.343000 1027.088000 1423 846
144 7.424000 1037.319000 1353 852
145 7.676000 1036.036000 1349 872
146 7.906000 1049.530000 1440 867
147 8.002000 1062.323000 1605 893
148 8.231000 1072.065000 1672 893
149 8.098000 1081.434000 1560 891
150 8.018000 1087.915000 1505 902
151 8.054000 1097.372000 1479 921
152 8.093000 1103.989000 1484 924
153 8.115000 1120.396000 1574 918
154 8.139000 1124.627000 1472 934
155 8.096000 1138.227000 1533 928
156 8.326000 1145.048000 1551 952
157 8.459000 1152.175000 1589 949
158 8.500000 1164.485000 1736 986
159 8.585000 1171.489000 1585 971
160 8.507000 1181.123000 1650 999
161 8.378000 1194.336000 1769 1032
162 8.432000 1197.973000 1568 1017
163 8.508000 1205.741000 1703 1018
164 8.543000 1217.354000 1639 1013
165 8.623000 1231.490000 1692 1015
166 8.762000 1239.507000 1721 1034
167 8.820000 1243.434000 1650 1021
168 8.828000 1253.269000 1794 1051
169 8.895000 1268.125000 1727 1057
170 8.932000 1274.149000 1697 1081
171 8.996000 1286.657000 1669 1099
172 9.052000 1293.622000 1997 1070
173 9.082000 1301.989000 1788 1103
174 9.176000 1312.750000 1748 1087
175 9.219000 1323.026000 1918 1118
176 9.277000 1327.979000 1738 1100
177 9.341000 1339.830000 1822 1133
178 9.407000 1350.247000 1812 1123
179 9.474000 1365.571000 1827 1148
180 9.525000 1371.451000 1875 1127
181 9.595000 1379.138000 1981 1135
182 9.649000 1392.885000 1859 1181
183 9.699000 1404.676000 2007 1166
184 9.838000 1406.140000 1884 1184
185 10.321000 1418.670000 1940 1188
186 10.222000 1421.738000 1928 1197
187 9.934000 1438.797000 1912 1204
188 10.008000 1439.209000 2005 1207
189 10.069000 1458.039000 2024 1231
190 10.141000 1463.519000 1954 1240
191 10.286000 1477.538000 2032 1239
192 10.343000 1480.371000 2016 1220
193 10.355000 1499.267000 2302 1265
194 10.980000 1507.762000 2171 1270
195 10.707000 1521.328000 2108 1247
196 10.620000 1525.612000 2232 1296
197 10.758000 1531.495000 2222 1293
198 10.729000 1542.445000 2233 1301
199 10.875000 1555.007000 2088 1291
200 10.955000 1565.411000 2008 1310
201 11.027000 1571.632000 2065 1296
202 10.996000 1579.820000 2090 1317
203 11.164000 1592.411000 2066 1323
204 11.212000 1611.001000 2252 1355
205 11.196000 1611.016000 2185 1373
206 11.289000 1617.761000 2227 1336
207 11.384000 1630.550000 2206 1374
208 11.372000 1644.585000 2390 1353
209 11.412000 1655.562000 2223 1403
210 11.478000 1666.309000 2190 1407
211 11.551000 1664.009000 2353 1407
212 11.596000 1682.763000 2295 1422
213 11.670000 1693.693000 2241 1417
214 11.778000 1701.287000 2414 1451
215 11.783000 1710.701000 2254 1402
216 11.937000 1725.514000 2264 1468
217 11.927000 1736.440000 2334 1462
218 11.926000 1736.568000 2360 1466
219 12.031000 1756.093000 2498 1456
220 12.117000 1766.460000 2426 1454
221 12.165000 1775.547000 2294 1484
222 12.343000 1773.031000 2484 1491
223 12.392000 1783.865000 2418 1490
224 12.367000 1802.218000 2489 1510
225 12.456000 1815.191000 2625 1548
226 12.513000 1822.018000 2428 1511
227 12.693000 1834.718000 2545 1522
228 12.658000 1842.569000 2461 1561
229 13.100000 1854.643000 2476 1596
230 12.881000 1864.421000 2489 1545
231 12.807000 1862.693000 2419 1598
232 12.834000 1883.325000 2695 1568
233 13.002000 1899.010000 2478 1587
234 13.036000 1897.895000 2488 1547
235 13.161000 1913.992000 2530 1577
236 13.314000 1924.668000 2760 1618
237 13.248000 1923.952000 2686 1642
238 13.349000 1940.489000 2988 1636
239 13.627000 1944.141000 2846 1667
240 13.571000 1967.727000 2539 1671
241 13.757000 1964.932000 2674 1648
242 13.669000 1982.343000 2610 1675
243 13.656000 1989.015000 2705 1648
244 13.768000 1997.418000 2572 1723
245 13.767000 2013.434000 2687 1691
246 13.824000 2023.488000 2779 1688
247 13.924000 2032.744000 2671 1731
248 14.031000 2045.031000 2721 1687
249 14.387000 2055.741000 2828 1730
250 14.233000 2060.707000 2649 1745
251 14.045000 2071.782000 2798 1744
252 14.164000 2090.638000 2857 1784
253 14.184000 2093.333000 2727 1793
254 14.227000 2103.208000 2823 1799
255 14.368000 2110.745000 2701 1799
256 14.423000 2127.454000 2784 1820
257 14.533000 2131.211000 2987 1751
258 14.571000 2144.564000 3090 1843
259 14.593000 2152.010000 2973 1838
260 14.697000 2164.258000 2968 1847
261 14.751000 2178.643000 2848 1830
262 14.813000 2185.494000 2973 1844
263 14.886000 2196.783000 2963 1862
264 14.969000 2211.095000 2901 1877
265 15.047000 2227.655000 3186 1901
266 15.192000 2229.604000 3187 1889
267 15.270000 2240.716000 3107 1910
268 15.238000 2248.131000 3015 1912
269 15.281000 2265.790000 2982 1917
270 15.426000 2268.634000 3225 1951
271 15.425000 2274.331000 2937 1902
272 15.469000 2288.909000 2994 1924
273 15.570000 2304.119000 3084 1937
274 15.617000 2302.710000 3123 1974
275 15.628000 2317.542000 3110 1969
276 15.699000 2324.685000 3047 1995
277 15.770000 2343.723000 3138 2020
278 15.877000 2343.984000 3340 1987
279 15.942000 2356.194000 3104 2016
280 16.015000 2377.050000 3128 2012
281 16.048000 2372.134000 3169 2015
282 16.191000 2399.388000 2981 2018
283 16.261000 2398.992000 3230 2035
284 16.321000 2414.234000 3411 2051
285 16.362000 2418.080000 3384 2081
286 16.429000 2442.627000 3379 2071
287 16.487000 2443.503000 3476 2067
288 16.615000 2455.051000 3296 2103
289 16.628000 2462.840000 3267 2087
290 16.732000 2486.126000 3322 2087
291 16.766000 2494.216000 3288 2131
292 16.855000 2503.844000 3523 2147
293 16.903000 2495.486000 3299 2155
294 17.020000 2520.017000 3320 2172
295 17.032000 2517.171000 3644 2131
296 17.100000 2550.514000 3613 2165
297 17.187000 2552.738000 3434 2198
298 17.260000 2561.731000 3564 2188
299 17.286000 2570.899000 3267 2217
300 17.391000 2589.249000 3556 2160
301 17.398000 2578.578000 3328 2220
302 17.495000 2595.780000 3696 2215
303 17.556000 2623.901000 3388 2189
304 17.622000 2619.553000 4184 2256
305 17.702000 2643.056000 3502 2255
306 17.707000 2656.618000 3586 2267
307 17.762000 2665.865000 3616 2229
308 17.863000 2677.826000 3652 2237
309 17.954000 2673.210000 3509 2286
310 17.999000 2693.417000 3527 2283
311 18.033000 2698.728000 3461 2324
312 18.092000 2710.214000 3679 2319
313 18.128000 2717.998000 3410 2325
314 18.264000 2738.843000 3550 2335
315 18.402000 2742.575000 3447 2316
316 18.348000 2760.176000 3817 2358
317 18.423000 2770.261000 3752 2370
318 18.504000 2782.343000 3628 2398
319 18.581000 2794.253000 3742 2393
320 18.702000 2791.321000 3670 2358
321 18.669000 2798.075000 3639 2409
322 18.761000 2827.481000 3763 2386
323 18.847000 2823.848000 3853 2369
324 18.866000 2832.447000 3613 2451
325 18.926000 2842.976000 3656 2407
326 19.010000 2861.400000 3667 2422
327 19.050000 2860.606000 4039 2430
328 19.143000 2876.946000 3767 2428
329 19.212000 2891.021000 4189 2482
330 19.287000 2901.218000 3813 2481
331 19.405000 2908.424000 3931 2478
332 19.528000 2923.925000 3986 2494
333 19.537000 2943.676000 4193 2500
334 20.327000 2943.466000 3901 2467
335 20.031000 2964.003000 3760 2513
336 19.714000 2956.208000 3993 2551
337 19.757000 2977.958000 4111 2550
338 19.991000 2984.168000 3790 2591
339 20.027000 3009.725000 3841 2561
340 20.127000 3024.680000 3879 2594
341 20.207000 3011.326000 3850 2609
342 20.785000 3026.116000 4083 2615
343 20.716000 3038.516000 4018 2615
344 20.592000 3054.491000 3992 2589
345 20.371000 3062.762000 3928 2625
346 20.451000 3073.565000 4117 2614
347 20.507000 3086.128000 3980 2580
348 20.566000 3101.534000 4220 2621
349 20.639000 3113.762000 4045 2659
350 20.650000 3113.029000 4059 2655
351 20.749000 3119.790000 4110 2713
352 20.826000 3150.990000 4506 2713
353 20.904000 3146.785000 4185 2705
354 20.967000 3159.871000 4011 2719
355 20.945000 3162.243000 4198 2639
356 21.037000 3177.505000 4414 2727
357 21.140000 3196.276000 4157 2728
358 21.185000 3207.738000 4458 2795
359 21.243000 3222.775000 4592 2749
360 21.318000 3239.699000 4389 2739
361 21.367000 3245.846000 4300 2792
362 21.431000 3242.549000 4264 2774
363 22.160000 3259.286000 4091 2797
364 22.161000 3272.912000 4520 2782
365 21.907000 3269.621000 4282 2806
366 21.703000 3302.679000 4515 2857
367 21.888000 3311.478000 4565 2830
368 21.937000 3306.643000 4389 2804
369 22.041000 3329.295000 4541 2847
370 21.979000 3334.557000 4249 2890
371 22.151000 3344.774000 4552 2896
372 22.206000 3356.917000 4662 2873
373 22.300000 3365.607000 4281 2864
374 22.466000 3388.520000 4389 2828
375 22.428000 3385.682000 4400 2918
376 22.532000 3410.149000 4422 2885
377 22.498000 3408.416000 4544 2905
378 22.653000 3428.971000 4439 2913
379 22.734000 3435.247000 4993 2974
380 22.812000 3437.803000 4618 2961
381 22.867000 3456.921000 4809 2991
382 22.936000 3476.914000 4698 3001
383 23.061000 3489.201000 4669 2996
384 23.070000 3503.540000 4891 2939
385 23.114000 3490.301000 4607 3000
386 23.161000 3518.694000 4571 3039
387 23.274000 3525.839000 4498 3025
388 23.380000 3531.420000 4471 3014
389 23.386000 3547.418000 4809 3040
390 23.462000 3554.985000 4532 3116
391 23.524000 3558.882000 4672 3047
392 23.635000 3564.910000 4785 3019
393 23.733000 3590.093000 4506 3119
394 23.760000 3598.701000 4615 3035
395 23.787000 3606.286000 4829 3154
396 23.833000 3619.339000 4772 3095
397 23.910000 3637.307000 4680 3104
398 24.001000 3660.178000 4918 3116
399 24.051000 3647.414000 4730 3119
400 24.130000 3661.869000 4870 3145
401 24.214000 3679.435000 4848 3133
402 24.245000 3692.869000 4831 3218
403 24.331000 3702.345000 5610 3213
404 24.433000 3719.275000 4801 3241
405 24.473000 3716.602000 4838 3213
406 24.524000 3732.600000 4868 3196
407 24.610000 3746.839000 4911 3154
408 24.618000 3747.209000 5022 3232
409 24.751000 3761.406000 5100 3236
410 24.764000 3780.129000 4927 3236
411 25.015000 3792.566000 5050 3258
412 25.060000 3813.614000 4862 3240
413 25.115000 3822.257000 5107 3298
414 25.142000 3829.059000 5203 3288
415 25.198000 3838.654000 5017 3335
416 25.371000 3848.126000 4959 3319
417 25.392000 3852.383000 4887 3346
418 25.446000 3860.388000 4870 3312
419 25.495000 3890.371000 5089 3362
420 25.532000 3913.258000 5343 3323
421 25.559000 3902.035000 5437 3359
422 25.682000 3911.819000 5217 3402
423 25.735000 3922.788000 4919 3406
424 25.808000 3933.474000 5449 3427
425 25.884000 3947.421000 5136 3391
426 25.938000 3944.590000 5085 3400
427 25.991000 3945.004000 4993 3403
428 26.367000 3982.836000 5238 3462
429 26.624000 3992.638000 5293 3456
430 26.249000 4012.927000 5246 3436
431 26.247000 4017.509000 5237 3460
432 26.347000 4022.157000 5423 3484
433 26.437000 4039.915000 5420 3476
434 26.598000 4048.824000 5428 3463
435 26.607000 4048.645000 5233 3463
436 26.666000 4079.511000 5591 3494
437 26.814000 4082.675000 5481 3540
438 26.843000 4077.937000 5300 3517
439 26.898000 4120.050000 5602 3476
440 26.970000 4117.912000 5220 3549
441 26.972000 4130.423000 5695 3506
442 27.076000 4137.953000 5404 3598
443 27.143000 4160.300000 5410 3574
444 27.334000 4166.821000 5513 3572
445 27.322000 4187.138000 5235 3608
446 27.390000 4189.474000 5432 3672
447 27.446000 4196.251000 5149 3618
448 28.128000 4230.059000 5574 3663
449 27.757000 4225.541000 5558 3694
450 27.749000 4236.040000 5364 3676
451 28.287000 4247.488000 5703 3684
452 27.866000 4262.503000 5513 3665
453 28.542000 4253.993000 5347 3645
454 28.268000 4294.552000 5297 3715
455 28.088000 4295.989000 5599 3747
456 28.123000 4285.573000 5710 3737
457 28.650000 4318.804000 5759 3649
458 28.373000 4320.977000 5911 3638
459 28.319000 4331.496000 5716 3639
460 28.435000 4349.136000 5531 3709
461 28.457000 4344.845000 5593 3776
462 28.430000 4361.490000 6071 3774
463 28.630000 4400.091000 5876 3729
464 28.643000 4392.781000 5677 3789
465 28.762000 4397.407000 5829 3828
466 28.864000 4409.159000 5756 3826
467 28.944000 4433.498000 5756 3810
468 28.913000 4436.984000 5620 3864
469 29.040000 4452.690000 6231 3839
470 29.049000 4457.887000 5633 3784
471 29.100000 4468.917000 5993 3862
472 29.193000 4482.134000 6078 3822
473 29.275000 4502.533000 5769 3871
474 29.366000 4501.693000 6201 3949
475 29.560000 4523.491000 6000 3904
476 29.637000 4528.286000 6189 3946
477 29.565000 4545.614000 6061 3887
478 29.561000 4543.249000 5920 3932
479 29.630000 4576.795000 6006 3891
480 29.747000 4578.358000 5834 4000
481 29.761000 4584.213000 6094 3971
482 29.812000 4578.776000 5962 3930
483 29.893000 4616.219000 6721 4002
484 29.979000 4610.084000 5801 3972
485 30.062000 4626.976000 6063 3955
486 30.157000 4647.957000 6221 4054
487 30.163000 4660.709000 5872 3987
488 30.250000 4658.211000 6066 4012
489 30.335000 4675.495000 6026 4065
490 30.545000 4693.000000 6376 4053
491 30.667000 4700.094000 6283 4010
492 30.627000 4717.395000 6471 4068
493 30.638000 4711.011000 6243 4067
494 30.728000 4747.530000 5998 4011
495 30.841000 4749.190000 6133 4103
496 30.889000 4762.943000 6037 4131
497 30.947000 4765.854000 6171 4187
498 31.030000 4776.339000 6170 4096
499 31.211000 4797.632000 6074 4159
500 31.165000 4803.976000 6127 4192
501 31.279000 4826.565000 6449 4167
502 31.323000 4824.190000 6274 4142
503 31.438000 4850.478000 6305 4227
504 31.578000 4849.041000 6373 4170
505 31.596000 4868.128000 6383 4239
506 31.773000 4886.098000 6496 4247
507 31.930000 4892.810000 6779 4252
508 31.818000 4886.316000 6395 4219
509 31.796000 4911.956000 6450 4286
510 31.940000 4925.678000 6454 4160
511 31.952000 4948.603000 6324 4216
512 32.115000 4963.643000 6382 4312
513 32.101000 4972.960000 6407 4269
514 32.186000 4974.486000 6611 4322
515 32.251000 4993.166000 6366 4302
516 32.439000 5000.766000 6805 4334
517 32.628000 5009.399000 6460 4299
518 32.609000 5022.768000 6547 4314
519 32.664000 5030.134000 6397 4381
520 32.794000 5055.340000 6546 4424
521 32.713000 5035.977000 6496 4361
522 32.930000 5063.347000 6416 4277
523 32.891000 5061.652000 6477 4334
524 32.927000 5105.994000 6555 4407
525 32.968000 5104.103000 7056 4399
526 33.047000 5118.111000 6497 4381
527 33.219000 5136.626000 6581 4398
528 33.193000 5149.781000 6572 4498
529 33.228000 5146.475000 6872 4435
530 33.461000 5143.418000 6719 4472
531 33.522000 5159.306000 6726 4457
532 33.629000 5183.533000 6648 4513
533 33.681000 5184.803000 7179 4493
534 33.667000 5185.220000 6911 4553
535 33.657000 5206.719000 7062 4556
536 33.700000 5225.644000 7777 4523
537 33.781000 5238.482000 6858 4573
538 33.912000 5250.193000 7063 4543
539 34.000000 5275.579000 6876 4637
540 34.029000 5267.034000 6795 4570
541 34.180000 5290.533000 7052 4584
542 34.229000 5302.079000 7393 4527
543 34.261000 5294.432000 6529 4537
544 34.334000 5308.468000 6705 4581
545 34.429000 5329.480000 6847 4607
546 34.547000 5333.479000 6866 4612
547 34.655000 5352.288000 7002 4707
548 34.669000 5379.852000 6865 4617
549 34.682000 5374.515000 7131 4665
550 34.756000 5396.382000 6953 4604
551 34.839000 5389.093000 6975 4637
552 34.923000 5408.110000 6991 4674
553 34.982000 5430.838000 6921 4776
554 35.102000 5438.752000 7121 4742
555 35.156000 5455.019000 7287 4723
556 35.236000 5469.193000 7219 4717
557 35.328000 5465.408000 6976 4777
558 35.379000 5489.106000 7102 4735
559 35.486000 5490.658000 7102 4841
560 35.574000 5516.827000 7131 4798
561 35.612000 5527.459000 7651 4830
562 35.692000 5538.732000 6986 4803
563 35.711000 5548.878000 7539 4807
564 35.848000 5557.527000 8041 4765
565 35.849000 5580.363000 6958 4828
566 35.996000 5583.471000 7286 4855
567 35.974000 5583.529000 7008 4829
568 36.026000 5610.659000 7062 4899
569 36.245000 5617.507000 7108 4825
570 36.397000 5630.386000 7182 4850
571 36.478000 5633.551000 7246 4916
572 36.506000 5643.027000 7046 4927
573 36.536000 5657.120000 7668 4884
574 36.674000 5685.468000 7433 5002
575 36.684000 5677.098000 7553 4920
576 36.849000 5699.928000 7305 4910
577 36.825000 5689.835000 7438 4971
578 36.981000 5707.327000 7409 4914
579 37.074000 5739.055000 7412 4940
580 36.938000 5729.603000 7088 4959
581 37.028000 5764.251000 7274 5063
582 37.141000 5780.227000 7517 5033
583 37.202000 5785.072000 7669 5026
584 37.258000 5786.309000 7354 5018
585 37.312000 5785.105000 7019 5120
586 37.381000 5808.117000 7351 5089
587 37.471000 5835.259000 8435 5073
588 37.564000 5838.692000 7444 5020
589 37.707000 5858.187000 7517 5093
590 37.670000 5863.527000 7982 5151
591 37.839000 5873.342000 7559 5092
592 37.877000 5875.608000 7726 5058
593 37.905000 5902.000000 8085 5095
594 37.920000 5914.660000 7466 5150
595 37.992000 5909.706000 7547 5168
596 38.171000 5942.078000 7789 5223
597 38.231000 5939.411000 7865 5110
598 38.351000 5958.975000 7589 5121
599 38.346000 5979.388000 7594 5226
600 38.566000 5974.571000 7812 5183
601 38.608000 5989.612000 7807 5267
602 38.599000 6020.899000 8329 5236
603 38.611000 6012.418000 7868 5182
604 38.773000 6044.694000 8014 5299
605 38.787000 6046.959000 7814 5260
606 38.902000 6048.678000 8052 5235
607 38.922000 6055.263000 8466 5258
608 39.034000 6079.947000 8040 5226
609 39.141000 6105.975000 7912 5289
610 39.118000 6098.537000 7603 5370
611 39.187000 6104.873000 7866 5329
612 39.235000 6102.298000 8308 5318
613 39.361000 6120.687000 7970 5293
614 39.457000 6166.212000 8195 5343
615 39.453000 6165.275000 8257 5356
616 39.690000 6173.476000 8052 5371
617 39.626000 6182.282000 8194 5315
618 39.715000 6189.149000 8171 5359
619 39.906000 6214.021000 8286 5393
620 39.873000 6209.767000 7942 5388
621 39.974000 6230.638000 8233 5417
622 40.142000 6274.114000 8462 5486
623 40.113000 6253.085000 7892 5495
624 40.131000 6272.722000 8119 5459
625 40.232000 6284.391000 7992 5463
626 40.356000 6284.743000 9005 5473
627 40.529000 6313.031000 7800 5525
628 40.545000 6299.227000 8648 5577
629 40.604000 6314.939000 9122 5465
630 40.623000 6369.175000 8545 5418
631 40.682000 6375.648000 8010 5600
632 40.673000 6344.970000 8018 5434
633 40.823000 6385.559000 8225 5589
634 40.927000 6384.744000 8257 5493
635 41.031000 6410.943000 8537 5606
636 40.973000 6393.746000 8450 5496
637 41.124000 6429.838000 8438 5580
638 41.253000 6456.151000 8459 5597
639 41.274000 6467.228000 7968 5629
640 41.430000 6487.547000 8452 5659
641 41.402000 6455.840000 8354 5605
642 41.667000 6487.330000 8122 5625
643 41.657000 6507.470000 8009 5590
644 41.695000 6511.819000 8227 5653
645 41.746000 6529.470000 8439 5666
646 41.803000 6535.906000 8669 5661
647 41.892000 6562.213000 8200 5652
648 41.998000 6565.960000 8422 5743
649 42.031000 6568.426000 8333 5656
650 42.169000 6585.935000 8551 5777
651 42.126000 6593.524000 8668 5698
652 42.287000 6619.379000 8721 5782
653 42.323000 6617.326000 8373 5708
654 42.380000 6638.001000 8327 5605
655 42.460000 6659.708000 8183 5824
656 42.588000 6671.641000 9019 5837
657 42.566000 6660.305000 8590 5841
658 42.712000 6683.310000 9656 5809
659 42.825000 6694.537000 8337 5889
660 42.843000 6714.487000 8565 5782
661 42.988000 6733.329000 9445 5895
662 43.038000 6747.773000 8835 5918
663 43.084000 6743.950000 9055 5850
664 43.125000 6759.107000 8578 5838
665 43.225000 6786.618000 9097 5885
666 43.380000 6770.627000 9295 5853
667 43.496000 6786.865000 8471 5898
668 43.439000 6787.015000 8909 5919
669 43.650000 6847.089000 8831 5888
670 43.737000 6832.406000 9619 5946
671 43.933000 6823.361000 8678 6000
672 43.938000 6858.931000 8579 5965
673 43.992000 6849.843000 9199 5924
674 43.978000 6843.768000 8843 6033
675 44.162000 6878.818000 8727 6066
676 44.154000 6912.533000 9019 6069
677 44.342000 6926.580000 9019 6046
678 44.360000 6905.758000 9079 6026
679 44.425000 6923.371000 8498 6012
680 44.341000 6914.560000 8809 6021
681 44.507000 6959.938000 9136 6085
682 44.632000 6965.054000 9340 6058
683 44.687000 7009.596000 9050 6078
684 44.829000 7006.392000 9818 6112
685 44.920000 7032.221000 9454 6112
686 44.942000 7012.940000 9025 6133
687 45.111000 7035.321000 8801 6054
688 45.199000 7039.762000 8686 6108
689 45.234000 7061.504000 9495 6217
690 45.130000 7077.231000 8736 6168
691 45.243000 7087.502000 8506 5992
692 45.290000 7116.611000 9053 6127
693 45.346000 7124.895000 8913 6242
694 45.431000 7132.224000 9571 6101
695 45.571000 7173.212000 9102 6218
696 45.534000 7157.528000 9571 6259
697 45.682000 7159.915000 9235 6147
698 45.730000 7150.012000 9690 6344
699 45.840000 7189.184000 10079 6242
700 45.776000 7167.136000 9193 6330
701 45.948000 7229.979000 9652 6287
702 46.046000 7237.371000 9531 6317
703 46.070000 7247.146000 9998 6247
704 46.175000 7276.054000 9675 6273
705 46.213000 7246.382000 9238 6284
706 46.303000 7259.149000 9323 6298
707 46.365000 7302.958000 9211 6354
708 46.441000 7318.672000 9139 6341
709 46.595000 7318.187000 9950 6392
710 46.606000 7336.252000 9265 6375
711 46.701000 7334.539000 9273 6392
712 46.725000 7336.828000 9350 6407
713 46.741000 7344.162000 9592 6426
714 46.915000 7365.565000 9289 6397
715 47.002000 7367.663000 8913 6395
716 47.041000 7383.548000 9512 6291
717 47.118000 7423.297000 9342 6491
718 47.254000 7421.369000 9163 6451
719 47.301000 7446.199000 9319 6402
720 47.310000 7438.699000 9459 6485
721 47.437000 7438.078000 9322 6510
722 47.448000 7463.573000 9338 6482
723 47.526000 7475.051000 9819 6504
724 47.624000 7467.339000 10096 6532
725 47.718000 7466.556000 10132 6533
726 47.787000 7522.399000 9617 6539
727 47.914000 7548.508000 9729 6554
728 47.925000 7528.657000 9529 6658
729 48.066000 7559.832000 9412 6587
730 48.135000 7559.200000 9837 6558
731 48.199000 7564.390000 9731 6534
732 48.159000 7563.885000 9569 6576
733 48.284000 7599.643000 9405 6578
734 48.356000 7620.190000 9712 6730
735 48.445000 7601.634000 9961 6673
736 48.546000 7662.313000 10673 6691
737 48.867000 7633.966000 9843 6674
738 49.187000 7672.860000 10104 6677
739 48.983000 7687.999000 9570 6703
740 49.035000 7691.778000 10030 6537
741 49.127000 7669.482000 9852 6695
742 49.225000 7708.057000 10084 6646
743 49.266000 7752.763000 9722 6687
744 49.333000 7768.984000 10475 6759
745 49.305000 7734.778000 9960 6728
746 49.363000 7768.080000 10065 6768
747 49.437000 7764.845000 9734 6819
748 49.423000 7787.439000 11012 6810
749 49.493000 7800.512000 10077 6817
750 49.576000 7799.798000 9863 6906
751 49.632000 7818.618000 9846 6865
752 49.731000 7820.987000 9987 6880
753 49.821000 7821.700000 10540 6821
754 49.875000 7847.751000 10455 6878
755 50.107000 7894.238000 10435 6848
756 50.135000 7862.693000 9717 6879
757 50.229000 7905.786000 10248 6928
758 50.441000 7916.988000 10752 6903
759 50.348000 7918.664000 10498 6916
760 50.301000 7927.291000 10654 6946
761 50.446000 7949.566000 10007 6870
762 50.577000 7945.116000 10276 6893
763 50.493000 7943.956000 10021 6977
764 50.627000 8002.705000 10549 6988
765 50.657000 8023.536000 10228 7048
766 50.683000 8006.383000 11155 7012
767 50.840000 8011.463000 10181 6950
768 50.866000 8026.842000 9976 7002
769 50.949000 8038.369000 10021 6950
770 51.234000 8065.349000 10517 7005
771 51.383000 8059.861000 9902 7009
772 51.502000 8104.943000 10419 7159
773 51.552000 8111.069000 10042 7059
774 51.673000 8112.644000 10260 6940
775 51.647000 8129.867000 10842 6948
776 51.770000 8169.118000 10417 6992
777 51.663000 8125.021000 10526 7034
778 51.760000 8155.718000 10695 7188
779 51.842000 8176.254000 10167 7125
780 51.886000 8218.534000 10208 7104
781 52.019000 8190.046000 11406 7160
782 52.081000 8175.299000 10820 7196
783 52.154000 8227.138000 11547 7189
784 52.146000 8234.394000 10612 7133
785 52.257000 8255.106000 10460 7143
786 52.360000 8255.107000 10826 7362
787 52.388000 8240.729000 10305 7341
788 52.469000 8288.938000 11054 7296
789 52.690000 8320.185000 11178 7169
790 52.787000 8326.024000 10878 7289
791 52.751000 8324.963000 10819 7201
792 52.705000 8319.283000 10948 7220
793 52.847000 8387.846000 11091 7337
794 53.094000 8342.610000 10743 7382
795 53.050000 8416.309000 10601 7418
796 53.079000 8368.156000 10760 7385
797 53.072000 8403.311000 10973 7361
798 53.283000 8405.016000 10802 7436
799 53.362000 8408.536000 11631 7285
800 53.408000 8444.368000 10885 7350
801 53.460000 8440.265000 11342 7350
802 53.426000 8427.442000 11023 7234
803 53.637000 8448.260000 10728 7449
804 53.729000 8492.275000 11550 7417
805 53.727000 8477.257000 11625 7132
806 54.097000 8504.255000 11046 7470
807 53.860000 8497.895000 10552 7449
808 53.968000 8511.476000 10880 7439
809 54.090000 8525.126000 11450 7443
810 54.187000 8565.616000 10711 7452
811 54.239000 8563.460000 11329 7460
812 54.341000 8578.068000 11062 7516
813 54.334000 8591.654000 11173 7536
814 54.502000 8628.448000 10968 7346
815 54.589000 8611.583000 10767 7553
816 54.660000 8637.695000 11556 7544
817 54.789000 8665.108000 11583 7559
818 54.815000 8654.198000 11559 7588
819 54.835000 8657.239000 11327 7654
820 54.896000 8688.954000 10905 7595
821 55.081000 8709.176000 11023 7499
822 55.190000 8735.489000 10788 7644
823 55.191000 8737.369000 10797 7579
824 55.188000 8734.091000 11332 7643
825 55.571000 8781.300000 11042 7694
826 57.797000 8771.540000 11149 7722
827 57.219000 8789.572000 11187 7648
828 57.375000 8791.572000 11231 7735
829 56.938000 8797.576000 11394 7660
830 56.722000 8796.526000 10893 7507
831 56.791000 8837.262000 11061 7724
832 56.639000 8836.791000 11126 7838
833 56.855000 8862.257000 11293 7804
834 57.166000 8839.558000 11160 7810
835 58.176000 8890.116000 11013 7794
836 58.595000 8888.974000 11316 7818
837 58.690000 8869.900000 11786 7836
838 58.904000 8919.741000 11116 7925
839 58.345000 8935.682000 11857 7773
840 58.754000 8939.012000 11307 7856
841 58.257000 8926.537000 11126 7891
842 58.152000 8957.607000 11455 7852
843 57.613000 8988.029000 11582 7985
844 58.220000 8989.679000 11252 7823
845 58.500000 9018.380000 11669 7783
846 59.104000 9012.610000 12229 7892
847 59.299000 9037.615000 12149 7844
848 58.954000 9064.050000 11335 7961
849 58.900000 9056.718000 11846 7916
850 58.758000 9065.507000 11513 7821
851 58.821000 9063.442000 11941 7936
852 58.458000 9072.893000 11792 8054
853 58.546000 9087.551000 11863 7938
854 58.793000 9127.286000 11662 7942
855 58.786000 9139.095000 12061 8050
856 59.124000 9133.062000 11812 8000
857 59.387000 9162.945000 11556 7966
858 59.657000 9145.891000 11247 7908
859 59.376000 9221.430000 11736 7854
860 59.523000 9188.055000 11664 8030
861 60.332000 9251.171000 11552 8126
862 59.879000 9213.061000 11407 7984
863 59.498000 9223.582000 11548 8114
864 59.344000 9254.966000 11665 8147
865 60.183000 9277.550000 11625 8089
866 59.942000 9295.061000 11784 8158
867 60.028000 9316.101000 11638 8055
868 59.727000 9302.659000 11834 8110
869 59.725000 9287.474000 12589 8175
870 59.805000 9292.086000 11486 8111
871 59.074000 9356.336000 11460 8252
872 58.974000 9323.249000 11930 8133
873 59.103000 9363.857000 11925 8234
874 59.305000 9370.466000 11514 8327
875 60.146000 9359.380000 11589 8167
876 60.616000 9405.530000 11901 8237
877 61.074000 9393.750000 12303 8231
878 60.839000 9443.329000 12201 8241
879 60.801000 9402.351000 11361 8290
880 60.343000 9441.426000 12148 8377
881 60.646000 9452.832000 12222 8366
882 61.314000 9464.496000 12306 8389
883 61.227000 9473.525000 12315 8311
884 61.110000 9536.726000 12596 8380
885 60.464000 9506.413000 12142 8267
886 60.730000 9537.199000 12996 8420
887 62.563000 9550.629000 12323 8371
888 60.419000 9539.529000 12603 8167
889 60.377000 9511.330000 11705 8420
890 60.774000 9608.534000 11850 8405
891 60.801000 9551.611000 11496 8449
892 62.463000 9612.773000 12564 8434
893 62.160000 9560.923000 12944 8441
894 61.873000 9602.874000 12738 8318
895 61.801000 9638.929000 12217 8602
896 61.733000 9620.267000 12662 8418
897 61.500000 9673.173000 11923 8491
898 62.260000 9694.879000 12565 8418
899 62.254000 9689.838000 12052 8393
900 62.301000 9687.473000 12605 8445
901 62.191000 9687.972000 12067 8497
902 62.566000 9726.057000 12238 8637
903 62.406000 9728.649000 12296 8565
904 62.508000 9738.080000 12349 8329
905 62.324000 9768.085000 12662 8557
906 62.677000 9762.295000 12623 8588
907 62.245000 9769.997000 12335 8532
908 62.484000 9793.919000 12254 8551
909 62.923000 9849.128000 12679 8544
910 63.006000 9860.588000 13720 8632
911 63.230000 9860.727000 12407 8512
912 62.391000 9859.880000 12117 8710
913 62.118000 9847.531000 12803 8704
914 62.143000 9842.251000 12744 8568
915 62.554000 9859.388000 12106 8727
916 62.936000 9894.352000 12429 8687
917 63.271000 9935.045000 12214 8709
918 63.219000 9945.372000 12398 8759
919 64.624000 9951.006000 13374 8709
920 64.597000 9951.524000 12192 8601
921 64.562000 9932.126000 13636 8767
922 66.143000 9994.605000 12609 8770
923 66.839000 9996.306000 12621 8700
924 64.881000 9977.232000 12797 8743
925 67.092000 10044.124000 13628 8844
926 65.803000 10044.112000 12968 8755
927 65.370000 10010.020000 12586 8821
928 66.338000 10034.741000 12698 8785
929 65.588000 10063.534000 13135 8763
930 64.962000 10060.221000 12794 8687
931 65.645000 10083.911000 12466 8726
932 65.989000 10072.082000 13005 8746
933 66.114000 10141.594000 12285 8718
934 66.409000 10098.005000 13149 8895
935 64.237000 10160.126000 12721 8876
936 64.341000 10139.577000 12945 8796
937 64.637000 10182.211000 12606 8690
938 64.842000 10163.691000 13540 8989
939 64.544000 10224.788000 12808 9003
940 65.571000 10227.382000 12959 8914
941 66.509000 10232.780000 12824 8865
942 66.349000 10253.133000 14381 8885
943 66.734000 10255.740000 13937 9060
944 66.465000 10244.141000 13266 8865
945 66.443000 10293.431000 12592 9029
946 66.331000 10275.627000 13021 8883
947 66.502000 10294.828000 12810 8915
948 66.814000 10291.762000 13930 9082
949 67.656000 10315.058000 12465 9137
950 66.969000 10326.472000 12768 9095
951 66.026000 10333.774000 15057 9222
952 66.917000 10330.916000 12588 9034
953 67.247000 10357.938000 12988 9103
954 67.943000 10397.858000 13668 9061
955 68.225000 10371.031000 14120 9217
956 65.624000 10402.731000 13365 8990
957 65.601000 10446.569000 13957 9219
958 65.593000 10485.470000 12883 9248
959 66.012000 10477.917000 13770 9201
960 67.230000 10489.160000 12807 9204
961 68.991000 10444.384000 13330 9221
962 68.874000 10494.877000 13309 9136
963 68.172000 10512.871000 13042 9292
964 68.256000 10529.832000 14423 9270
965 67.564000 10548.429000 13684 9190
966 68.516000 10537.833000 13439 9263
967 67.301000 10539.944000 13060 9421
968 66.861000 10534.046000 12816 9062
969 66.579000 10593.729000 13636 9335
970 66.528000 10612.466000 13094 9346
971 66.751000 10609.175000 13533 9314
972 67.887000 10612.961000 13261 9284
973 68.810000 10619.966000 13152 9279
974 69.951000 10666.456000 12626 9223
975 69.562000 10625.482000 14198 9448
976 69.880000 10691.321000 14125 9371
977 68.569000 10690.187000 13403 9305
978 67.426000 10715.220000 13268 9276
979 67.428000 10755.730000 13709 9553
980 67.995000 10722.429000 13518 9471
981 68.968000 10737.981000 14389 9500
982 70.167000 10762.646000 13833 9460
983 70.530000 10784.333000 13589 9495
984 70.471000 10807.852000 13914 9510
985 68.387000 10802.776000 13528 9376
986 68.080000 10769.051000 12936 9383
987 68.157000 10834.140000 14271 9465
988 69.832000 10842.462000 13333 9496
989 71.154000 10821.497000 13829 9534
990 71.145000 10879.718000 13436 9551
991 69.929000 10894.919000 13471 9366
992 68.889000 10885.210000 13433 9448
993 68.551000 10906.571000 15413 9466
994 68.295000 10923.446000 13650 9726
995 68.382000 10939.190000 13791 9750
996 68.510000 10954.928000 13931 9529
997 68.694000 10966.122000 13500 9645
998 68.707000 10948.210000 13118 9707
999 69.076000 11000.138000 13487 9513
1000 69.101000 10999.174000 14259 9652
