1 0.008000 0.000000 0 0
1001 74.721000 10997.576000 13483 9709
2001 147.939000 24823.159000 32917 22326
3001 232.816000 39545.857000 49381 35089
4001 325.677000 55049.834000 64092 49900
5001 417.366000 70928.739000 89127 63633
6001 510.821000 87332.822000 105869 78447
7001 604.796000 103919.514000 122871 95822
8001 700.740000 121131.207000 147808 110367
9001 793.987000 138040.256000 163628 125860
10001 895.020000 155798.199000 190311 142256
11001 998.753000 173637.369000 208911 158868
12001 1115.271000 191520.476000 227427 173445
13001 1209.106000 210031.852000 250274 191962
14001 1309.203000 228333.253000 264236 208441
15001 1409.326000 246338.402000 289193 224919
16001 1487.448000 264169.265000 304839 243838
17001 1591.928000 282940.046000 335181 256923
18001 1689.619000 301811.633000 371601 272283
19001 1796.181000 320632.660000 367189 295194
20001 1898.647000 338974.688000 415597 311594
21001 2004.390000 358836.445000 423792 324833
22001 2106.923000 376470.718000 444874 345324
23001 2213.259000 397756.307000 470150 363890
24001 2316.740000 416347.047000 485576 374822
25001 2427.546000 434490.532000 504457 401677
26001 2531.162000 454478.569000 519999 419093
27001 2637.542000 474012.950000 552589 439417
28001 2745.420000 494253.647000 575760 449726
29001 2853.711000 514102.633000 587988 474104
30001 2957.894000 532165.916000 610793 490320
31001 3064.311000 552484.888000 655897 513712
32001 3179.930000 572426.381000 646947 530142
33001 3288.470000 592867.203000 681647 551541
34001 3389.826000 612015.546000 705010 566213
35001 3507.688000 633877.747000 734289 584864
36001 3604.414000 653734.343000 777757 605312
37001 3721.254000 672925.845000 765579 626350
38001 3824.630000 692794.201000 797112 640440
39001 3941.137000 714613.126000 840676 653806
40001 4051.180000 733859.834000 852790 679666
41001 4169.897000 754489.570000 858374 701192
42001 4275.102000 774141.615000 903141 716735
43001 4380.055000 796454.472000 929508 732695
44001 4490.573000 814876.280000 956185 754561
45001 4599.336000 836786.009000 954867 769538
46001 4713.135000 857003.085000 986517 786460
47001 4829.657000 880245.619000 1031048 804836
48001 4940.784000 900006.030000 1010104 833548
49001 5056.908000 918888.597000 1052265 851789
50001 5170.463000 939070.716000 1069410 871915
51001 5299.578000 962694.873000 1166629 880307
52001 5406.601000 981573.791000 1118293 910705
53001 5511.580000 1001859.218000 1162086 924115
54001 5614.186000 1024115.300000 1147207 953528
55001 5721.810000 1044760.029000 1181951 967374
56001 5842.086000 1065761.806000 1228219 988292
57001 6047.137000 1085273.740000 1368302 1009083
58001 6081.164000 1109250.148000 1285540 1033045
59001 6188.684000 1131883.749000 1298587 1050624
60001 6302.586000 1148503.883000 1312726 1062035
61001 6414.792000 1172535.245000 1322633 1095865
62001 6527.976000 1192647.096000 1372369 1095243
63001 6648.772000 1214833.276000 1402967 1120940
64001 6755.766000 1232918.115000 1431413 1150632
65001 6874.946000 1258017.675000 1490775 1153979
66001 6994.393000 1276553.558000 1485859 1193385
67001 7107.011000 1297934.653000 1501878 1215530
68001 7231.557000 1319072.181000 1514916 1220640
69001 7376.829000 1344406.409000 1552775 1241833
70001 7450.438000 1361165.423000 1542244 1265691
71001 7593.304000 1384088.859000 1564794 1280196
72001 7679.913000 1405997.166000 1620609 1312651
73001 7808.376000 1427088.405000 1633647 1335236
74001 7959.401000 1451355.644000 1701642 1352182
75001 8043.870000 1471010.841000 1757681 1366481
76001 8174.189000 1495382.583000 1694317 1384911
77001 8263.563000 1512400.472000 1722645 1410972
78001 8380.955000 1533752.176000 1773062 1423232
79001 8506.857000 1560755.718000 1842537 1461779
80001 8617.399000 1581556.359000 1805321 1474866
81001 8728.045000 1603469.496000 1854774 1490105
82001 8853.256000 1620773.753000 1906188 1502114
83001 8965.509000 1643052.252000 1891458 1527760
84001 9084.160000 1664393.694000 1909353 1560819
85001 9191.769000 1684988.781000 1979258 1564225
86001 9344.339000 1712927.609000 2067461 1601360
87001 9430.818000 1729680.316000 2067197 1616371
88001 9654.219000 1752096.308000 2075214 1627511
89001 9728.486000 1773493.572000 1998917 1650871
90001 9861.937000 1798714.782000 2068595 1672763
91001 10000.767000 1820436.498000 2097111 1684061
92001 10072.207000 1842040.425000 2103694 1721951
93001 10126.276000 1863841.475000 2244827 1730410
94001 10251.768000 1885740.265000 2234133 1755182
95001 10372.918000 1909008.906000 2185979 1753713
96001 10501.739000 1931602.480000 2201377 1798528
97001 10599.085000 1952550.786000 2273862 1820369
98001 10725.683000 1976212.257000 2285440 1843363
99001 10852.500000 1996898.149000 2236506 1846006
100001 11111.771000 2019581.053000 2323849 1881030
