1 0.005000 0.000000 0 0
2 0.025000 1.000000 1 1
3 0.035000 2.000000 2 2
4 0.067000 4.000000 4 4
5 0.090000 6.000000 6 6
6 0.121000 8.424000 9 8
7 0.156000 11.052000 12 10
8 0.205000 13.892000 16 13
9 0.229000 16.910000 20 16
10 0.271000 20.124000 25 19
11 0.311000 23.484000 30 22
12 0.353000 27.041000 36 25
13 0.400000 30.538000 40 28
14 0.454000 34.491000 47 31
15 0.479000 38.443000 51 34
16 0.518000 42.167000 55 38
17 0.560000 46.240000 68 42
18 0.605000 50.474000 66 46
19 0.646000 54.696000 71 50
20 0.707000 59.070000 80 54
21 0.784000 63.301000 87 58
22 0.799000 68.091000 91 62
23 0.859000 72.828000 95 66
24 0.940000 77.147000 105 70
25 0.904000 81.874000 106 74
26 0.962000 86.933000 112 78
27 1.013000 91.810000 119 82
28 1.094000 96.499000 129 86
29 1.178000 101.709000 130 91
30 1.175000 106.654000 142 96
31 1.187000 111.919000 156 100
32 1.269000 116.971000 155 105
33 1.288000 122.315000 165 110
34 1.432000 127.407000 171 114
35 1.408000 132.549000 176 120
36 1.437000 137.903000 197 124
37 1.509000 142.932000 192 128
38 1.576000 148.520000 200 134
39 1.592000 154.446000 194 138
40 1.630000 159.641000 207 143
41 1.728000 165.646000 211 149
42 1.746000 170.980000 223 153
43 1.799000 176.626000 230 158
44 1.833000 182.054000 239 164
45 1.892000 187.715000 245 170
46 1.935000 194.284000 256 174
47 1.986000 199.869000 264 179
48 2.030000 205.603000 267 185
49 2.095000 211.805000 281 190
50 2.141000 217.151000 282 195
51 2.190000 222.850000 304 201
52 2.247000 228.757000 290 206
53 2.291000 234.970000 303 211
54 2.348000 240.164000 331 217
55 2.404000 247.522000 316 222
56 2.452000 254.643000 336 228
57 2.585000 259.466000 354 233
58 2.595000 265.154000 348 238
59 2.609000 271.264000 342 241
60 2.766000 278.315000 379 251
61 2.774000 284.591000 369 255
62 2.795000 290.071000 376 262
63 2.826000 296.480000 374 267
64 2.878000 302.883000 419 273
65 2.935000 309.324000 407 276
66 2.995000 315.039000 393 285
67 3.051000 322.741000 404 292
68 3.097000 328.724000 435 295
69 3.151000 334.616000 434 301
70 3.201000 341.791000 444 307
71 3.254000 347.986000 470 314
72 3.314000 354.298000 435 320
73 3.374000 361.557000 462 325
74 3.421000 367.276000 479 329
75 3.465000 373.341000 470 338
76 3.522000 380.831000 484 343
77 3.585000 387.592000 481 349
78 3.658000 394.747000 516 355
79 3.686000 400.180000 522 360
80 3.739000 407.180000 510 367
81 3.796000 415.162000 545 374
82 3.855000 420.165000 563 376
83 3.904000 427.123000 551 386
84 3.963000 435.335000 580 391
85 4.039000 441.912000 563 396
86 4.076000 446.852000 589 402
87 4.139000 454.114000 583 409
88 4.192000 460.739000 578 418
89 4.254000 469.033000 594 423
90 4.300000 475.980000 598 429
91 4.364000 483.174000 619 437
92 4.436000 489.291000 600 439
93 4.467000 494.972000 660 452
94 4.544000 503.796000 646 456
95 4.595000 510.143000 651 459
96 4.651000 517.458000 636 471
97 4.713000 524.053000 642 475
98 4.770000 530.072000 649 480
99 4.821000 538.446000 671 484
100 4.884000 545.299000 707 495
101 4.938000 552.372000 712 502
102 4.988000 559.349000 723 509
103 5.070000 566.027000 686 509
104 5.137000 573.657000 710 509
105 5.167000 580.589000 736 527
106 5.231000 586.192000 733 530
107 5.295000 595.754000 772 539
108 5.347000 601.447000 754 542
109 5.396000 608.701000 747 551
110 5.458000 618.056000 791 563
111 5.633000 622.699000 788 563
112 5.805000 631.597000 838 564
113 5.931000 640.235000 768 571
114 5.758000 645.126000 789 580
115 5.846000 652.970000 856 593
116 5.853000 660.116000 805 603
117 5.913000 667.966000 839 609
118 5.975000 677.300000 852 610
119 6.051000 682.171000 864 613
120 6.105000 690.079000 888 629
121 6.153000 698.496000 926 630
122 6.186000 704.637000 934 637
123 6.264000 713.326000 856 644
124 6.305000 719.720000 913 651
125 6.368000 727.136000 922 657
126 6.438000 734.489000 936 666
127 6.484000 744.125000 920 669
128 6.549000 749.632000 920 685
129 6.632000 758.278000 952 686
130 6.684000 763.276000 927 697
131 6.756000 773.391000 958 700
132 6.836000 780.781000 976 705
133 6.894000 786.880000 957 707
134 6.932000 794.522000 1012 723
135 6.994000 803.770000 968 730
136 7.030000 810.418000 1036 731
137 7.105000 818.614000 1007 744
138 7.223000 823.345000 1023 741
139 7.404000 830.990000 1041 762
140 7.574000 840.511000 1012 762
141 7.432000 847.306000 1037 768
142 7.389000 853.105000 1046 777
143 7.674000 861.844000 1084 781
144 7.747000 868.724000 1074 790
145 7.905000 879.311000 1092 796
146 7.998000 887.279000 1146 807
147 7.893000 895.594000 1066 820
148 7.968000 902.737000 1138 811
149 8.062000 910.155000 1176 830
150 8.112000 916.990000 1092 829
151 8.223000 925.387000 1141 838
152 8.171000 935.523000 1210 847
153 8.270000 941.654000 1169 859
154 8.308000 948.053000 1216 855
155 8.420000 956.712000 1205 871
156 8.496000 965.038000 1207 869
157 8.536000 974.222000 1249 887
158 8.620000 977.698000 1174 896
159 8.733000 989.241000 1190 899
160 8.527000 995.565000 1252 905
161 8.586000 1005.685000 1281 909
162 8.614000 1012.663000 1237 914
163 8.664000 1019.899000 1219 923
164 8.738000 1025.238000 1220 933
165 8.883000 1036.833000 1317 941
166 8.879000 1044.676000 1338 949
167 8.914000 1050.215000 1303 958
168 8.992000 1058.850000 1311 953
169 9.051000 1069.126000 1334 968
170 9.124000 1074.205000 1285 976
171 9.184000 1085.956000 1384 982
172 9.272000 1092.309000 1341 991
173 9.309000 1098.757000 1335 1004
174 9.357000 1110.355000 1431 1008
175 9.427000 1112.922000 1358 1013
176 9.497000 1123.632000 1402 1027
177 9.547000 1132.355000 1348 1027
178 9.633000 1137.815000 1412 1036
179 9.671000 1148.074000 1423 1050
180 9.730000 1155.893000 1449 1055
181 9.807000 1166.140000 1441 1063
182 9.865000 1172.113000 1472 1072
183 10.224000 1180.045000 1471 1073
184 10.415000 1189.851000 1424 1084
185 10.155000 1195.993000 1518 1083
186 10.148000 1202.097000 1478 1091
187 10.193000 1212.557000 1569 1105
188 10.264000 1222.350000 1634 1104
189 10.370000 1227.095000 1634 1123
190 10.427000 1237.542000 1543 1134
191 10.479000 1244.433000 1545 1134
192 10.668000 1253.113000 1504 1132
193 11.095000 1261.443000 1530 1145
194 10.841000 1268.975000 1547 1163
195 10.831000 1280.558000 1534 1163
196 10.914000 1290.931000 1630 1161
197 10.958000 1295.165000 1552 1185
198 11.007000 1304.338000 1616 1196
199 11.066000 1312.112000 1625 1196
200 11.095000 1319.378000 1596 1200
201 11.263000 1327.705000 1599 1218
202 11.400000 1333.902000 1735 1220
203 11.402000 1344.361000 1706 1218
204 11.404000 1352.111000 1670 1229
205 11.442000 1361.985000 1694 1253
206 11.556000 1367.133000 1780 1247
207 11.665000 1374.403000 1629 1256
208 11.691000 1385.266000 1733 1270
209 11.696000 1391.231000 1773 1270
210 11.774000 1400.347000 1729 1290
211 11.922000 1410.080000 1763 1293
212 11.996000 1420.823000 1729 1301
213 11.960000 1428.579000 1694 1298
214 12.104000 1438.335000 1749 1304
215 12.101000 1445.269000 1892 1318
216 12.127000 1450.780000 1755 1328
217 12.225000 1460.130000 1743 1327
218 12.324000 1468.607000 1850 1343
219 12.384000 1478.821000 1848 1341
220 12.442000 1481.345000 1790 1340
221 12.472000 1493.199000 1967 1370
222 12.553000 1503.881000 1892 1377
223 12.567000 1512.640000 1873 1375
224 12.714000 1523.923000 1817 1387
225 12.790000 1526.553000 1846 1393
226 12.832000 1536.190000 1913 1413
227 12.938000 1543.652000 1819 1410
228 13.045000 1558.757000 1813 1426
229 13.270000 1567.207000 2035 1434
230 13.108000 1572.561000 1873 1438
231 13.221000 1579.400000 1982 1441
232 13.243000 1585.749000 2013 1451
233 13.348000 1589.888000 1889 1457
234 13.319000 1607.538000 2007 1472
235 13.499000 1610.572000 1945 1455
236 13.768000 1623.419000 1991 1483
237 13.861000 1632.093000 2007 1485
238 13.813000 1640.468000 2006 1507
239 13.787000 1651.891000 1983 1492
240 13.819000 1655.592000 2027 1516
241 13.838000 1664.262000 1976 1525
242 13.954000 1675.003000 2097 1513
243 14.019000 1682.939000 2109 1541
244 14.063000 1689.072000 2125 1542
245 14.112000 1697.641000 2107 1546
246 14.220000 1706.235000 2061 1560
247 14.253000 1716.157000 2127 1565
248 14.583000 1726.516000 2115 1575
249 14.365000 1733.384000 2123 1576
250 14.320000 1742.979000 2370 1594
251 14.422000 1748.510000 2143 1595
252 14.515000 1754.234000 2308 1592
253 14.672000 1766.999000 2163 1614
254 14.926000 1778.963000 2125 1619
255 14.647000 1783.858000 2383 1617
256 14.760000 1794.919000 2173 1642
257 14.811000 1802.268000 2120 1650
258 14.873000 1813.382000 2229 1660
259 14.949000 1820.222000 2225 1681
260 15.042000 1831.080000 2201 1679
261 15.100000 1836.922000 2288 1689
262 15.209000 1849.939000 2270 1697
263 15.196000 1857.200000 2238 1721
264 15.276000 1867.476000 2267 1707
265 15.589000 1872.693000 2221 1710
266 15.453000 1884.067000 2233 1727
267 15.411000 1891.774000 2236 1734
268 15.483000 1900.582000 2310 1732
269 15.594000 1910.193000 2357 1751
270 15.617000 1918.290000 2293 1742
271 15.681000 1925.956000 2294 1767
272 15.779000 1933.010000 2364 1782
273 15.848000 1945.766000 2368 1774
274 15.902000 1954.390000 2346 1786
275 15.961000 1962.525000 2467 1776
276 16.026000 1969.721000 2518 1817
277 16.078000 1974.557000 2344 1805
278 16.156000 1983.095000 2451 1804
279 16.192000 1997.637000 2464 1841
280 16.275000 2006.262000 2419 1842
281 16.445000 2015.352000 2482 1828
282 16.460000 2019.851000 2512 1851
283 16.549000 2031.634000 2423 1854
284 16.565000 2041.146000 2367 1866
285 16.764000 2052.464000 2591 1872
286 16.699000 2058.656000 2538 1889
287 16.804000 2065.374000 2594 1891
288 16.871000 2074.438000 2490 1904
289 16.895000 2085.643000 2538 1911
290 16.985000 2092.088000 2510 1906
291 17.053000 2102.555000 2534 1926
292 17.126000 2107.999000 2584 1947
293 17.199000 2119.101000 2590 1934
294 17.270000 2132.979000 2583 1948
295 17.339000 2137.809000 2603 1949
296 17.404000 2145.487000 2618 1958
297 17.437000 2154.357000 2589 1975
298 17.574000 2160.438000 2733 1975
299 17.571000 2167.424000 2621 1995
300 17.644000 2184.606000 2589 1995
301 17.734000 2189.702000 2926 1994
302 17.790000 2195.166000 2745 2001
303 17.854000 2208.561000 2878 2030
304 17.922000 2223.101000 2636 2038
305 17.992000 2228.741000 2672 2049
306 18.031000 2244.786000 2696 2039
307 18.144000 2250.797000 2741 2075
308 18.213000 2252.094000 2693 2066
309 18.321000 2259.141000 2836 2063
310 18.403000 2270.871000 2722 2080
311 18.437000 2280.561000 2829 2080
312 18.489000 2288.641000 2877 2089
313 18.639000 2301.016000 2893 2099
314 18.591000 2309.665000 2840 2127
315 18.780000 2312.121000 2773 2126
316 18.733000 2325.855000 2803 2124
317 18.789000 2332.889000 2840 2156
318 18.852000 2346.670000 2930 2148
319 18.960000 2350.857000 2942 2159
320 18.983000 2363.825000 2800 2165
321 19.012000 2377.677000 2916 2170
322 19.132000 2385.351000 2844 2182
323 19.163000 2389.310000 2873 2196
324 19.311000 2402.126000 3033 2191
325 19.418000 2412.303000 3281 2208
326 19.405000 2416.149000 2884 2221
327 19.448000 2425.714000 2941 2220
328 19.672000 2439.458000 2927 2240
329 20.236000 2442.280000 2925 2230
330 20.387000 2464.121000 3009 2251
331 20.288000 2466.365000 2875 2269
332 20.006000 2479.641000 3144 2266
333 19.967000 2482.777000 2969 2266
334 20.173000 2491.186000 3148 2282
335 20.034000 2496.285000 3170 2310
336 20.075000 2505.370000 2934 2293
337 20.178000 2516.745000 3040 2302
338 20.220000 2520.068000 2961 2275
339 20.298000 2538.105000 3003 2295
340 20.412000 2543.002000 3104 2327
341 20.418000 2554.654000 3190 2353
342 20.571000 2561.824000 3138 2356
343 20.721000 2569.489000 2984 2361
344 20.732000 2576.708000 3050 2362
345 20.754000 2591.382000 3163 2375
346 20.866000 2601.808000 3241 2384
347 20.837000 2611.710000 3090 2390
348 21.018000 2619.679000 3082 2398
349 21.020000 2630.619000 3201 2399
350 21.027000 2631.357000 3159 2426
351 21.259000 2648.932000 3190 2445
352 21.808000 2654.787000 3077 2432
353 21.947000 2662.045000 3093 2440
354 21.307000 2671.691000 3319 2459
355 21.437000 2683.370000 3174 2462
356 21.570000 2694.234000 3167 2481
357 21.615000 2706.655000 3429 2471
358 21.667000 2707.138000 3317 2492
359 21.689000 2718.133000 3259 2488
360 21.778000 2732.109000 3297 2519
361 21.872000 2744.343000 3333 2499
362 21.838000 2748.453000 3375 2528
363 21.918000 2753.662000 3506 2525
364 21.973000 2769.559000 3322 2511
365 22.069000 2779.129000 3337 2556
366 22.114000 2789.851000 3349 2546
367 22.215000 2798.399000 3372 2559
368 22.260000 2804.305000 3397 2589
369 22.328000 2812.578000 3297 2588
370 22.391000 2820.539000 3405 2591
371 22.569000 2831.185000 3433 2598
372 22.701000 2841.017000 3431 2602
373 22.738000 2846.130000 3407 2629
374 22.858000 2856.153000 3292 2647
375 22.988000 2867.239000 3524 2643
376 23.067000 2878.880000 3459 2653
377 23.211000 2884.314000 3463 2662
378 23.164000 2898.692000 3745 2659
379 23.238000 2907.339000 3418 2669
380 23.299000 2913.559000 3448 2678
381 23.349000 2932.214000 3444 2682
382 23.387000 2929.788000 3558 2695
383 23.452000 2946.416000 3606 2677
384 23.595000 2951.017000 3587 2726
385 23.668000 2964.387000 3446 2733
386 23.697000 2973.165000 3544 2732
387 23.719000 2978.227000 3713 2753
388 23.781000 2990.213000 3635 2741
389 23.876000 3001.744000 3491 2756
390 23.992000 3013.323000 3496 2768
391 24.046000 3026.611000 3566 2776
392 24.057000 3039.139000 3827 2785
393 24.137000 3033.756000 3791 2791
394 24.217000 3037.449000 3673 2814
395 24.296000 3048.582000 3536 2791
396 24.359000 3070.162000 3641 2848
397 24.396000 3076.320000 3752 2799
398 24.490000 3082.359000 3623 2846
399 24.554000 3096.084000 3922 2820
400 24.625000 3102.027000 3779 2855
401 24.694000 3108.814000 3711 2870
402 24.778000 3121.080000 3830 2870
403 24.857000 3134.120000 3950 2888
404 24.875000 3142.656000 3815 2854
405 25.048000 3147.373000 3776 2911
406 25.099000 3158.745000 4078 2898
407 25.554000 3170.859000 3885 2938
408 25.509000 3181.465000 3707 2892
409 26.132000 3184.111000 3795 2937
410 26.729000 3192.947000 3775 2927
411 26.356000 3208.109000 3896 2956
412 27.146000 3223.451000 3854 2943
413 26.857000 3225.610000 3909 2981
414 26.780000 3240.769000 3985 2973
415 26.659000 3245.207000 3857 2988
416 26.817000 3262.472000 3801 2974
417 26.786000 3269.309000 3853 2986
418 26.132000 3271.483000 3924 3003
419 26.165000 3287.585000 3897 3018
420 26.181000 3301.092000 4163 3011
421 26.042000 3296.824000 3795 3057
422 26.147000 3316.008000 3970 3015
423 26.151000 3328.301000 4170 3063
424 26.783000 3334.325000 4043 3080
425 27.168000 3337.797000 3992 3074
426 27.157000 3357.983000 4036 3103
427 27.211000 3355.416000 4033 3101
428 27.225000 3378.630000 4045 3118
429 27.406000 3374.331000 4054 3096
430 27.286000 3392.970000 3962 3128
431 27.316000 3404.039000 4070 3133
432 27.474000 3406.334000 3987 3133
433 27.530000 3415.190000 4328 3151
434 27.927000 3421.726000 4090 3149
435 27.683000 3440.549000 4065 3162
436 28.237000 3445.515000 4078 3169
437 28.216000 3457.778000 4199 3169
438 27.865000 3471.468000 4119 3199
439 27.672000 3482.796000 4186 3205
440 27.957000 3483.255000 4200 3216
441 27.658000 3497.298000 4332 3212
442 27.644000 3505.615000 4233 3219
443 27.653000 3513.962000 4376 3213
444 28.682000 3529.098000 4174 3254
445 28.115000 3535.661000 4206 3254
446 28.089000 3540.692000 4335 3283
447 28.746000 3553.176000 4125 3258
448 28.892000 3563.258000 4184 3269
449 29.045000 3566.919000 4276 3296
450 29.319000 3576.808000 4269 3299
451 29.178000 3590.840000 4538 3292
452 29.187000 3603.398000 4221 3301
453 29.576000 3603.205000 4311 3292
454 29.127000 3626.965000 4379 3348
455 29.199000 3628.973000 4433 3338
456 29.223000 3635.445000 4249 3364
457 29.256000 3645.993000 4560 3362
458 29.459000 3662.150000 4425 3351
459 29.262000 3667.643000 4440 3370
460 29.262000 3685.060000 4553 3378
461 29.254000 3687.590000 4512 3375
462 29.413000 3693.145000 4467 3411
463 29.381000 3707.241000 4386 3426
464 29.747000 3723.925000 4389 3367
465 30.214000 3726.535000 4724 3423
466 30.217000 3734.304000 4311 3440
467 29.830000 3744.641000 4637 3441
468 29.633000 3754.220000 4453 3473
469 29.732000 3760.643000 4484 3433
470 29.714000 3773.245000 4420 3491
471 29.672000 3790.498000 4362 3492
472 29.778000 3797.487000 4554 3471
473 31.172000 3798.423000 4428 3509
474 31.033000 3819.229000 4627 3517
475 30.083000 3825.365000 4380 3518
476 30.473000 3829.283000 4741 3552
477 30.392000 3847.387000 4560 3531
478 31.092000 3859.547000 4442 3527
479 31.002000 3858.619000 4602 3589
480 31.704000 3889.561000 4788 3563
481 31.405000 3877.632000 4523 3568
482 31.196000 3889.388000 4803 3546
483 30.908000 3902.130000 4642 3607
484 31.364000 3915.406000 4656 3607
485 31.197000 3927.297000 4720 3625
486 31.201000 3924.718000 4657 3625
487 31.372000 3926.011000 4580 3617
488 31.329000 3950.985000 4641 3614
489 31.390000 3958.396000 4611 3644
490 31.261000 3975.708000 4692 3677
491 31.192000 3983.706000 4693 3694
492 31.128000 3995.924000 4658 3682
493 31.214000 4007.940000 5196 3707
494 31.563000 4010.570000 4672 3664
495 31.557000 4006.205000 4776 3721
496 31.609000 4037.240000 5166 3684
497 31.606000 4033.227000 4832 3713
498 31.707000 4052.807000 4899 3717
499 31.746000 4054.648000 4705 3755
500 31.813000 4065.076000 4823 3737
501 31.901000 4069.147000 4823 3719
502 32.226000 4087.805000 4822 3750
503 32.080000 4098.276000 4912 3783
504 32.078000 4105.715000 5108 3784
505 32.042000 4115.586000 4969 3791
506 32.275000 4114.196000 4901 3807
507 32.253000 4143.981000 5079 3818
508 32.675000 4146.003000 5170 3810
509 32.529000 4153.473000 4880 3834
510 32.673000 4165.787000 5054 3886
511 32.650000 4177.750000 4944 3873
512 32.713000 4191.993000 5153 3843
513 32.751000 4189.454000 4866 3857
514 32.941000 4207.336000 4914 3870
515 32.837000 4221.272000 5052 3870
516 32.906000 4222.338000 4965 3900
517 33.020000 4227.500000 5401 3894
518 33.068000 4248.789000 5021 3888
519 33.109000 4256.182000 5039 3927
520 33.153000 4266.296000 4934 3928
521 33.606000 4271.515000 5110 3958
522 33.583000 4288.779000 5153 3912
523 33.630000 4300.833000 5115 3971
524 33.578000 4301.810000 5260 3959
525 33.673000 4313.513000 4935 3956
526 33.803000 4323.762000 5393 3985
527 33.754000 4339.889000 5342 3964
528 33.892000 4350.011000 5061 4015
529 33.953000 4357.220000 5143 4027
530 33.981000 4368.310000 5199 4046
531 34.071000 4382.331000 5034 4055
532 34.146000 4395.492000 5411 4048
533 34.248000 4395.630000 5103 4010
534 34.528000 4406.424000 5068 4092
535 34.459000 4415.459000 5168 4068
536 34.509000 4421.617000 5237 4092
537 34.538000 4426.386000 5368 4092
538 34.618000 4442.702000 5320 4090
539 34.702000 4458.835000 5274 4077
540 34.791000 4469.268000 5286 4122
541 34.805000 4476.753000 5160 4130
542 34.829000 4481.141000 5301 4153
543 34.943000 4508.134000 5350 4161
544 35.028000 4502.623000 5343 4136
545 35.115000 4512.567000 5581 4159
546 35.193000 4518.497000 5268 4154
547 35.566000 4530.269000 5269 4172
548 35.319000 4543.969000 5473 4191
549 35.384000 4553.877000 5527 4196
550 35.372000 4575.153000 5488 4226
551 35.417000 4577.496000 5671 4246
552 35.530000 4579.657000 5680 4270
553 35.596000 4597.297000 5345 4257
554 35.644000 4602.263000 5592 4228
555 35.703000 4615.264000 5366 4206
556 35.792000 4614.696000 5505 4241
557 35.873000 4639.658000 5505 4282
558 35.996000 4639.606000 5517 4282
559 36.295000 4645.185000 5342 4273
560 36.263000 4666.211000 5512 4338
561 36.293000 4673.269000 5555 4331
562 36.330000 4689.376000 5479 4320
563 36.776000 4698.969000 5443 4307
564 36.736000 4714.686000 5502 4338
565 36.843000 4718.117000 5510 4375
566 36.835000 4728.048000 5798 4384
567 37.038000 4740.466000 5536 4389
568 37.160000 4745.303000 5761 4382
569 37.545000 4751.226000 5483 4377
570 37.917000 4772.354000 5690 4360
571 38.188000 4770.782000 5605 4362
572 38.398000 4794.336000 5942 4431
573 38.500000 4791.730000 5658 4434
574 38.274000 4802.777000 5980 4440
575 37.782000 4813.508000 5936 4460
576 37.706000 4826.524000 6044 4398
577 37.768000 4833.051000 6211 4446
578 37.655000 4842.898000 5674 4497
579 37.546000 4862.839000 6061 4486
580 37.514000 4867.442000 5833 4540
581 37.645000 4878.105000 6008 4492
582 37.776000 4884.551000 5779 4539
583 38.211000 4897.789000 5823 4542
584 37.877000 4912.122000 5784 4529
585 37.965000 4921.183000 5889 4580
586 38.165000 4938.234000 5807 4523
587 38.297000 4938.343000 6035 4526
588 38.476000 4944.510000 6024 4541
589 39.317000 4967.858000 5853 4590
590 39.668000 4970.095000 5901 4588
591 40.164000 4978.713000 5899 4583
592 39.655000 4982.133000 5724 4645
593 40.062000 4996.828000 5994 4615
594 39.674000 5013.944000 5946 4641
595 39.056000 5016.854000 5893 4647
596 39.313000 5019.767000 5969 4648
597 39.359000 5037.197000 6281 4643
598 39.271000 5035.627000 6192 4672
599 39.357000 5061.922000 5880 4688
600 39.205000 5059.117000 6102 4664
601 39.454000 5071.853000 6147 4689
602 39.359000 5084.169000 5916 4657
603 39.443000 5101.381000 5889 4732
604 39.605000 5115.069000 6431 4692
605 39.589000 5126.455000 6192 4692
606 39.775000 5120.064000 6329 4738
607 39.831000 5133.578000 6441 4775
608 39.975000 5149.928000 5972 4713
609 40.422000 5159.245000 6036 4711
610 41.216000 5176.585000 6354 4787
611 41.120000 5180.724000 6121 4771
612 41.365000 5192.288000 6049 4802
613 41.719000 5206.208000 6103 4790
614 41.506000 5208.556000 6194 4812
615 41.181000 5217.808000 6188 4830
616 43.671000 5237.494000 6338 4828
617 42.182000 5243.024000 6228 4854
618 41.738000 5259.693000 6492 4877
619 41.836000 5258.627000 6340 4866
620 41.801000 5268.362000 6155 4883
621 42.001000 5283.567000 6266 4891
622 42.799000 5290.022000 6062 4907
623 42.367000 5303.364000 6174 4911
624 42.341000 5300.984000 6451 4905
625 41.746000 5327.065000 6215 4933
626 41.366000 5331.655000 6185 4950
627 41.222000 5343.953000 6497 4931
628 41.349000 5351.372000 6122 4917
629 41.293000 5355.960000 6266 4963
630 41.698000 5379.077000 6914 4976
631 42.321000 5386.372000 6358 4971
632 42.745000 5407.242000 6266 5015
633 42.473000 5402.910000 6398 4983
634 42.763000 5420.434000 6445 5038
635 42.992000 5419.678000 6276 5023
636 42.235000 5423.384000 6341 4993
637 41.981000 5446.153000 6527 5033
638 42.035000 5454.385000 6339 5000
639 42.146000 5463.854000 6550 5100
640 42.577000 5476.012000 6240 5060
641 42.925000 5501.734000 6516 5071
642 43.271000 5493.167000 6376 5095
643 43.171000 5499.932000 6389 5065
644 43.669000 5512.890000 6533 5076
645 43.921000 5517.780000 6468 5134
646 44.637000 5534.470000 6498 5106
647 44.749000 5549.904000 6510 5098
648 44.405000 5560.440000 6941 5159
649 44.487000 5567.633000 6785 5140
650 44.396000 5585.216000 6518 5150
651 44.884000 5576.812000 6804 5103
652 44.501000 5600.695000 6690 5188
653 44.437000 5606.015000 6432 5180
654 44.055000 5631.531000 6858 5228
655 44.271000 5630.356000 6929 5237
656 44.550000 5632.827000 6719 5220
657 43.979000 5651.196000 6526 5171
658 44.969000 5674.085000 7030 5254
659 44.399000 5668.061000 6630 5225
660 44.227000 5680.034000 6879 5269
661 44.616000 5700.091000 6697 5231
662 44.891000 5710.008000 6771 5280
663 45.373000 5713.711000 6586 5248
664 46.097000 5721.315000 6758 5282
665 46.440000 5737.885000 6635 5262
666 46.131000 5740.397000 6644 5271
667 45.895000 5774.898000 6905 5310
668 45.349000 5771.280000 6847 5340
669 45.059000 5770.382000 6925 5384
670 44.373000 5781.589000 6836 5350
671 44.543000 5794.110000 7230 5380
672 44.571000 5805.425000 7326 5387
673 44.668000 5817.481000 6872 5366
674 45.189000 5828.379000 6923 5404
675 45.510000 5829.649000 6865 5388
676 46.332000 5857.265000 7045 5364
677 46.374000 5846.864000 7257 5402
678 47.022000 5861.294000 6820 5425
679 46.575000 5879.650000 6986 5436
680 45.927000 5883.004000 6996 5423
681 45.680000 5906.504000 6989 5465
682 45.318000 5899.067000 7233 5450
683 45.430000 5917.994000 7088 5515
684 45.437000 5932.964000 6931 5503
685 45.495000 5941.667000 7269 5541
686 45.876000 5948.131000 6919 5483
687 46.301000 5961.006000 7222 5511
688 47.579000 5958.138000 6949 5535
689 47.558000 5982.625000 7061 5518
690 48.928000 5995.778000 6997 5558
691 47.705000 5997.266000 6921 5549
692 47.340000 6003.662000 7054 5578
693 46.693000 6025.613000 6969 5600
694 46.171000 6042.413000 7196 5603
695 46.223000 6044.672000 7328 5571
696 46.437000 6051.961000 7319 5631
697 47.102000 6058.038000 7107 5554
698 46.939000 6072.480000 7027 5539
699 47.787000 6073.107000 7352 5651
700 47.844000 6094.217000 7073 5655
701 48.417000 6099.306000 7299 5618
702 48.412000 6106.041000 7050 5633
703 47.513000 6121.687000 7140 5700
704 47.272000 6134.929000 7601 5721
705 47.211000 6127.343000 6990 5647
706 47.539000 6163.604000 7583 5709
707 47.435000 6159.988000 7294 5676
708 48.190000 6188.130000 7153 5767
709 48.516000 6189.487000 7213 5753
710 48.931000 6201.811000 7397 5775
711 48.880000 6211.257000 7222 5716
712 48.065000 6223.926000 7420 5747
713 48.003000 6224.781000 7480 5809
714 48.285000 6250.906000 7451 5768
715 48.458000 6252.864000 7329 5792
716 48.093000 6258.897000 7147 5768
717 48.217000 6267.714000 7411 5811
718 48.273000 6283.604000 7487 5837
719 48.315000 6297.176000 7197 5820
720 48.453000 6312.140000 7842 5827
721 48.328000 6308.117000 7361 5858
722 48.568000 6320.233000 7421 5856
723 48.911000 6350.277000 7508 5884
724 49.248000 6339.777000 7627 5871
725 49.513000 6351.956000 7506 5898
726 50.128000 6380.275000 7332 5863
727 50.517000 6372.731000 7479 5929
728 50.023000 6389.893000 7427 5920
729 49.401000 6389.392000 7567 5924
730 49.255000 6415.722000 7386 5921
731 49.963000 6416.315000 7501 5930
732 49.855000 6413.465000 8391 5988
733 49.790000 6441.588000 7895 5981
734 50.445000 6460.510000 7634 5929
735 50.098000 6454.874000 7780 5993
736 49.840000 6469.278000 7688 6023
737 49.522000 6485.485000 7677 5947
738 49.594000 6490.988000 7706 6028
739 49.579000 6494.208000 7672 5985
740 49.952000 6520.118000 7954 6028
741 50.520000 6524.302000 7608 6068
742 50.701000 6538.119000 7992 6021
743 51.177000 6553.969000 7595 6072
744 50.713000 6564.271000 7846 6071
745 50.637000 6559.204000 7650 6053
746 50.518000 6572.463000 7663 6075
747 50.319000 6583.288000 7769 6094
748 50.336000 6602.197000 7476 6106
749 50.473000 6616.167000 7775 6119
750 51.008000 6616.765000 7815 6128
751 51.385000 6624.524000 7536 6149
752 52.564000 6634.775000 7814 6131
753 52.434000 6637.241000 8052 6110
754 52.823000 6662.038000 7646 6180
755 52.901000 6680.946000 7796 6203
756 52.967000 6682.597000 7760 6191
757 52.430000 6689.286000 8188 6171
758 53.093000 6695.076000 8070 6241
759 53.228000 6717.711000 7689 6243
760 53.261000 6735.390000 8055 6180
761 52.936000 6733.717000 8081 6260
762 52.724000 6744.363000 8407 6231
763 51.977000 6738.278000 7874 6260
764 51.434000 6770.313000 7858 6250
765 51.572000 6781.906000 8099 6298
766 51.783000 6785.258000 8228 6288
767 51.897000 6774.745000 8141 6291
768 51.736000 6818.769000 8052 6289
769 52.138000 6830.074000 8299 6326
770 51.840000 6822.950000 8030 6348
771 51.929000 6854.394000 8063 6383
772 51.962000 6843.335000 8133 6343
773 52.074000 6859.733000 8149 6385
774 52.095000 6874.610000 8026 6398
775 52.162000 6882.412000 8070 6353
776 52.390000 6888.534000 8058 6399
777 52.647000 6915.282000 7990 6432
778 52.695000 6915.121000 7950 6416
779 52.746000 6925.992000 8918 6417
780 52.950000 6934.453000 8099 6473
781 52.953000 6936.250000 8087 6420
782 52.974000 6948.519000 7924 6442
783 53.146000 6951.338000 7996 6399
784 53.286000 6986.403000 8777 6467
785 53.364000 6995.201000 8234 6479
786 53.301000 7000.479000 8062 6530
787 53.225000 7010.059000 8372 6507
788 53.391000 7021.454000 7998 6560
789 53.374000 7036.315000 8364 6499
790 53.548000 7032.245000 8179 6533
791 53.659000 7056.321000 8257 6550
792 54.068000 7066.283000 8515 6540
793 54.804000 7059.534000 8326 6525
794 54.495000 7077.949000 8213 6584
795 54.837000 7082.976000 8359 6576
796 55.831000 7104.530000 8492 6617
797 54.856000 7125.210000 8240 6637
798 55.035000 7125.163000 8333 6630
799 54.521000 7136.411000 8541 6646
800 54.423000 7162.413000 8435 6662
801 54.693000 7152.970000 8715 6581
802 54.972000 7177.105000 8214 6686
803 56.340000 7191.660000 8882 6699
804 55.704000 7188.260000 8992 6709
805 56.717000 7183.294000 8502 6626
806 56.163000 7211.240000 8516 6694
807 56.251000 7218.962000 8644 6632
808 55.566000 7238.224000 8381 6648
809 56.614000 7240.604000 8481 6717
810 56.056000 7238.891000 8341 6689
811 56.668000 7262.651000 8499 6760
812 56.340000 7291.528000 8779 6780
813 56.886000 7280.472000 8577 6740
814 56.339000 7298.928000 8621 6821
815 56.591000 7290.196000 8706 6812
816 56.792000 7343.610000 8476 6806
817 56.904000 7333.880000 8329 6807
818 57.091000 7331.256000 8586 6771
819 56.965000 7354.101000 8825 6859
820 56.944000 7378.319000 8442 6805
821 56.612000 7378.647000 8558 6879
822 56.704000 7389.630000 8624 6815
823 56.560000 7384.946000 8646 6882
824 56.444000 7408.161000 8899 6876
825 56.564000 7415.208000 8654 6872
826 56.761000 7423.917000 8803 6856
827 56.885000 7426.269000 8648 6909
828 57.094000 7439.302000 8626 6882
829 57.084000 7444.704000 9105 6918
830 57.145000 7467.043000 8645 6887
831 57.169000 7488.058000 8931 6908
832 57.159000 7490.400000 9115 6973
833 57.148000 7472.459000 8584 6968
834 57.197000 7488.187000 8611 6904
835 57.222000 7516.747000 9072 6994
836 57.256000 7535.985000 9019 7001
837 57.727000 7544.018000 8808 6952
838 57.929000 7571.682000 9166 6979
839 57.788000 7559.737000 8862 7045
840 58.068000 7565.406000 9258 6978
841 58.993000 7584.680000 9185 7021
842 58.496000 7597.098000 9202 7065
843 58.783000 7610.773000 8905 6987
844 59.173000 7630.111000 8917 7018
845 58.961000 7635.710000 9069 7137
846 58.685000 7646.577000 9227 7077
847 58.352000 7641.316000 8847 7107
848 58.054000 7655.661000 9089 7103
849 59.980000 7674.500000 9608 7125
850 58.885000 7689.529000 9170 7130
851 58.407000 7702.085000 8907 7136
852 58.447000 7700.070000 9068 7109
853 58.575000 7718.299000 9078 7104
854 58.557000 7714.096000 9221 7113
855 58.940000 7732.034000 9142 7145
856 59.153000 7736.894000 9405 7213
857 59.266000 7769.314000 9017 7182
858 60.639000 7758.720000 9531 7215
859 59.962000 7764.563000 9129 7234
860 60.810000 7795.574000 9116 7257
861 60.767000 7803.139000 9059 7221
862 61.431000 7801.979000 9625 7171
863 61.257000 7810.884000 8956 7136
864 60.797000 7830.856000 9189 7235
865 60.697000 7851.653000 9175 7281
866 60.577000 7849.863000 9446 7304
867 60.470000 7865.511000 9024 7326
868 60.102000 7849.156000 9039 7308
869 59.988000 7880.822000 9063 7230
870 60.079000 7886.720000 9154 7238
871 59.944000 7912.239000 9150 7334
872 60.268000 7921.772000 9789 7294
873 60.289000 7947.962000 9249 7400
874 60.177000 7935.020000 9360 7346
875 60.191000 7941.550000 9434 7318
876 60.613000 7951.484000 9313 7341
877 60.709000 7947.711000 9090 7362
878 61.630000 7987.264000 9277 7439
879 62.014000 7998.088000 9306 7400
880 61.833000 8013.430000 9630 7436
881 60.865000 8031.659000 9584 7425
882 60.777000 8025.570000 9637 7470
883 60.721000 8026.646000 9174 7463
884 60.763000 8054.003000 9323 7454
885 60.877000 8058.974000 9359 7529
886 60.896000 8075.574000 9472 7524
887 61.063000 8082.977000 9447 7511
888 61.319000 8110.191000 9291 7493
889 61.321000 8094.461000 9814 7497
890 61.395000 8113.326000 9794 7561
891 61.443000 8132.751000 9373 7563
892 61.496000 8142.775000 9392 7525
893 61.350000 8147.910000 9457 7587
894 61.471000 8139.179000 9582 7569
895 61.428000 8163.852000 9750 7648
896 61.587000 8173.360000 9510 7608
897 61.722000 8190.862000 9508 7615
898 61.873000 8205.541000 9877 7616
899 62.224000 8206.441000 9702 7648
900 61.922000 8227.185000 10429 7617
901 61.972000 8233.457000 9659 7617
902 61.998000 8240.903000 9563 7701
903 62.138000 8254.795000 9708 7618
904 62.324000 8262.281000 9938 7634
905 62.320000 8275.662000 9965 7691
906 62.841000 8283.125000 10241 7639
907 62.541000 8307.269000 9543 7677
908 62.815000 8305.769000 9961 7632
909 62.909000 8314.603000 9753 7734
910 63.066000 8347.561000 9748 7672
911 63.290000 8346.725000 10122 7736
912 63.009000 8348.289000 9533 7700
913 63.083000 8360.409000 9701 7760
914 63.290000 8380.834000 10756 7788
915 63.357000 8415.674000 9775 7675
916 63.440000 8390.279000 10034 7768
917 63.588000 8404.604000 9836 7752
918 63.530000 8433.115000 9712 7779
919 63.753000 8432.722000 10318 7790
920 63.661000 8457.782000 10138 7803
921 63.844000 8442.100000 9851 7851
922 63.900000 8458.877000 9837 7827
923 64.015000 8466.880000 9901 7853
924 64.020000 8475.526000 10085 7815
925 64.115000 8487.968000 10050 7842
926 64.237000 8494.267000 10229 7889
927 64.243000 8519.023000 10139 7852
928 64.230000 8517.675000 10111 7876
929 64.260000 8548.388000 9759 7892
930 64.350000 8543.491000 9734 7836
931 64.508000 8563.546000 10176 7921
932 64.704000 8560.556000 9833 7941
933 64.881000 8565.453000 10224 7998
934 64.948000 8586.901000 10306 8003
935 64.848000 8599.627000 10379 7974
936 64.783000 8618.372000 9821 8030
937 64.698000 8613.595000 10012 7929
938 65.033000 8628.345000 10018 8073
939 65.104000 8655.372000 10148 8024
940 65.245000 8657.173000 9937 8075
941 65.351000 8676.579000 10118 8024
942 65.326000 8660.883000 10092 8067
943 65.551000 8692.986000 10022 8098
944 65.724000 8713.945000 10096 8094
945 65.833000 8701.555000 10781 8019
946 65.891000 8721.012000 10749 8108
947 65.876000 8750.226000 10469 8031
948 66.049000 8747.894000 10080 8045
949 65.739000 8737.363000 10016 8059
950 66.003000 8762.167000 9966 8095
951 66.179000 8763.560000 10012 8126
952 66.500000 8806.869000 10301 8142
953 66.417000 8798.826000 10210 8151
954 66.195000 8817.875000 10405 8094
955 66.384000 8823.488000 10479 8170
956 66.451000 8834.780000 10303 8262
957 66.457000 8845.713000 10064 8241
958 66.621000 8862.308000 10427 8175
959 66.532000 8857.564000 10053 8209
960 66.725000 8880.492000 10666 8232
961 66.777000 8898.534000 10075 8269
962 67.073000 8906.777000 10491 8254
963 67.286000 8882.182000 10308 8292
964 67.059000 8921.261000 10417 8306
965 67.058000 8918.847000 10735 8333
966 66.972000 8957.412000 10307 8317
967 67.240000 8964.030000 10883 8273
968 67.558000 8968.839000 10360 8376
969 67.574000 8971.470000 11508 8347
970 67.947000 8982.864000 10364 8297
971 69.376000 9003.777000 10359 8336
972 70.136000 9005.512000 10599 8351
973 69.928000 9006.263000 9962 8377
974 69.835000 9037.389000 10276 8402
975 69.656000 9048.300000 10999 8341
976 69.321000 9060.152000 10718 8400
977 70.032000 9061.204000 10756 8424
978 69.331000 9077.176000 10510 8359
979 68.789000 9071.550000 10818 8444
980 68.618000 9093.474000 10862 8346
981 69.048000 9106.759000 10433 8371
982 68.910000 9127.701000 10943 8517
983 68.849000 9135.535000 10924 8401
984 69.332000 9130.807000 10536 8492
985 69.325000 9154.056000 11155 8520
986 68.798000 9173.341000 10722 8498
987 68.874000 9161.419000 10919 8499
988 69.600000 9188.542000 10622 8532
989 69.355000 9199.130000 10772 8588
990 69.764000 9213.655000 10620 8527
991 69.571000 9201.814000 10784 8608
992 69.651000 9222.705000 10757 8558
993 69.493000 9238.168000 10821 8570
994 70.033000 9251.889000 10977 8627
995 70.377000 9249.278000 11141 8647
996 71.231000 9274.740000 10813 8651
997 71.000000 9288.036000 11211 8620
998 71.188000 9296.066000 11042 8640
999 71.170000 9306.312000 10762 8666
1000 71.226000 9311.692000 10667 8671
