1 0.020000 0.000000 0 0
1001 71.150000 11035.440000 12717 9929
2001 153.920000 24774.000000 28124 21979
3001 241.210000 39777.240000 44324 36195
4001 333.050000 55288.250000 63366 50468
5001 425.140000 70658.790000 82745 63766
6001 523.830000 87085.850000 99371 81019
7001 619.290000 104265.420000 119405 95864
8001 718.730000 121044.280000 133875 112037
9001 816.440000 138239.610000 155149 127064
10001 905.600000 156383.050000 172681 141599
11001 1019.800000 172807.630000 189405 159243
12001 1120.270000 192670.040000 225376 178446
13001 1213.040000 209725.770000 237470 192213
14001 1320.330000 226314.020000 248505 205889
15001 1431.880000 246972.470000 268936 228702
16001 1556.360000 263759.840000 304858 240676
17001 1649.860000 282535.250000 306809 263682
18001 1750.570000 303813.200000 341377 277553
19001 1887.780000 319868.560000 358225 297428
20001 1974.860000 340141.610000 388497 314729
21001 2067.920000 355623.490000 420570 330500
22001 2145.830000 377189.880000 418378 352263
23001 2268.160000 394295.140000 452160 371037
24001 2375.700000 415435.230000 450763 389919
25001 2483.100000 434460.140000 469255 407001
26001 2600.650000 454987.720000 522321 429881
27001 2705.340000 473579.410000 560921 443830
28001 2859.290000 491859.970000 543500 461962
29001 2951.310000 513230.120000 571864 478491
30001 3061.330000 531673.600000 602089 499283
31001 3116.950000 552490.880000 630772 517325
32001 3235.280000 573192.290000 644068 537027
33001 3387.340000 593080.810000 664951 553392
34001 3519.760000 612392.750000 706769 573563
35001 3564.650000 631640.850000 694274 590348
36001 3692.780000 652473.800000 738988 618859
37001 3817.600000 675227.620000 735597 629603
38001 3934.300000 693646.070000 775823 650067
39001 4072.310000 710418.660000 787815 664671
40001 4168.100000 736511.140000 802331 685791
41001 4389.220000 759375.620000 843578 700324
42001 4410.790000 778099.350000 870961 728234
43001 4514.170000 792695.810000 850934 747119
44001 4681.570000 818833.900000 933454 766380
45001 4810.710000 836705.510000 928719 795237
46001 4888.200000 860841.380000 938002 811301
47001 4985.780000 875263.920000 965921 810257
48001 5071.750000 899423.230000 1011080 837687
49001 5221.510000 914152.140000 1024940 859874
50001 5321.480000 941339.130000 1036942 883833
51001 5529.600000 960603.440000 1073648 900734
52001 5658.940000 981817.080000 1110032 924263
53001 5705.240000 999818.950000 1091366 930554
54001 5713.710000 1025538.520000 1195101 942985
55001 5821.110000 1043329.330000 1124424 975781
56001 5951.980000 1067168.900000 1170784 1001552
57001 6066.490000 1087690.200000 1185111 1013466
58001 6181.250000 1109879.760000 1236443 1035256
59001 6302.190000 1134626.490000 1322542 1049641
60001 6406.790000 1151357.660000 1312236 1083241
61001 6526.850000 1173567.470000 1287570 1098764
62001 6658.740000 1190631.510000 1391641 1129873
63001 6745.890000 1207371.560000 1317107 1138988
64001 6877.280000 1233289.660000 1408775 1169719
65001 7002.270000 1261276.900000 1423233 1178008
66001 7129.320000 1283195.130000 1391821 1202944
67001 7224.080000 1300935.240000 1422295 1222531
68001 7348.640000 1315148.460000 1406724 1243309
69001 7463.910000 1341375.490000 1502067 1265279
70001 7613.330000 1356077.480000 1501473 1278335
71001 7708.940000 1389351.600000 1550542 1311766
72001 7792.920000 1409168.560000 1566520 1338907
73001 7946.410000 1420778.790000 1557105 1343044
74001 8046.430000 1439524.700000 1679049 1354246
75001 8184.110000 1471309.690000 1657935 1389976
76001 8280.880000 1491589.030000 1655962 1405937
77001 8484.430000 1510679.460000 1665161 1442005
78001 8662.020000 1541327.850000 1797399 1458028
79001 8721.010000 1554519.280000 1703253 1463192
80001 8864.880000 1576877.380000 1707744 1472319
81001 8927.660000 1590599.140000 1776913 1472266
82001 9139.180000 1628623.460000 1769160 1518073
83001 9186.550000 1651499.380000 1802746 1548617
84001 9310.840000 1672732.240000 1853235 1556104
85001 9457.360000 1686125.620000 1889308 1597122
86001 9579.500000 1711994.200000 1882452 1607492
87001 9604.170000 1729927.000000 1921721 1628133
88001 9728.340000 1753407.220000 1943656 1641855
89001 9859.940000 1769686.200000 1888403 1674109
90001 9975.470000 1791247.090000 1910574 1703608
91001 10097.110000 1818592.530000 2127709 1713985
92001 10266.440000 1841375.910000 1984873 1747168
93001 10428.330000 1854058.100000 2004339 1753770
94001 10574.950000 1884460.100000 2094775 1765735
95001 10663.120000 1910687.680000 2130223 1805376
96001 10821.440000 1939866.640000 2191346 1835337
97001 10863.960000 1937696.100000 2087143 1832134
98001 10982.890000 1966707.750000 2142410 1849984
99001 11113.190000 1993264.310000 2220091 1871988
100001 11313.800000 2018634.630000 2238969 1895533
