1 0.004350 0.000000 0 0
2 0.035030 1.000000 1 1
3 0.070330 2.667200 3 2
4 0.109840 4.667630 5 4
5 0.145400 7.167460 8 5
6 0.188800 9.837250 11 7
7 0.239570 12.733520 14 9
8 0.296100 15.732130 17 12
9 0.334160 19.159390 21 13
10 0.378410 22.669540 25 15
11 0.449380 26.280410 29 18
12 0.501480 29.957910 33 21
13 0.567760 33.812600 37 24
14 0.650370 37.723560 41 28
15 0.714150 41.685100 45 31
16 0.777050 45.695650 49 36
17 0.801330 50.101050 54 39
18 0.857790 54.538060 59 42
19 0.919030 59.015560 64 44
20 1.105220 63.515630 69 50
21 1.060880 68.117070 74 56
22 1.080580 72.748030 79 58
23 1.299190 77.383640 84 64
24 1.211550 82.056980 89 69
25 1.446170 86.899330 94 72
26 1.471680 91.766700 99 77
27 1.587570 96.655010 104 81
28 1.667590 101.577650 109 85
29 1.616380 106.518030 114 92
30 1.670450 111.504330 119 95
31 1.680850 116.499850 124 102
32 1.698960 121.494190 129 106
33 1.943970 126.906450 135 111
34 1.853170 132.292980 141 116
35 1.978100 137.742220 147 121
36 2.011690 143.176980 153 124
37 2.370570 148.634840 159 132
38 2.168530 154.132550 165 136
39 2.355040 159.643290 171 142
40 2.580390 165.137260 177 147
41 2.393590 170.714440 182 148
42 2.629110 176.330030 188 155
43 2.737150 181.944900 194 164
44 2.493660 187.552160 200 169
45 2.638450 193.206350 206 173
46 3.125210 198.864840 212 178
47 2.779230 204.531770 219 183
48 2.896620 210.211380 224 191
49 2.944040 216.034280 229 196
50 3.135250 221.930370 235 202
51 3.091960 227.755360 241 208
52 3.099830 233.599310 247 212
53 3.209220 239.503960 253 219
54 3.325250 245.405610 260 225
55 3.414160 251.281950 264 230
56 3.437970 257.224780 272 237
57 3.575840 263.144320 278 241
58 3.621890 269.148640 283 250
59 3.704770 275.090600 289 250
60 3.665740 281.074030 295 259
61 3.829340 287.071040 301 267
62 3.872240 293.076280 308 272
63 3.913220 299.077510 314 278
64 4.021930 305.055940 319 283
65 4.116300 311.493420 326 286
66 4.088010 317.866610 332 292
67 4.801870 324.292910 340 299
68 4.629450 330.691030 345 303
69 5.273440 337.125170 352 315
70 4.624620 343.541500 359 321
71 4.668030 349.975000 367 327
72 4.908350 356.416970 373 333
73 5.004610 362.880220 379 338
74 5.207450 369.360640 387 337
75 5.320750 375.860880 394 349
76 5.738900 382.330660 401 357
77 5.623830 388.822470 406 360
78 5.826890 395.324990 413 368
79 6.107260 401.841110 420 373
80 5.634930 408.319210 428 382
81 5.790930 414.899350 433 385
82 5.654100 421.526360 439 395
83 5.546320 428.083020 447 400
84 5.540610 434.734800 455 408
85 6.173960 441.334890 462 414
86 6.410490 447.945670 469 415
87 6.326890 454.565880 474 425
88 6.229270 461.176470 482 436
89 6.671930 467.863160 488 440
90 6.979600 474.500680 496 449
91 6.389270 481.150250 502 451
92 6.532620 487.794090 508 460
93 6.996000 494.464200 516 466
94 6.631520 501.107220 524 475
95 6.765280 507.803310 529 479
96 6.737300 514.429280 536 486
97 6.942580 521.302140 541 494
98 6.996100 528.159160 550 498
99 7.070150 535.041650 557 506
100 7.246170 541.864120 563 513
101 7.060540 548.705340 569 518
