1 0.012000 0.000000 0 0
2 0.130400 1.000000 1 1
3 0.215000 2.665800 3 2
4 0.289200 4.666800 5 4
5 0.399800 7.159600 8 5
6 0.439700 9.836300 11 7
7 0.466100 12.728200 14 9
8 0.491200 15.733300 17 12
9 0.578700 19.165000 21 14
10 0.593300 22.691900 25 16
11 0.639700 26.296100 29 19
12 0.686800 29.945200 33 22
13 0.732200 33.821700 37 25
14 0.781300 37.733600 41 30
15 0.865400 41.696500 45 32
16 0.926400 45.697300 49 37
17 1.059300 50.084000 54 41
18 1.159000 54.558400 59 45
19 1.283500 59.037800 64 50
20 1.384200 63.537700 69 53
21 1.453500 68.138600 74 57
22 1.519000 72.690400 79 62
23 1.588700 77.376800 84 65
24 1.587900 82.014000 89 71
25 1.721600 86.859600 94 74
26 1.839500 91.731100 99 79
27 1.871900 96.660200 104 83
28 1.971100 101.553000 109 88
29 2.118900 106.575800 114 95
30 2.144200 111.534600 119 99
31 2.201900 116.462800 124 103
32 2.169100 121.532700 129 108
33 2.401700 126.911400 135 114
34 2.533200 132.319600 140 118
35 2.635900 137.702900 147 123
36 2.643900 143.179300 152 130
37 2.767000 148.615500 159 133
38 2.943800 154.110600 164 139
39 2.901200 159.634200 170 140
40 3.098700 165.176000 176 148
41 3.094500 170.741200 182 155
42 3.240500 176.304200 187 160
43 3.267100 181.961500 194 164
44 3.337900 187.607200 199 169
45 3.576700 193.237000 205 177
46 3.605200 198.859000 212 183
47 3.565700 204.533000 216 189
48 3.729300 210.155400 223 192
49 3.852300 215.989300 228 199
50 3.908000 221.978200 233 205
51 3.942900 227.785400 239 211
52 3.986500 233.611800 246 217
53 4.102300 239.561000 252 223
54 4.267900 245.413400 258 225
55 4.277800 251.316100 264 233
56 4.273100 257.213900 270 235
57 4.349800 263.134300 277 246
58 4.446600 269.129200 284 251
59 4.570900 275.025700 288 256
60 4.571100 281.042700 295 260
61 4.753000 287.156800 300 267
62 4.869000 292.972800 306 273
63 4.868600 299.046200 311 281
64 4.816300 305.034900 318 287
65 5.139400 311.423400 323 293
66 5.301700 317.866100 331 294
67 5.373300 324.198200 338 295
68 5.534500 330.656800 345 313
69 5.737700 337.149300 351 318
70 5.897200 343.534700 357 323
71 5.817700 350.100500 364 330
72 5.852600 356.457000 373 336
73 5.963800 362.921900 378 341
74 6.045600 369.330800 386 349
75 6.258000 375.829000 390 355
76 6.356600 382.347500 398 360
77 6.432800 388.666100 405 365
78 6.701100 395.220000 412 375
79 6.767200 401.739500 417 377
80 6.546000 408.398700 425 387
81 6.648100 414.923500 431 391
82 6.732700 421.562900 439 401
83 6.846500 428.127100 445 405
84 6.918400 434.726400 452 411
85 7.100200 441.216300 459 416
86 7.164000 447.976300 465 426
87 7.188500 454.582600 472 431
88 7.267700 461.067400 480 435
89 7.493800 467.826900 485 441
90 7.573500 474.362400 490 450
91 7.584000 481.104200 499 456
92 7.641500 487.778100 509 465
93 7.735300 494.357800 513 472
94 7.806900 501.031000 519 476
95 7.912200 507.659100 527 479
96 7.865500 514.396700 532 487
97 8.155000 521.300400 542 493
98 8.174100 528.298300 547 505
99 8.239200 534.946200 554 511
100 8.390600 541.771600 560 517
