1 0.005000 0.000000 0 0
101 7.009000 548.963000 565 529
201 15.421000 1289.333000 1313 1258
301 24.983000 2105.996000 2130 2070
401 34.596000 2970.294000 3005 2930
501 43.077000 3864.002000 3908 3822
601 52.265000 4801.975000 4846 4757
701 67.754000 5758.604000 5803 5708
801 74.834000 6730.803000 6780 6674
901 84.696000 7719.412000 7776 7648
1001 98.418000 8717.949000 8770 8665
1101 125.758000 9749.192000 9811 9667
1201 131.634000 10793.733000 10869 10727
1301 137.074000 11845.119000 11909 11769
1401 140.046000 12907.432000 12975 12832
1501 153.818000 13973.800000 14068 13906
1601 166.723000 15051.737000 15146 14977
1701 206.648000 16136.910000 16210 16054
1801 195.022000 17227.734000 17303 17155
1901 210.476000 18323.768000 18406 18253
2001 214.666000 19423.355000 19498 19340
2101 220.222000 20545.789000 20630 20464
2201 239.280000 21685.961000 21764 21585
2301 262.666000 22829.087000 22939 22746
2401 266.983000 23978.574000 24075 23880
2501 280.109000 25125.656000 25225 25032
2601 289.793000 26280.300000 26373 26186
2701 298.898000 27440.499000 27557 27336
2801 317.634000 28601.047000 28693 28501
2901 324.767000 29767.161000 29868 29678
3001 338.473000 30932.376000 31024 30831
3101 343.294000 32104.845000 32211 32002
3201 352.249000 33287.959000 33416 33143
3301 363.685000 34476.822000 34581 34379
3401 374.470000 35664.348000 35755 35571
3501 380.248000 36852.949000 36985 36733
3601 391.570000 38044.686000 38142 37949
3701 407.376000 39242.477000 39358 39134
3801 427.979000 40437.799000 40539 40325
3901 443.864000 41635.874000 41730 41525
4001 446.238000 42835.750000 42974 42711
4101 452.803000 44038.144000 44157 43925
4201 481.209000 45277.944000 45419 45155
4301 486.981000 46517.129000 46637 46407
4401 502.161000 47760.051000 47879 47635
4501 526.612000 49002.414000 49117 48877
4601 562.218000 50243.936000 50380 50111
4701 552.091000 51493.666000 51609 51382
4801 573.330000 52741.907000 52884 52596
4901 573.497000 53991.118000 54104 53875
5001 590.417000 55241.734000 55383 55120
5101 590.657000 56490.734000 56621 56314
5201 610.845000 57744.623000 57882 57628
5301 622.160000 59006.399000 59147 58881
5401 632.439000 60266.326000 60403 60121
5501 636.895000 61528.199000 61654 61383
5601 642.415000 62794.482000 62946 62650
5701 655.870000 64056.426000 64201 63926
5801 725.556000 65320.211000 65458 65178
5901 716.640000 66586.196000 66719 66426
6001 760.326000 67853.234000 67975 67692
6101 727.798000 69118.498000 69250 68964
6201 732.579000 70396.134000 70540 70238
6301 757.767000 71681.896000 71819 71532
6401 764.345000 72966.848000 73117 72817
6501 803.178000 74252.344000 74403 74078
6601 781.010000 75540.666000 75696 75380
6701 794.061000 76826.971000 76968 76671
6801 854.162000 78117.267000 78260 77970
6901 841.506000 79405.190000 79550 79251
7001 833.974000 80692.785000 80862 80553
7101 864.369000 81981.310000 82119 81802
7201 864.910000 83275.803000 83436 83113
7301 954.527000 84569.851000 84707 84393
7401 910.483000 85869.879000 86024 85659
7501 917.181000 87166.082000 87330 87021
7601 919.303000 88460.443000 88613 88310
7701 935.201000 89758.040000 89893 89587
7801 932.339000 91057.525000 91203 90874
7901 939.753000 92357.366000 92498 92178
8001 951.997000 93657.185000 93828 93477
8101 977.313000 94958.085000 95144 94770
8201 977.004000 96261.617000 96406 96092
8301 1008.860000 97600.025000 97752 97443
8401 1075.023000 98941.656000 99106 98791
8501 1035.406000 100280.385000 100428 100098
8601 1049.989000 101623.366000 101780 101383
8701 1061.553000 102965.034000 103125 102787
8801 1086.828000 104307.535000 104472 104127
8901 1144.422000 105649.903000 105828 105478
9001 1269.985000 106992.423000 107167 106791
9101 1134.327000 108337.242000 108531 108157
9201 1173.384000 109677.644000 109874 109502
9301 1161.843000 111025.542000 111185 110864
9401 1203.065000 112374.701000 112567 112201
9501 1176.747000 113718.794000 113869 113494
9601 1233.595000 115066.943000 115265 114857
9701 1231.761000 116418.261000 116636 116200
9801 1206.919000 117770.158000 117983 117596
9901 1243.840000 119114.754000 119301 118932
10001 1307.129000 120466.089000 120641 120286
