1 0.013000 0.000000 0 0
11 1.361000 26.247000 29 20
21 2.413000 68.179000 74 57
31 4.580000 116.328000 123 105
41 5.951000 170.618000 182 155
51 5.936000 227.588000 239 215
61 5.972000 287.051000 300 271
71 6.411000 350.011000 362 334
81 7.093000 414.932000 430 395
91 7.905000 481.215000 498 462
101 8.740000 548.583000 564 524
111 9.538000 617.820000 636 596
121 10.445000 686.997000 705 670
131 11.503000 758.539000 777 738
141 12.948000 832.322000 853 808
151 14.206000 907.011000 926 876
161 15.063000 982.043000 1003 956
171 15.781000 1057.925000 1078 1033
181 16.780000 1134.990000 1157 1107
191 17.784000 1211.536000 1234 1185
201 18.574000 1289.733000 1321 1256
211 19.807000 1368.582000 1392 1336
221 20.568000 1446.939000 1476 1420
231 22.000000 1527.035000 1553 1498
241 22.712000 1606.331000 1633 1579
251 23.463000 1686.500000 1709 1656
261 24.849000 1768.403000 1799 1739
271 26.606000 1852.700000 1880 1823
281 28.066000 1936.989000 1967 1902
291 28.386000 2021.337000 2052 1994
301 30.736000 2105.575000 2136 2066
311 31.362000 2190.206000 2222 2157
321 33.029000 2275.674000 2307 2224
331 33.658000 2361.994000 2393 2324
341 34.366000 2448.510000 2485 2414
351 35.362000 2533.875000 2567 2500
361 36.903000 2620.311000 2655 2577
371 37.739000 2706.453000 2745 2660
381 38.906000 2793.171000 2824 2755
391 40.128000 2881.802000 2916 2838
401 41.700000 2969.429000 3005 2922
411 42.250000 3059.145000 3091 3020
421 43.693000 3147.961000 3184 3108
431 44.471000 3236.008000 3272 3200
441 45.186000 3325.217000 3367 3289
451 46.062000 3414.521000 3452 3375
461 46.388000 3504.179000 3545 3465
471 46.693000 3594.129000 3634 3556
481 48.894000 3683.503000 3719 3637
491 49.227000 3774.040000 3810 3734
501 49.836000 3864.008000 3902 3826
511 50.635000 3953.176000 3995 3908
521 54.535000 4046.614000 4080 4002
531 54.973000 4141.749000 4185 4097
541 54.382000 4234.750000 4274 4178
551 58.657000 4330.170000 4367 4277
561 60.691000 4423.750000 4465 4385
571 61.596000 4518.635000 4562 4475
581 64.253000 4613.316000 4655 4569
591 62.143000 4707.225000 4751 4652
601 67.201000 4802.681000 4847 4754
611 64.645000 4896.833000 4952 4852
621 67.726000 4992.166000 5037 4943
631 70.666000 5087.140000 5124 5028
641 70.309000 5182.098000 5225 5126
651 71.009000 5278.576000 5330 5227
661 73.576000 5373.676000 5421 5316
671 73.056000 5471.042000 5517 5417
681 76.193000 5565.640000 5609 5505
691 77.252000 5661.737000 5719 5608
701 77.799000 5759.376000 5811 5710
711 78.543000 5854.926000 5900 5800
721 76.845000 5951.451000 6016 5884
731 79.860000 6048.131000 6101 6002
741 80.523000 6144.194000 6194 6099
751 81.879000 6241.377000 6291 6188
761 82.202000 6337.844000 6397 6284
771 82.510000 6434.693000 6486 6387
781 83.687000 6533.465000 6587 6476
791 85.281000 6632.002000 6685 6578
801 84.797000 6730.675000 6779 6680
811 87.441000 6828.347000 6877 6766
821 87.363000 6928.361000 6980 6873
831 90.509000 7026.795000 7077 6959
841 95.540000 7125.470000 7188 7065
851 94.834000 7223.409000 7284 7166
861 96.415000 7323.084000 7374 7275
871 96.423000 7422.461000 7474 7368
881 96.414000 7520.120000 7572 7467
891 97.051000 7620.174000 7670 7564
901 98.313000 7719.872000 7781 7656
911 96.735000 7818.598000 7870 7756
921 98.379000 7919.047000 7980 7869
931 103.275000 8018.790000 8074 7968
941 103.701000 8118.435000 8176 8062
951 104.641000 8218.114000 8268 8163
961 105.712000 8318.163000 8371 8265
971 106.984000 8417.630000 8467 8351
981 107.539000 8516.874000 8572 8450
991 105.982000 8616.666000 8665 8554
1001 107.481000 8717.578000 8770 8660
