1 0.005000 0.000000 0 0
2 0.043000 1.000000 1 1
3 0.086000 2.664000 3 2
4 0.132000 4.687000 5 4
5 0.216000 7.141000 8 5
6 0.267000 9.819000 11 7
7 0.319000 12.694000 14 9
8 0.373000 15.736000 17 12
9 0.487000 19.172000 21 15
10 0.570000 22.650000 25 18
11 0.646000 26.259000 29 21
12 0.692000 29.984000 33 25
13 0.767000 33.791000 37 27
14 0.871000 37.715000 41 30
15 0.966000 41.695000 45 34
16 0.955000 45.729000 49 39
17 1.130000 50.135000 54 43
18 1.301000 54.562000 59 48
19 1.356000 58.828000 64 50
20 1.458000 63.425000 69 55
21 1.513000 68.161000 74 60
22 1.650000 72.670000 79 61
23 1.662000 77.484000 84 67
24 1.735000 82.066000 88 74
25 1.842000 86.931000 93 78
26 1.872000 91.754000 98 82
27 1.901000 96.638000 103 87
28 1.950000 101.594000 109 90
29 2.021000 106.584000 114 96
30 2.120000 111.573000 118 101
31 2.165000 116.417000 124 103
32 2.215000 121.557000 129 112
33 2.420000 126.866000 134 116
34 2.681000 132.006000 140 118
35 2.834000 137.816000 145 127
36 2.882000 142.998000 152 127
37 2.921000 148.451000 157 134
38 3.056000 154.290000 164 142
39 3.170000 159.577000 169 142
40 3.287000 165.036000 174 154
41 3.349000 170.624000 181 156
42 3.349000 176.220000 186 163
43 3.430000 181.908000 192 171
44 3.505000 187.440000 198 171
45 3.659000 193.361000 205 182
46 3.896000 198.877000 208 184
47 3.796000 204.451000 215 189
48 3.913000 210.061000 219 195
49 3.946000 216.183000 227 203
50 4.081000 221.714000 232 206
51 4.134000 227.524000 240 214
52 4.161000 233.623000 244 218
53 4.245000 239.678000 250 223
54 4.365000 245.639000 256 230
55 4.442000 251.113000 262 237
56 4.451000 257.183000 269 244
57 4.560000 263.274000 274 251
58 4.567000 268.909000 279 249
59 4.663000 274.987000 286 253
60 4.746000 281.162000 292 263
61 4.827000 287.097000 299 268
62 4.885000 293.073000 306 278
63 5.010000 299.270000 311 284
64 5.088000 305.172000 316 288
65 5.334000 311.509000 323 291
66 5.332000 317.874000 332 303
67 5.492000 324.108000 336 309
68 5.567000 330.811000 342 312
69 5.988000 336.988000 350 320
70 5.895000 343.506000 358 322
71 6.074000 349.771000 363 332
72 6.384000 356.517000 369 340
73 6.625000 362.722000 377 346
74 6.460000 369.510000 387 349
75 6.583000 375.744000 389 356
76 6.663000 382.712000 397 366
77 6.600000 388.889000 404 374
78 6.942000 395.143000 410 375
79 7.001000 401.394000 416 385
80 7.082000 408.568000 426 392
81 7.275000 414.736000 430 399
82 7.275000 421.768000 438 404
83 7.469000 427.992000 443 407
84 7.429000 434.760000 451 417
85 7.458000 441.350000 457 422
86 7.405000 448.095000 466 430
87 7.536000 454.275000 472 434
88 7.996000 461.168000 476 445
89 8.166000 467.638000 485 446
90 8.036000 474.332000 490 457
91 8.206000 481.338000 498 462
92 8.085000 487.909000 504 467
93 8.270000 494.529000 509 473
94 8.235000 501.213000 516 483
95 8.406000 507.496000 525 485
96 8.347000 514.691000 531 497
97 8.442000 521.416000 537 503
98 8.536000 528.085000 544 508
99 8.859000 535.155000 554 514
100 8.725000 541.823000 559 522
101 9.241000 548.693000 566 530
102 9.095000 555.509000 574 537
103 9.004000 562.207000 582 543
104 9.326000 569.509000 586 551
105 9.524000 576.581000 593 554
106 9.361000 583.154000 599 551
107 9.294000 589.775000 612 570
108 9.302000 596.869000 613 577
109 9.474000 603.603000 619 581
110 9.443000 610.741000 627 590
111 9.743000 617.563000 633 597
112 9.823000 624.487000 642 605
113 9.963000 631.547000 650 611
114 9.586000 638.434000 655 619
115 10.156000 645.366000 660 627
116 9.762000 652.314000 669 633
117 10.065000 658.889000 677 637
118 10.562000 666.258000 682 647
119 10.356000 673.192000 689 653
120 10.892000 679.952000 696 661
121 10.476000 687.277000 704 666
122 10.544000 694.230000 710 672
123 10.504000 701.179000 718 683
124 10.848000 708.006000 725 685
125 10.873000 715.251000 733 695
126 10.984000 721.760000 738 701
127 11.190000 728.943000 746 702
128 11.428000 735.975000 753 715
129 10.745000 743.463000 761 720
130 11.734000 751.136000 768 729
131 11.679000 757.958000 774 738
132 11.857000 765.862000 784 745
133 12.134000 773.206000 792 753
134 12.193000 780.503000 800 760
135 11.869000 788.229000 806 765
136 12.428000 795.572000 812 773
137 12.692000 802.703000 822 780
138 13.123000 810.183000 830 790
139 13.020000 817.630000 836 788
140 13.405000 824.829000 845 798
141 13.081000 832.739000 849 812
142 13.166000 839.647000 859 813
143 13.484000 847.215000 868 827
144 13.600000 854.715000 876 827
145 13.857000 862.417000 881 843
146 14.253000 869.749000 891 846
147 13.545000 877.433000 897 851
148 14.120000 884.587000 903 859
149 14.254000 892.725000 914 869
150 14.337000 899.711000 917 874
151 14.426000 906.940000 927 886
152 14.552000 914.496000 936 886
153 14.698000 921.890000 942 894
154 15.149000 929.933000 950 906
155 14.420000 936.901000 959 914
156 14.875000 944.454000 968 916
157 15.425000 951.842000 970 925
158 15.081000 959.539000 980 933
159 15.160000 967.015000 989 943
160 15.191000 974.888000 999 953
161 15.645000 982.296000 1003 959
162 15.435000 989.994000 1009 962
163 15.268000 997.471000 1021 973
164 15.610000 1004.943000 1024 980
165 16.132000 1012.409000 1033 986
166 16.114000 1020.037000 1042 995
167 15.666000 1028.474000 1050 1003
168 15.731000 1035.454000 1058 1007
169 16.325000 1042.955000 1066 1019
170 16.235000 1050.489000 1073 1027
171 16.484000 1058.653000 1082 1036
172 16.443000 1065.744000 1087 1038
173 16.755000 1073.275000 1095 1050
174 16.302000 1081.261000 1108 1049
175 16.967000 1089.058000 1111 1067
176 16.993000 1095.752000 1120 1065
177 16.876000 1104.092000 1125 1077
178 18.088000 1111.239000 1136 1086
179 17.278000 1119.095000 1139 1084
180 16.997000 1127.002000 1152 1097
181 17.616000 1134.562000 1161 1113
182 17.285000 1142.557000 1166 1116
183 17.833000 1149.765000 1175 1117
184 17.530000 1157.595000 1185 1121
185 18.324000 1165.066000 1189 1140
186 17.897000 1172.425000 1198 1142
187 17.522000 1180.438000 1207 1154
188 17.678000 1187.970000 1212 1159
189 17.862000 1195.967000 1218 1163
190 18.317000 1203.405000 1228 1174
191 18.045000 1211.556000 1236 1183
192 17.835000 1218.807000 1246 1190
193 18.656000 1227.105000 1252 1203
194 18.516000 1234.083000 1257 1199
195 18.891000 1242.441000 1268 1213
196 19.049000 1250.358000 1273 1221
197 19.503000 1258.009000 1278 1228
198 19.284000 1266.007000 1291 1240
199 18.758000 1273.737000 1300 1246
200 18.977000 1281.807000 1306 1253
201 19.287000 1289.671000 1313 1263
202 19.016000 1297.381000 1319 1266
203 19.079000 1305.248000 1328 1274
204 19.012000 1312.956000 1341 1288
205 19.379000 1321.280000 1345 1289
206 19.234000 1328.942000 1356 1299
207 19.337000 1336.628000 1360 1305
208 19.227000 1344.672000 1368 1317
209 20.141000 1352.329000 1381 1321
210 20.416000 1360.562000 1383 1336
211 19.973000 1368.326000 1391 1341
212 20.009000 1375.981000 1400 1349
213 20.044000 1383.290000 1409 1347
214 20.429000 1392.172000 1418 1365
215 19.948000 1399.883000 1423 1373
216 20.741000 1407.794000 1434 1375
217 20.526000 1415.632000 1439 1386
218 20.766000 1423.635000 1453 1397
219 20.289000 1431.198000 1460 1405
220 20.364000 1439.101000 1464 1412
221 20.825000 1447.132000 1473 1418
222 20.684000 1455.010000 1478 1432
223 20.896000 1463.322000 1492 1431
224 20.625000 1470.597000 1495 1441
225 21.269000 1478.998000 1501 1449
226 21.723000 1487.150000 1515 1456
227 21.406000 1494.641000 1520 1467
228 21.469000 1503.016000 1534 1473
229 21.632000 1510.991000 1538 1481
230 21.232000 1518.263000 1544 1488
231 22.051000 1526.687000 1551 1501
232 21.675000 1534.591000 1562 1509
233 22.066000 1542.650000 1566 1515
234 22.232000 1551.307000 1573 1526
235 22.401000 1558.238000 1589 1533
236 22.431000 1566.255000 1589 1532
237 22.542000 1574.460000 1598 1547
238 22.761000 1582.283000 1607 1558
239 22.584000 1590.296000 1616 1557
240 22.640000 1598.525000 1633 1565
241 23.470000 1605.954000 1631 1579
242 23.038000 1614.114000 1644 1584
243 22.529000 1622.173000 1647 1591
244 22.598000 1630.391000 1654 1600
245 23.082000 1637.944000 1665 1610
246 23.155000 1645.873000 1673 1615
247 22.827000 1654.387000 1678 1618
248 22.895000 1662.157000 1690 1633
249 23.397000 1670.251000 1700 1645
250 23.478000 1678.223000 1704 1647
251 23.222000 1686.290000 1714 1659
252 23.758000 1694.392000 1720 1660
253 23.635000 1701.616000 1734 1676
254 23.707000 1710.333000 1736 1674
255 23.590000 1718.247000 1745 1690
256 23.554000 1725.796000 1750 1698
257 23.969000 1734.952000 1760 1703
258 24.125000 1742.935000 1768 1703
259 24.072000 1751.835000 1774 1718
260 24.224000 1759.962000 1787 1730
261 24.404000 1768.057000 1795 1740
262 24.569000 1776.875000 1802 1746
263 24.724000 1784.652000 1808 1746
264 24.863000 1793.920000 1818 1764
265 25.015000 1802.358000 1828 1770
266 25.432000 1810.186000 1842 1774
267 25.587000 1819.034000 1846 1788
268 25.669000 1826.728000 1855 1798
269 25.629000 1835.491000 1865 1800
270 25.794000 1844.038000 1873 1810
271 25.888000 1852.375000 1883 1824
272 25.997000 1860.536000 1890 1821
273 26.345000 1869.373000 1893 1834
274 26.604000 1877.399000 1910 1839
275 26.767000 1886.770000 1912 1861
276 26.870000 1894.721000 1926 1867
277 26.876000 1902.692000 1936 1877
278 27.070000 1911.270000 1943 1871
279 27.056000 1919.782000 1950 1885
280 27.203000 1927.949000 1959 1896
281 27.344000 1936.466000 1964 1903
282 27.499000 1945.078000 1977 1912
283 27.610000 1952.825000 1984 1917
284 28.021000 1962.007000 1993 1931
285 28.298000 1970.287000 2002 1938
286 28.078000 1979.125000 2008 1946
287 28.180000 1987.442000 2017 1952
288 28.272000 1995.652000 2021 1954
289 28.451000 2004.144000 2033 1973
290 28.587000 2013.340000 2044 1981
291 28.715000 2021.130000 2054 1992
292 28.850000 2029.562000 2056 1993
293 28.973000 2037.853000 2072 2001
294 29.126000 2046.563000 2075 2014
295 29.718000 2055.225000 2084 2023
296 29.571000 2063.383000 2090 2026
297 29.463000 2071.814000 2098 2032
298 30.062000 2080.614000 2113 2048
299 30.107000 2088.578000 2115 2051
300 30.072000 2097.753000 2128 2060
301 30.222000 2105.857000 2134 2074
302 30.315000 2114.628000 2146 2084
303 30.727000 2123.295000 2158 2088
304 30.817000 2131.083000 2169 2090
305 31.006000 2139.237000 2171 2108
306 31.121000 2147.935000 2177 2111
307 31.201000 2156.452000 2188 2121
308 31.007000 2165.690000 2196 2124
309 31.047000 2173.846000 2205 2137
310 31.156000 2182.175000 2214 2145
311 31.246000 2190.550000 2217 2155
312 31.432000 2199.657000 2237 2159
313 31.423000 2207.738000 2254 2165
314 31.479000 2216.148000 2247 2181
315 31.545000 2224.524000 2255 2180
316 31.662000 2233.135000 2263 2197
317 31.720000 2241.277000 2269 2209
318 31.788000 2250.201000 2287 2212
319 31.866000 2258.562000 2288 2226
320 31.905000 2266.994000 2297 2233
321 32.032000 2276.167000 2310 2243
322 32.168000 2284.491000 2312 2244
323 32.315000 2292.984000 2326 2255
324 32.380000 2301.767000 2341 2269
325 32.489000 2309.857000 2338 2269
326 32.590000 2318.787000 2347 2281
327 32.679000 2328.421000 2358 2290
328 32.797000 2336.012000 2368 2296
329 32.919000 2344.943000 2384 2304
330 33.042000 2353.453000 2393 2314
331 33.223000 2361.814000 2392 2329
332 33.319000 2370.455000 2397 2335
333 33.390000 2379.448000 2414 2325
334 33.668000 2388.009000 2420 2351
335 33.684000 2396.483000 2427 2355
336 33.756000 2405.241000 2433 2368
337 33.890000 2412.909000 2443 2375
338 35.163000 2422.195000 2453 2385
339 34.061000 2430.701000 2466 2392
340 34.165000 2439.710000 2472 2396
341 34.287000 2448.293000 2481 2408
342 34.384000 2456.714000 2489 2416
343 34.497000 2464.757000 2505 2419
344 34.613000 2473.880000 2510 2437
345 34.718000 2482.269000 2513 2443
346 34.892000 2490.800000 2526 2461
347 34.971000 2499.590000 2529 2460
348 35.078000 2508.400000 2543 2467
349 35.246000 2517.473000 2551 2470
350 35.315000 2525.768000 2556 2491
351 35.384000 2534.073000 2569 2497
352 35.482000 2543.451000 2579 2503
353 35.634000 2550.966000 2583 2515
354 35.685000 2560.185000 2598 2520
355 35.730000 2567.872000 2602 2536
356 35.857000 2577.164000 2615 2528
357 35.866000 2586.347000 2617 2539
358 35.979000 2594.318000 2628 2545
359 36.121000 2602.808000 2642 2566
360 36.274000 2611.845000 2650 2572
361 36.367000 2620.660000 2655 2592
362 36.482000 2629.199000 2665 2593
363 36.512000 2638.213000 2674 2593
364 36.600000 2646.729000 2681 2611
365 36.679000 2655.029000 2689 2616
366 36.793000 2663.364000 2696 2623
367 36.973000 2672.691000 2712 2630
368 37.031000 2681.662000 2722 2640
369 37.078000 2690.046000 2722 2652
370 37.171000 2698.878000 2731 2661
371 37.253000 2707.122000 2738 2673
372 37.356000 2715.808000 2748 2683
373 37.432000 2724.466000 2755 2682
374 37.486000 2732.923000 2765 2693
375 37.669000 2742.081000 2780 2706
376 37.666000 2751.020000 2782 2695
377 37.756000 2758.736000 2793 2723
378 37.812000 2766.948000 2802 2724
379 37.898000 2776.444000 2806 2736
380 38.509000 2784.413000 2821 2746
381 38.107000 2793.650000 2830 2754
382 38.180000 2802.264000 2841 2756
383 38.272000 2811.231000 2850 2772
384 38.355000 2819.378000 2855 2784
385 38.445000 2829.472000 2864 2783
386 38.578000 2837.154000 2873 2798
387 38.723000 2846.302000 2880 2811
388 38.807000 2854.939000 2884 2821
389 38.886000 2864.370000 2900 2830
390 39.068000 2872.104000 2903 2831
391 39.118000 2881.395000 2913 2845
392 39.374000 2890.734000 2928 2851
393 39.317000 2899.588000 2938 2864
394 39.388000 2908.323000 2949 2866
395 39.569000 2916.571000 2957 2871
396 39.621000 2926.356000 2968 2891
397 39.677000 2934.878000 2973 2900
398 39.734000 2943.810000 2976 2909
399 40.067000 2952.408000 2991 2917
400 40.144000 2961.319000 2993 2919
401 40.247000 2970.782000 3007 2931
402 40.376000 2979.622000 3016 2946
403 40.402000 2987.891000 3022 2947
404 41.850000 2996.649000 3034 2951
405 40.686000 3006.389000 3041 2961
406 40.808000 3014.587000 3056 2970
407 40.909000 3023.462000 3056 2985
408 40.991000 3032.245000 3069 3000
409 41.098000 3040.997000 3072 2999
410 41.196000 3050.212000 3086 3013
411 41.168000 3059.532000 3098 3018
412 41.268000 3067.511000 3101 3030
413 41.368000 3076.896000 3111 3042
414 41.490000 3085.141000 3123 3045
415 44.205000 3094.251000 3132 3051
416 41.628000 3103.813000 3142 3057
417 41.627000 3112.127000 3148 3070
418 41.665000 3120.710000 3156 3082
419 41.771000 3130.321000 3171 3086
420 41.969000 3138.461000 3169 3100
421 42.146000 3147.589000 3185 3101
422 42.236000 3156.632000 3198 3115
423 42.335000 3165.018000 3199 3127
424 42.405000 3174.379000 3212 3135
425 42.511000 3182.896000 3223 3139
426 43.114000 3191.818000 3226 3151
427 42.657000 3201.081000 3234 3165
428 42.793000 3210.648000 3247 3177
429 42.949000 3218.550000 3254 3179
430 43.078000 3228.262000 3268 3190
431 43.212000 3236.703000 3272 3195
432 43.282000 3245.411000 3280 3203
433 43.335000 3255.137000 3292 3216
434 43.420000 3264.002000 3301 3227
435 43.542000 3272.565000 3309 3220
436 43.629000 3281.176000 3317 3238
437 43.669000 3290.165000 3328 3248
438 43.744000 3298.612000 3337 3251
439 43.797000 3307.994000 3341 3264
440 43.870000 3316.178000 3355 3279
441 43.975000 3325.541000 3366 3291
442 44.067000 3334.186000 3376 3290
443 44.159000 3343.066000 3374 3304
444 44.298000 3352.410000 3389 3317
445 44.299000 3361.231000 3407 3323
446 44.348000 3369.855000 3413 3333
447 44.445000 3379.928000 3420 3335
448 44.474000 3387.760000 3425 3348
449 44.634000 3396.844000 3441 3353
450 44.754000 3405.887000 3445 3357
451 44.859000 3414.522000 3449 3371
452 44.940000 3423.531000 3458 3382
453 45.059000 3432.866000 3467 3383
454 45.072000 3442.000000 3485 3402
455 45.155000 3450.334000 3485 3392
456 45.407000 3459.307000 3495 3419
457 45.517000 3467.717000 3505 3417
458 45.623000 3477.312000 3518 3432
459 45.718000 3486.016000 3521 3447
460 45.857000 3495.029000 3528 3450
461 46.180000 3504.685000 3535 3473
462 46.162000 3513.073000 3554 3467
463 46.289000 3522.940000 3560 3484
464 46.355000 3530.835000 3566 3491
465 46.561000 3540.321000 3582 3508
466 46.650000 3549.456000 3586 3504
467 46.734000 3558.271000 3598 3521
468 46.871000 3567.880000 3600 3531
469 46.982000 3576.399000 3621 3534
470 47.244000 3585.388000 3621 3546
471 47.190000 3594.201000 3638 3553
472 47.566000 3602.986000 3646 3565
473 47.390000 3611.739000 3649 3565
474 47.513000 3621.079000 3658 3584
475 47.655000 3629.728000 3664 3589
476 47.700000 3638.848000 3679 3592
477 47.937000 3647.885000 3689 3603
478 47.942000 3656.708000 3698 3622
479 48.146000 3666.329000 3703 3627
480 48.205000 3674.913000 3711 3633
481 48.320000 3683.569000 3717 3643
482 48.379000 3693.135000 3728 3646
483 50.008000 3701.789000 3735 3656
484 48.567000 3710.993000 3747 3668
485 48.603000 3720.633000 3759 3683
486 48.594000 3727.988000 3766 3680
487 48.742000 3737.661000 3776 3691
488 48.837000 3746.658000 3783 3709
489 48.915000 3755.616000 3798 3706
490 48.988000 3765.063000 3808 3729
491 49.100000 3772.937000 3807 3729
492 49.305000 3782.062000 3824 3740
493 49.380000 3790.870000 3825 3754
494 49.372000 3800.781000 3839 3764
495 49.544000 3808.848000 3845 3768
496 49.774000 3817.699000 3858 3770
497 49.685000 3827.007000 3867 3785
498 49.707000 3837.366000 3893 3800
499 49.820000 3845.695000 3884 3807
500 49.980000 3854.659000 3896 3813
501 49.993000 3863.585000 3902 3830
502 50.079000 3872.778000 3906 3831
503 50.166000 3881.430000 3916 3842
504 50.205000 3889.900000 3927 3850
505 50.309000 3899.247000 3934 3854
506 50.347000 3908.637000 3954 3871
507 50.422000 3916.980000 3953 3874
508 50.706000 3926.087000 3961 3883
509 50.680000 3935.564000 3972 3895
510 50.700000 3944.942000 3992 3901
511 50.799000 3953.089000 3990 3918
512 50.990000 3962.313000 3999 3922
513 50.994000 3972.483000 4017 3926
514 51.150000 3980.958000 4019 3941
515 51.340000 3991.592000 4032 3952
516 51.664000 4000.654000 4041 3965
517 51.773000 4010.348000 4046 3958
518 51.942000 4019.436000 4055 3971
519 52.067000 4028.306000 4065 3989
520 52.112000 4036.928000 4079 3993
521 52.305000 4047.317000 4088 4008
522 52.445000 4057.096000 4096 4018
523 55.051000 4065.863000 4103 4028
524 52.870000 4075.264000 4121 4022
525 53.119000 4085.063000 4120 4043
526 53.291000 4094.464000 4139 4051
527 53.437000 4104.145000 4143 4058
528 53.506000 4112.333000 4147 4065
529 53.582000 4122.033000 4161 4063
530 53.784000 4131.540000 4168 4094
531 54.035000 4140.667000 4180 4088
532 54.248000 4150.454000 4188 4104
533 54.484000 4159.360000 4201 4105
534 54.647000 4168.781000 4203 4120
535 54.752000 4179.737000 4222 4140
536 54.853000 4187.766000 4221 4133
537 55.002000 4197.556000 4235 4162
538 55.226000 4206.383000 4245 4140
539 55.621000 4217.092000 4256 4181
540 55.486000 4225.571000 4260 4187
541 55.990000 4236.104000 4271 4187
542 56.075000 4244.607000 4287 4193
543 56.224000 4253.832000 4299 4215
544 57.458000 4263.400000 4305 4218
545 56.295000 4272.967000 4313 4233
546 56.385000 4282.715000 4326 4234
547 56.787000 4292.427000 4343 4246
548 56.737000 4302.100000 4342 4256
549 56.879000 4310.971000 4355 4264
550 57.082000 4319.822000 4358 4276
551 57.538000 4330.180000 4366 4291
552 57.913000 4338.680000 4377 4292
553 57.811000 4348.314000 4390 4309
554 57.711000 4357.285000 4398 4316
555 58.397000 4366.484000 4415 4315
556 58.640000 4376.664000 4412 4334
557 58.281000 4386.199000 4425 4345
558 58.713000 4394.840000 4441 4346
559 59.612000 4405.557000 4446 4352
560 58.727000 4414.747000 4460 4371
561 59.603000 4423.181000 4470 4380
562 59.241000 4433.320000 4470 4382
563 59.715000 4443.362000 4482 4393
564 60.737000 4452.572000 4495 4408
565 59.630000 4462.146000 4505 4410
566 59.854000 4471.427000 4514 4414
567 60.213000 4480.721000 4519 4440
568 59.897000 4490.025000 4527 4436
569 60.634000 4499.416000 4541 4455
570 60.291000 4508.914000 4552 4442
571 60.346000 4518.373000 4559 4474
572 60.757000 4527.681000 4569 4487
573 60.414000 4537.121000 4584 4487
574 60.638000 4546.285000 4596 4504
575 61.382000 4556.436000 4599 4510
576 61.354000 4564.758000 4611 4512
577 61.031000 4574.817000 4617 4531
578 61.477000 4584.998000 4623 4538
579 61.387000 4593.224000 4634 4534
580 62.057000 4603.216000 4644 4561
581 61.777000 4613.019000 4657 4559
582 61.747000 4621.994000 4663 4574
583 62.609000 4631.581000 4674 4567
584 62.597000 4641.391000 4683 4593
585 62.231000 4650.145000 4709 4601
586 62.587000 4660.779000 4709 4615
587 62.938000 4669.779000 4715 4629
588 63.493000 4677.988000 4725 4628
589 63.238000 4688.641000 4732 4635
590 64.181000 4697.805000 4737 4647
591 63.743000 4707.502000 4751 4660
592 63.446000 4716.927000 4755 4664
593 63.485000 4725.885000 4768 4677
594 64.635000 4735.950000 4779 4675
595 64.375000 4745.415000 4787 4697
596 65.056000 4754.877000 4802 4706
597 64.611000 4764.129000 4809 4720
598 64.541000 4773.696000 4820 4721
599 65.255000 4783.502000 4828 4740
600 65.674000 4792.414000 4831 4740
601 65.083000 4802.614000 4852 4764
602 66.961000 4811.715000 4853 4765
603 65.267000 4821.369000 4866 4772
604 65.303000 4830.325000 4878 4779
605 65.293000 4841.162000 4890 4794
606 65.682000 4850.028000 4901 4800
607 65.421000 4859.079000 4900 4807
608 65.519000 4869.040000 4911 4824
609 66.640000 4878.358000 4918 4835
610 66.038000 4886.986000 4931 4824
611 66.048000 4897.342000 4944 4849
612 67.266000 4906.353000 4952 4851
613 67.882000 4915.863000 4958 4864
614 66.642000 4925.739000 4972 4870
615 66.927000 4935.294000 4979 4889
616 67.101000 4943.985000 4993 4893
617 67.977000 4953.596000 5002 4899
618 66.728000 4964.093000 5010 4919
619 66.966000 4973.892000 5021 4923
620 67.322000 4982.890000 5026 4938
621 67.876000 4991.227000 5036 4947
622 67.200000 5001.182000 5051 4937
623 67.237000 5010.311000 5066 4945
624 67.865000 5020.727000 5066 4961
625 68.143000 5030.661000 5071 4968
626 68.126000 5039.382000 5087 4984
627 68.992000 5048.774000 5094 4995
628 67.493000 5058.519000 5106 5008
629 67.935000 5068.113000 5116 5021
630 67.918000 5077.482000 5126 5022
631 68.104000 5086.943000 5128 5042
632 69.698000 5096.038000 5139 5042
633 68.170000 5106.487000 5155 5054
634 68.118000 5115.233000 5168 5059
635 68.831000 5124.561000 5167 5071
636 68.487000 5135.122000 5177 5090
637 68.973000 5144.158000 5195 5097
638 68.754000 5153.437000 5205 5106
639 68.520000 5163.332000 5205 5116
640 68.555000 5171.894000 5214 5118
641 68.759000 5181.433000 5222 5119
642 68.914000 5191.558000 5231 5144
643 69.960000 5201.172000 5247 5152
644 69.205000 5209.947000 5254 5144
645 69.300000 5220.592000 5272 5174
646 69.454000 5231.174000 5276 5189
647 69.849000 5240.413000 5282 5197
648 70.212000 5249.197000 5299 5191
649 69.700000 5258.159000 5303 5203
650 70.352000 5268.597000 5312 5216
651 70.098000 5277.707000 5330 5228
652 70.379000 5287.763000 5337 5233
653 70.811000 5297.021000 5347 5228
654 70.745000 5306.508000 5353 5241
655 70.701000 5316.209000 5364 5260
656 70.922000 5325.826000 5363 5269
657 71.318000 5336.559000 5380 5278
658 70.827000 5345.679000 5402 5294
659 71.663000 5354.652000 5395 5301
660 71.266000 5363.330000 5417 5305
661 71.563000 5373.756000 5418 5321
662 71.651000 5383.787000 5427 5330
663 72.229000 5392.250000 5443 5333
664 72.394000 5403.013000 5445 5357
665 72.398000 5412.741000 5455 5368
666 72.635000 5421.231000 5476 5373
667 72.702000 5431.512000 5480 5375
668 72.538000 5441.629000 5499 5396
669 72.606000 5451.210000 5496 5402
670 72.577000 5461.131000 5511 5415
671 73.136000 5470.107000 5515 5423
672 72.435000 5479.226000 5524 5429
673 72.667000 5489.841000 5535 5436
674 73.363000 5499.078000 5542 5441
675 72.977000 5509.238000 5567 5444
676 73.066000 5519.097000 5565 5471
677 73.201000 5527.655000 5590 5483
678 73.677000 5537.121000 5582 5489
679 74.935000 5546.326000 5596 5498
680 74.384000 5557.446000 5610 5506
681 73.666000 5566.142000 5625 5524
682 74.603000 5576.093000 5619 5527
683 73.944000 5584.848000 5631 5530
684 73.984000 5596.096000 5641 5548
685 74.078000 5605.267000 5648 5552
686 74.163000 5613.888000 5671 5556
687 74.924000 5623.261000 5670 5578
688 74.764000 5633.210000 5696 5576
689 74.604000 5643.366000 5684 5582
690 75.141000 5652.649000 5697 5595
691 75.384000 5662.846000 5707 5617
692 74.938000 5672.037000 5723 5622
693 75.131000 5681.953000 5727 5625
694 75.903000 5692.091000 5738 5639
695 75.246000 5701.052000 5757 5639
696 76.044000 5710.390000 5761 5655
697 76.140000 5720.204000 5766 5668
698 76.054000 5730.648000 5781 5669
699 76.307000 5739.263000 5787 5680
700 76.185000 5749.692000 5797 5697
701 75.813000 5758.676000 5805 5701
702 76.036000 5767.725000 5821 5713
703 76.774000 5777.321000 5827 5715
704 76.614000 5787.483000 5836 5739
705 76.929000 5797.741000 5843 5742
706 77.151000 5807.220000 5858 5758
707 77.569000 5816.749000 5870 5748
708 77.601000 5825.755000 5873 5775
709 77.527000 5835.987000 5898 5779
710 77.537000 5845.511000 5890 5795
711 76.836000 5854.430000 5897 5799
712 76.949000 5864.523000 5924 5808
713 77.124000 5874.668000 5925 5804
714 77.258000 5884.094000 5932 5824
715 77.372000 5894.670000 5950 5842
716 77.822000 5903.561000 5945 5858
717 77.343000 5912.859000 5964 5858
718 77.576000 5922.333000 5967 5877
719 77.838000 5932.632000 5976 5881
720 77.678000 5942.380000 5988 5884
721 77.916000 5951.474000 5997 5902
722 78.022000 5961.339000 6018 5913
723 78.090000 5970.877000 6024 5923
724 78.189000 5981.371000 6038 5934
725 78.196000 5990.153000 6048 5941
726 78.405000 5999.032000 6048 5948
727 78.500000 6009.777000 6060 5958
728 78.600000 6019.591000 6066 5973
729 78.715000 6028.480000 6078 5975
730 78.795000 6038.514000 6082 5982
731 78.904000 6048.145000 6100 5985
732 78.992000 6057.917000 6115 6002
733 79.078000 6068.014000 6117 6021
734 79.189000 6077.170000 6126 6021
735 79.274000 6086.830000 6140 6030
736 79.350000 6097.377000 6148 6050
737 79.538000 6105.703000 6161 6049
738 79.799000 6116.280000 6179 6067
739 80.692000 6125.751000 6181 6072
740 80.931000 6135.994000 6189 6091
741 80.671000 6144.521000 6194 6079
742 80.558000 6153.805000 6206 6084
743 80.002000 6163.734000 6214 6114
744 80.191000 6173.153000 6218 6122
745 80.893000 6183.955000 6233 6129
746 80.894000 6193.305000 6250 6132
747 81.563000 6202.733000 6247 6152
748 81.295000 6211.398000 6259 6162
749 80.652000 6221.605000 6271 6175
750 80.774000 6231.195000 6284 6171
751 80.655000 6241.455000 6290 6193
752 80.728000 6250.434000 6301 6201
753 81.621000 6260.320000 6313 6188
754 81.233000 6269.780000 6317 6213
755 81.109000 6279.843000 6328 6220
756 81.924000 6289.627000 6340 6235
757 81.379000 6299.760000 6351 6248
758 81.326000 6308.097000 6354 6247
759 81.743000 6318.814000 6374 6268
760 81.798000 6328.019000 6378 6272
761 82.309000 6337.787000 6383 6272
762 81.800000 6348.231000 6397 6296
763 81.936000 6357.594000 6413 6300
764 82.067000 6366.896000 6411 6309
765 82.120000 6375.751000 6427 6319
766 82.817000 6386.075000 6432 6335
767 82.295000 6396.489000 6451 6338
768 82.312000 6405.666000 6452 6354
769 82.783000 6414.786000 6459 6360
770 84.285000 6425.652000 6479 6368
771 83.474000 6436.004000 6482 6380
772 82.997000 6444.850000 6498 6390
773 82.945000 6455.120000 6503 6393
774 83.852000 6463.758000 6517 6399
775 83.561000 6475.080000 6527 6414
776 83.439000 6484.221000 6540 6432
777 84.288000 6494.109000 6547 6446
778 84.146000 6505.266000 6563 6448
779 85.777000 6513.953000 6568 6457
780 84.485000 6523.539000 6570 6463
781 84.068000 6534.153000 6579 6487
782 84.200000 6544.136000 6591 6483
783 84.150000 6553.072000 6603 6497
784 85.021000 6564.036000 6613 6504
785 85.124000 6572.168000 6619 6523
786 84.297000 6582.780000 6637 6524
787 85.296000 6592.384000 6640 6537
788 86.518000 6601.869000 6646 6551
789 85.599000 6611.504000 6658 6564
790 85.467000 6621.688000 6669 6569
791 85.648000 6631.731000 6686 6577
792 85.746000 6642.300000 6696 6583
793 86.654000 6651.809000 6699 6589
794 86.056000 6661.963000 6708 6597
795 85.738000 6671.608000 6724 6622
796 86.183000 6681.600000 6727 6632
797 86.386000 6689.868000 6741 6625
798 86.795000 6701.137000 6750 6647
799 86.316000 6711.357000 6767 6640
800 86.282000 6721.393000 6766 6651
801 86.306000 6731.103000 6776 6681
802 86.419000 6740.016000 6794 6681
803 85.647000 6750.479000 6811 6695
804 87.135000 6759.784000 6802 6705
805 86.575000 6770.393000 6823 6722
806 88.021000 6780.332000 6835 6722
807 86.876000 6790.559000 6850 6738
808 86.878000 6798.950000 6858 6738
809 87.095000 6809.479000 6867 6744
810 87.782000 6820.896000 6874 6764
811 89.465000 6828.869000 6882 6770
812 88.286000 6838.778000 6886 6789
813 88.079000 6849.165000 6907 6797
814 87.331000 6858.001000 6916 6804
815 90.281000 6868.341000 6932 6818
816 87.950000 6877.505000 6928 6824
817 88.255000 6888.988000 6939 6834
818 88.081000 6899.272000 6945 6845
819 88.117000 6907.838000 6958 6860
820 88.603000 6917.769000 6976 6864
821 88.392000 6927.721000 6975 6866
822 88.425000 6937.200000 6991 6878
823 88.424000 6948.371000 7000 6888
824 88.844000 6957.383000 7016 6911
825 88.716000 6966.472000 7009 6910
826 88.876000 6977.783000 7022 6925
827 88.937000 6986.701000 7041 6919
828 89.310000 6995.865000 7048 6945
829 89.432000 7006.544000 7064 6948
830 89.292000 7015.790000 7070 6962
831 89.284000 7026.691000 7078 6973
832 89.514000 7036.412000 7084 6992
833 89.415000 7047.236000 7096 6970
834 89.497000 7055.847000 7110 7004
835 90.929000 7065.565000 7111 7006
836 90.649000 7076.246000 7118 7026
837 90.644000 7086.208000 7132 7037
838 91.149000 7095.428000 7153 7043
839 90.351000 7105.668000 7160 7046
840 90.874000 7116.143000 7173 7063
841 91.142000 7125.212000 7189 7079
842 90.289000 7135.966000 7185 7079
843 91.988000 7144.831000 7204 7089
844 91.291000 7154.727000 7211 7068
845 91.008000 7165.049000 7215 7103
846 91.717000 7175.445000 7231 7115
847 91.445000 7185.323000 7240 7126
848 91.430000 7194.303000 7255 7131
849 91.061000 7204.528000 7256 7149
850 91.163000 7214.577000 7277 7158
851 91.600000 7224.314000 7270 7150
852 91.404000 7233.909000 7282 7179
853 91.463000 7242.893000 7297 7183
854 92.033000 7254.139000 7311 7198
855 91.712000 7264.161000 7318 7214
856 94.294000 7274.518000 7326 7212
857 91.803000 7283.578000 7337 7216
858 92.551000 7293.965000 7360 7240
859 92.191000 7302.557000 7359 7248
860 92.133000 7313.710000 7370 7260
861 91.972000 7323.770000 7386 7267
862 95.051000 7332.844000 7384 7287
863 93.419000 7343.660000 7396 7287
864 92.516000 7352.558000 7408 7281
865 92.788000 7362.685000 7417 7301
866 92.840000 7373.734000 7431 7319
867 93.526000 7382.520000 7438 7327
868 93.026000 7392.504000 7454 7332
869 92.593000 7402.582000 7456 7351
870 93.511000 7411.914000 7459 7352
871 94.049000 7422.010000 7476 7369
872 96.099000 7431.261000 7485 7372
873 93.638000 7442.348000 7492 7367
874 94.299000 7451.947000 7500 7399
875 93.445000 7461.592000 7522 7402
876 93.803000 7472.646000 7526 7418
877 94.748000 7480.838000 7527 7424
878 94.205000 7491.157000 7541 7428
879 94.449000 7500.376000 7554 7433
880 94.588000 7511.825000 7570 7456
881 94.362000 7520.241000 7571 7457
882 94.293000 7530.122000 7583 7468
883 94.877000 7541.313000 7601 7487
884 95.550000 7550.555000 7607 7485
885 95.455000 7560.942000 7619 7506
886 95.459000 7569.986000 7623 7520
887 94.590000 7580.565000 7634 7521
888 94.899000 7589.677000 7639 7526
889 95.523000 7598.948000 7651 7542
890 95.164000 7610.139000 7660 7555
891 95.979000 7620.918000 7674 7561
892 96.055000 7630.577000 7682 7575
893 95.681000 7639.470000 7690 7583
894 95.729000 7649.951000 7708 7594
895 96.468000 7659.935000 7713 7608
896 96.144000 7669.522000 7729 7607
897 96.317000 7679.002000 7751 7629
898 95.998000 7688.935000 7738 7627
899 95.901000 7699.923000 7768 7632
900 96.676000 7709.018000 7761 7657
901 96.629000 7719.208000 7771 7668
902 97.196000 7729.219000 7783 7659
903 97.292000 7738.422000 7797 7662
904 98.483000 7749.424000 7805 7688
905 97.727000 7759.554000 7824 7708
906 98.074000 7768.890000 7835 7699
907 96.998000 7779.463000 7836 7719
908 97.816000 7789.663000 7841 7721
909 97.748000 7798.314000 7863 7738
910 98.201000 7809.227000 7857 7751
911 99.741000 7819.903000 7887 7755
912 97.770000 7828.920000 7877 7775
913 98.088000 7839.400000 7887 7776
914 98.271000 7848.356000 7901 7794
915 98.622000 7858.482000 7915 7791
916 99.168000 7870.374000 7922 7810
917 100.284000 7878.970000 7934 7828
918 98.572000 7887.787000 7945 7830
919 98.249000 7899.097000 7957 7844
920 98.980000 7908.641000 7960 7850
921 100.027000 7918.585000 7968 7861
922 100.018000 7928.023000 7978 7876
923 98.877000 7937.967000 8002 7883
924 98.994000 7948.490000 7999 7884
925 99.838000 7958.323000 8009 7893
926 99.522000 7969.079000 8017 7911
927 101.282000 7979.160000 8036 7925
928 100.390000 7988.427000 8036 7935
929 99.185000 7999.011000 8056 7946
930 100.854000 8009.378000 8068 7947
931 99.622000 8017.266000 8073 7960
932 100.773000 8027.157000 8078 7972
933 100.899000 8036.976000 8091 7975
934 100.866000 8048.368000 8118 7990
935 100.729000 8057.573000 8105 7997
936 100.925000 8067.969000 8118 8009
937 100.489000 8077.878000 8131 8023
938 100.526000 8088.810000 8146 8037
939 100.564000 8098.642000 8153 8035
940 102.083000 8108.896000 8164 8045
941 102.140000 8117.584000 8166 8067
942 101.958000 8128.327000 8192 8068
943 102.947000 8138.096000 8196 8072
944 101.501000 8147.343000 8198 8088
945 101.416000 8157.219000 8206 8101
946 103.954000 8167.456000 8232 8110
947 101.688000 8178.320000 8229 8114
948 101.761000 8188.341000 8242 8126
949 102.590000 8198.213000 8249 8137
950 102.159000 8207.351000 8270 8158
951 101.935000 8217.360000 8270 8139
952 102.277000 8228.251000 8287 8173
953 102.718000 8237.693000 8293 8187
954 102.444000 8247.528000 8296 8191
955 103.173000 8257.965000 8314 8187
956 102.906000 8267.903000 8331 8219
957 103.002000 8277.323000 8328 8223
958 103.700000 8286.967000 8340 8218
959 103.273000 8297.797000 8344 8245
960 103.370000 8307.119000 8362 8243
961 103.143000 8317.585000 8366 8259
962 103.581000 8327.555000 8381 8278
963 104.037000 8336.449000 8386 8261
964 103.890000 8346.654000 8397 8288
965 105.231000 8357.021000 8407 8306
966 103.784000 8367.734000 8416 8315
967 104.055000 8377.849000 8430 8308
968 104.097000 8388.090000 8446 8319
969 105.180000 8397.815000 8449 8342
970 104.620000 8407.332000 8457 8352
971 104.564000 8417.810000 8476 8352
972 104.467000 8427.984000 8479 8372
973 104.759000 8436.902000 8489 8376
974 104.547000 8446.880000 8508 8392
975 104.757000 8457.428000 8511 8380
976 104.893000 8467.415000 8527 8417
977 104.987000 8477.596000 8537 8419
978 106.104000 8487.768000 8538 8415
979 105.006000 8497.949000 8553 8449
980 105.189000 8507.088000 8562 8451
981 105.455000 8517.941000 8571 8468
982 105.280000 8526.347000 8577 8470
983 106.084000 8537.107000 8591 8488
984 105.755000 8547.171000 8594 8489
985 105.850000 8557.419000 8611 8500
986 105.892000 8566.765000 8625 8500
987 106.825000 8578.648000 8644 8509
988 106.039000 8585.939000 8639 8527
989 106.229000 8597.119000 8647 8534
990 107.150000 8606.460000 8655 8550
991 106.433000 8618.109000 8662 8551
992 106.346000 8627.140000 8679 8566
993 106.655000 8636.838000 8690 8585
994 106.474000 8647.011000 8707 8584
995 106.675000 8658.016000 8709 8604
996 107.908000 8666.312000 8724 8614
997 106.695000 8677.985000 8733 8622
998 107.816000 8687.149000 8740 8630
999 106.862000 8697.773000 8758 8643
1000 107.115000 8707.399000 8761 8653
