1 0.000000 0.000000 0 0
201 17.200000 1283.000000 1293 1273
401 39.700000 2966.300000 2985 2952
601 66.800000 4803.900000 4838 4770
801 83.600000 6734.000000 6764 6722
1001 110.600000 8709.500000 8736 8686
1201 129.600000 10788.800000 10818 10749
1401 150.900000 12909.300000 12943 12883
1601 177.000000 15061.100000 15091 15014
1801 197.100000 17233.800000 17256 17211
2001 226.600000 19417.700000 19433 19400
2201 331.900000 21688.100000 21731 21609
2401 279.700000 23978.200000 24038 23920
2601 346.100000 26261.600000 26287 26230
2801 428.400000 28595.200000 28636 28576
3001 412.600000 30911.300000 30938 30834
3201 460.200000 33282.500000 33327 33247
3401 445.300000 35676.700000 35744 35618
3601 553.100000 38046.600000 38082 37977
3801 457.600000 40436.900000 40470 40399
4001 505.300000 42829.000000 42863 42791
4201 541.600000 45254.600000 45292 45154
4401 572.500000 47772.400000 47839 47729
4601 604.200000 50248.400000 50291 50216
4801 597.300000 52736.000000 52782 52692
5001 640.100000 55222.700000 55258 55171
5201 684.600000 57763.100000 57848 57710
5401 712.300000 60273.500000 60354 60176
5601 716.500000 62801.100000 62836 62744
5801 766.300000 65306.500000 65389 65218
6001 801.200000 67826.200000 67927 67781
6201 814.000000 70395.600000 70492 70336
6401 812.200000 72955.500000 73007 72906
6601 857.400000 75569.000000 75629 75465
6801 896.000000 78110.300000 78241 78081
7001 969.100000 80674.600000 80778 80630
7201 1066.900000 83275.300000 83331 83217
7401 1018.600000 85889.000000 85962 85822
7601 1103.200000 88487.400000 88566 88382
7801 1179.900000 91082.500000 91168 91002
8001 1169.300000 93659.200000 93708 93597
8201 1205.200000 96267.700000 96385 96164
8401 1229.900000 98930.100000 99006 98845
8601 1199.200000 101639.600000 101707 101496
8801 1303.200000 104272.300000 104380 104192
9001 1288.400000 106979.300000 107060 106944
9201 1275.400000 109693.500000 109780 109585
9401 1300.800000 112375.600000 112453 112297
9601 1282.600000 115073.600000 115165 114919
9801 1379.200000 117774.500000 117886 117677
10001 1369.600000 120458.100000 120587 120332
