1 0.020000 0.000000 0 0
2 0.060000 1.000000 1 1
3 0.120000 2.630000 3 2
4 0.180000 4.630000 5 4
5 0.220000 7.320000 8 5
6 0.290000 9.850000 11 8
7 0.370000 12.580000 14 10
8 0.430000 15.660000 17 12
9 0.520000 19.210000 21 15
10 0.580000 22.740000 25 18
11 0.680000 26.360000 29 22
12 0.750000 30.070000 33 25
13 0.850000 33.960000 37 30
14 0.910000 37.990000 41 30
15 1.020000 41.500000 45 37
16 1.840000 45.880000 49 39
17 1.010000 50.010000 54 45
18 1.060000 54.780000 59 45
19 1.910000 58.820000 63 52
20 1.710000 63.200000 69 57
21 1.750000 68.180000 74 60
22 1.640000 72.630000 77 64
23 1.570000 76.790000 83 70
24 1.740000 82.270000 88 75
25 1.760000 86.420000 92 77
26 2.080000 91.870000 97 81
27 2.620000 96.670000 102 88
28 2.700000 101.450000 107 93
29 2.130000 106.180000 113 96
30 3.180000 112.030000 117 104
31 2.910000 116.700000 124 109
32 2.670000 121.440000 127 115
33 2.830000 126.600000 135 119
34 2.680000 132.440000 139 125
35 2.710000 137.960000 145 131
36 2.380000 143.330000 151 134
37 4.090000 148.770000 156 140
38 3.190000 153.940000 162 141
39 3.430000 159.900000 167 150
40 4.260000 165.180000 172 154
41 3.920000 170.770000 178 162
42 4.880000 176.740000 182 169
43 4.320000 182.330000 192 173
44 3.750000 187.190000 195 176
45 3.000000 193.310000 201 183
46 2.930000 198.750000 208 187
47 3.270000 204.660000 213 196
48 4.250000 210.140000 219 198
49 3.470000 215.990000 224 206
50 4.700000 221.320000 229 210
51 4.570000 227.580000 236 217
52 5.660000 232.760000 241 221
53 4.350000 239.710000 249 230
54 3.850000 245.590000 254 234
55 3.990000 251.370000 263 241
56 4.510000 256.930000 266 244
57 4.050000 263.650000 274 252
58 3.900000 269.510000 277 261
59 5.070000 275.150000 283 264
60 6.900000 280.640000 292 267
61 4.790000 287.110000 299 276
62 4.600000 292.480000 302 281
63 5.410000 298.790000 308 288
64 4.520000 305.100000 315 293
65 4.620000 311.670000 320 298
66 4.700000 318.320000 328 308
67 4.930000 324.520000 336 311
68 4.930000 331.570000 341 322
69 5.000000 336.730000 350 324
70 5.110000 343.400000 353 327
71 5.190000 349.880000 362 338
72 5.230000 356.290000 372 339
73 5.420000 363.370000 374 350
74 5.520000 368.620000 380 354
75 6.330000 376.230000 385 365
76 5.620000 381.970000 394 366
77 5.780000 388.810000 400 379
78 5.870000 395.870000 408 382
79 5.830000 401.800000 413 388
80 5.940000 408.020000 419 394
81 6.100000 414.480000 428 401
82 6.270000 421.230000 431 405
83 6.150000 428.540000 439 417
84 6.340000 434.230000 444 416
85 6.330000 440.780000 457 426
86 6.510000 447.900000 460 437
87 6.630000 454.040000 467 438
88 6.550000 462.140000 474 443
89 6.650000 469.120000 480 454
90 6.890000 474.540000 488 458
91 7.010000 481.330000 493 468
92 7.060000 487.130000 499 473
93 7.100000 494.690000 509 477
94 7.070000 500.890000 513 489
95 7.280000 507.000000 521 493
96 7.390000 514.130000 527 500
97 7.440000 520.540000 532 503
98 7.510000 528.080000 540 516
99 7.610000 535.640000 549 514
100 7.400000 541.910000 555 523
