1 0.013300 0.000000 0 0
2 0.048400 1.000000 1 1
3 0.051000 2.000000 2 2
4 0.085800 4.000000 4 4
5 0.106400 6.000000 6 6
6 0.118800 9.000000 9 9
7 0.127300 12.000000 12 12
8 0.136000 16.000000 16 16
9 0.149600 20.000000 20 20
10 0.164000 25.000000 25 25
11 0.187000 30.000000 30 30
12 0.196500 36.000000 36 36
13 0.219600 42.000000 42 42
14 0.241100 49.000000 49 49
15 0.264900 56.000000 56 56
16 0.295900 64.000000 64 64
17 0.323800 72.000000 72 72
18 0.342800 81.000000 81 81
19 0.373100 90.000000 90 90
20 0.414200 100.000000 100 100
21 0.432900 110.000000 110 110
22 0.467600 121.000000 121 121
23 0.499400 132.000000 132 132
24 0.551100 144.000000 144 144
25 0.565200 156.000000 156 156
26 0.607500 169.000000 169 169
27 0.640100 182.000000 182 182
28 0.681100 196.000000 196 196
29 0.728200 210.000000 210 210
30 0.750100 225.000000 225 225
31 0.790100 240.000000 240 240
32 0.827500 256.000000 256 256
33 0.871900 272.000000 272 272
34 0.896000 289.000000 289 289
35 0.936800 306.000000 306 306
36 0.978300 324.000000 324 324
37 1.014800 342.000000 342 342
38 1.078100 361.000000 361 361
39 1.117100 380.000000 380 380
40 1.156600 400.000000 400 400
41 1.222800 420.000000 420 420
42 1.253900 441.000000 441 441
43 1.317400 462.000000 462 462
44 1.359600 484.000000 484 484
45 1.381900 506.000000 506 506
46 1.661100 529.000000 529 529
47 1.742500 552.000000 552 552
48 2.015900 576.000000 576 576
49 2.071000 600.000000 600 600
50 2.130500 625.000000 625 625
51 2.190800 650.000000 650 650
52 2.259600 676.000000 676 676
53 2.282200 702.000000 702 702
54 2.337700 729.000000 729 729
55 2.397200 756.000000 756 756
56 2.459400 784.000000 784 784
57 2.497200 812.000000 812 812
58 2.553100 841.000000 841 841
59 2.596700 870.000000 870 870
60 2.637300 900.000000 900 900
61 2.767400 930.000000 930 930
62 2.834600 961.000000 961 961
63 2.818500 992.000000 992 992
64 2.903400 1024.000000 1024 1024
65 3.049500 1056.000000 1056 1056
66 2.995900 1089.000000 1089 1089
67 3.094700 1122.000000 1122 1122
68 3.112700 1156.000000 1156 1156
69 3.177200 1190.000000 1190 1190
70 3.242200 1225.000000 1225 1225
71 3.306300 1260.000000 1260 1260
72 3.372500 1296.000000 1296 1296
73 3.433900 1332.000000 1332 1332
74 3.497800 1369.000000 1369 1369
75 3.564600 1406.000000 1406 1406
76 3.632400 1444.000000 1444 1444
77 3.699700 1482.000000 1482 1482
78 3.768400 1521.000000 1521 1521
79 3.836700 1560.000000 1560 1560
80 3.897900 1600.000000 1600 1600
81 3.971700 1640.000000 1640 1640
82 4.039900 1681.000000 1681 1681
83 4.119500 1722.000000 1722 1722
84 4.195500 1764.000000 1764 1764
85 4.253600 1806.000000 1806 1806
86 4.348500 1849.000000 1849 1849
87 4.409000 1892.000000 1892 1892
88 4.479900 1936.000000 1936 1936
89 4.553700 1980.000000 1980 1980
90 4.635000 2025.000000 2025 2025
91 4.701400 2070.000000 2070 2070
92 4.792500 2116.000000 2116 2116
93 5.085200 2162.000000 2162 2162
94 5.399400 2209.000000 2209 2209
95 5.491200 2256.000000 2256 2256
96 5.556300 2304.000000 2304 2304
97 5.641200 2352.000000 2352 2352
98 5.717200 2401.000000 2401 2401
99 5.805300 2450.000000 2450 2450
100 5.920700 2500.000000 2500 2500
