1 0.006000 0.000000 0 0
11 0.346000 28.384000 48 22
21 0.796000 76.525000 120 58
31 1.287000 132.715000 199 106
41 1.879000 197.484000 342 155
51 2.385000 266.096000 404 212
61 2.964000 337.734000 510 270
71 3.558000 414.003000 611 333
81 4.254000 494.093000 776 399
91 4.815000 575.319000 852 472
101 5.448000 656.149000 892 541
111 6.313000 738.558000 1070 609
121 6.968000 828.504000 1241 679
131 7.554000 915.771000 1241 753
141 7.947000 1003.301000 1402 832
151 8.755000 1096.243000 1659 886
161 9.729000 1191.767000 1725 993
171 10.501000 1289.477000 1700 1080
181 10.482000 1383.982000 1906 1143
191 11.281000 1472.291000 1949 1251
201 12.030000 1568.168000 2068 1328
211 12.710000 1671.467000 2238 1403
221 13.716000 1763.786000 2317 1465
231 14.285000 1872.299000 2526 1609
241 15.476000 1968.988000 2593 1675
251 16.568000 2071.656000 2720 1772
261 18.118000 2181.920000 2820 1875
271 18.423000 2277.259000 3088 1923
281 19.474000 2373.591000 3317 2042
291 20.872000 2487.745000 3510 2127
301 22.156000 2591.879000 3748 2204
311 21.992000 2693.471000 3567 2311
321 22.423000 2822.631000 3814 2418
331 22.247000 2908.941000 3946 2480
341 23.177000 3016.747000 3941 2598
351 25.119000 3134.954000 3995 2677
361 25.366000 3227.892000 4375 2711
371 26.565000 3350.123000 4356 2840
381 31.920000 3453.654000 4479 3004
391 29.490000 3572.523000 4781 2988
401 30.233000 3677.544000 4742 3159
411 32.088000 3790.211000 5052 3238
421 31.422000 3911.941000 5180 3319
431 32.403000 4021.795000 5147 3434
441 33.886000 4137.705000 6034 3584
451 33.847000 4251.925000 5743 3680
461 34.627000 4360.090000 6346 3789
471 35.856000 4477.016000 5921 3846
481 36.421000 4576.141000 5727 3936
491 37.725000 4705.871000 6162 4086
501 39.321000 4826.105000 6075 4147
511 38.408000 4929.444000 6466 4284
521 41.648000 5042.894000 6481 4414
531 47.011000 5165.951000 6652 4396
541 45.349000 5288.929000 6635 4550
551 42.712000 5407.389000 6976 4648
561 43.672000 5513.161000 6826 4809
571 45.263000 5654.313000 7362 4851
581 44.032000 5752.288000 7293 4961
591 42.241000 5892.198000 7471 5045
601 54.600000 5999.263000 7669 5207
611 45.193000 6114.794000 8789 5248
621 47.329000 6233.011000 7804 5417
631 49.960000 6350.605000 7974 5322
641 47.912000 6473.235000 8308 5647
651 51.112000 6618.075000 8473 5718
661 52.170000 6704.894000 8243 5869
671 51.198000 6858.571000 8403 5932
681 53.504000 6971.421000 8979 5938
691 57.969000 7084.620000 8975 6146
701 63.095000 7193.536000 9725 6306
711 56.557000 7316.485000 9767 6378
721 60.372000 7451.767000 9707 6631
731 60.673000 7567.865000 9577 6609
741 58.884000 7723.748000 9686 6617
751 66.621000 7828.556000 9928 6806
761 60.709000 7940.847000 10021 6935
771 67.547000 8074.625000 10603 6973
781 63.484000 8195.968000 10249 7195
791 65.833000 8313.811000 10609 7199
801 62.012000 8475.417000 10936 7385
811 66.675000 8590.132000 11402 7520
821 67.733000 8709.470000 11007 7644
831 66.317000 8801.128000 11116 7707
841 69.960000 8949.869000 11530 7773
851 68.857000 9060.394000 12240 7937
861 72.997000 9195.901000 11906 7992
871 72.031000 9306.665000 11753 8029
881 72.769000 9465.632000 11938 8297
891 72.382000 9567.933000 11481 8423
901 72.421000 9700.857000 13158 8428
911 76.924000 9879.637000 12626 8663
921 73.351000 9934.368000 12397 8740
931 75.947000 10114.490000 12520 8871
941 79.569000 10209.880000 12984 8943
951 77.434000 10369.527000 12966 9067
961 75.310000 10481.571000 13454 9144
971 83.605000 10605.441000 13440 9375
981 82.900000 10732.931000 14167 9446
991 85.539000 10869.370000 13238 9571
1001 80.823000 10984.733000 13971 9542
