1 0.008000 0.000000 0 0
101 2.802000 486.000000 486 486
201 5.061000 1160.000000 1160 1160
301 8.037000 1906.000000 1906 1906
401 11.151000 2706.000000 2706 2706
501 13.810000 3506.000000 3506 3506
601 17.594000 4396.000000 4396 4396
701 20.925000 5296.000000 5296 5296
801 24.154000 6196.000000 6196 6196
901 26.745000 7096.000000 7096 7096
1001 30.213000 7996.000000 7996 7996
1101 34.138000 8974.000000 8974 8974
1201 37.745000 9974.000000 9974 9974
1301 41.176000 10974.000000 10974 10974
1401 45.134000 11974.000000 11974 11974
1501 48.776000 12974.000000 12974 12974
1601 52.141000 13974.000000 13974 13974
1701 54.606000 14974.000000 14974 14974
1801 57.268000 15974.000000 15974 15974
1901 62.190000 16974.000000 16974 16974
2001 64.428000 17974.000000 17974 17974
2101 69.204000 19028.000000 19028 19028
2201 75.655000 20128.000000 20128 20128
2301 77.591000 21228.000000 21228 21228
2401 81.046000 22328.000000 22328 22328
2501 83.643000 23428.000000 23428 23428
2601 89.921000 24528.000000 24528 24528
2701 92.713000 25628.000000 25628 25628
2801 96.559000 26728.000000 26728 26728
2901 101.533000 27828.000000 27828 27828
3001 104.273000 28928.000000 28928 28928
3101 111.509000 30028.000000 30028 30028
3201 112.717000 31128.000000 31128 31128
3301 114.504000 32228.000000 32228 32228
3401 117.039000 33328.000000 33328 33328
3501 121.141000 34428.000000 34428 34428
3601 126.063000 35528.000000 35528 35528
3701 129.535000 36628.000000 36628 36628
3801 134.829000 37728.000000 37728 37728
3901 133.972000 38828.000000 38828 38828
4001 138.565000 39928.000000 39928 39928
4101 149.099000 41034.000000 41034 41034
4201 152.964000 42234.000000 42234 42234
4301 157.325000 43434.000000 43434 43434
4401 161.158000 44634.000000 44634 44634
4501 165.523000 45834.000000 45834 45834
4601 168.909000 47034.000000 47034 47034
4701 172.372000 48234.000000 48234 48234
4801 179.310000 49434.000000 49434 49434
4901 181.892000 50634.000000 50634 50634
5001 184.381000 51834.000000 51834 51834
5101 189.140000 53034.000000 53034 53034
5201 194.266000 54234.000000 54234 54234
5301 201.185000 55434.000000 55434 55434
5401 205.202000 56634.000000 56634 56634
5501 210.107000 57834.000000 57834 57834
5601 213.840000 59034.000000 59034 59034
5701 216.572000 60234.000000 60234 60234
5801 221.513000 61434.000000 61434 61434
5901 221.124000 62634.000000 62634 62634
6001 229.145000 63834.000000 63834 63834
6101 232.759000 65034.000000 65034 65034
6201 233.116000 66234.000000 66234 66234
6301 238.490000 67434.000000 67434 67434
6401 240.255000 68634.000000 68634 68634
6501 240.327000 69834.000000 69834 69834
6601 242.972000 71034.000000 71034 71034
6701 245.802000 72234.000000 72234 72234
6801 253.840000 73434.000000 73434 73434
6901 253.190000 74634.000000 74634 74634
7001 263.246000 75834.000000 75834 75834
7101 261.100000 77034.000000 77034 77034
7201 265.476000 78234.000000 78234 78234
7301 268.751000 79434.000000 79434 79434
7401 277.227000 80634.000000 80634 80634
7501 285.355000 81834.000000 81834 81834
7601 281.960000 83034.000000 83034 83034
7701 284.269000 84234.000000 84234 84234
7801 284.707000 85434.000000 85434 85434
7901 296.351000 86634.000000 86634 86634
8001 304.233000 87834.000000 87834 87834
8101 300.615000 89034.000000 89034 89034
8201 308.558000 90244.000000 90244 90244
8301 315.818000 91544.000000 91544 91544
8401 326.052000 92844.000000 92844 92844
8501 327.871000 94144.000000 94144 94144
8601 331.032000 95444.000000 95444 95444
8701 344.935000 96744.000000 96744 96744
8801 336.345000 98044.000000 98044 98044
8901 345.341000 99344.000000 99344 99344
9001 343.783000 100644.000000 100644 100644
9101 353.314000 101944.000000 101944 101944
9201 352.098000 103244.000000 103244 103244
9301 355.720000 104544.000000 104544 104544
9401 356.592000 105844.000000 105844 105844
9501 362.913000 107144.000000 107144 107144
9601 370.944000 108444.000000 108444 108444
9701 376.973000 109744.000000 109744 109744
9801 373.424000 111044.000000 111044 111044
9901 378.928000 112344.000000 112344 112344
10001 386.324000 113644.000000 113644 113644
