1 0.100000 0.000000 0 0
201 13.500000 1596.000000 1764 1388
401 30.700000 3769.900000 4176 3552
601 49.800000 6099.100000 6576 5644
801 69.800000 8528.900000 9775 7761
1001 89.800000 11339.000000 12325 10727
1201 105.100000 13392.600000 14938 12492
1401 136.900000 16620.200000 18587 15670
1601 146.400000 19282.000000 21572 17337
1801 179.800000 22158.200000 25689 20584
2001 259.400000 24144.100000 24975 22854
2201 213.600000 27450.000000 29910 25913
2401 294.800000 29732.700000 31046 28952
2601 261.300000 32670.600000 34374 31210
2801 289.500000 36753.900000 38344 34592
3001 298.100000 39015.000000 41199 37216
3201 366.900000 43949.800000 47954 40137
3401 428.900000 47044.500000 53806 43233
3601 417.800000 48660.200000 52399 45878
3801 417.300000 51992.800000 56901 49378
4001 450.700000 56096.000000 63040 52501
4201 462.000000 57854.600000 64901 53666
4401 492.200000 61887.900000 64373 57770
4601 507.600000 62920.100000 68723 59477
4801 539.500000 66736.800000 69511 62410
5001 536.300000 73491.000000 83115 66989
5201 583.500000 74795.500000 77999 71768
5401 612.400000 76820.000000 82336 73472
5601 646.700000 82082.200000 89375 73652
5801 688.000000 84000.300000 95688 79159
6001 681.100000 88817.700000 97887 84047
6201 705.700000 91684.800000 109121 85958
6401 735.100000 96017.700000 103163 90469
6601 785.800000 97047.500000 111079 91972
6801 831.100000 101132.700000 109648 96352
7001 869.900000 105647.200000 115820 96299
7201 848.300000 106533.500000 115655 101481
7401 924.400000 110962.900000 116472 104925
7601 890.200000 115078.400000 129653 108064
7801 952.900000 117088.100000 120604 108918
8001 1003.900000 121288.800000 126235 117423
8201 1028.300000 125450.800000 134912 115479
8401 964.200000 129268.100000 141537 121186
8601 1112.800000 131415.400000 143025 124386
8801 1076.300000 136339.700000 146661 128481
9001 1096.300000 143397.000000 172979 133742
9201 1102.300000 141491.600000 151584 134826
9401 1107.900000 144876.700000 162247 135362
9601 1132.900000 148940.900000 159889 141154
9801 1188.400000 152462.600000 162330 146382
10001 1174.700000 154425.700000 161569 147685
