1 0.004000 0.000000 0 0
2 0.018000 1.000000 1 1
3 0.021000 2.000000 2 2
4 0.041000 4.000000 4 4
5 0.060000 6.000000 6 6
6 0.066000 8.000000 8 8
7 0.077000 10.000000 10 10
8 0.094000 13.000000 13 13
9 0.118000 16.000000 16 16
10 0.139000 19.000000 19 19
11 0.161000 22.000000 22 22
12 0.169000 25.000000 25 25
13 0.192000 28.000000 28 28
14 0.236000 31.000000 31 31
15 0.214000 34.000000 34 34
16 0.248000 38.000000 38 38
17 0.254000 42.000000 42 42
18 0.282000 46.000000 46 46
19 0.304000 50.000000 50 50
20 0.343000 54.000000 54 54
21 0.362000 58.000000 58 58
22 0.402000 62.000000 62 62
23 0.413000 66.000000 66 66
24 0.432000 70.000000 70 70
25 0.433000 74.000000 74 74
26 0.450000 78.000000 78 78
27 0.460000 82.000000 82 82
28 0.485000 86.000000 86 86
29 0.499000 90.000000 90 90
30 0.540000 94.000000 94 94
31 0.544000 98.000000 98 98
32 0.577000 103.000000 103 103
33 0.607000 108.000000 108 108
34 0.631000 113.000000 113 113
35 0.619000 118.000000 118 118
36 0.661000 123.000000 123 123
37 0.703000 128.000000 128 128
38 0.743000 133.000000 133 133
39 0.768000 138.000000 138 138
40 0.791000 143.000000 143 143
41 0.826000 148.000000 148 148
42 0.846000 153.000000 153 153
43 0.866000 158.000000 158 158
44 0.906000 163.000000 163 163
45 0.981000 168.000000 168 168
46 0.979000 173.000000 173 173
47 0.981000 178.000000 178 178
48 1.008000 183.000000 183 183
49 1.024000 188.000000 188 188
50 1.025000 193.000000 193 193
51 1.032000 198.000000 198 198
52 1.074000 203.000000 203 203
53 1.085000 208.000000 208 208
54 1.107000 213.000000 213 213
55 1.109000 218.000000 218 218
56 1.142000 223.000000 223 223
57 1.163000 228.000000 228 228
58 1.174000 233.000000 233 233
59 1.183000 238.000000 238 238
60 1.219000 243.000000 243 243
61 1.282000 248.000000 248 248
62 1.313000 253.000000 253 253
63 1.310000 258.000000 258 258
64 1.363000 264.000000 264 264
65 1.375000 270.000000 270 270
66 1.410000 276.000000 276 276
67 1.427000 282.000000 282 282
68 1.468000 288.000000 288 288
69 1.486000 294.000000 294 294
70 1.517000 300.000000 300 300
71 1.512000 306.000000 306 306
72 1.545000 312.000000 312 312
73 1.584000 318.000000 318 318
74 1.637000 324.000000 324 324
75 1.599000 330.000000 330 330
76 1.718000 336.000000 336 336
77 1.723000 342.000000 342 342
78 1.734000 348.000000 348 348
79 1.779000 354.000000 354 354
80 1.788000 360.000000 360 360
81 1.844000 366.000000 366 366
82 1.865000 372.000000 372 372
83 1.945000 378.000000 378 378
84 1.928000 384.000000 384 384
85 1.997000 390.000000 390 390
86 1.989000 396.000000 396 396
87 2.022000 402.000000 402 402
88 2.067000 408.000000 408 408
89 2.027000 414.000000 414 414
90 2.104000 420.000000 420 420
91 2.240000 426.000000 426 426
92 2.174000 432.000000 432 432
93 2.212000 438.000000 438 438
94 2.228000 444.000000 444 444
95 2.250000 450.000000 450 450
96 2.276000 456.000000 456 456
97 2.298000 462.000000 462 462
98 2.339000 468.000000 468 468
99 2.369000 474.000000 474 474
100 2.416000 480.000000 480 480
101 2.385000 486.000000 486 486
102 2.357000 492.000000 492 492
103 2.612000 498.000000 498 498
104 2.406000 504.000000 504 504
105 2.650000 510.000000 510 510
106 2.468000 516.000000 516 516
107 2.624000 522.000000 522 522
108 2.576000 528.000000 528 528
109 2.461000 534.000000 534 534
110 2.662000 540.000000 540 540
111 2.579000 546.000000 546 546
112 2.654000 552.000000 552 552
113 2.622000 558.000000 558 558
114 2.784000 564.000000 564 564
115 2.671000 570.000000 570 570
116 2.592000 576.000000 576 576
117 2.644000 582.000000 582 582
118 2.721000 588.000000 588 588
119 2.754000 594.000000 594 594
120 2.802000 600.000000 600 600
121 2.797000 606.000000 606 606
122 2.873000 612.000000 612 612
123 2.810000 618.000000 618 618
124 2.924000 624.000000 624 624
125 2.952000 630.000000 630 630
126 3.079000 636.000000 636 636
127 3.094000 642.000000 642 642
128 3.074000 649.000000 649 649
129 3.065000 656.000000 656 656
130 3.109000 663.000000 663 663
131 3.175000 670.000000 670 670
132 3.156000 677.000000 677 677
133 3.210000 684.000000 684 684
134 3.286000 691.000000 691 691
135 3.283000 698.000000 698 698
136 3.326000 705.000000 705 705
137 3.348000 712.000000 712 712
138 3.360000 719.000000 719 719
139 3.385000 726.000000 726 726
140 3.399000 733.000000 733 733
141 3.427000 740.000000 740 740
142 3.430000 747.000000 747 747
143 3.448000 754.000000 754 754
144 3.471000 761.000000 761 761
145 3.425000 768.000000 768 768
146 3.547000 775.000000 775 775
147 3.648000 782.000000 782 782
148 3.632000 789.000000 789 789
149 3.671000 796.000000 796 796
150 3.700000 803.000000 803 803
151 3.737000 810.000000 810 810
152 3.764000 817.000000 817 817
153 3.770000 824.000000 824 824
154 3.798000 831.000000 831 831
155 3.822000 838.000000 838 838
156 3.850000 845.000000 845 845
157 3.881000 852.000000 852 852
158 3.920000 859.000000 859 859
159 4.013000 866.000000 866 866
160 3.965000 873.000000 873 873
161 4.017000 880.000000 880 880
162 4.062000 887.000000 887 887
163 4.103000 894.000000 894 894
164 4.130000 901.000000 901 901
165 4.185000 908.000000 908 908
166 4.240000 915.000000 915 915
167 4.275000 922.000000 922 922
168 4.298000 929.000000 929 929
169 4.316000 936.000000 936 936
170 4.352000 943.000000 943 943
171 4.397000 950.000000 950 950
172 4.543000 957.000000 957 957
173 4.457000 964.000000 964 964
174 4.495000 971.000000 971 971
175 4.472000 978.000000 978 978
176 4.469000 985.000000 985 985
177 4.646000 992.000000 992 992
178 4.662000 999.000000 999 999
179 4.673000 1006.000000 1006 1006
180 4.686000 1013.000000 1013 1013
181 4.551000 1020.000000 1020 1020
182 4.856000 1027.000000 1027 1027
183 4.842000 1034.000000 1034 1034
184 4.798000 1041.000000 1041 1041
185 4.909000 1048.000000 1048 1048
186 5.030000 1055.000000 1055 1055
187 4.905000 1062.000000 1062 1062
188 4.978000 1069.000000 1069 1069
189 4.874000 1076.000000 1076 1076
190 4.994000 1083.000000 1083 1083
191 5.035000 1090.000000 1090 1090
192 5.027000 1097.000000 1097 1097
193 5.068000 1104.000000 1104 1104
194 5.136000 1111.000000 1111 1111
195 5.196000 1118.000000 1118 1118
196 5.195000 1125.000000 1125 1125
197 5.294000 1132.000000 1132 1132
198 5.195000 1139.000000 1139 1139
199 5.246000 1146.000000 1146 1146
200 5.287000 1153.000000 1153 1153
201 5.298000 1160.000000 1160 1160
202 5.251000 1167.000000 1167 1167
203 5.241000 1174.000000 1174 1174
204 5.246000 1181.000000 1181 1181
205 5.263000 1188.000000 1188 1188
206 5.266000 1195.000000 1195 1195
207 5.310000 1202.000000 1202 1202
208 5.507000 1209.000000 1209 1209
209 5.356000 1216.000000 1216 1216
210 5.406000 1223.000000 1223 1223
211 5.451000 1230.000000 1230 1230
212 6.211000 1237.000000 1237 1237
213 5.494000 1244.000000 1244 1244
214 5.536000 1251.000000 1251 1251
215 5.710000 1258.000000 1258 1258
216 5.556000 1265.000000 1265 1265
217 5.582000 1272.000000 1272 1272
218 5.603000 1279.000000 1279 1279
219 5.608000 1286.000000 1286 1286
220 5.654000 1293.000000 1293 1293
221 5.751000 1300.000000 1300 1300
222 5.696000 1307.000000 1307 1307
223 5.699000 1314.000000 1314 1314
224 5.970000 1321.000000 1321 1321
225 5.742000 1328.000000 1328 1328
226 5.759000 1335.000000 1335 1335
227 5.802000 1342.000000 1342 1342
228 5.833000 1349.000000 1349 1349
229 5.929000 1356.000000 1356 1356
230 6.005000 1363.000000 1363 1363
231 5.988000 1370.000000 1370 1370
232 5.936000 1377.000000 1377 1377
233 6.057000 1384.000000 1384 1384
234 6.063000 1391.000000 1391 1391
235 5.994000 1398.000000 1398 1398
236 6.070000 1405.000000 1405 1405
237 6.096000 1412.000000 1412 1412
238 6.113000 1419.000000 1419 1419
239 6.146000 1426.000000 1426 1426
240 6.325000 1433.000000 1433 1433
241 6.086000 1440.000000 1440 1440
242 6.160000 1447.000000 1447 1447
243 6.184000 1454.000000 1454 1454
244 6.224000 1461.000000 1461 1461
245 6.264000 1468.000000 1468 1468
246 6.312000 1475.000000 1475 1475
247 6.413000 1482.000000 1482 1482
248 6.438000 1489.000000 1489 1489
249 6.461000 1496.000000 1496 1496
250 6.494000 1503.000000 1503 1503
251 6.517000 1510.000000 1510 1510
252 6.468000 1517.000000 1517 1517
253 6.670000 1524.000000 1524 1524
254 6.669000 1531.000000 1531 1531
255 6.710000 1538.000000 1538 1538
256 6.774000 1546.000000 1546 1546
257 6.823000 1554.000000 1554 1554
258 6.806000 1562.000000 1562 1562
259 6.864000 1570.000000 1570 1570
260 6.839000 1578.000000 1578 1578
261 6.944000 1586.000000 1586 1586
262 7.015000 1594.000000 1594 1594
263 6.998000 1602.000000 1602 1602
264 7.022000 1610.000000 1610 1610
265 6.783000 1618.000000 1618 1618
266 7.203000 1626.000000 1626 1626
267 7.325000 1634.000000 1634 1634
268 7.105000 1642.000000 1642 1642
269 7.277000 1650.000000 1650 1650
270 7.271000 1658.000000 1658 1658
271 7.313000 1666.000000 1666 1666
272 7.265000 1674.000000 1674 1674
273 7.292000 1682.000000 1682 1682
274 7.412000 1690.000000 1690 1690
275 7.371000 1698.000000 1698 1698
276 7.402000 1706.000000 1706 1706
277 7.423000 1714.000000 1714 1714
278 7.446000 1722.000000 1722 1722
279 7.498000 1730.000000 1730 1730
280 7.529000 1738.000000 1738 1738
281 7.549000 1746.000000 1746 1746
282 7.577000 1754.000000 1754 1754
283 7.616000 1762.000000 1762 1762
284 7.864000 1770.000000 1770 1770
285 7.705000 1778.000000 1778 1778
286 7.765000 1786.000000 1786 1786
287 7.627000 1794.000000 1794 1794
288 7.676000 1802.000000 1802 1802
289 7.727000 1810.000000 1810 1810
290 7.751000 1818.000000 1818 1818
291 7.810000 1826.000000 1826 1826
292 7.858000 1834.000000 1834 1834
293 7.882000 1842.000000 1842 1842
294 7.953000 1850.000000 1850 1850
295 7.989000 1858.000000 1858 1858
296 8.106000 1866.000000 1866 1866
297 8.065000 1874.000000 1874 1874
298 8.112000 1882.000000 1882 1882
299 8.206000 1890.000000 1890 1890
300 8.191000 1898.000000 1898 1898
301 8.149000 1906.000000 1906 1906
302 8.190000 1914.000000 1914 1914
303 8.370000 1922.000000 1922 1922
304 8.412000 1930.000000 1930 1930
305 8.199000 1938.000000 1938 1938
306 8.350000 1946.000000 1946 1946
307 8.335000 1954.000000 1954 1954
308 8.354000 1962.000000 1962 1962
309 8.362000 1970.000000 1970 1970
310 8.421000 1978.000000 1978 1978
311 8.430000 1986.000000 1986 1986
312 8.464000 1994.000000 1994 1994
313 8.485000 2002.000000 2002 2002
314 8.525000 2010.000000 2010 2010
315 8.639000 2018.000000 2018 2018
316 8.575000 2026.000000 2026 2026
317 8.744000 2034.000000 2034 2034
318 8.804000 2042.000000 2042 2042
319 8.822000 2050.000000 2050 2050
320 8.723000 2058.000000 2058 2058
321 8.774000 2066.000000 2066 2066
322 8.905000 2074.000000 2074 2074
323 8.853000 2082.000000 2082 2082
324 8.901000 2090.000000 2090 2090
325 8.958000 2098.000000 2098 2098
326 8.996000 2106.000000 2106 2106
327 9.038000 2114.000000 2114 2114
328 9.074000 2122.000000 2122 2122
329 9.119000 2130.000000 2130 2130
330 9.117000 2138.000000 2138 2138
331 9.198000 2146.000000 2146 2146
332 9.240000 2154.000000 2154 2154
333 9.278000 2162.000000 2162 2162
334 9.400000 2170.000000 2170 2170
335 9.434000 2178.000000 2178 2178
336 9.453000 2186.000000 2186 2186
337 9.452000 2194.000000 2194 2194
338 9.513000 2202.000000 2202 2202
339 9.547000 2210.000000 2210 2210
340 9.564000 2218.000000 2218 2218
341 9.600000 2226.000000 2226 2226
342 9.636000 2234.000000 2234 2234
343 9.657000 2242.000000 2242 2242
344 9.681000 2250.000000 2250 2250
345 9.763000 2258.000000 2258 2258
346 9.727000 2266.000000 2266 2266
347 9.744000 2274.000000 2274 2274
348 9.776000 2282.000000 2282 2282
349 9.798000 2290.000000 2290 2290
350 9.790000 2298.000000 2298 2298
351 9.866000 2306.000000 2306 2306
352 11.794000 2314.000000 2314 2314
353 9.873000 2322.000000 2322 2322
354 9.947000 2330.000000 2330 2330
355 9.993000 2338.000000 2338 2338
356 10.040000 2346.000000 2346 2346
357 10.081000 2354.000000 2354 2354
358 10.145000 2362.000000 2362 2362
359 10.186000 2370.000000 2370 2370
360 10.221000 2378.000000 2378 2378
361 10.257000 2386.000000 2386 2386
362 10.289000 2394.000000 2394 2394
363 10.332000 2402.000000 2402 2402
364 10.372000 2410.000000 2410 2410
365 10.406000 2418.000000 2418 2418
366 10.555000 2426.000000 2426 2426
367 10.619000 2434.000000 2434 2434
368 10.489000 2442.000000 2442 2442
369 10.521000 2450.000000 2450 2450
370 10.576000 2458.000000 2458 2458
371 10.606000 2466.000000 2466 2466
372 10.624000 2474.000000 2474 2474
373 10.651000 2482.000000 2482 2482
374 10.720000 2490.000000 2490 2490
375 10.741000 2498.000000 2498 2498
376 10.776000 2506.000000 2506 2506
377 10.829000 2514.000000 2514 2514
378 10.855000 2522.000000 2522 2522
379 11.289000 2530.000000 2530 2530
380 10.904000 2538.000000 2538 2538
381 10.970000 2546.000000 2546 2546
382 11.040000 2554.000000 2554 2554
383 11.062000 2562.000000 2562 2562
384 11.019000 2570.000000 2570 2570
385 11.041000 2578.000000 2578 2578
386 11.055000 2586.000000 2586 2586
387 11.080000 2594.000000 2594 2594
388 11.136000 2602.000000 2602 2602
389 11.140000 2610.000000 2610 2610
390 11.221000 2618.000000 2618 2618
391 11.218000 2626.000000 2626 2626
392 11.246000 2634.000000 2634 2634
393 11.262000 2642.000000 2642 2642
394 11.316000 2650.000000 2650 2650
395 11.343000 2658.000000 2658 2658
396 11.363000 2666.000000 2666 2666
397 11.386000 2674.000000 2674 2674
398 11.547000 2682.000000 2682 2682
399 11.470000 2690.000000 2690 2690
400 11.477000 2698.000000 2698 2698
401 11.472000 2706.000000 2706 2706
402 11.478000 2714.000000 2714 2714
403 11.560000 2722.000000 2722 2722
404 11.464000 2730.000000 2730 2730
405 11.511000 2738.000000 2738 2738
406 11.512000 2746.000000 2746 2746
407 11.537000 2754.000000 2754 2754
408 11.539000 2762.000000 2762 2762
409 11.615000 2770.000000 2770 2770
410 11.556000 2778.000000 2778 2778
411 11.574000 2786.000000 2786 2786
412 11.589000 2794.000000 2794 2794
413 11.622000 2802.000000 2802 2802
414 11.628000 2810.000000 2810 2810
415 11.686000 2818.000000 2818 2818
416 11.652000 2826.000000 2826 2826
417 11.664000 2834.000000 2834 2834
418 11.701000 2842.000000 2842 2842
419 11.757000 2850.000000 2850 2850
420 11.792000 2858.000000 2858 2858
421 11.846000 2866.000000 2866 2866
422 11.865000 2874.000000 2874 2874
423 11.962000 2882.000000 2882 2882
424 11.986000 2890.000000 2890 2890
425 12.010000 2898.000000 2898 2898
426 12.039000 2906.000000 2906 2906
427 12.057000 2914.000000 2914 2914
428 12.071000 2922.000000 2922 2922
429 12.095000 2930.000000 2930 2930
430 12.262000 2938.000000 2938 2938
431 12.225000 2946.000000 2946 2946
432 12.214000 2954.000000 2954 2954
433 12.248000 2962.000000 2962 2962
434 12.271000 2970.000000 2970 2970
435 12.257000 2978.000000 2978 2978
436 12.297000 2986.000000 2986 2986
437 12.289000 2994.000000 2994 2994
438 12.295000 3002.000000 3002 3002
439 12.337000 3010.000000 3010 3010
440 12.376000 3018.000000 3018 3018
441 12.383000 3026.000000 3026 3026
442 12.404000 3034.000000 3034 3034
443 12.391000 3042.000000 3042 3042
444 12.377000 3050.000000 3050 3050
445 12.426000 3058.000000 3058 3058
446 12.527000 3066.000000 3066 3066
447 12.513000 3074.000000 3074 3074
448 12.505000 3082.000000 3082 3082
449 12.528000 3090.000000 3090 3090
450 12.569000 3098.000000 3098 3098
451 12.596000 3106.000000 3106 3106
452 12.634000 3114.000000 3114 3114
453 12.670000 3122.000000 3122 3122
454 12.712000 3130.000000 3130 3130
455 12.752000 3138.000000 3138 3138
456 12.778000 3146.000000 3146 3146
457 12.956000 3154.000000 3154 3154
458 12.852000 3162.000000 3162 3162
459 12.895000 3170.000000 3170 3170
460 12.922000 3178.000000 3178 3178
461 12.970000 3186.000000 3186 3186
462 13.030000 3194.000000 3194 3194
463 13.090000 3202.000000 3202 3202
464 13.093000 3210.000000 3210 3210
465 13.201000 3218.000000 3218 3218
466 13.144000 3226.000000 3226 3226
467 13.137000 3234.000000 3234 3234
468 13.155000 3242.000000 3242 3242
469 13.210000 3250.000000 3250 3250
470 13.169000 3258.000000 3258 3258
471 13.111000 3266.000000 3266 3266
472 13.220000 3274.000000 3274 3274
473 13.209000 3282.000000 3282 3282
474 13.205000 3290.000000 3290 3290
475 13.272000 3298.000000 3298 3298
476 13.259000 3306.000000 3306 3306
477 13.295000 3314.000000 3314 3314
478 13.314000 3322.000000 3322 3322
479 13.366000 3330.000000 3330 3330
480 13.282000 3338.000000 3338 3338
481 13.344000 3346.000000 3346 3346
482 13.801000 3354.000000 3354 3354
483 13.385000 3362.000000 3362 3362
484 13.454000 3370.000000 3370 3370
485 13.503000 3378.000000 3378 3378
486 13.541000 3386.000000 3386 3386
487 13.603000 3394.000000 3394 3394
488 13.662000 3402.000000 3402 3402
489 13.667000 3410.000000 3410 3410
490 13.724000 3418.000000 3418 3418
491 13.779000 3426.000000 3426 3426
492 13.800000 3434.000000 3434 3434
493 13.874000 3442.000000 3442 3442
494 13.908000 3450.000000 3450 3450
495 14.077000 3458.000000 3458 3458
496 14.086000 3466.000000 3466 3466
497 14.122000 3474.000000 3474 3474
498 14.282000 3482.000000 3482 3482
499 13.932000 3490.000000 3490 3490
500 14.186000 3498.000000 3498 3498
501 14.238000 3506.000000 3506 3506
502 14.265000 3514.000000 3514 3514
503 14.276000 3522.000000 3522 3522
504 14.349000 3530.000000 3530 3530
505 14.359000 3538.000000 3538 3538
506 14.471000 3546.000000 3546 3546
507 14.411000 3554.000000 3554 3554
508 14.437000 3562.000000 3562 3562
509 14.473000 3570.000000 3570 3570
510 14.670000 3578.000000 3578 3578
511 14.778000 3586.000000 3586 3586
512 14.662000 3595.000000 3595 3595
513 14.681000 3604.000000 3604 3604
514 14.751000 3613.000000 3613 3613
515 14.777000 3622.000000 3622 3622
516 14.892000 3631.000000 3631 3631
517 14.925000 3640.000000 3640 3640
518 14.896000 3649.000000 3649 3649
519 14.935000 3658.000000 3658 3658
520 15.078000 3667.000000 3667 3667
521 15.146000 3676.000000 3676 3676
522 15.173000 3685.000000 3685 3685
523 15.115000 3694.000000 3694 3694
524 15.251000 3703.000000 3703 3703
525 15.341000 3712.000000 3712 3712
526 15.370000 3721.000000 3721 3721
527 15.353000 3730.000000 3730 3730
528 15.400000 3739.000000 3739 3739
529 15.429000 3748.000000 3748 3748
530 15.321000 3757.000000 3757 3757
531 15.541000 3766.000000 3766 3766
532 15.532000 3775.000000 3775 3775
533 15.569000 3784.000000 3784 3784
534 15.450000 3793.000000 3793 3793
535 15.651000 3802.000000 3802 3802
536 15.598000 3811.000000 3811 3811
537 15.616000 3820.000000 3820 3820
538 16.028000 3829.000000 3829 3829
539 15.676000 3838.000000 3838 3838
540 15.663000 3847.000000 3847 3847
541 15.898000 3856.000000 3856 3856
542 16.024000 3865.000000 3865 3865
543 16.341000 3874.000000 3874 3874
544 16.648000 3883.000000 3883 3883
545 15.937000 3892.000000 3892 3892
546 16.048000 3901.000000 3901 3901
547 15.994000 3910.000000 3910 3910
548 15.866000 3919.000000 3919 3919
549 16.277000 3928.000000 3928 3928
550 15.854000 3937.000000 3937 3937
551 16.664000 3946.000000 3946 3946
552 16.347000 3955.000000 3955 3955
553 16.200000 3964.000000 3964 3964
554 16.448000 3973.000000 3973 3973
555 16.450000 3982.000000 3982 3982
556 16.293000 3991.000000 3991 3991
557 16.449000 4000.000000 4000 4000
558 17.052000 4009.000000 4009 4009
559 16.466000 4018.000000 4018 4018
560 16.470000 4027.000000 4027 4027
561 16.542000 4036.000000 4036 4036
562 16.644000 4045.000000 4045 4045
563 17.049000 4054.000000 4054 4054
564 16.701000 4063.000000 4063 4063
565 16.578000 4072.000000 4072 4072
566 16.665000 4081.000000 4081 4081
567 16.525000 4090.000000 4090 4090
568 16.886000 4099.000000 4099 4099
569 16.591000 4108.000000 4108 4108
570 16.730000 4117.000000 4117 4117
571 16.697000 4126.000000 4126 4126
572 16.743000 4135.000000 4135 4135
573 16.533000 4144.000000 4144 4144
574 16.813000 4153.000000 4153 4153
575 16.588000 4162.000000 4162 4162
576 16.809000 4171.000000 4171 4171
577 16.880000 4180.000000 4180 4180
578 16.795000 4189.000000 4189 4189
579 17.071000 4198.000000 4198 4198
580 16.880000 4207.000000 4207 4207
581 17.173000 4216.000000 4216 4216
582 16.724000 4225.000000 4225 4225
583 16.784000 4234.000000 4234 4234
584 17.077000 4243.000000 4243 4243
585 17.153000 4252.000000 4252 4252
586 17.843000 4261.000000 4261 4261
587 17.479000 4270.000000 4270 4270
588 17.811000 4279.000000 4279 4279
589 17.876000 4288.000000 4288 4288
590 17.500000 4297.000000 4297 4297
591 17.540000 4306.000000 4306 4306
592 17.734000 4315.000000 4315 4315
593 17.461000 4324.000000 4324 4324
594 17.697000 4333.000000 4333 4333
595 17.780000 4342.000000 4342 4342
596 17.677000 4351.000000 4351 4351
597 17.821000 4360.000000 4360 4360
598 17.939000 4369.000000 4369 4369
599 18.092000 4378.000000 4378 4378
600 18.242000 4387.000000 4387 4387
601 18.006000 4396.000000 4396 4396
602 17.869000 4405.000000 4405 4405
603 18.340000 4414.000000 4414 4414
604 18.007000 4423.000000 4423 4423
605 18.019000 4432.000000 4432 4432
606 18.137000 4441.000000 4441 4441
607 18.357000 4450.000000 4450 4450
608 18.405000 4459.000000 4459 4459
609 18.067000 4468.000000 4468 4468
610 18.628000 4477.000000 4477 4477
611 18.077000 4486.000000 4486 4486
612 18.460000 4495.000000 4495 4495
613 18.225000 4504.000000 4504 4504
614 18.252000 4513.000000 4513 4513
615 18.451000 4522.000000 4522 4522
616 17.767000 4531.000000 4531 4531
617 18.356000 4540.000000 4540 4540
618 18.311000 4549.000000 4549 4549
619 18.027000 4558.000000 4558 4558
620 18.286000 4567.000000 4567 4567
621 18.649000 4576.000000 4576 4576
622 19.133000 4585.000000 4585 4585
623 18.719000 4594.000000 4594 4594
624 18.737000 4603.000000 4603 4603
625 18.541000 4612.000000 4612 4612
626 18.524000 4621.000000 4621 4621
627 18.789000 4630.000000 4630 4630
628 18.896000 4639.000000 4639 4639
629 18.705000 4648.000000 4648 4648
630 18.684000 4657.000000 4657 4657
631 18.921000 4666.000000 4666 4666
632 18.738000 4675.000000 4675 4675
633 18.748000 4684.000000 4684 4684
634 18.761000 4693.000000 4693 4693
635 18.801000 4702.000000 4702 4702
636 19.103000 4711.000000 4711 4711
637 18.966000 4720.000000 4720 4720
638 18.975000 4729.000000 4729 4729
639 19.304000 4738.000000 4738 4738
640 19.070000 4747.000000 4747 4747
641 19.053000 4756.000000 4756 4756
642 19.388000 4765.000000 4765 4765
643 19.105000 4774.000000 4774 4774
644 19.142000 4783.000000 4783 4783
645 19.245000 4792.000000 4792 4792
646 19.381000 4801.000000 4801 4801
647 19.489000 4810.000000 4810 4810
648 19.311000 4819.000000 4819 4819
649 19.759000 4828.000000 4828 4828
650 19.510000 4837.000000 4837 4837
651 19.511000 4846.000000 4846 4846
652 19.711000 4855.000000 4855 4855
653 19.877000 4864.000000 4864 4864
654 19.848000 4873.000000 4873 4873
655 19.721000 4882.000000 4882 4882
656 19.627000 4891.000000 4891 4891
657 19.990000 4900.000000 4900 4900
658 19.985000 4909.000000 4909 4909
659 19.887000 4918.000000 4918 4918
660 20.114000 4927.000000 4927 4927
661 19.794000 4936.000000 4936 4936
662 20.311000 4945.000000 4945 4945
663 20.224000 4954.000000 4954 4954
664 20.205000 4963.000000 4963 4963
665 20.372000 4972.000000 4972 4972
666 20.397000 4981.000000 4981 4981
667 20.302000 4990.000000 4990 4990
668 20.475000 4999.000000 4999 4999
669 20.727000 5008.000000 5008 5008
670 20.660000 5017.000000 5017 5017
671 20.526000 5026.000000 5026 5026
672 20.505000 5035.000000 5035 5035
673 20.557000 5044.000000 5044 5044
674 20.577000 5053.000000 5053 5053
675 20.604000 5062.000000 5062 5062
676 20.627000 5071.000000 5071 5071
677 20.854000 5080.000000 5080 5080
678 20.859000 5089.000000 5089 5089
679 21.113000 5098.000000 5098 5098
680 20.719000 5107.000000 5107 5107
681 20.857000 5116.000000 5116 5116
682 21.066000 5125.000000 5125 5125
683 20.811000 5134.000000 5134 5134
684 20.890000 5143.000000 5143 5143
685 20.932000 5152.000000 5152 5152
686 21.058000 5161.000000 5161 5161
687 21.572000 5170.000000 5170 5170
688 22.160000 5179.000000 5179 5179
689 21.216000 5188.000000 5188 5188
690 21.320000 5197.000000 5197 5197
691 21.267000 5206.000000 5206 5206
692 21.171000 5215.000000 5215 5215
693 21.382000 5224.000000 5224 5224
694 21.406000 5233.000000 5233 5233
695 21.631000 5242.000000 5242 5242
696 21.439000 5251.000000 5251 5251
697 21.773000 5260.000000 5260 5260
698 21.540000 5269.000000 5269 5269
699 21.550000 5278.000000 5278 5278
700 21.334000 5287.000000 5287 5287
701 21.427000 5296.000000 5296 5296
702 21.568000 5305.000000 5305 5305
703 21.697000 5314.000000 5314 5314
704 21.687000 5323.000000 5323 5323
705 21.617000 5332.000000 5332 5332
706 21.708000 5341.000000 5341 5341
707 21.682000 5350.000000 5350 5350
708 21.747000 5359.000000 5359 5359
709 21.873000 5368.000000 5368 5368
710 21.719000 5377.000000 5377 5377
711 21.702000 5386.000000 5386 5386
712 21.782000 5395.000000 5395 5395
713 21.877000 5404.000000 5404 5404
714 21.917000 5413.000000 5413 5413
715 21.926000 5422.000000 5422 5422
716 21.996000 5431.000000 5431 5431
717 22.037000 5440.000000 5440 5440
718 22.107000 5449.000000 5449 5449
719 22.156000 5458.000000 5458 5458
720 22.189000 5467.000000 5467 5467
721 22.230000 5476.000000 5476 5476
722 22.268000 5485.000000 5485 5485
723 22.300000 5494.000000 5494 5494
724 22.743000 5503.000000 5503 5503
725 22.384000 5512.000000 5512 5512
726 22.367000 5521.000000 5521 5521
727 22.470000 5530.000000 5530 5530
728 22.505000 5539.000000 5539 5539
729 22.561000 5548.000000 5548 5548
730 22.590000 5557.000000 5557 5557
731 22.643000 5566.000000 5566 5566
732 22.659000 5575.000000 5575 5575
733 22.690000 5584.000000 5584 5584
734 22.758000 5593.000000 5593 5593
735 23.024000 5602.000000 5602 5602
736 22.805000 5611.000000 5611 5611
737 23.192000 5620.000000 5620 5620
738 23.250000 5629.000000 5629 5629
739 23.176000 5638.000000 5638 5638
740 23.296000 5647.000000 5647 5647
741 22.967000 5656.000000 5656 5656
742 23.007000 5665.000000 5665 5665
743 22.983000 5674.000000 5674 5674
744 23.338000 5683.000000 5683 5683
745 23.469000 5692.000000 5692 5692
746 23.330000 5701.000000 5701 5701
747 23.275000 5710.000000 5710 5710
748 23.155000 5719.000000 5719 5719
749 23.222000 5728.000000 5728 5728
750 23.288000 5737.000000 5737 5737
751 23.332000 5746.000000 5746 5746
752 23.551000 5755.000000 5755 5755
753 23.756000 5764.000000 5764 5764
754 23.550000 5773.000000 5773 5773
755 23.680000 5782.000000 5782 5782
756 23.509000 5791.000000 5791 5791
757 23.538000 5800.000000 5800 5800
758 23.581000 5809.000000 5809 5809
759 23.625000 5818.000000 5818 5818
760 23.554000 5827.000000 5827 5827
761 23.625000 5836.000000 5836 5836
762 24.250000 5845.000000 5845 5845
763 23.758000 5854.000000 5854 5854
764 23.806000 5863.000000 5863 5863
765 24.152000 5872.000000 5872 5872
766 24.256000 5881.000000 5881 5881
767 24.292000 5890.000000 5890 5890
768 24.543000 5899.000000 5899 5899
769 24.142000 5908.000000 5908 5908
770 24.792000 5917.000000 5917 5917
771 24.005000 5926.000000 5926 5926
772 24.406000 5935.000000 5935 5935
773 24.346000 5944.000000 5944 5944
774 24.176000 5953.000000 5953 5953
775 24.129000 5962.000000 5962 5962
776 24.424000 5971.000000 5971 5971
777 24.172000 5980.000000 5980 5980
778 24.396000 5989.000000 5989 5989
779 24.540000 5998.000000 5998 5998
780 24.296000 6007.000000 6007 6007
781 24.371000 6016.000000 6016 6016
782 24.365000 6025.000000 6025 6025
783 24.616000 6034.000000 6034 6034
784 24.206000 6043.000000 6043 6043
785 24.692000 6052.000000 6052 6052
786 24.882000 6061.000000 6061 6061
787 24.847000 6070.000000 6070 6070
788 24.782000 6079.000000 6079 6079
789 24.569000 6088.000000 6088 6088
790 24.987000 6097.000000 6097 6097
791 25.336000 6106.000000 6106 6106
792 24.699000 6115.000000 6115 6115
793 24.668000 6124.000000 6124 6124
794 24.822000 6133.000000 6133 6133
795 24.961000 6142.000000 6142 6142
796 26.318000 6151.000000 6151 6151
797 24.954000 6160.000000 6160 6160
798 24.931000 6169.000000 6169 6169
799 24.921000 6178.000000 6178 6178
800 24.889000 6187.000000 6187 6187
801 24.838000 6196.000000 6196 6196
802 24.846000 6205.000000 6205 6205
803 24.938000 6214.000000 6214 6214
804 24.879000 6223.000000 6223 6223
805 24.929000 6232.000000 6232 6232
806 24.904000 6241.000000 6241 6241
807 25.885000 6250.000000 6250 6250
808 24.959000 6259.000000 6259 6259
809 24.961000 6268.000000 6268 6268
810 25.004000 6277.000000 6277 6277
811 25.415000 6286.000000 6286 6286
812 24.981000 6295.000000 6295 6295
813 25.051000 6304.000000 6304 6304
814 25.133000 6313.000000 6313 6313
815 25.068000 6322.000000 6322 6322
816 25.565000 6331.000000 6331 6331
817 25.287000 6340.000000 6340 6340
818 25.072000 6349.000000 6349 6349
819 25.146000 6358.000000 6358 6358
820 25.274000 6367.000000 6367 6367
821 25.137000 6376.000000 6376 6376
822 25.153000 6385.000000 6385 6385
823 25.326000 6394.000000 6394 6394
824 25.353000 6403.000000 6403 6403
825 25.217000 6412.000000 6412 6412
826 25.541000 6421.000000 6421 6421
827 25.397000 6430.000000 6430 6430
828 25.355000 6439.000000 6439 6439
829 25.305000 6448.000000 6448 6448
830 25.370000 6457.000000 6457 6457
831 25.298000 6466.000000 6466 6466
832 25.410000 6475.000000 6475 6475
833 25.382000 6484.000000 6484 6484
834 25.838000 6493.000000 6493 6493
835 26.483000 6502.000000 6502 6502
836 26.271000 6511.000000 6511 6511
837 26.056000 6520.000000 6520 6520
838 25.565000 6529.000000 6529 6529
839 25.663000 6538.000000 6538 6538
840 25.493000 6547.000000 6547 6547
841 25.468000 6556.000000 6556 6556
842 26.005000 6565.000000 6565 6565
843 25.985000 6574.000000 6574 6574
844 26.558000 6583.000000 6583 6583
845 26.176000 6592.000000 6592 6592
846 26.311000 6601.000000 6601 6601
847 26.212000 6610.000000 6610 6610
848 26.034000 6619.000000 6619 6619
849 26.171000 6628.000000 6628 6628
850 26.129000 6637.000000 6637 6637
851 26.138000 6646.000000 6646 6646
852 26.093000 6655.000000 6655 6655
853 26.099000 6664.000000 6664 6664
854 26.183000 6673.000000 6673 6673
855 26.164000 6682.000000 6682 6682
856 26.360000 6691.000000 6691 6691
857 26.316000 6700.000000 6700 6700
858 26.297000 6709.000000 6709 6709
859 26.324000 6718.000000 6718 6718
860 26.039000 6727.000000 6727 6727
861 27.288000 6736.000000 6736 6736
862 27.111000 6745.000000 6745 6745
863 26.597000 6754.000000 6754 6754
864 26.739000 6763.000000 6763 6763
865 26.729000 6772.000000 6772 6772
866 26.533000 6781.000000 6781 6781
867 26.609000 6790.000000 6790 6790
868 28.936000 6799.000000 6799 6799
869 26.455000 6808.000000 6808 6808
870 26.960000 6817.000000 6817 6817
871 26.582000 6826.000000 6826 6826
872 26.594000 6835.000000 6835 6835
873 26.923000 6844.000000 6844 6844
874 26.660000 6853.000000 6853 6853
875 26.724000 6862.000000 6862 6862
876 27.363000 6871.000000 6871 6871
877 26.889000 6880.000000 6880 6880
878 27.210000 6889.000000 6889 6889
879 27.008000 6898.000000 6898 6898
880 27.173000 6907.000000 6907 6907
881 27.221000 6916.000000 6916 6916
882 27.073000 6925.000000 6925 6925
883 27.122000 6934.000000 6934 6934
884 27.051000 6943.000000 6943 6943
885 26.717000 6952.000000 6952 6952
886 26.984000 6961.000000 6961 6961
887 26.926000 6970.000000 6970 6970
888 27.074000 6979.000000 6979 6979
889 26.926000 6988.000000 6988 6988
890 27.042000 6997.000000 6997 6997
891 27.359000 7006.000000 7006 7006
892 27.119000 7015.000000 7015 7015
893 27.343000 7024.000000 7024 7024
894 27.609000 7033.000000 7033 7033
895 27.459000 7042.000000 7042 7042
896 27.718000 7051.000000 7051 7051
897 27.733000 7060.000000 7060 7060
898 27.302000 7069.000000 7069 7069
899 27.293000 7078.000000 7078 7078
900 27.570000 7087.000000 7087 7087
901 28.107000 7096.000000 7096 7096
902 27.481000 7105.000000 7105 7105
903 27.894000 7114.000000 7114 7114
904 27.581000 7123.000000 7123 7123
905 28.347000 7132.000000 7132 7132
906 27.510000 7141.000000 7141 7141
907 27.784000 7150.000000 7150 7150
908 28.074000 7159.000000 7159 7159
909 28.004000 7168.000000 7168 7168
910 28.059000 7177.000000 7177 7177
911 27.784000 7186.000000 7186 7186
912 27.977000 7195.000000 7195 7195
913 27.865000 7204.000000 7204 7204
914 28.626000 7213.000000 7213 7213
915 28.165000 7222.000000 7222 7222
916 28.636000 7231.000000 7231 7231
917 28.025000 7240.000000 7240 7240
918 28.060000 7249.000000 7249 7249
919 28.408000 7258.000000 7258 7258
920 28.897000 7267.000000 7267 7267
921 28.929000 7276.000000 7276 7276
922 28.171000 7285.000000 7285 7285
923 28.177000 7294.000000 7294 7294
924 28.489000 7303.000000 7303 7303
925 29.133000 7312.000000 7312 7312
926 28.568000 7321.000000 7321 7321
927 28.770000 7330.000000 7330 7330
928 28.395000 7339.000000 7339 7339
929 28.639000 7348.000000 7348 7348
930 28.489000 7357.000000 7357 7357
931 28.580000 7366.000000 7366 7366
932 28.753000 7375.000000 7375 7375
933 28.443000 7384.000000 7384 7384
934 28.673000 7393.000000 7393 7393
935 28.687000 7402.000000 7402 7402
936 28.511000 7411.000000 7411 7411
937 28.971000 7420.000000 7420 7420
938 28.617000 7429.000000 7429 7429
939 28.943000 7438.000000 7438 7438
940 29.007000 7447.000000 7447 7447
941 28.528000 7456.000000 7456 7456
942 28.668000 7465.000000 7465 7465
943 28.867000 7474.000000 7474 7474
944 28.646000 7483.000000 7483 7483
945 28.940000 7492.000000 7492 7492
946 28.680000 7501.000000 7501 7501
947 28.787000 7510.000000 7510 7510
948 28.965000 7519.000000 7519 7519
949 28.942000 7528.000000 7528 7528
950 28.851000 7537.000000 7537 7537
951 28.843000 7546.000000 7546 7546
952 28.953000 7555.000000 7555 7555
953 28.804000 7564.000000 7564 7564
954 29.648000 7573.000000 7573 7573
955 29.149000 7582.000000 7582 7582
956 29.064000 7591.000000 7591 7591
957 28.894000 7600.000000 7600 7600
958 29.238000 7609.000000 7609 7609
959 30.009000 7618.000000 7618 7618
960 28.894000 7627.000000 7627 7627
961 29.017000 7636.000000 7636 7636
962 29.010000 7645.000000 7645 7645
963 28.999000 7654.000000 7654 7654
964 29.355000 7663.000000 7663 7663
965 29.077000 7672.000000 7672 7672
966 29.227000 7681.000000 7681 7681
967 29.587000 7690.000000 7690 7690
968 29.446000 7699.000000 7699 7699
969 29.247000 7708.000000 7708 7708
970 29.470000 7717.000000 7717 7717
971 29.330000 7726.000000 7726 7726
972 30.612000 7735.000000 7735 7735
973 29.467000 7744.000000 7744 7744
974 29.484000 7753.000000 7753 7753
975 29.532000 7762.000000 7762 7762
976 29.714000 7771.000000 7771 7771
977 29.645000 7780.000000 7780 7780
978 29.728000 7789.000000 7789 7789
979 29.842000 7798.000000 7798 7798
980 29.932000 7807.000000 7807 7807
981 30.136000 7816.000000 7816 7816
982 29.945000 7825.000000 7825 7825
983 29.930000 7834.000000 7834 7834
984 29.971000 7843.000000 7843 7843
985 30.116000 7852.000000 7852 7852
986 30.624000 7861.000000 7861 7861
987 30.119000 7870.000000 7870 7870
988 30.171000 7879.000000 7879 7879
989 30.326000 7888.000000 7888 7888
990 30.421000 7897.000000 7897 7897
991 30.451000 7906.000000 7906 7906
992 30.995000 7915.000000 7915 7915
993 30.550000 7924.000000 7924 7924
994 30.608000 7933.000000 7933 7933
995 30.630000 7942.000000 7942 7942
996 30.693000 7951.000000 7951 7951
997 30.805000 7960.000000 7960 7960
998 30.738000 7969.000000 7969 7969
999 30.790000 7978.000000 7978 7978
1000 30.763000 7987.000000 7987 7987
