1 0.020000 0.000000 0 0
2 0.040000 1.000000 1 1
3 0.070000 3.000000 3 3
4 0.110000 6.000000 6 6
5 0.120000 10.000000 10 10
6 0.180000 15.000000 15 15
7 0.220000 21.000000 21 21
8 0.260000 28.000000 28 28
9 0.310000 36.000000 36 36
10 0.360000 45.000000 45 45
11 0.420000 55.000000 55 55
12 0.480000 66.000000 66 66
13 0.550000 78.000000 78 78
14 0.620000 91.000000 91 91
15 0.680000 105.000000 105 105
16 0.730000 120.000000 120 120
17 0.690000 136.000000 136 136
18 1.040000 153.000000 153 153
19 1.360000 171.000000 171 171
20 1.130000 190.000000 190 190
21 1.240000 210.000000 210 210
22 1.140000 231.000000 231 231
23 1.230000 253.000000 253 253
24 1.280000 276.000000 276 276
25 1.380000 300.000000 300 300
26 1.670000 325.000000 325 325
27 1.880000 351.000000 351 351
28 1.730000 378.000000 378 378
29 2.510000 406.000000 406 406
30 2.840000 435.000000 435 435
31 2.740000 465.000000 465 465
32 2.520000 496.000000 496 496
33 2.540000 528.000000 528 528
34 2.500000 561.000000 561 561
35 2.370000 595.000000 595 595
36 2.110000 630.000000 630 630
37 3.670000 666.000000 666 666
38 3.180000 703.000000 703 703
39 3.440000 741.000000 741 741
40 3.300000 780.000000 780 780
41 4.410000 820.000000 820 820
42 4.190000 861.000000 861 861
43 4.170000 903.000000 903 903
44 3.220000 946.000000 946 946
45 2.850000 990.000000 990 990
46 4.020000 1035.000000 1035 1035
47 5.160000 1081.000000 1081 1081
48 4.260000 1128.000000 1128 1128
49 5.100000 1176.000000 1176 1176
50 4.640000 1225.000000 1225 1225
51 4.050000 1275.000000 1275 1275
52 4.720000 1326.000000 1326 1326
53 4.050000 1378.000000 1378 1378
54 3.600000 1431.000000 1431 1431
55 7.400000 1485.000000 1485 1485
56 4.700000 1540.000000 1540 1540
57 4.070000 1596.000000 1596 1596
58 4.060000 1653.000000 1653 1653
59 4.610000 1711.000000 1711 1711
60 7.000000 1770.000000 1770 1770
61 5.260000 1830.000000 1830 1830
62 4.830000 1891.000000 1891 1891
63 4.970000 1953.000000 1953 1953
64 5.100000 2016.000000 2016 2016
65 5.210000 2080.000000 2080 2080
66 5.320000 2145.000000 2145 2145
67 5.320000 2211.000000 2211 2211
68 5.530000 2278.000000 2278 2278
69 5.740000 2346.000000 2346 2346
70 6.360000 2415.000000 2415 2415
71 5.900000 2485.000000 2485 2485
72 6.040000 2556.000000 2556 2556
73 6.070000 2628.000000 2628 2628
74 6.210000 2701.000000 2701 2701
75 6.450000 2775.000000 2775 2775
76 6.690000 2850.000000 2850 2850
77 6.640000 2926.000000 2926 2926
78 6.900000 3003.000000 3003 3003
79 7.040000 3081.000000 3081 3081
80 7.120000 3160.000000 3160 3160
81 7.290000 3240.000000 3240 3240
82 7.360000 3321.000000 3321 3321
83 7.590000 3403.000000 3403 3403
84 7.660000 3486.000000 3486 3486
85 7.910000 3570.000000 3570 3570
86 8.050000 3655.000000 3655 3655
87 8.200000 3741.000000 3741 3741
88 8.390000 3828.000000 3828 3828
89 8.550000 3916.000000 3916 3916
90 8.760000 4005.000000 4005 4005
91 8.850000 4095.000000 4095 4095
92 9.020000 4186.000000 4186 4186
93 10.030000 4278.000000 4278 4278
94 9.580000 4371.000000 4371 4371
95 9.520000 4465.000000 4465 4465
96 9.680000 4560.000000 4560 4560
97 9.870000 4656.000000 4656 4656
98 10.620000 4753.000000 4753 4753
99 10.170000 4851.000000 4851 4851
100 9.930000 4950.000000 4950 4950
