1 0.004600 0.000000 0 0
2 0.017600 1.000000 1 1
3 0.023100 2.000000 2 2
4 0.042500 4.000000 4 4
5 0.063000 6.000000 6 6
6 0.068200 8.000000 8 8
7 0.077700 10.000000 10 10
8 0.097500 13.000000 13 13
9 0.121400 16.000000 16 16
10 0.142600 19.000000 19 19
11 0.166000 22.000000 22 22
12 0.174700 25.000000 25 25
13 0.185400 28.000000 28 28
14 0.198400 31.000000 31 31
15 0.217600 34.000000 34 34
16 0.237600 38.000000 38 38
17 0.253400 42.000000 42 42
18 0.282900 46.000000 46 46
19 0.303600 50.000000 50 50
20 0.342300 54.000000 54 54
21 0.360300 58.000000 58 58
22 0.401600 62.000000 62 62
23 0.412500 66.000000 66 66
24 0.430400 70.000000 70 70
25 0.436000 74.000000 74 74
26 0.453300 78.000000 78 78
27 0.460000 82.000000 82 82
28 0.495300 86.000000 86 86
29 0.486000 90.000000 90 90
30 0.535800 94.000000 94 94
31 0.560400 98.000000 98 98
32 0.600700 103.000000 103 103
33 0.614300 108.000000 108 108
34 0.611000 113.000000 113 113
35 0.634700 118.000000 118 118
36 0.659200 123.000000 123 123
37 0.713900 128.000000 128 128
38 0.736900 133.000000 133 133
39 0.768600 138.000000 138 138
40 0.819800 143.000000 143 143
41 0.851400 148.000000 148 148
42 0.865000 153.000000 153 153
43 0.900900 158.000000 158 158
44 0.917800 163.000000 163 163
45 0.983300 168.000000 168 168
46 0.998600 173.000000 173 173
47 0.983200 178.000000 178 178
48 1.013000 183.000000 183 183
49 1.026900 188.000000 188 188
50 1.006500 193.000000 193 193
51 1.055100 198.000000 198 198
52 1.101500 203.000000 203 203
53 1.097600 208.000000 208 208
54 1.124300 213.000000 213 213
55 1.102900 218.000000 218 218
56 1.184600 223.000000 223 223
57 1.179900 228.000000 228 228
58 1.187100 233.000000 233 233
59 1.183700 238.000000 238 238
60 1.220400 243.000000 243 243
61 1.280900 248.000000 248 248
62 1.291800 253.000000 253 253
63 1.310000 258.000000 258 258
64 1.370700 264.000000 264 264
65 1.396600 270.000000 270 270
66 1.409700 276.000000 276 276
67 1.428600 282.000000 282 282
68 1.463000 288.000000 288 288
69 1.485700 294.000000 294 294
70 1.503000 300.000000 300 300
71 1.510100 306.000000 306 306
72 1.545200 312.000000 312 312
73 1.581800 318.000000 318 318
74 1.627600 324.000000 324 324
75 1.647300 330.000000 330 330
76 1.708400 336.000000 336 336
77 1.738000 342.000000 342 342
78 1.792300 348.000000 348 348
79 1.788000 354.000000 354 354
80 1.786700 360.000000 360 360
81 1.819100 366.000000 366 366
82 1.853500 372.000000 372 372
83 1.960700 378.000000 378 378
84 1.936200 384.000000 384 384
85 1.946000 390.000000 390 390
86 1.972700 396.000000 396 396
87 1.978700 402.000000 402 402
88 2.031500 408.000000 408 408
89 2.074800 414.000000 414 414
90 2.104200 420.000000 420 420
91 2.170500 426.000000 426 426
92 2.172900 432.000000 432 432
93 2.233900 438.000000 438 438
94 2.272200 444.000000 444 444
95 2.251400 450.000000 450 450
96 2.287400 456.000000 456 456
97 2.300700 462.000000 462 462
98 2.330200 468.000000 468 468
99 2.334300 474.000000 474 474
100 2.342900 480.000000 480 480
