1 0.010330 0.000000 0 0
2 0.029500 1.000000 1 1
3 0.053340 2.667000 3 2
4 0.075950 4.832420 6 4
5 0.108600 7.399460 10 6
6 0.145070 10.296590 15 8
7 0.178910 13.494350 21 10
8 0.220520 16.916280 28 13
9 0.262480 20.594630 36 16
10 0.304460 24.435950 45 19
11 0.370490 28.498860 55 22
12 0.395720 32.689690 64 25
13 0.504780 37.025180 72 28
14 0.538290 41.530080 84 31
15 0.598150 46.206890 91 35
16 0.567280 50.921910 107 38
17 0.619540 55.821670 109 42
18 0.668080 60.778590 123 46
19 0.744600 65.898990 142 50
20 0.808840 71.073320 145 54
21 0.790620 76.365250 141 58
22 0.867950 81.732270 164 62
23 0.975230 87.216400 165 66
24 1.082490 92.776680 172 70
25 1.137170 98.497050 192 75
26 1.051270 104.229150 209 79
27 1.176130 110.000130 220 82
28 1.261080 115.735560 228 88
29 1.207090 121.756920 221 93
30 1.248730 127.696340 224 97
31 1.333540 133.795200 235 101
32 1.348910 139.786740 268 106
33 1.472910 146.114050 256 112
34 1.466350 152.280200 294 116
35 1.519980 158.544890 292 121
36 1.589910 164.789880 293 126
37 1.726280 171.355970 294 132
38 1.877960 177.749280 324 136
39 1.758000 184.343760 326 141
40 2.078060 190.821000 368 147
41 2.175080 197.579670 365 153
42 2.122880 204.190160 368 157
43 1.988790 210.782860 388 162
44 2.025490 217.448090 416 167
45 2.117900 224.409910 406 173
46 2.364760 231.183880 415 178
47 2.392040 238.033400 428 185
48 2.224050 244.990890 458 188
49 2.363990 252.017150 472 195
50 2.552600 258.886100 448 202
51 2.369740 266.013990 496 204
52 2.480490 273.237850 471 212
53 2.544200 280.316730 517 216
54 2.598230 287.470690 497 222
55 2.669700 294.523790 546 229
56 2.733810 301.760470 525 235
57 2.787320 308.976350 534 241
58 2.824200 316.171930 552 247
59 2.912950 323.617440 585 249
60 2.967440 331.060280 577 259
61 2.912170 338.234460 637 264
62 3.124470 345.647250 590 272
63 3.143410 353.387300 646 279
64 3.215300 360.661850 618 278
65 3.174260 368.082480 637 288
66 3.296090 375.755750 633 295
67 3.650180 383.205050 656 300
68 3.479500 390.996800 700 307
69 4.005750 398.795580 668 313
70 3.598410 406.249880 709 319
71 3.973820 413.849520 700 327
72 3.908850 421.734850 705 329
73 4.030620 429.215910 791 335
74 4.221650 437.253770 760 339
75 4.066100 444.978180 760 353
76 4.348600 452.979200 804 356
77 4.606520 460.920500 769 362
78 4.563790 468.682470 808 369
79 5.014170 476.704530 846 377
80 4.298100 484.394810 824 379
81 4.407600 492.545390 826 389
82 4.650070 500.594830 840 398
83 5.019970 508.288370 847 400
84 5.086480 516.183120 866 409
85 4.941340 524.601040 893 416
86 5.091540 532.389540 921 419
87 5.152730 540.320660 938 426
88 5.079080 549.142010 962 432
89 5.224730 557.109650 960 444
90 5.480110 565.010530 902 447
91 5.242680 572.912660 1048 453
92 5.231830 581.415710 1002 455
93 5.343440 589.833210 1028 464
94 5.364940 597.807390 1027 473
95 5.356650 606.369770 999 483
96 5.523220 614.269100 1094 487
97 5.376460 622.720070 1081 496
98 5.525000 630.890900 1024 498
99 5.629270 639.623520 1137 503
100 5.575350 647.787930 1099 511
101 5.719640 656.333130 1123 518
