1 0.010000 0.000000 0 0
2 0.040000 1.000000 1 1
3 0.050000 2.000000 2 2
4 0.080000 4.000000 4 4
5 0.110000 6.000000 6 6
6 0.140000 9.000000 9 9
7 0.170000 12.000000 12 12
8 0.210000 16.000000 16 16
9 0.240000 20.000000 20 20
10 0.280000 25.000000 25 25
11 0.310000 30.000000 30 30
12 0.570000 36.000000 36 36
13 0.430000 42.000000 42 42
14 0.460000 49.000000 49 49
15 0.530000 56.000000 56 56
16 0.540000 64.000000 64 64
17 0.520000 72.000000 72 72
18 0.940000 81.000000 81 81
19 1.000000 90.000000 90 90
20 0.830000 100.000000 100 100
21 1.080000 110.000000 110 110
22 0.830000 121.000000 121 121
23 1.060000 132.000000 132 132
24 0.920000 144.000000 144 144
25 2.790000 156.000000 156 156
26 1.470000 169.000000 169 169
27 1.350000 182.000000 182 182
28 1.240000 196.000000 196 196
29 1.820000 210.000000 210 210
30 1.700000 225.000000 225 225
31 1.780000 240.000000 240 240
32 1.680000 256.000000 256 256
33 1.600000 272.000000 272 272
34 1.620000 289.000000 289 289
35 1.840000 306.000000 306 306
36 2.870000 324.000000 324 324
37 1.970000 342.000000 342 342
38 1.990000 361.000000 361 361
39 2.140000 380.000000 380 380
40 3.120000 400.000000 400 400
41 2.830000 420.000000 420 420
42 3.030000 441.000000 441 441
43 2.590000 462.000000 462 462
44 2.310000 484.000000 484 484
45 2.290000 506.000000 506 506
46 2.230000 529.000000 529 529
47 3.810000 552.000000 552 552
48 2.360000 576.000000 576 576
49 3.040000 600.000000 600 600
50 3.030000 625.000000 625 625
51 4.310000 650.000000 650 650
52 3.180000 676.000000 676 676
53 2.630000 702.000000 702 702
54 3.160000 729.000000 729 729
55 2.990000 756.000000 756 756
56 2.860000 784.000000 784 784
57 2.880000 812.000000 812 812
58 3.870000 841.000000 841 841
59 4.490000 870.000000 870 870
60 4.270000 900.000000 900 900
61 3.420000 930.000000 930 930
62 3.420000 961.000000 961 961
63 3.630000 992.000000 992 992
64 3.720000 1024.000000 1024 1024
65 3.770000 1056.000000 1056 1056
66 4.280000 1089.000000 1089 1089
67 3.980000 1122.000000 1122 1122
68 4.020000 1156.000000 1156 1156
69 4.130000 1190.000000 1190 1190
70 4.310000 1225.000000 1225 1225
71 4.650000 1260.000000 1260 1260
72 4.240000 1296.000000 1296 1296
73 4.310000 1332.000000 1332 1332
74 4.380000 1369.000000 1369 1369
75 4.550000 1406.000000 1406 1406
76 5.640000 1444.000000 1444 1444
77 4.630000 1482.000000 1482 1482
78 4.850000 1521.000000 1521 1521
79 4.960000 1560.000000 1560 1560
80 4.900000 1600.000000 1600 1600
81 5.730000 1640.000000 1640 1640
82 5.070000 1681.000000 1681 1681
83 5.430000 1722.000000 1722 1722
84 5.370000 1764.000000 1764 1764
85 5.420000 1806.000000 1806 1806
86 5.590000 1849.000000 1849 1849
87 6.370000 1892.000000 1892 1892
88 5.760000 1936.000000 1936 1936
89 5.780000 1980.000000 1980 1980
90 5.850000 2025.000000 2025 2025
91 6.110000 2070.000000 2070 2070
92 6.180000 2116.000000 2116 2116
93 6.290000 2162.000000 2162 2162
94 7.660000 2209.000000 2209 2209
95 6.500000 2256.000000 2256 2256
96 6.580000 2304.000000 2304 2304
97 6.590000 2352.000000 2352 2352
98 6.810000 2401.000000 2401 2401
99 7.020000 2450.000000 2450 2450
100 6.690000 2500.000000 2500 2500
