1 0.020000 0.000000 0 0
2 0.040000 1.000000 1 1
3 0.040000 2.000000 2 2
4 0.080000 4.000000 4 4
5 0.100000 6.000000 6 6
6 0.340000 9.000000 9 9
7 0.170000 12.000000 12 12
8 0.200000 16.000000 16 16
9 0.240000 20.000000 20 20
10 0.270000 25.000000 25 25
11 0.310000 30.000000 30 30
12 0.370000 36.000000 36 36
13 0.430000 42.000000 42 42
14 0.470000 49.000000 49 49
15 0.520000 56.000000 56 56
16 0.480000 64.000000 64 64
17 0.520000 72.000000 72 72
18 1.510000 81.000000 81 81
19 1.000000 90.000000 90 90
20 0.840000 100.000000 100 100
21 0.900000 110.000000 110 110
22 0.830000 121.000000 121 121
23 0.900000 132.000000 132 132
24 0.910000 144.000000 144 144
25 1.280000 156.000000 156 156
26 1.190000 169.000000 169 169
27 1.350000 182.000000 182 182
28 1.280000 196.000000 196 196
29 2.080000 210.000000 210 210
30 1.700000 225.000000 225 225
31 1.620000 240.000000 240 240
32 1.820000 256.000000 256 256
33 1.980000 272.000000 272 272
34 1.800000 289.000000 289 289
35 1.710000 306.000000 306 306
36 1.500000 324.000000 324 324
37 2.380000 342.000000 342 342
38 2.050000 361.000000 361 361
39 2.150000 380.000000 380 380
40 2.470000 400.000000 400 400
41 2.830000 420.000000 420 420
42 3.200000 441.000000 441 441
43 2.590000 462.000000 462 462
44 2.360000 484.000000 484 484
45 2.090000 506.000000 506 506
46 3.100000 529.000000 529 529
47 3.810000 552.000000 552 552
48 2.460000 576.000000 576 576
49 2.480000 600.000000 600 600
50 2.970000 625.000000 625 625
51 3.510000 650.000000 650 650
52 3.500000 676.000000 676 676
53 2.640000 702.000000 702 702
54 2.630000 729.000000 729 729
55 2.720000 756.000000 756 756
56 2.940000 784.000000 784 784
57 2.920000 812.000000 812 812
58 4.010000 841.000000 841 841
59 4.400000 870.000000 870 870
60 4.300000 900.000000 900 900
61 3.460000 930.000000 930 930
62 3.690000 961.000000 961 961
63 3.740000 992.000000 992 992
64 3.580000 1024.000000 1024 1024
65 3.660000 1056.000000 1056 1056
66 3.750000 1089.000000 1089 1089
67 4.840000 1122.000000 1122 1122
68 3.900000 1156.000000 1156 1156
69 3.990000 1190.000000 1190 1190
70 4.100000 1225.000000 1225 1225
71 4.140000 1260.000000 1260 1260
72 4.340000 1296.000000 1296 1296
73 4.960000 1332.000000 1332 1332
74 4.480000 1369.000000 1369 1369
75 4.520000 1406.000000 1406 1406
76 5.130000 1444.000000 1444 1444
77 4.710000 1482.000000 1482 1482
78 4.710000 1521.000000 1521 1521
79 4.800000 1560.000000 1560 1560
80 5.000000 1600.000000 1600 1600
81 4.990000 1640.000000 1640 1640
82 5.180000 1681.000000 1681 1681
83 5.150000 1722.000000 1722 1722
84 5.580000 1764.000000 1764 1764
85 5.510000 1806.000000 1806 1806
86 5.440000 1849.000000 1849 1849
87 5.720000 1892.000000 1892 1892
88 5.770000 1936.000000 1936 1936
89 5.880000 1980.000000 1980 1980
90 5.940000 2025.000000 2025 2025
91 5.940000 2070.000000 2070 2070
92 6.580000 2116.000000 2116 2116
93 6.330000 2162.000000 2162 2162
94 6.400000 2209.000000 2209 2209
95 6.360000 2256.000000 2256 2256
96 6.500000 2304.000000 2304 2304
97 6.770000 2352.000000 2352 2352
98 6.830000 2401.000000 2401 2401
99 6.890000 2450.000000 2450 2450
100 6.640000 2500.000000 2500 2500
