1 0.004600 0.000000 0 0
2 0.016100 1.000000 1 1
3 0.032600 3.000000 3 3
4 0.049500 6.000000 6 6
5 0.064100 10.000000 10 10
6 0.084400 15.000000 15 15
7 0.104400 21.000000 21 21
8 0.126100 28.000000 28 28
9 0.148500 36.000000 36 36
10 0.172500 45.000000 45 45
11 0.203300 55.000000 55 55
12 0.239600 66.000000 66 66
13 0.266000 78.000000 78 78
14 0.302800 91.000000 91 91
15 0.335600 105.000000 105 105
16 0.370800 120.000000 120 120
17 0.409100 136.000000 136 136
18 0.446800 153.000000 153 153
19 0.487400 171.000000 171 171
20 0.541500 190.000000 190 190
21 0.571000 210.000000 210 210
22 0.621400 231.000000 231 231
23 0.666800 253.000000 253 253
24 0.720700 276.000000 276 276
25 0.763500 300.000000 300 300
26 0.808100 325.000000 325 325
27 0.859600 351.000000 351 351
28 0.918200 378.000000 378 378
29 0.969900 406.000000 406 406
30 1.040400 435.000000 435 435
31 1.093500 465.000000 465 465
32 1.127600 496.000000 496 496
33 1.201000 528.000000 528 528
34 1.257100 561.000000 561 561
35 1.339900 595.000000 595 595
36 1.396400 630.000000 630 630
37 1.477200 666.000000 666 666
38 1.515300 703.000000 703 703
39 1.569200 741.000000 741 741
40 1.634900 780.000000 780 780
41 1.702300 820.000000 820 820
42 1.794200 861.000000 861 861
43 1.857200 903.000000 903 903
44 1.944100 946.000000 946 946
45 2.278300 990.000000 990 990
46 2.320000 1035.000000 1035 1035
47 2.407500 1081.000000 1081 1081
48 2.456400 1128.000000 1128 1128
49 2.561200 1176.000000 1176 1176
50 2.662500 1225.000000 1225 1225
51 2.735800 1275.000000 1275 1275
52 2.727000 1326.000000 1326 1326
53 2.866200 1378.000000 1378 1378
54 2.985300 1431.000000 1431 1431
55 3.036200 1485.000000 1485 1485
56 3.163700 1540.000000 1540 1540
57 3.240200 1596.000000 1596 1596
58 3.316500 1653.000000 1653 1653
59 3.395400 1711.000000 1711 1711
60 3.474700 1770.000000 1770 1770
61 3.570100 1830.000000 1830 1830
62 3.680500 1891.000000 1891 1891
63 3.790000 1953.000000 1953 1953
64 3.882900 2016.000000 2016 2016
65 4.023800 2080.000000 2080 2080
66 4.091100 2145.000000 2145 2145
67 4.164300 2211.000000 2211 2211
68 4.264100 2278.000000 2278 2278
69 4.371600 2346.000000 2346 2346
70 4.474700 2415.000000 2415 2415
71 4.583000 2485.000000 2485 2485
72 4.684200 2556.000000 2556 2556
73 4.800400 2628.000000 2628 2628
74 4.911600 2701.000000 2701 2701
75 5.024800 2775.000000 2775 2775
76 5.152800 2850.000000 2850 2850
77 5.339400 2926.000000 2926 2926
78 5.407700 3003.000000 3003 3003
79 5.568500 3081.000000 3081 3081
80 5.580600 3160.000000 3160 3160
81 5.734200 3240.000000 3240 3240
82 5.806900 3321.000000 3321 3321
83 6.091000 3403.000000 3403 3403
84 6.081700 3486.000000 3486 3486
85 6.212200 3570.000000 3570 3570
86 6.336400 3655.000000 3655 3655
87 6.467900 3741.000000 3741 3741
88 6.547500 3828.000000 3828 3828
89 6.721900 3916.000000 3916 3916
90 7.067900 4005.000000 4005 4005
91 7.218400 4095.000000 4095 4095
92 7.348400 4186.000000 4186 4186
93 7.528900 4278.000000 4278 4278
94 7.677600 4371.000000 4371 4371
95 7.760300 4465.000000 4465 4465
96 7.901500 4560.000000 4560 4560
97 8.036300 4656.000000 4656 4656
98 8.216900 4753.000000 4753 4753
99 8.322400 4851.000000 4851 4851
100 8.461000 4950.000000 4950 4950
