1 0.010000 0.000000 0 0
101 3.051000 486.000000 486 486
201 4.907000 1160.000000 1160 1160
301 8.158000 1906.000000 1906 1906
401 10.776000 2706.000000 2706 2706
501 14.283000 3506.000000 3506 3506
601 18.139000 4396.000000 4396 4396
701 20.574000 5296.000000 5296 5296
801 23.431000 6196.000000 6196 6196
901 26.739000 7096.000000 7096 7096
1001 31.132000 7996.000000 7996 7996
1101 34.791000 8974.000000 8974 8974
1201 38.826000 9974.000000 9974 9974
1301 42.044000 10974.000000 10974 10974
1401 44.773000 11974.000000 11974 11974
1501 47.105000 12974.000000 12974 12974
1601 50.574000 13974.000000 13974 13974
1701 53.755000 14974.000000 14974 14974
1801 57.201000 15974.000000 15974 15974
1901 63.583000 16974.000000 16974 16974
2001 66.082000 17974.000000 17974 17974
2101 71.433000 19028.000000 19028 19028
2201 77.564000 20128.000000 20128 20128
2301 81.812000 21228.000000 21228 21228
2401 82.881000 22328.000000 22328 22328
2501 86.140000 23428.000000 23428 23428
2601 90.710000 24528.000000 24528 24528
2701 93.061000 25628.000000 25628 25628
2801 95.638000 26728.000000 26728 26728
2901 98.894000 27828.000000 27828 27828
3001 101.199000 28928.000000 28928 28928
3101 106.780000 30028.000000 30028 30028
3201 109.688000 31128.000000 31128 31128
3301 111.862000 32228.000000 32228 32228
3401 115.813000 33328.000000 33328 33328
3501 120.817000 34428.000000 34428 34428
3601 124.935000 35528.000000 35528 35528
3701 131.476000 36628.000000 36628 36628
3801 136.327000 37728.000000 37728 37728
3901 138.145000 38828.000000 38828 38828
4001 142.579000 39928.000000 39928 39928
4101 152.506000 41034.000000 41034 41034
4201 156.299000 42234.000000 42234 42234
4301 162.277000 43434.000000 43434 43434
4401 163.382000 44634.000000 44634 44634
4501 170.729000 45834.000000 45834 45834
4601 174.678000 47034.000000 47034 47034
4701 177.219000 48234.000000 48234 48234
4801 181.016000 49434.000000 49434 49434
4901 183.969000 50634.000000 50634 50634
5001 190.150000 51834.000000 51834 51834
5101 192.423000 53034.000000 53034 53034
5201 195.650000 54234.000000 54234 54234
5301 200.840000 55434.000000 55434 55434
5401 204.801000 56634.000000 56634 56634
5501 207.971000 57834.000000 57834 57834
5601 211.867000 59034.000000 59034 59034
5701 212.812000 60234.000000 60234 60234
5801 217.291000 61434.000000 61434 61434
5901 218.563000 62634.000000 62634 62634
6001 222.125000 63834.000000 63834 63834
6101 223.887000 65034.000000 65034 65034
6201 225.723000 66234.000000 66234 66234
6301 230.616000 67434.000000 67434 67434
6401 235.315000 68634.000000 68634 68634
6501 236.371000 69834.000000 69834 69834
6601 239.212000 71034.000000 71034 71034
6701 243.083000 72234.000000 72234 72234
6801 250.295000 73434.000000 73434 73434
6901 250.428000 74634.000000 74634 74634
7001 259.937000 75834.000000 75834 75834
7101 259.951000 77034.000000 77034 77034
7201 265.748000 78234.000000 78234 78234
7301 269.440000 79434.000000 79434 79434
7401 277.993000 80634.000000 80634 80634
7501 282.362000 81834.000000 81834 81834
7601 285.669000 83034.000000 83034 83034
7701 286.268000 84234.000000 84234 84234
7801 291.400000 85434.000000 85434 85434
7901 303.039000 86634.000000 86634 86634
8001 310.407000 87834.000000 87834 87834
8101 309.675000 89034.000000 89034 89034
8201 316.816000 90244.000000 90244 90244
8301 324.280000 91544.000000 91544 91544
8401 332.628000 92844.000000 92844 92844
8501 334.400000 94144.000000 94144 94144
8601 341.106000 95444.000000 95444 95444
8701 362.101000 96744.000000 96744 96744
8801 342.901000 98044.000000 98044 98044
8901 351.740000 99344.000000 99344 99344
9001 353.840000 100644.000000 100644 100644
9101 363.138000 101944.000000 101944 101944
9201 365.064000 103244.000000 103244 103244
9301 368.143000 104544.000000 104544 104544
9401 367.502000 105844.000000 105844 105844
9501 379.074000 107144.000000 107144 107144
9601 384.722000 108444.000000 108444 108444
9701 381.407000 109744.000000 109744 109744
9801 380.366000 111044.000000 111044 111044
9901 385.349000 112344.000000 112344 112344
10001 391.788000 113644.000000 113644 113644
