1 0.000000 0.000000 0 0
201 13.900000 1334.200000 1440 1273
401 35.300000 3160.100000 3435 2967
601 49.300000 5047.600000 5375 4866
801 70.100000 7075.500000 7721 6749
1001 86.600000 9377.800000 9999 8864
1201 107.600000 11567.400000 12340 11157
1401 187.800000 13827.500000 15254 13291
1601 188.500000 16014.800000 16861 15562
1801 168.500000 18599.100000 19904 17669
2001 202.800000 21075.900000 24288 19776
2201 243.200000 23663.800000 24628 22994
2401 230.300000 25695.300000 26642 24970
2601 268.300000 28335.000000 29318 26948
2801 312.500000 31190.000000 33817 29583
3001 302.900000 33934.200000 36357 32227
3201 359.600000 36693.700000 38426 35440
3401 386.000000 39243.400000 43605 37691
3601 391.600000 41265.300000 43465 39194
3801 396.300000 44672.600000 47832 43290
4001 439.500000 46998.500000 49938 44858
4201 467.700000 49466.300000 50848 47764
4401 485.700000 52593.300000 58534 51077
4601 506.600000 54419.900000 55909 52867
4801 501.300000 57090.500000 58715 56230
5001 546.000000 60539.800000 67799 58497
5201 619.900000 63013.700000 67608 60801
5401 606.900000 65667.100000 68878 63781
5601 628.800000 69062.600000 70867 67366
5801 695.100000 71278.800000 74198 68361
6001 676.300000 74635.800000 80552 70762
6201 687.200000 76954.100000 82294 74490
6401 726.400000 80713.300000 83920 78415
6601 792.200000 83081.800000 85240 81147
6801 803.300000 85493.100000 87579 83371
7001 833.500000 89069.300000 96469 86595
7201 905.000000 90787.600000 94112 88590
7401 850.500000 93760.300000 97684 91634
7601 980.100000 98543.200000 107862 94475
7801 909.000000 99894.700000 105358 96764
8001 982.500000 102619.800000 106285 99591
8201 1014.900000 106047.500000 110958 103198
8401 985.900000 108867.900000 112254 105699
8601 1068.100000 110811.100000 116926 108000
8801 1107.400000 115938.000000 120495 111791
9001 1038.200000 117897.400000 121571 113284
9201 1109.000000 119468.700000 122041 116549
9401 1127.600000 124657.600000 130021 120875
9601 1146.400000 126286.200000 132055 122972
9801 1197.300000 130615.700000 135667 126450
10001 1133.500000 132559.500000 139542 128653
