1 0.006000 0.000000 0 0
2 0.015000 1.000000 1 1
3 0.031000 3.000000 3 3
4 0.047000 6.000000 6 6
5 0.064000 10.000000 10 10
6 0.082000 15.000000 15 15
7 0.102000 21.000000 21 21
8 0.122000 28.000000 28 28
9 0.144000 36.000000 36 36
10 0.168000 45.000000 45 45
11 0.199000 55.000000 55 55
12 0.233000 66.000000 66 66
13 0.284000 78.000000 78 78
14 0.340000 91.000000 91 91
15 0.350000 105.000000 105 105
16 0.386000 120.000000 120 120
17 0.411000 136.000000 136 136
18 0.466000 153.000000 153 153
19 0.489000 171.000000 171 171
20 0.547000 190.000000 190 190
21 0.573000 210.000000 210 210
22 0.626000 231.000000 231 231
23 0.671000 253.000000 253 253
24 0.715000 276.000000 276 276
25 0.759000 300.000000 300 300
26 0.822000 325.000000 325 325
27 0.859000 351.000000 351 351
28 0.916000 378.000000 378 378
29 0.968000 406.000000 406 406
30 1.022000 435.000000 435 435
31 1.082000 465.000000 465 465
32 1.132000 496.000000 496 496
33 1.191000 528.000000 528 528
34 1.253000 561.000000 561 561
35 1.279000 595.000000 595 595
36 1.331000 630.000000 630 630
37 1.437000 666.000000 666 666
38 1.500000 703.000000 703 703
39 1.567000 741.000000 741 741
40 1.634000 780.000000 780 780
41 1.710000 820.000000 820 820
42 1.770000 861.000000 861 861
43 1.842000 903.000000 903 903
44 1.919000 946.000000 946 946
45 2.223000 990.000000 990 990
46 2.303000 1035.000000 1035 1035
47 2.372000 1081.000000 1081 1081
48 2.456000 1128.000000 1128 1128
49 2.529000 1176.000000 1176 1176
50 2.607000 1225.000000 1225 1225
51 2.693000 1275.000000 1275 1275
52 2.779000 1326.000000 1326 1326
53 2.865000 1378.000000 1378 1378
54 2.944000 1431.000000 1431 1431
55 3.030000 1485.000000 1485 1485
56 3.124000 1540.000000 1540 1540
57 3.210000 1596.000000 1596 1596
58 3.292000 1653.000000 1653 1653
59 3.387000 1711.000000 1711 1711
60 3.475000 1770.000000 1770 1770
61 3.571000 1830.000000 1830 1830
62 3.669000 1891.000000 1891 1891
63 3.772000 1953.000000 1953 1953
64 3.860000 2016.000000 2016 2016
65 3.967000 2080.000000 2080 2080
66 4.061000 2145.000000 2145 2145
67 4.167000 2211.000000 2211 2211
68 4.264000 2278.000000 2278 2278
69 4.374000 2346.000000 2346 2346
70 4.467000 2415.000000 2415 2415
71 4.580000 2485.000000 2485 2485
72 4.691000 2556.000000 2556 2556
73 4.813000 2628.000000 2628 2628
74 4.911000 2701.000000 2701 2701
75 5.210000 2775.000000 2775 2775
76 4.985000 2850.000000 2850 2850
77 5.491000 2926.000000 2926 2926
78 5.455000 3003.000000 3003 3003
79 5.570000 3081.000000 3081 3081
80 5.638000 3160.000000 3160 3160
81 5.741000 3240.000000 3240 3240
82 5.736000 3321.000000 3321 3321
83 5.966000 3403.000000 3403 3403
84 6.129000 3486.000000 3486 3486
85 6.027000 3570.000000 3570 3570
86 6.345000 3655.000000 3655 3655
87 6.494000 3741.000000 3741 3741
88 6.626000 3828.000000 3828 3828
89 6.690000 3916.000000 3916 3916
90 7.106000 4005.000000 4005 4005
91 7.296000 4095.000000 4095 4095
92 7.346000 4186.000000 4186 4186
93 7.485000 4278.000000 4278 4278
94 7.637000 4371.000000 4371 4371
95 7.769000 4465.000000 4465 4465
96 7.896000 4560.000000 4560 4560
97 8.043000 4656.000000 4656 4656
98 8.180000 4753.000000 4753 4753
99 8.339000 4851.000000 4851 4851
100 8.645000 4950.000000 4950 4950
101 8.916000 5050.000000 5050 5050
102 8.768000 5151.000000 5151 5151
103 9.250000 5253.000000 5253 5253
104 9.197000 5356.000000 5356 5356
105 9.469000 5460.000000 5460 5460
106 9.407000 5565.000000 5565 5565
107 9.702000 5671.000000 5671 5671
108 9.474000 5778.000000 5778 5778
109 9.883000 5886.000000 5886 5886
110 10.138000 5995.000000 5995 5995
111 10.287000 6105.000000 6105 6105
112 10.035000 6216.000000 6216 6216
113 10.588000 6328.000000 6328 6328
114 10.624000 6441.000000 6441 6441
115 10.922000 6555.000000 6555 6555
116 10.870000 6670.000000 6670 6670
117 11.263000 6786.000000 6786 6786
118 11.359000 6903.000000 6903 6903
119 11.358000 7021.000000 7021 7021
120 11.669000 7140.000000 7140 7140
121 11.859000 7260.000000 7260 7260
122 12.092000 7381.000000 7381 7381
123 12.138000 7503.000000 7503 7503
124 12.422000 7626.000000 7626 7626
125 12.570000 7750.000000 7750 7750
126 12.790000 7875.000000 7875 7875
127 13.035000 8001.000000 8001 8001
128 14.742000 8128.000000 8128 8128
129 13.340000 8256.000000 8256 8256
130 13.450000 8385.000000 8385 8385
131 13.635000 8515.000000 8515 8515
132 13.849000 8646.000000 8646 8646
133 14.052000 8778.000000 8778 8778
134 14.253000 8911.000000 8911 8911
135 14.438000 9045.000000 9045 9045
136 14.937000 9180.000000 9180 9180
137 15.105000 9316.000000 9316 9316
138 15.269000 9453.000000 9453 9453
139 15.916000 9591.000000 9591 9591
140 15.551000 9730.000000 9730 9730
141 16.023000 9870.000000 9870 9870
142 16.055000 10011.000000 10011 10011
143 16.288000 10153.000000 10153 10153
144 16.359000 10296.000000 10296 10296
145 16.897000 10440.000000 10440 10440
146 17.202000 10585.000000 10585 10585
147 16.774000 10731.000000 10731 10731
148 17.152000 10878.000000 10878 10878
149 17.325000 11026.000000 11026 11026
150 17.531000 11175.000000 11175 11175
151 17.768000 11325.000000 11325 11325
152 17.930000 11476.000000 11476 11476
153 18.152000 11628.000000 11628 11628
154 18.479000 11781.000000 11781 11781
155 18.578000 11935.000000 11935 11935
156 18.789000 12090.000000 12090 12090
157 19.003000 12246.000000 12246 12246
158 19.271000 12403.000000 12403 12403
159 19.445000 12561.000000 12561 12561
160 19.658000 12720.000000 12720 12720
161 19.886000 12880.000000 12880 12880
162 20.106000 13041.000000 13041 13041
163 20.333000 13203.000000 13203 13203
164 20.563000 13366.000000 13366 13366
165 20.893000 13530.000000 13530 13530
166 21.054000 13695.000000 13695 13695
167 21.262000 13861.000000 13861 13861
168 21.481000 14028.000000 14028 14028
169 21.702000 14196.000000 14196 14196
170 22.199000 14365.000000 14365 14365
171 22.384000 14535.000000 14535 14535
172 22.401000 14706.000000 14706 14706
173 22.930000 14878.000000 14878 14878
174 22.919000 15051.000000 15051 15051
175 23.134000 15225.000000 15225 15225
176 23.448000 15400.000000 15400 15400
177 23.911000 15576.000000 15576 15576
178 24.208000 15753.000000 15753 15753
179 24.602000 15931.000000 15931 15931
180 24.605000 16110.000000 16110 16110
181 24.741000 16290.000000 16290 16290
182 25.271000 16471.000000 16471 16471
183 25.323000 16653.000000 16653 16653
184 25.593000 16836.000000 16836 16836
185 26.071000 17020.000000 17020 17020
186 26.382000 17205.000000 17205 17205
187 26.294000 17391.000000 17391 17391
188 26.554000 17578.000000 17578 17578
189 27.135000 17766.000000 17766 17766
190 27.100000 17955.000000 17955 17955
191 27.383000 18145.000000 18145 18145
192 27.641000 18336.000000 18336 18336
193 27.907000 18528.000000 18528 18528
194 28.166000 18721.000000 18721 18721
195 28.628000 18915.000000 18915 18915
196 28.916000 19110.000000 19110 19110
197 28.979000 19306.000000 19306 19306
198 29.734000 19503.000000 19503 19503
199 29.524000 19701.000000 19701 19701
200 29.767000 19900.000000 19900 19900
201 30.358000 20100.000000 20100 20100
202 30.539000 20301.000000 20301 20301
203 30.732000 20503.000000 20503 20503
204 30.864000 20706.000000 20706 20706
205 31.144000 20910.000000 20910 20910
206 31.417000 21115.000000 21115 21115
207 31.594000 21321.000000 21321 21321
208 32.207000 21528.000000 21528 21528
209 32.272000 21736.000000 21736 21736
210 32.553000 21945.000000 21945 21945
211 32.721000 22155.000000 22155 22155
212 33.777000 22366.000000 22366 22366
213 33.412000 22578.000000 22578 22578
214 33.695000 22791.000000 22791 22791
215 34.183000 23005.000000 23005 23005
216 34.202000 23220.000000 23220 23220
217 34.577000 23436.000000 23436 23436
218 34.979000 23653.000000 23653 23653
219 35.161000 23871.000000 23871 23871
220 35.516000 24090.000000 24090 24090
221 35.803000 24310.000000 24310 24310
222 36.065000 24531.000000 24531 24531
223 36.378000 24753.000000 24753 24753
224 36.891000 24976.000000 24976 24976
225 36.985000 25200.000000 25200 25200
226 37.278000 25425.000000 25425 25425
227 37.630000 25651.000000 25651 25651
228 38.126000 25878.000000 25878 25878
229 38.434000 26106.000000 26106 26106
230 39.136000 26335.000000 26335 26335
231 39.419000 26565.000000 26565 26565
232 39.666000 26796.000000 26796 26796
233 39.960000 27028.000000 27028 27028
234 40.377000 27261.000000 27261 27261
235 40.610000 27495.000000 27495 27495
236 41.046000 27730.000000 27730 27730
237 41.336000 27966.000000 27966 27966
238 41.637000 28203.000000 28203 28203
239 43.092000 28441.000000 28441 28441
240 42.526000 28680.000000 28680 28680
241 42.479000 28920.000000 28920 28920
242 42.547000 29161.000000 29161 29161
243 42.891000 29403.000000 29403 29403
244 43.190000 29646.000000 29646 29646
245 43.608000 29890.000000 29890 29890
246 43.863000 30135.000000 30135 30135
247 44.212000 30381.000000 30381 30381
248 44.531000 30628.000000 30628 30628
249 44.876000 30876.000000 30876 30876
250 45.201000 31125.000000 31125 31125
251 45.545000 31375.000000 31375 31375
252 45.995000 31626.000000 31626 31626
253 46.296000 31878.000000 31878 31878
254 46.959000 32131.000000 32131 32131
255 47.413000 32385.000000 32385 32385
256 47.276000 32640.000000 32640 32640
257 48.054000 32896.000000 32896 32896
258 48.417000 33153.000000 33153 33153
259 48.277000 33411.000000 33411 33411
260 48.753000 33670.000000 33670 33670
261 49.007000 33930.000000 33930 33930
262 49.336000 34191.000000 34191 34191
263 49.704000 34453.000000 34453 34453
264 50.031000 34716.000000 34716 34716
265 52.496000 34980.000000 34980 34980
266 50.738000 35245.000000 35245 35245
267 51.629000 35511.000000 35511 35511
268 51.955000 35778.000000 35778 35778
269 51.845000 36046.000000 36046 36046
270 52.748000 36315.000000 36315 36315
271 52.596000 36585.000000 36585 36585
272 52.945000 36856.000000 36856 36856
273 53.622000 37128.000000 37128 37128
274 54.417000 37401.000000 37401 37401
275 54.687000 37675.000000 37675 37675
276 54.674000 37950.000000 37950 37950
277 54.975000 38226.000000 38226 38226
278 55.351000 38503.000000 38503 38503
279 55.739000 38781.000000 38781 38781
280 56.084000 39060.000000 39060 39060
281 56.506000 39340.000000 39340 39340
282 56.829000 39621.000000 39621 39621
283 57.480000 39903.000000 39903 39903
284 58.222000 40186.000000 40186 40186
285 58.472000 40470.000000 40470 40470
286 58.883000 40755.000000 40755 40755
287 58.752000 41041.000000 41041 41041
288 59.148000 41328.000000 41328 41328
289 59.513000 41616.000000 41616 41616
290 59.899000 41905.000000 41905 41905
291 60.303000 42195.000000 42195 42195
292 60.670000 42486.000000 42486 42486
293 61.074000 42778.000000 42778 42778
294 61.849000 43071.000000 43071 43071
295 62.176000 43365.000000 43365 43365
296 62.186000 43660.000000 43660 43660
297 63.078000 43956.000000 43956 43956
298 63.328000 44253.000000 44253 44253
299 63.933000 44551.000000 44551 44551
300 63.891000 44850.000000 44850 44850
301 64.367000 45150.000000 45150 45150
302 64.725000 45451.000000 45451 45451
303 65.645000 45753.000000 45753 45753
304 65.925000 46056.000000 46056 46056
305 67.600000 46360.000000 46360 46360
306 66.941000 46665.000000 46665 46665
307 67.240000 46971.000000 46971 46971
308 67.248000 47278.000000 47278 47278
309 67.536000 47586.000000 47586 47586
310 67.925000 47895.000000 47895 47895
311 68.371000 48205.000000 48205 48205
312 68.874000 48516.000000 48516 48516
313 69.145000 48828.000000 48828 48828
314 69.583000 49141.000000 49141 49141
315 69.988000 49455.000000 49455 49455
316 70.381000 49770.000000 49770 49770
317 70.822000 50086.000000 50086 50086
318 71.322000 50403.000000 50403 50403
319 71.667000 50721.000000 50721 50721
320 72.336000 51040.000000 51040 51040
321 72.762000 51360.000000 51360 51360
322 73.428000 51681.000000 51681 51681
323 73.639000 52003.000000 52003 52003
324 74.046000 52326.000000 52326 52326
325 74.469000 52650.000000 52650 52650
326 74.904000 52975.000000 52975 52975
327 75.336000 53301.000000 53301 53301
328 75.756000 53628.000000 53628 53628
329 76.210000 53956.000000 53956 53956
330 76.859000 54285.000000 54285 54285
331 77.094000 54615.000000 54615 54615
332 77.509000 54946.000000 54946 54946
333 77.974000 55278.000000 55278 55278
334 78.399000 55611.000000 55611 55611
335 78.844000 55945.000000 55945 55945
336 79.304000 56280.000000 56280 56280
337 79.756000 56616.000000 56616 56616
338 80.072000 56953.000000 56953 56953
339 80.666000 57291.000000 57291 57291
340 81.084000 57630.000000 57630 57630
341 81.541000 57970.000000 57970 57970
342 81.991000 58311.000000 58311 58311
343 82.454000 58653.000000 58653 58653
344 82.900000 58996.000000 58996 58996
345 83.667000 59340.000000 59340 59340
346 83.828000 59685.000000 59685 59685
347 84.293000 60031.000000 60031 60031
348 84.841000 60378.000000 60378 60378
349 85.212000 60726.000000 60726 60726
350 85.664000 61075.000000 61075 61075
351 86.147000 61425.000000 61425 61425
352 86.641000 61776.000000 61776 61776
353 87.109000 62128.000000 62128 62128
354 87.528000 62481.000000 62481 62481
355 87.992000 62835.000000 62835 62835
356 88.467000 63190.000000 63190 63190
357 88.939000 63546.000000 63546 63546
358 89.423000 63903.000000 63903 63903
359 89.809000 64261.000000 64261 64261
360 90.349000 64620.000000 64620 64620
361 90.799000 64980.000000 64980 64980
362 91.354000 65341.000000 65341 65341
363 91.791000 65703.000000 65703 65703
364 92.262000 66066.000000 66066 66066
365 92.770000 66430.000000 66430 66430
366 96.292000 66795.000000 66795 66795
367 94.644000 67161.000000 67161 67161
368 94.481000 67528.000000 67528 67528
369 95.066000 67896.000000 67896 67896
370 95.504000 68265.000000 68265 68265
371 96.000000 68635.000000 68635 68635
372 96.447000 69006.000000 69006 69006
373 97.142000 69378.000000 69378 69378
374 97.443000 69751.000000 69751 69751
375 97.983000 70125.000000 70125 70125
376 98.504000 70500.000000 70500 70500
377 98.927000 70876.000000 70876 70876
378 99.507000 71253.000000 71253 71253
379 100.043000 71631.000000 71631 71631
380 100.567000 72010.000000 72010 72010
381 100.934000 72390.000000 72390 72390
382 101.435000 72771.000000 72771 72771
383 102.006000 73153.000000 73153 73153
384 102.314000 73536.000000 73536 73536
385 102.941000 73920.000000 73920 73920
386 103.601000 74305.000000 74305 74305
387 104.107000 74691.000000 74691 74691
388 104.543000 75078.000000 75078 75078
389 105.001000 75466.000000 75466 75466
390 105.558000 75855.000000 75855 75855
391 105.992000 76245.000000 76245 76245
392 106.216000 76636.000000 76636 76636
393 107.013000 77028.000000 77028 77028
394 107.527000 77421.000000 77421 77421
395 108.063000 77815.000000 77815 77815
396 108.575000 78210.000000 78210 78210
397 109.107000 78606.000000 78606 78606
398 109.801000 79003.000000 79003 79003
399 110.239000 79401.000000 79401 79401
400 110.767000 79800.000000 79800 79800
401 111.337000 80200.000000 80200 80200
402 111.775000 80601.000000 80601 80601
403 112.307000 81003.000000 81003 81003
404 112.685000 81406.000000 81406 81406
405 113.334000 81810.000000 81810 81810
406 113.876000 82215.000000 82215 82215
407 114.445000 82621.000000 82621 82621
408 114.952000 83028.000000 83028 83028
409 115.790000 83436.000000 83436 83436
410 116.097000 83845.000000 83845 83845
411 116.589000 84255.000000 84255 84255
412 117.337000 84666.000000 84666 84666
413 117.925000 85078.000000 85078 85078
414 118.504000 85491.000000 85491 85491
415 119.126000 85905.000000 85905 85905
416 119.527000 86320.000000 86320 86320
417 120.075000 86736.000000 86736 86736
418 120.655000 87153.000000 87153 87153
419 121.189000 87571.000000 87571 87571
420 121.891000 87990.000000 87990 87990
421 122.308000 88410.000000 88410 88410
422 122.835000 88831.000000 88831 88831
423 123.422000 89253.000000 89253 89253
424 123.957000 89676.000000 89676 89676
425 124.533000 90100.000000 90100 90100
426 124.840000 90525.000000 90525 90525
427 125.661000 90951.000000 90951 90951
428 126.297000 91378.000000 91378 91378
429 126.811000 91806.000000 91806 91806
430 127.356000 92235.000000 92235 92235
431 128.408000 92665.000000 92665 92665
432 128.478000 93096.000000 93096 93096
433 129.103000 93528.000000 93528 93528
434 129.810000 93961.000000 93961 93961
435 130.221000 94395.000000 94395 94395
436 131.638000 94830.000000 94830 94830
437 131.318000 95266.000000 95266 95266
438 131.907000 95703.000000 95703 95703
439 132.468000 96141.000000 96141 96141
440 133.128000 96580.000000 96580 96580
441 133.721000 97020.000000 97020 97020
442 134.216000 97461.000000 97461 97461
443 134.790000 97903.000000 97903 97903
444 135.408000 98346.000000 98346 98346
445 136.040000 98790.000000 98790 98790
446 137.792000 99235.000000 99235 99235
447 137.162000 99681.000000 99681 99681
448 137.734000 100128.000000 100128 100128
449 138.314000 100576.000000 100576 100576
450 138.973000 101025.000000 101025 101025
451 139.595000 101475.000000 101475 101475
452 140.080000 101926.000000 101926 101926
453 140.657000 102378.000000 102378 102378
454 141.249000 102831.000000 102831 102831
455 141.848000 103285.000000 103285 103285
456 145.535000 103740.000000 103740 103740
457 143.166000 104196.000000 104196 104196
458 143.895000 104653.000000 104653 104653
459 144.638000 105111.000000 105111 105111
460 144.937000 105570.000000 105570 105570
461 145.786000 106030.000000 106030 106030
462 146.397000 106491.000000 106491 106491
463 146.995000 106953.000000 106953 106953
464 147.629000 107416.000000 107416 107416
465 150.781000 107880.000000 107880 107880
466 148.603000 108345.000000 108345 108345
467 149.449000 108811.000000 108811 108811
468 150.174000 109278.000000 109278 109278
469 150.884000 109746.000000 109746 109746
470 151.240000 110215.000000 110215 110215
471 151.852000 110685.000000 110685 110685
472 152.491000 111156.000000 111156 111156
473 153.064000 111628.000000 111628 111628
474 155.969000 112101.000000 112101 112101
475 154.358000 112575.000000 112575 112575
476 154.955000 113050.000000 113050 113050
477 155.586000 113526.000000 113526 113526
478 156.414000 114003.000000 114003 114003
479 157.178000 114481.000000 114481 114481
480 157.582000 114960.000000 114960 114960
481 158.169000 115440.000000 115440 115440
482 158.904000 115921.000000 115921 115921
483 159.469000 116403.000000 116403 116403
484 160.010000 116886.000000 116886 116886
485 160.740000 117370.000000 117370 117370
486 161.271000 117855.000000 117855 117855
487 161.983000 118341.000000 118341 118341
488 162.586000 118828.000000 118828 118828
489 163.193000 119316.000000 119316 119316
490 163.839000 119805.000000 119805 119805
491 167.084000 120295.000000 120295 120295
492 165.295000 120786.000000 120786 120786
493 165.980000 121278.000000 121278 121278
494 166.576000 121771.000000 121771 121771
495 167.888000 122265.000000 122265 122265
496 167.800000 122760.000000 122760 122760
497 168.448000 123256.000000 123256 123256
498 169.311000 123753.000000 123753 123753
499 169.974000 124251.000000 124251 124251
500 170.435000 124750.000000 124750 124750
501 171.108000 125250.000000 125250 125250
502 171.640000 125751.000000 125751 125751
503 172.133000 126253.000000 126253 126253
504 173.179000 126756.000000 126756 126756
505 173.886000 127260.000000 127260 127260
506 174.497000 127765.000000 127765 127765
507 176.265000 128271.000000 128271 128271
508 176.015000 128778.000000 128778 128778
509 176.698000 129286.000000 129286 129286
510 177.308000 129795.000000 129795 129795
511 178.090000 130305.000000 130305 130305
512 178.685000 130816.000000 130816 130816
513 179.206000 131328.000000 131328 131328
514 179.865000 131841.000000 131841 131841
515 181.092000 132355.000000 132355 132355
516 181.737000 132870.000000 132870 132870
517 181.984000 133386.000000 133386 133386
518 182.569000 133903.000000 133903 133903
519 183.152000 134421.000000 134421 134421
520 183.874000 134940.000000 134940 134940
521 184.567000 135460.000000 135460 135460
522 185.256000 135981.000000 135981 135981
523 185.973000 136503.000000 136503 136503
524 186.743000 137026.000000 137026 137026
525 187.332000 137550.000000 137550 137550
526 187.940000 138075.000000 138075 138075
527 188.918000 138601.000000 138601 138601
528 189.489000 139128.000000 139128 139128
529 190.225000 139656.000000 139656 139656
530 192.348000 140185.000000 140185 140185
531 191.666000 140715.000000 140715 140715
532 192.590000 141246.000000 141246 141246
533 193.086000 141778.000000 141778 141778
534 193.625000 142311.000000 142311 142311
535 194.297000 142845.000000 142845 142845
536 194.971000 143380.000000 143380 143380
537 198.127000 143916.000000 143916 143916
538 196.554000 144453.000000 144453 144453
539 198.046000 144991.000000 144991 144991
540 199.879000 145530.000000 145530 145530
541 200.584000 146070.000000 146070 146070
542 202.037000 146611.000000 146611 146611
543 202.558000 147153.000000 147153 147153
544 202.654000 147696.000000 147696 147696
545 204.039000 148240.000000 148240 148240
546 203.426000 148785.000000 148785 148785
547 203.589000 149331.000000 149331 149331
548 204.215000 149878.000000 149878 149878
549 205.079000 150426.000000 150426 150426
550 206.175000 150975.000000 150975 150975
551 206.853000 151525.000000 151525 151525
552 207.286000 152076.000000 152076 152076
553 207.524000 152628.000000 152628 152628
554 209.141000 153181.000000 153181 153181
555 210.342000 153735.000000 153735 153735
556 211.507000 154290.000000 154290 154290
557 211.962000 154846.000000 154846 154846
558 213.047000 155403.000000 155403 155403
559 214.514000 155961.000000 155961 155961
560 215.399000 156520.000000 156520 156520
561 214.995000 157080.000000 157080 157080
562 217.618000 157641.000000 157641 157641
563 216.893000 158203.000000 158203 158203
564 217.539000 158766.000000 158766 158766
565 217.182000 159330.000000 159330 159330
566 218.915000 159895.000000 159895 159895
567 218.197000 160461.000000 160461 160461
568 220.614000 161028.000000 161028 161028
569 221.288000 161596.000000 161596 161596
570 221.462000 162165.000000 162165 162165
571 220.926000 162735.000000 162735 162735
572 221.570000 163306.000000 163306 163306
573 222.294000 163878.000000 163878 163878
574 224.168000 164451.000000 164451 164451
575 224.732000 165025.000000 165025 165025
576 225.697000 165600.000000 165600 165600
577 225.973000 166176.000000 166176 166176
578 228.741000 166753.000000 166753 166753
579 228.824000 167331.000000 167331 167331
580 228.501000 167910.000000 167910 167910
581 231.489000 168490.000000 168490 168490
582 231.704000 169071.000000 169071 169071
583 232.405000 169653.000000 169653 169653
584 232.896000 170236.000000 170236 170236
585 232.106000 170820.000000 170820 170820
586 233.189000 171405.000000 171405 171405
587 233.477000 171991.000000 171991 171991
588 236.321000 172578.000000 172578 172578
589 238.031000 173166.000000 173166 173166
590 241.080000 173755.000000 173755 173755
591 239.390000 174345.000000 174345 174345
592 238.335000 174936.000000 174936 174936
593 239.664000 175528.000000 175528 175528
594 240.682000 176121.000000 176121 176121
595 240.920000 176715.000000 176715 176715
596 242.164000 177310.000000 177310 177310
597 241.836000 177906.000000 177906 177906
598 243.318000 178503.000000 178503 178503
599 244.458000 179101.000000 179101 179101
600 245.632000 179700.000000 179700 179700
601 246.784000 180300.000000 180300 180300
602 248.174000 180901.000000 180901 180901
603 247.548000 181503.000000 181503 181503
604 248.052000 182106.000000 182106 182106
605 246.778000 182710.000000 182710 182710
606 249.830000 183315.000000 183315 183315
607 250.253000 183921.000000 183921 183921
608 252.282000 184528.000000 184528 184528
609 253.095000 185136.000000 185136 185136
610 252.302000 185745.000000 185745 185745
611 252.533000 186355.000000 186355 186355
612 255.569000 186966.000000 186966 186966
613 255.886000 187578.000000 187578 187578
614 257.062000 188191.000000 188191 188191
615 256.149000 188805.000000 188805 188805
616 257.354000 189420.000000 189420 189420
617 257.251000 190036.000000 190036 190036
618 259.002000 190653.000000 190653 190653
619 261.010000 191271.000000 191271 191271
620 260.897000 191890.000000 191890 191890
621 263.609000 192510.000000 192510 192510
622 263.701000 193131.000000 193131 193131
623 261.602000 193753.000000 193753 193753
624 263.927000 194376.000000 194376 194376
625 265.349000 195000.000000 195000 195000
626 265.106000 195625.000000 195625 195625
627 266.552000 196251.000000 196251 196251
628 265.160000 196878.000000 196878 196878
629 267.523000 197506.000000 197506 197506
630 267.240000 198135.000000 198135 198135
631 270.280000 198765.000000 198765 198765
632 271.547000 199396.000000 199396 199396
633 270.508000 200028.000000 200028 200028
634 270.399000 200661.000000 200661 200661
635 272.669000 201295.000000 201295 201295
636 273.683000 201930.000000 201930 201930
637 275.815000 202566.000000 202566 202566
638 273.947000 203203.000000 203203 203203
639 274.664000 203841.000000 203841 203841
640 275.897000 204480.000000 204480 204480
641 276.355000 205120.000000 205120 205120
642 279.942000 205761.000000 205761 205761
643 278.630000 206403.000000 206403 206403
644 279.075000 207046.000000 207046 207046
645 279.989000 207690.000000 207690 207690
646 282.053000 208335.000000 208335 208335
647 284.743000 208981.000000 208981 208981
648 286.897000 209628.000000 209628 209628
649 286.309000 210276.000000 210276 210276
650 286.099000 210925.000000 210925 210925
651 285.218000 211575.000000 211575 211575
652 285.754000 212226.000000 212226 212226
653 289.426000 212878.000000 212878 212878
654 290.446000 213531.000000 213531 213531
655 288.347000 214185.000000 214185 214185
656 292.147000 214840.000000 214840 214840
657 290.594000 215496.000000 215496 215496
658 291.921000 216153.000000 216153 216153
659 293.111000 216811.000000 216811 216811
660 294.995000 217470.000000 217470 217470
661 293.981000 218130.000000 218130 218130
662 298.931000 218791.000000 218791 218791
663 298.933000 219453.000000 219453 219453
664 297.812000 220116.000000 220116 220116
665 299.946000 220780.000000 220780 220780
666 300.636000 221445.000000 221445 221445
667 301.302000 222111.000000 222111 222111
668 302.059000 222778.000000 222778 222778
669 301.015000 223446.000000 223446 223446
670 302.316000 224115.000000 224115 224115
671 303.137000 224785.000000 224785 224785
672 302.942000 225456.000000 225456 225456
673 303.819000 226128.000000 226128 226128
674 304.736000 226801.000000 226801 226801
675 305.594000 227475.000000 227475 227475
676 306.642000 228150.000000 228150 228150
677 307.952000 228826.000000 228826 228826
678 312.440000 229503.000000 229503 229503
679 315.237000 230181.000000 230181 230181
680 310.295000 230860.000000 230860 230860
681 312.146000 231540.000000 231540 231540
682 312.326000 232221.000000 232221 232221
683 313.498000 232903.000000 232903 232903
684 313.514000 233586.000000 233586 233586
685 314.526000 234270.000000 234270 234270
686 315.375000 234955.000000 234955 234955
687 316.844000 235641.000000 235641 235641
688 320.289000 236328.000000 236328 236328
689 321.810000 237016.000000 237016 237016
690 322.763000 237705.000000 237705 237705
691 320.017000 238395.000000 238395 238395
692 321.190000 239086.000000 239086 239086
693 323.665000 239778.000000 239778 239778
694 324.540000 240471.000000 240471 240471
695 325.329000 241165.000000 241165 241165
696 327.931000 241860.000000 241860 241860
697 328.586000 242556.000000 242556 242556
698 329.600000 243253.000000 243253 243253
699 330.327000 243951.000000 243951 243951
700 328.915000 244650.000000 244650 244650
701 329.396000 245350.000000 245350 245350
702 331.775000 246051.000000 246051 246051
703 334.225000 246753.000000 246753 246753
704 335.124000 247456.000000 247456 247456
705 336.073000 248160.000000 248160 248160
706 337.154000 248865.000000 248865 248865
707 338.348000 249571.000000 249571 249571
708 338.942000 250278.000000 250278 250278
709 339.243000 250986.000000 250986 250986
710 340.068000 251695.000000 251695 251695
711 339.061000 252405.000000 252405 252405
712 339.428000 253116.000000 253116 253116
713 340.343000 253828.000000 253828 253828
714 341.265000 254541.000000 254541 254541
715 342.517000 255255.000000 255255 255255
716 342.875000 255970.000000 255970 255970
717 343.811000 256686.000000 256686 256686
718 344.882000 257403.000000 257403 257403
719 345.640000 258121.000000 258121 258121
720 347.241000 258840.000000 258840 258840
721 347.626000 259560.000000 259560 259560
722 348.534000 260281.000000 260281 260281
723 349.458000 261003.000000 261003 261003
724 350.387000 261726.000000 261726 261726
725 351.329000 262450.000000 262450 262450
726 352.323000 263175.000000 263175 263175
727 353.231000 263901.000000 263901 263901
728 354.208000 264628.000000 264628 264628
729 355.737000 265356.000000 265356 265356
730 356.102000 266085.000000 266085 266085
731 357.049000 266815.000000 266815 266815
732 357.984000 267546.000000 267546 267546
733 359.534000 268278.000000 268278 268278
734 360.115000 269011.000000 269011 269011
735 361.063000 269745.000000 269745 269745
736 362.042000 270480.000000 270480 270480
737 365.124000 271216.000000 271216 271216
738 366.544000 271953.000000 271953 271953
739 366.522000 272691.000000 272691 272691
740 368.395000 273430.000000 273430 273430
741 367.188000 274170.000000 274170 274170
742 368.725000 274911.000000 274911 274911
743 369.946000 275653.000000 275653 275653
744 374.067000 276396.000000 276396 276396
745 371.003000 277140.000000 277140 277140
746 374.835000 277885.000000 277885 277885
747 373.846000 278631.000000 278631 278631
748 374.878000 279378.000000 279378 279378
749 374.666000 280126.000000 280126 280126
750 379.955000 280875.000000 280875 280875
751 377.928000 281625.000000 281625 281625
752 381.108000 282376.000000 282376 282376
753 380.306000 283128.000000 283128 283128
754 381.136000 283881.000000 283881 283881
755 383.132000 284635.000000 284635 284635
756 384.297000 285390.000000 285390 285390
757 383.408000 286146.000000 286146 286146
758 385.660000 286903.000000 286903 286903
759 385.198000 287661.000000 287661 287661
760 387.502000 288420.000000 288420 288420
761 388.874000 289180.000000 289180 289180
762 387.872000 289941.000000 289941 289941
763 388.408000 290703.000000 290703 290703
764 389.427000 291466.000000 291466 291466
765 392.631000 292230.000000 292230 292230
766 393.927000 292995.000000 292995 292995
767 392.848000 293761.000000 293761 293761
768 395.599000 294528.000000 294528 294528
769 399.897000 295296.000000 295296 295296
770 399.512000 296065.000000 296065 296065
771 398.628000 296835.000000 296835 296835
772 398.992000 297606.000000 297606 297606
773 400.467000 298378.000000 298378 298378
774 403.993000 299151.000000 299151 299151
775 403.296000 299925.000000 299925 299925
776 404.545000 300700.000000 300700 300700
777 403.616000 301476.000000 301476 301476
778 405.189000 302253.000000 302253 302253
779 410.754000 303031.000000 303031 303031
780 406.180000 303810.000000 303810 303810
781 407.585000 304590.000000 304590 304590
782 411.268000 305371.000000 305371 305371
783 411.257000 306153.000000 306153 306153
784 412.249000 306936.000000 306936 306936
785 413.213000 307720.000000 307720 307720
786 414.528000 308505.000000 308505 308505
787 414.291000 309291.000000 309291 309291
788 418.856000 310078.000000 310078 310078
789 415.984000 310866.000000 310866 310866
790 420.303000 311655.000000 311655 311655
791 420.174000 312445.000000 312445 312445
792 419.197000 313236.000000 313236 313236
793 422.834000 314028.000000 314028 314028
794 423.710000 314821.000000 314821 314821
795 423.277000 315615.000000 315615 315615
796 424.721000 316410.000000 316410 316410
797 430.832000 317206.000000 317206 317206
798 425.428000 318003.000000 318003 318003
799 425.661000 318801.000000 318801 318801
800 429.138000 319600.000000 319600 319600
801 426.925000 320400.000000 320400 320400
802 428.929000 321201.000000 321201 321201
803 428.999000 322003.000000 322003 322003
804 432.955000 322806.000000 322806 322806
805 434.310000 323610.000000 323610 323610
806 434.935000 324415.000000 324415 324415
807 434.011000 325221.000000 325221 325221
808 436.186000 326028.000000 326028 326028
809 436.428000 326836.000000 326836 326836
810 436.955000 327645.000000 327645 327645
811 442.047000 328455.000000 328455 328455
812 440.810000 329266.000000 329266 329266
813 440.808000 330078.000000 330078 330078
814 441.706000 330891.000000 330891 330891
815 442.422000 331705.000000 331705 331705
816 443.492000 332520.000000 332520 332520
817 445.245000 333336.000000 333336 333336
818 447.178000 334153.000000 334153 334153
819 446.520000 334971.000000 334971 334971
820 448.223000 335790.000000 335790 335790
821 448.820000 336610.000000 336610 336610
822 451.930000 337431.000000 337431 337431
823 451.554000 338253.000000 338253 338253
824 452.208000 339076.000000 339076 339076
825 455.770000 339900.000000 339900 339900
826 454.664000 340725.000000 340725 340725
827 455.395000 341551.000000 341551 341551
828 457.301000 342378.000000 342378 342378
829 458.325000 343206.000000 343206 343206
830 459.920000 344035.000000 344035 344035
831 462.405000 344865.000000 344865 344865
832 463.206000 345696.000000 345696 345696
833 462.168000 346528.000000 346528 346528
834 466.741000 347361.000000 347361 347361
835 466.008000 348195.000000 348195 348195
836 465.960000 349030.000000 349030 349030
837 471.134000 349866.000000 349866 349866
838 469.349000 350703.000000 350703 350703
839 471.077000 351541.000000 351541 351541
840 470.583000 352380.000000 352380 352380
841 471.815000 353220.000000 353220 353220
842 473.553000 354061.000000 354061 354061
843 475.339000 354903.000000 354903 354903
844 476.422000 355746.000000 355746 355746
845 475.551000 356590.000000 356590 356590
846 479.555000 357435.000000 357435 357435
847 480.596000 358281.000000 358281 358281
848 478.349000 359128.000000 359128 359128
849 482.159000 359976.000000 359976 359976
850 481.314000 360825.000000 360825 360825
851 482.208000 361675.000000 361675 361675
852 484.583000 362526.000000 362526 362526
853 484.469000 363378.000000 363378 363378
854 486.288000 364231.000000 364231 364231
855 487.698000 365085.000000 365085 365085
856 487.591000 365940.000000 365940 365940
857 487.744000 366796.000000 366796 366796
858 489.513000 367653.000000 367653 367653
859 492.378000 368511.000000 368511 368511
860 491.067000 369370.000000 369370 369370
861 498.688000 370230.000000 370230 370230
862 497.572000 371091.000000 371091 371091
863 496.649000 371953.000000 371953 371953
864 497.266000 372816.000000 372816 372816
865 500.752000 373680.000000 373680 373680
866 498.064000 374545.000000 374545 374545
867 500.013000 375411.000000 375411 375411
868 501.981000 376278.000000 376278 376278
869 502.743000 377146.000000 377146 377146
870 503.096000 378015.000000 378015 378015
871 505.444000 378885.000000 378885 378885
872 506.253000 379756.000000 379756 379756
873 506.798000 380628.000000 380628 380628
874 507.539000 381501.000000 381501 381501
875 511.125000 382375.000000 382375 382375
876 514.895000 383250.000000 383250 383250
877 512.659000 384126.000000 384126 384126
878 513.798000 385003.000000 385003 385003
879 515.569000 385881.000000 385881 385881
880 516.971000 386760.000000 386760 386760
881 518.411000 387640.000000 387640 387640
882 518.776000 388521.000000 388521 388521
883 519.765000 389403.000000 389403 389403
884 523.908000 390286.000000 390286 390286
885 524.861000 391170.000000 391170 391170
886 523.411000 392055.000000 392055 392055
887 524.611000 392941.000000 392941 392941
888 525.508000 393828.000000 393828 393828
889 531.500000 394716.000000 394716 394716
890 528.512000 395605.000000 395605 395605
891 530.052000 396495.000000 396495 396495
892 532.660000 397386.000000 397386 397386
893 531.452000 398278.000000 398278 398278
894 532.434000 399171.000000 399171 399171
895 532.337000 400065.000000 400065 400065
896 536.513000 400960.000000 400960 400960
897 537.005000 401856.000000 401856 401856
898 535.953000 402753.000000 402753 402753
899 537.166000 403651.000000 403651 403651
900 539.655000 404550.000000 404550 404550
901 543.008000 405450.000000 405450 405450
902 542.773000 406351.000000 406351 406351
903 545.020000 407253.000000 407253 407253
904 546.116000 408156.000000 408156 408156
905 552.145000 409060.000000 409060 409060
906 550.219000 409965.000000 409965 409965
907 548.118000 410871.000000 410871 410871
908 550.049000 411778.000000 411778 411778
909 550.986000 412686.000000 412686 412686
910 556.035000 413595.000000 413595 413595
911 554.326000 414505.000000 414505 414505
912 556.428000 415416.000000 415416 415416
913 557.390000 416328.000000 416328 416328
914 557.525000 417241.000000 417241 417241
915 560.463000 418155.000000 418155 418155
916 561.390000 419070.000000 419070 419070
917 564.927000 419986.000000 419986 419986
918 562.210000 420903.000000 420903 420903
919 563.368000 421821.000000 421821 421821
920 567.158000 422740.000000 422740 422740
921 571.709000 423660.000000 423660 423660
922 572.317000 424581.000000 424581 424581
923 569.609000 425503.000000 425503 425503
924 572.483000 426426.000000 426426 426426
925 572.662000 427350.000000 427350 427350
926 577.812000 428275.000000 428275 428275
927 575.392000 429201.000000 429201 429201
928 572.927000 430128.000000 430128 430128
929 575.020000 431056.000000 431056 431056
930 576.678000 431985.000000 431985 431985
931 580.946000 432915.000000 432915 432915
932 580.377000 433846.000000 433846 433846
933 581.631000 434778.000000 434778 434778
934 580.898000 435711.000000 435711 435711
935 580.455000 436645.000000 436645 436645
936 581.862000 437580.000000 437580 437580
937 584.337000 438516.000000 438516 438516
938 583.962000 439453.000000 439453 439453
939 590.461000 440391.000000 440391 440391
940 592.734000 441330.000000 441330 441330
941 590.000000 442270.000000 442270 442270
942 589.094000 443211.000000 443211 443211
943 596.821000 444153.000000 444153 444153
944 590.307000 445096.000000 445096 445096
945 592.644000 446040.000000 446040 446040
946 598.792000 446985.000000 446985 446985
947 594.412000 447931.000000 447931 447931
948 599.145000 448878.000000 448878 448878
949 599.609000 449826.000000 449826 449826
950 597.462000 450775.000000 450775 450775
951 600.908000 451725.000000 451725 451725
952 602.049000 452676.000000 452676 452676
953 601.848000 453628.000000 453628 453628
954 605.482000 454581.000000 454581 454581
955 605.292000 455535.000000 455535 455535
956 607.044000 456490.000000 456490 456490
957 607.585000 457446.000000 457446 457446
958 609.536000 458403.000000 458403 458403
959 611.718000 459361.000000 459361 459361
960 610.121000 460320.000000 460320 460320
961 611.977000 461280.000000 461280 461280
962 613.921000 462241.000000 462241 462241
963 614.601000 463203.000000 463203 463203
964 615.508000 464166.000000 464166 464166
965 617.930000 465130.000000 465130 465130
966 618.703000 466095.000000 466095 466095
967 619.858000 467061.000000 467061 467061
968 621.190000 468028.000000 468028 468028
969 622.223000 468996.000000 468996 468996
970 625.972000 469965.000000 469965 469965
971 623.907000 470935.000000 470935 470935
972 626.405000 471906.000000 471906 471906
973 626.342000 472878.000000 472878 472878
974 627.387000 473851.000000 473851 473851
975 630.168000 474825.000000 474825 474825
976 630.314000 475800.000000 475800 475800
977 631.294000 476776.000000 476776 476776
978 632.627000 477753.000000 477753 477753
979 634.967000 478731.000000 478731 478731
980 639.413000 479710.000000 479710 479710
981 637.436000 480690.000000 480690 480690
982 639.449000 481671.000000 481671 481671
983 642.494000 482653.000000 482653 482653
984 641.846000 483636.000000 483636 483636
985 644.930000 484620.000000 484620 484620
986 644.829000 485605.000000 485605 485605
987 645.052000 486591.000000 486591 486591
988 649.917000 487578.000000 487578 487578
989 648.230000 488566.000000 488566 488566
990 652.099000 489555.000000 489555 489555
991 649.627000 490545.000000 490545 490545
992 651.632000 491536.000000 491536 491536
993 652.926000 492528.000000 492528 492528
994 653.727000 493521.000000 493521 493521
995 657.291000 494515.000000 494515 494515
996 672.666000 495510.000000 495510 495510
997 660.126000 496506.000000 496506 496506
998 660.293000 497503.000000 497503 497503
999 659.695000 498501.000000 498501 498501
1000 664.242000 499500.000000 499500 499500
