1 0.004000 0.000000 0 0
2 0.015000 1.000000 1 1
3 0.020000 2.000000 2 2
4 0.039000 4.000000 4 4
5 0.054000 6.000000 6 6
6 0.062000 8.000000 8 8
7 0.082000 10.000000 10 10
8 0.100000 13.000000 13 13
9 0.118000 16.000000 16 16
10 0.134000 19.000000 19 19
11 0.148000 22.000000 22 22
12 0.162000 25.000000 25 25
13 0.199000 28.000000 28 28
14 0.223000 31.000000 31 31
15 0.237000 34.000000 34 34
16 0.269000 38.000000 38 38
17 0.283000 42.000000 42 42
18 0.298000 46.000000 46 46
19 0.317000 50.000000 50 50
20 0.359000 54.000000 54 54
21 0.356000 58.000000 58 58
22 0.380000 62.000000 62 62
23 0.414000 66.000000 66 66
24 0.401000 70.000000 70 70
25 0.425000 74.000000 74 74
26 0.456000 78.000000 78 78
27 0.462000 82.000000 82 82
28 0.503000 86.000000 86 86
29 0.528000 90.000000 90 90
30 0.562000 94.000000 94 94
31 0.584000 98.000000 98 98
32 0.631000 103.000000 103 103
33 0.653000 108.000000 108 108
34 0.680000 113.000000 113 113
35 0.670000 118.000000 118 118
36 0.703000 123.000000 123 123
37 0.738000 128.000000 128 128
38 0.782000 133.000000 133 133
39 0.775000 138.000000 138 138
40 0.823000 143.000000 143 143
41 0.836000 148.000000 148 148
42 0.853000 153.000000 153 153
43 0.856000 158.000000 158 158
44 0.878000 163.000000 163 163
45 0.911000 168.000000 168 168
46 0.917000 173.000000 173 173
47 0.920000 178.000000 178 178
48 0.962000 183.000000 183 183
49 0.980000 188.000000 188 188
50 0.996000 193.000000 193 193
51 1.012000 198.000000 198 198
52 1.052000 203.000000 203 203
53 1.073000 208.000000 208 208
54 1.095000 213.000000 213 213
55 1.099000 218.000000 218 218
56 1.164000 223.000000 223 223
57 1.193000 228.000000 228 228
58 1.211000 233.000000 233 233
59 1.233000 238.000000 238 238
60 1.287000 243.000000 243 243
61 1.336000 248.000000 248 248
62 1.361000 253.000000 253 253
63 1.369000 258.000000 258 258
64 1.423000 264.000000 264 264
65 1.474000 270.000000 270 270
66 1.526000 276.000000 276 276
67 1.527000 282.000000 282 282
68 1.575000 288.000000 288 288
69 1.584000 294.000000 294 294
70 1.593000 300.000000 300 300
71 1.606000 306.000000 306 306
72 1.642000 312.000000 312 312
73 1.673000 318.000000 318 318
74 1.703000 324.000000 324 324
75 1.658000 330.000000 330 330
76 1.772000 336.000000 336 336
77 1.973000 342.000000 342 342
78 1.832000 348.000000 348 348
79 1.807000 354.000000 354 354
80 1.857000 360.000000 360 360
81 1.846000 366.000000 366 366
82 1.908000 372.000000 372 372
83 1.980000 378.000000 378 378
84 1.955000 384.000000 384 384
85 2.029000 390.000000 390 390
86 2.055000 396.000000 396 396
87 1.913000 402.000000 402 402
88 2.045000 408.000000 408 408
89 1.982000 414.000000 414 414
90 2.124000 420.000000 420 420
91 2.072000 426.000000 426 426
92 2.089000 432.000000 432 432
93 2.099000 438.000000 438 438
94 2.130000 444.000000 444 444
95 2.132000 450.000000 450 450
96 2.160000 456.000000 456 456
97 2.191000 462.000000 462 462
98 2.247000 468.000000 468 468
99 2.247000 474.000000 474 474
100 2.331000 480.000000 480 480
101 2.285000 486.000000 486 486
102 2.302000 492.000000 492 492
103 2.422000 498.000000 498 498
104 2.396000 504.000000 504 504
105 2.557000 510.000000 510 510
106 2.421000 516.000000 516 516
107 2.460000 522.000000 522 522
108 2.473000 528.000000 528 528
109 2.418000 534.000000 534 534
110 2.551000 540.000000 540 540
111 2.529000 546.000000 546 546
112 2.700000 552.000000 552 552
113 2.629000 558.000000 558 558
114 2.983000 564.000000 564 564
115 2.708000 570.000000 570 570
116 2.707000 576.000000 576 576
117 2.675000 582.000000 582 582
118 2.814000 588.000000 588 588
119 2.791000 594.000000 594 594
120 2.877000 600.000000 600 600
121 2.939000 606.000000 606 606
122 2.973000 612.000000 612 612
123 2.948000 618.000000 618 618
124 3.083000 624.000000 624 624
125 3.085000 630.000000 630 630
126 3.126000 636.000000 636 636
127 3.240000 642.000000 642 642
128 3.199000 649.000000 649 649
129 3.344000 656.000000 656 656
130 3.326000 663.000000 663 663
131 3.478000 670.000000 670 670
132 3.388000 677.000000 677 677
133 3.440000 684.000000 684 684
134 3.464000 691.000000 691 691
135 3.487000 698.000000 698 698
136 3.505000 705.000000 705 705
137 3.489000 712.000000 712 712
138 3.583000 719.000000 719 719
139 3.596000 726.000000 726 726
140 3.558000 733.000000 733 733
141 3.857000 740.000000 740 740
142 3.574000 747.000000 747 747
143 3.665000 754.000000 754 754
144 3.643000 761.000000 761 761
145 3.584000 768.000000 768 768
146 3.544000 775.000000 775 775
147 3.824000 782.000000 782 782
148 3.795000 789.000000 789 789
149 3.827000 796.000000 796 796
150 3.828000 803.000000 803 803
151 3.866000 810.000000 810 810
152 3.874000 817.000000 817 817
153 3.872000 824.000000 824 824
154 3.938000 831.000000 831 831
155 3.962000 838.000000 838 838
156 3.984000 845.000000 845 845
157 3.941000 852.000000 852 852
158 4.088000 859.000000 859 859
159 4.046000 866.000000 866 866
160 4.114000 873.000000 873 873
161 4.143000 880.000000 880 880
162 4.156000 887.000000 887 887
163 4.187000 894.000000 894 894
164 4.197000 901.000000 901 901
165 4.210000 908.000000 908 908
166 4.270000 915.000000 915 915
167 4.334000 922.000000 922 922
168 4.339000 929.000000 929 929
169 4.352000 936.000000 936 936
170 4.419000 943.000000 943 943
171 4.452000 950.000000 950 950
172 4.253000 957.000000 957 957
173 4.432000 964.000000 964 964
174 4.517000 971.000000 971 971
175 4.416000 978.000000 978 978
176 4.380000 985.000000 985 985
177 4.308000 992.000000 992 992
178 4.507000 999.000000 999 999
179 4.538000 1006.000000 1006 1006
180 4.537000 1013.000000 1013 1013
181 4.749000 1020.000000 1020 1020
182 4.637000 1027.000000 1027 1027
183 4.653000 1034.000000 1034 1034
184 4.650000 1041.000000 1041 1041
185 4.664000 1048.000000 1048 1048
186 4.711000 1055.000000 1055 1055
187 4.604000 1062.000000 1062 1062
188 4.617000 1069.000000 1069 1069
189 4.840000 1076.000000 1076 1076
190 4.785000 1083.000000 1083 1083
191 4.773000 1090.000000 1090 1090
192 4.792000 1097.000000 1097 1097
193 4.828000 1104.000000 1104 1104
194 4.883000 1111.000000 1111 1111
195 4.949000 1118.000000 1118 1118
196 4.996000 1125.000000 1125 1125
197 4.960000 1132.000000 1132 1132
198 5.135000 1139.000000 1139 1139
199 5.156000 1146.000000 1146 1146
200 5.033000 1153.000000 1153 1153
201 5.166000 1160.000000 1160 1160
202 5.163000 1167.000000 1167 1167
203 5.174000 1174.000000 1174 1174
204 5.137000 1181.000000 1181 1181
205 5.150000 1188.000000 1188 1188
206 5.166000 1195.000000 1195 1195
207 5.300000 1202.000000 1202 1202
208 5.409000 1209.000000 1209 1209
209 5.256000 1216.000000 1216 1216
210 5.339000 1223.000000 1223 1223
211 5.384000 1230.000000 1230 1230
212 6.664000 1237.000000 1237 1237
213 5.396000 1244.000000 1244 1244
214 5.423000 1251.000000 1251 1251
215 5.642000 1258.000000 1258 1258
216 5.506000 1265.000000 1265 1265
217 5.536000 1272.000000 1272 1272
218 5.514000 1279.000000 1279 1279
219 5.541000 1286.000000 1286 1286
220 5.636000 1293.000000 1293 1293
221 5.656000 1300.000000 1300 1300
222 5.693000 1307.000000 1307 1307
223 5.722000 1314.000000 1314 1314
224 5.870000 1321.000000 1321 1321
225 5.793000 1328.000000 1328 1328
226 5.807000 1335.000000 1335 1335
227 5.866000 1342.000000 1342 1342
228 5.910000 1349.000000 1349 1349
229 5.997000 1356.000000 1356 1356
230 6.338000 1363.000000 1363 1363
231 6.134000 1370.000000 1370 1370
232 6.170000 1377.000000 1377 1377
233 6.086000 1384.000000 1384 1384
234 6.135000 1391.000000 1391 1391
235 6.220000 1398.000000 1398 1398
236 6.190000 1405.000000 1405 1405
237 6.282000 1412.000000 1412 1412
238 6.295000 1419.000000 1419 1419
239 6.315000 1426.000000 1426 1426
240 6.476000 1433.000000 1433 1433
241 6.323000 1440.000000 1440 1440
242 6.382000 1447.000000 1447 1447
243 6.439000 1454.000000 1454 1454
244 6.493000 1461.000000 1461 1461
245 6.545000 1468.000000 1468 1468
246 6.597000 1475.000000 1475 1475
247 6.654000 1482.000000 1482 1482
248 6.661000 1489.000000 1489 1489
249 6.698000 1496.000000 1496 1496
250 6.740000 1503.000000 1503 1503
251 6.780000 1510.000000 1510 1510
252 6.808000 1517.000000 1517 1517
253 6.969000 1524.000000 1524 1524
254 6.931000 1531.000000 1531 1531
255 6.952000 1538.000000 1538 1538
256 6.968000 1546.000000 1546 1546
257 7.048000 1554.000000 1554 1554
258 7.094000 1562.000000 1562 1562
259 7.088000 1570.000000 1570 1570
260 7.159000 1578.000000 1578 1578
261 7.199000 1586.000000 1586 1586
262 7.380000 1594.000000 1594 1594
263 7.229000 1602.000000 1602 1602
264 7.369000 1610.000000 1610 1610
265 7.759000 1618.000000 1618 1618
266 7.797000 1626.000000 1626 1626
267 7.629000 1634.000000 1634 1634
268 7.544000 1642.000000 1642 1642
269 7.578000 1650.000000 1650 1650
270 7.718000 1658.000000 1658 1658
271 7.690000 1666.000000 1666 1666
272 7.608000 1674.000000 1674 1674
273 7.652000 1682.000000 1682 1682
274 7.878000 1690.000000 1690 1690
275 7.671000 1698.000000 1698 1698
276 7.947000 1706.000000 1706 1706
277 7.684000 1714.000000 1714 1714
278 7.748000 1722.000000 1722 1722
279 7.820000 1730.000000 1730 1730
280 7.832000 1738.000000 1738 1738
281 7.721000 1746.000000 1746 1746
282 7.871000 1754.000000 1754 1754
283 7.941000 1762.000000 1762 1762
284 8.016000 1770.000000 1770 1770
285 7.914000 1778.000000 1778 1778
286 7.944000 1786.000000 1786 1786
287 7.989000 1794.000000 1794 1794
288 8.059000 1802.000000 1802 1802
289 8.072000 1810.000000 1810 1810
290 8.101000 1818.000000 1818 1818
291 8.172000 1826.000000 1826 1826
292 8.213000 1834.000000 1834 1834
293 8.250000 1842.000000 1842 1842
294 8.256000 1850.000000 1850 1850
295 8.318000 1858.000000 1858 1858
296 8.241000 1866.000000 1866 1866
297 8.799000 1874.000000 1874 1874
298 8.450000 1882.000000 1882 1882
299 8.713000 1890.000000 1890 1890
300 8.446000 1898.000000 1898 1898
301 8.398000 1906.000000 1906 1906
302 8.451000 1914.000000 1914 1914
303 8.633000 1922.000000 1922 1922
304 8.532000 1930.000000 1930 1930
305 8.600000 1938.000000 1938 1938
306 8.595000 1946.000000 1946 1946
307 8.577000 1954.000000 1954 1954
308 8.625000 1962.000000 1962 1962
309 8.647000 1970.000000 1970 1970
310 8.701000 1978.000000 1978 1978
311 8.703000 1986.000000 1986 1986
312 8.707000 1994.000000 1994 1994
313 8.767000 2002.000000 2002 2002
314 8.650000 2010.000000 2010 2010
315 8.745000 2018.000000 2018 2018
316 8.973000 2026.000000 2026 2026
317 9.032000 2034.000000 2034 2034
318 9.033000 2042.000000 2042 2042
319 8.989000 2050.000000 2050 2050
320 8.875000 2058.000000 2058 2058
321 9.069000 2066.000000 2066 2066
322 8.854000 2074.000000 2074 2074
323 9.108000 2082.000000 2082 2082
324 9.135000 2090.000000 2090 2090
325 9.189000 2098.000000 2098 2098
326 9.221000 2106.000000 2106 2106
327 9.252000 2114.000000 2114 2114
328 9.255000 2122.000000 2122 2122
329 9.263000 2130.000000 2130 2130
330 9.267000 2138.000000 2138 2138
331 9.317000 2146.000000 2146 2146
332 9.352000 2154.000000 2154 2154
333 9.382000 2162.000000 2162 2162
334 9.479000 2170.000000 2170 2170
335 9.522000 2178.000000 2178 2178
336 9.525000 2186.000000 2186 2186
337 9.443000 2194.000000 2194 2194
338 10.315000 2202.000000 2202 2202
339 9.584000 2210.000000 2210 2210
340 9.601000 2218.000000 2218 2218
341 9.632000 2226.000000 2226 2226
342 9.659000 2234.000000 2234 2234
343 9.677000 2242.000000 2242 2242
344 9.681000 2250.000000 2250 2250
345 9.701000 2258.000000 2258 2258
346 9.703000 2266.000000 2266 2266
347 9.712000 2274.000000 2274 2274
348 9.737000 2282.000000 2282 2282
349 9.707000 2290.000000 2290 2290
350 9.686000 2298.000000 2298 2298
351 9.753000 2306.000000 2306 2306
352 10.345000 2314.000000 2314 2314
353 9.704000 2322.000000 2322 2322
354 9.783000 2330.000000 2330 2330
355 9.832000 2338.000000 2338 2338
356 9.864000 2346.000000 2346 2346
357 9.905000 2354.000000 2354 2354
358 9.949000 2362.000000 2362 2362
359 9.983000 2370.000000 2370 2370
360 9.986000 2378.000000 2378 2378
361 10.005000 2386.000000 2386 2386
362 10.027000 2394.000000 2394 2394
363 10.060000 2402.000000 2402 2402
364 10.093000 2410.000000 2410 2410
365 10.119000 2418.000000 2418 2418
366 10.373000 2426.000000 2426 2426
367 10.311000 2434.000000 2434 2434
368 10.226000 2442.000000 2442 2442
369 10.208000 2450.000000 2450 2450
370 10.223000 2458.000000 2458 2458
371 10.254000 2466.000000 2466 2466
372 10.268000 2474.000000 2474 2474
373 10.308000 2482.000000 2482 2482
374 10.357000 2490.000000 2490 2490
375 10.365000 2498.000000 2498 2498
376 10.356000 2506.000000 2506 2506
377 10.375000 2514.000000 2514 2514
378 10.407000 2522.000000 2522 2522
379 10.329000 2530.000000 2530 2530
380 10.752000 2538.000000 2538 2538
381 10.497000 2546.000000 2546 2546
382 10.554000 2554.000000 2554 2554
383 10.596000 2562.000000 2562 2562
384 10.595000 2570.000000 2570 2570
385 10.555000 2578.000000 2578 2578
386 10.603000 2586.000000 2586 2586
387 10.638000 2594.000000 2594 2594
388 10.684000 2602.000000 2602 2602
389 10.719000 2610.000000 2610 2610
390 10.776000 2618.000000 2618 2618
391 10.871000 2626.000000 2626 2626
392 11.378000 2634.000000 2634 2634
393 10.869000 2642.000000 2642 2642
394 10.898000 2650.000000 2650 2650
395 10.924000 2658.000000 2658 2658
396 10.939000 2666.000000 2666 2666
397 10.990000 2674.000000 2674 2674
398 11.545000 2682.000000 2682 2682
399 11.125000 2690.000000 2690 2690
400 11.067000 2698.000000 2698 2698
401 11.118000 2706.000000 2706 2706
402 11.128000 2714.000000 2714 2714
403 11.175000 2722.000000 2722 2722
404 11.868000 2730.000000 2730 2730
405 11.239000 2738.000000 2738 2738
406 11.225000 2746.000000 2746 2746
407 11.257000 2754.000000 2754 2754
408 11.311000 2762.000000 2762 2762
409 11.346000 2770.000000 2770 2770
410 11.350000 2778.000000 2778 2778
411 11.359000 2786.000000 2786 2786
412 11.376000 2794.000000 2794 2794
413 11.407000 2802.000000 2802 2802
414 11.425000 2810.000000 2810 2810
415 11.786000 2818.000000 2818 2818
416 11.424000 2826.000000 2826 2826
417 11.494000 2834.000000 2834 2834
418 11.538000 2842.000000 2842 2842
419 11.589000 2850.000000 2850 2850
420 11.645000 2858.000000 2858 2858
421 11.639000 2866.000000 2866 2866
422 11.692000 2874.000000 2874 2874
423 11.854000 2882.000000 2882 2882
424 11.784000 2890.000000 2890 2890
425 11.812000 2898.000000 2898 2898
426 12.394000 2906.000000 2906 2906
427 11.865000 2914.000000 2914 2914
428 11.911000 2922.000000 2922 2922
429 11.926000 2930.000000 2930 2930
430 12.035000 2938.000000 2938 2938
431 12.084000 2946.000000 2946 2946
432 12.071000 2954.000000 2954 2954
433 12.160000 2962.000000 2962 2962
434 12.189000 2970.000000 2970 2970
435 12.167000 2978.000000 2978 2978
436 12.193000 2986.000000 2986 2986
437 12.215000 2994.000000 2994 2994
438 12.242000 3002.000000 3002 3002
439 12.281000 3010.000000 3010 3010
440 12.154000 3018.000000 3018 3018
441 12.339000 3026.000000 3026 3026
442 12.378000 3034.000000 3034 3034
443 12.411000 3042.000000 3042 3042
444 12.445000 3050.000000 3050 3050
445 12.494000 3058.000000 3058 3058
446 12.640000 3066.000000 3066 3066
447 12.528000 3074.000000 3074 3074
448 12.573000 3082.000000 3082 3082
449 12.612000 3090.000000 3090 3090
450 12.684000 3098.000000 3098 3098
451 12.721000 3106.000000 3106 3106
452 12.697000 3114.000000 3114 3114
453 12.816000 3122.000000 3122 3122
454 12.872000 3130.000000 3130 3130
455 12.913000 3138.000000 3138 3138
456 12.959000 3146.000000 3146 3146
457 13.458000 3154.000000 3154 3154
458 13.094000 3162.000000 3162 3162
459 13.151000 3170.000000 3170 3170
460 13.285000 3178.000000 3178 3178
461 13.273000 3186.000000 3186 3186
462 13.326000 3194.000000 3194 3194
463 13.287000 3202.000000 3202 3202
464 13.330000 3210.000000 3210 3210
465 13.347000 3218.000000 3218 3218
466 13.372000 3226.000000 3226 3226
467 13.431000 3234.000000 3234 3234
468 13.386000 3242.000000 3242 3242
469 13.444000 3250.000000 3250 3250
470 13.454000 3258.000000 3258 3258
471 13.355000 3266.000000 3266 3266
472 13.448000 3274.000000 3274 3274
473 13.500000 3282.000000 3282 3282
474 13.536000 3290.000000 3290 3290
475 13.601000 3298.000000 3298 3298
476 13.628000 3306.000000 3306 3306
477 13.428000 3314.000000 3314 3314
478 13.765000 3322.000000 3322 3322
479 13.698000 3330.000000 3330 3330
480 13.684000 3338.000000 3338 3338
481 13.724000 3346.000000 3346 3346
482 14.171000 3354.000000 3354 3354
483 13.845000 3362.000000 3362 3362
484 13.908000 3370.000000 3370 3370
485 13.953000 3378.000000 3378 3378
486 14.011000 3386.000000 3386 3386
487 14.041000 3394.000000 3394 3394
488 14.012000 3402.000000 3402 3402
489 14.162000 3410.000000 3410 3410
490 14.202000 3418.000000 3418 3418
491 14.301000 3426.000000 3426 3426
492 14.368000 3434.000000 3434 3434
493 14.440000 3442.000000 3442 3442
494 14.489000 3450.000000 3450 3450
495 15.010000 3458.000000 3458 3458
496 14.525000 3466.000000 3466 3466
497 14.542000 3474.000000 3474 3474
498 14.579000 3482.000000 3482 3482
499 16.574000 3490.000000 3490 3490
500 14.613000 3498.000000 3498 3498
501 14.699000 3506.000000 3506 3506
502 14.749000 3514.000000 3514 3514
503 14.815000 3522.000000 3522 3522
504 14.869000 3530.000000 3530 3530
505 14.893000 3538.000000 3538 3538
506 14.933000 3546.000000 3546 3546
507 16.493000 3554.000000 3554 3554
508 14.959000 3562.000000 3562 3562
509 15.004000 3570.000000 3570 3570
510 15.077000 3578.000000 3578 3578
511 15.260000 3586.000000 3586 3586
512 15.107000 3595.000000 3595 3595
513 15.176000 3604.000000 3604 3604
514 15.238000 3613.000000 3613 3613
515 15.404000 3622.000000 3622 3622
516 15.361000 3631.000000 3631 3631
517 15.430000 3640.000000 3640 3640
518 15.395000 3649.000000 3649 3649
519 15.450000 3658.000000 3658 3658
520 15.554000 3667.000000 3667 3667
521 15.618000 3676.000000 3676 3676
522 15.671000 3685.000000 3685 3685
523 15.817000 3694.000000 3694 3694
524 15.802000 3703.000000 3703 3703
525 15.874000 3712.000000 3712 3712
526 15.990000 3721.000000 3721 3721
527 16.011000 3730.000000 3730 3730
528 16.037000 3739.000000 3739 3739
529 16.099000 3748.000000 3748 3748
530 16.085000 3757.000000 3757 3757
531 15.900000 3766.000000 3766 3766
532 16.245000 3775.000000 3775 3775
533 16.258000 3784.000000 3784 3784
534 16.302000 3793.000000 3793 3793
535 16.354000 3802.000000 3802 3802
536 16.340000 3811.000000 3811 3811
537 16.491000 3820.000000 3820 3820
538 16.279000 3829.000000 3829 3829
539 16.619000 3838.000000 3838 3838
540 17.453000 3847.000000 3847 3847
541 16.536000 3856.000000 3856 3856
542 16.894000 3865.000000 3865 3865
543 16.635000 3874.000000 3874 3874
544 16.849000 3883.000000 3883 3883
545 16.577000 3892.000000 3892 3892
546 16.797000 3901.000000 3901 3901
547 16.542000 3910.000000 3910 3910
548 16.719000 3919.000000 3919 3919
549 17.110000 3928.000000 3928 3928
550 16.794000 3937.000000 3937 3937
551 16.798000 3946.000000 3946 3946
552 16.921000 3955.000000 3955 3955
553 16.795000 3964.000000 3964 3964
554 17.032000 3973.000000 3973 3973
555 17.226000 3982.000000 3982 3982
556 17.020000 3991.000000 3991 3991
557 17.027000 4000.000000 4000 4000
558 16.669000 4009.000000 4009 4009
559 17.009000 4018.000000 4018 4018
560 17.355000 4027.000000 4027 4027
561 17.162000 4036.000000 4036 4036
562 17.175000 4045.000000 4045 4045
563 17.250000 4054.000000 4054 4054
564 17.181000 4063.000000 4063 4063
565 17.237000 4072.000000 4072 4072
566 17.220000 4081.000000 4081 4081
567 17.375000 4090.000000 4090 4090
568 17.820000 4099.000000 4099 4099
569 17.307000 4108.000000 4108 4108
570 17.483000 4117.000000 4117 4117
571 17.364000 4126.000000 4126 4126
572 17.405000 4135.000000 4135 4135
573 17.555000 4144.000000 4144 4144
574 17.688000 4153.000000 4153 4153
575 17.758000 4162.000000 4162 4162
576 17.645000 4171.000000 4171 4171
577 17.450000 4180.000000 4180 4180
578 17.467000 4189.000000 4189 4189
579 17.314000 4198.000000 4198 4198
580 17.723000 4207.000000 4207 4207
581 18.032000 4216.000000 4216 4216
582 17.868000 4225.000000 4225 4225
583 17.911000 4234.000000 4234 4234
584 17.811000 4243.000000 4243 4243
585 18.055000 4252.000000 4252 4252
586 17.787000 4261.000000 4261 4261
587 18.210000 4270.000000 4270 4270
588 18.488000 4279.000000 4279 4279
589 17.925000 4288.000000 4288 4288
590 18.112000 4297.000000 4297 4297
591 17.995000 4306.000000 4306 4306
592 18.366000 4315.000000 4315 4315
593 18.487000 4324.000000 4324 4324
594 18.249000 4333.000000 4333 4333
595 18.272000 4342.000000 4342 4342
596 18.710000 4351.000000 4351 4351
597 18.502000 4360.000000 4360 4360
598 18.415000 4369.000000 4369 4369
599 18.612000 4378.000000 4378 4378
600 18.395000 4387.000000 4387 4387
601 18.697000 4396.000000 4396 4396
602 18.285000 4405.000000 4405 4405
603 18.480000 4414.000000 4414 4414
604 18.239000 4423.000000 4423 4423
605 18.474000 4432.000000 4432 4432
606 18.521000 4441.000000 4441 4441
607 18.658000 4450.000000 4450 4450
608 18.794000 4459.000000 4459 4459
609 18.397000 4468.000000 4468 4468
610 18.294000 4477.000000 4477 4477
611 18.571000 4486.000000 4486 4486
612 18.612000 4495.000000 4495 4495
613 18.542000 4504.000000 4504 4504
614 18.697000 4513.000000 4513 4513
615 18.799000 4522.000000 4522 4522
616 18.678000 4531.000000 4531 4531
617 18.726000 4540.000000 4540 4540
618 18.674000 4549.000000 4549 4549
619 19.174000 4558.000000 4558 4558
620 19.141000 4567.000000 4567 4567
621 18.924000 4576.000000 4576 4576
622 18.898000 4585.000000 4585 4585
623 18.748000 4594.000000 4594 4594
624 18.796000 4603.000000 4603 4603
625 19.096000 4612.000000 4612 4612
626 18.720000 4621.000000 4621 4621
627 18.627000 4630.000000 4630 4630
628 19.130000 4639.000000 4639 4639
629 18.711000 4648.000000 4648 4648
630 19.047000 4657.000000 4657 4657
631 19.376000 4666.000000 4666 4666
632 19.238000 4675.000000 4675 4675
633 19.153000 4684.000000 4684 4684
634 19.322000 4693.000000 4693 4693
635 19.527000 4702.000000 4702 4702
636 19.401000 4711.000000 4711 4711
637 19.326000 4720.000000 4720 4720
638 19.618000 4729.000000 4729 4729
639 19.396000 4738.000000 4738 4738
640 19.314000 4747.000000 4747 4747
641 19.656000 4756.000000 4756 4756
642 19.992000 4765.000000 4765 4765
643 19.702000 4774.000000 4774 4774
644 19.723000 4783.000000 4783 4783
645 19.831000 4792.000000 4792 4792
646 19.961000 4801.000000 4801 4801
647 20.338000 4810.000000 4810 4810
648 19.794000 4819.000000 4819 4819
649 19.858000 4828.000000 4828 4828
650 19.870000 4837.000000 4837 4837
651 19.838000 4846.000000 4846 4846
652 20.207000 4855.000000 4855 4855
653 20.596000 4864.000000 4864 4864
654 20.343000 4873.000000 4873 4873
655 20.140000 4882.000000 4882 4882
656 20.088000 4891.000000 4891 4891
657 20.325000 4900.000000 4900 4900
658 20.128000 4909.000000 4909 4909
659 20.120000 4918.000000 4918 4918
660 20.145000 4927.000000 4927 4927
661 20.566000 4936.000000 4936 4936
662 20.632000 4945.000000 4945 4945
663 20.447000 4954.000000 4954 4954
664 20.490000 4963.000000 4963 4963
665 20.479000 4972.000000 4972 4972
666 20.418000 4981.000000 4981 4981
667 20.427000 4990.000000 4990 4990
668 20.542000 4999.000000 4999 4999
669 20.611000 5008.000000 5008 5008
670 20.677000 5017.000000 5017 5017
671 20.569000 5026.000000 5026 5026
672 20.552000 5035.000000 5035 5035
673 20.626000 5044.000000 5044 5044
674 20.648000 5053.000000 5053 5053
675 20.692000 5062.000000 5062 5062
676 20.774000 5071.000000 5071 5071
677 20.727000 5080.000000 5080 5080
678 21.276000 5089.000000 5089 5089
679 20.935000 5098.000000 5098 5098
680 20.939000 5107.000000 5107 5107
681 21.061000 5116.000000 5116 5116
682 20.708000 5125.000000 5125 5125
683 20.878000 5134.000000 5134 5134
684 20.960000 5143.000000 5143 5143
685 20.967000 5152.000000 5152 5152
686 21.117000 5161.000000 5161 5161
687 21.308000 5170.000000 5170 5170
688 20.769000 5179.000000 5179 5179
689 21.046000 5188.000000 5188 5188
690 21.248000 5197.000000 5197 5197
691 20.981000 5206.000000 5206 5206
692 21.133000 5215.000000 5215 5215
693 21.298000 5224.000000 5224 5224
694 21.108000 5233.000000 5233 5233
695 21.251000 5242.000000 5242 5242
696 21.394000 5251.000000 5251 5251
697 21.233000 5260.000000 5260 5260
698 21.356000 5269.000000 5269 5269
699 21.333000 5278.000000 5278 5278
700 21.617000 5287.000000 5287 5287
701 21.140000 5296.000000 5296 5296
702 21.518000 5305.000000 5305 5305
703 21.412000 5314.000000 5314 5314
704 21.401000 5323.000000 5323 5323
705 21.388000 5332.000000 5332 5332
706 21.363000 5341.000000 5341 5341
707 21.528000 5350.000000 5350 5350
708 21.372000 5359.000000 5359 5359
709 21.521000 5368.000000 5368 5368
710 21.371000 5377.000000 5377 5377
711 21.455000 5386.000000 5386 5386
712 21.387000 5395.000000 5395 5395
713 21.527000 5404.000000 5404 5404
714 21.539000 5413.000000 5413 5413
715 21.582000 5422.000000 5422 5422
716 21.633000 5431.000000 5431 5431
717 21.692000 5440.000000 5440 5440
718 21.699000 5449.000000 5449 5449
719 21.791000 5458.000000 5458 5458
720 21.858000 5467.000000 5467 5467
721 21.863000 5476.000000 5476 5476
722 21.878000 5485.000000 5485 5485
723 21.874000 5494.000000 5494 5494
724 22.093000 5503.000000 5503 5503
725 21.928000 5512.000000 5512 5512
726 21.957000 5521.000000 5521 5521
727 21.994000 5530.000000 5530 5530
728 22.012000 5539.000000 5539 5539
729 22.040000 5548.000000 5548 5548
730 22.056000 5557.000000 5557 5557
731 22.077000 5566.000000 5566 5566
732 22.080000 5575.000000 5575 5575
733 22.137000 5584.000000 5584 5584
734 22.156000 5593.000000 5593 5593
735 22.355000 5602.000000 5602 5602
736 22.226000 5611.000000 5611 5611
737 22.922000 5620.000000 5620 5620
738 22.510000 5629.000000 5629 5629
739 22.262000 5638.000000 5638 5638
740 22.613000 5647.000000 5647 5647
741 22.322000 5656.000000 5656 5656
742 22.346000 5665.000000 5665 5665
743 22.390000 5674.000000 5674 5674
744 22.646000 5683.000000 5683 5683
745 22.597000 5692.000000 5692 5692
746 22.538000 5701.000000 5701 5701
747 22.370000 5710.000000 5710 5710
748 22.403000 5719.000000 5719 5719
749 22.445000 5728.000000 5728 5728
750 22.525000 5737.000000 5737 5737
751 22.521000 5746.000000 5746 5746
752 22.662000 5755.000000 5755 5755
753 22.813000 5764.000000 5764 5764
754 22.943000 5773.000000 5773 5773
755 22.841000 5782.000000 5782 5782
756 22.726000 5791.000000 5791 5791
757 22.660000 5800.000000 5800 5800
758 22.687000 5809.000000 5809 5809
759 22.697000 5818.000000 5818 5818
760 23.025000 5827.000000 5827 5827
761 22.874000 5836.000000 5836 5836
762 22.627000 5845.000000 5845 5845
763 22.818000 5854.000000 5854 5854
764 22.839000 5863.000000 5863 5863
765 23.109000 5872.000000 5872 5872
766 22.756000 5881.000000 5881 5881
767 23.297000 5890.000000 5890 5890
768 23.339000 5899.000000 5899 5899
769 23.610000 5908.000000 5908 5908
770 22.948000 5917.000000 5917 5917
771 23.078000 5926.000000 5926 5926
772 22.915000 5935.000000 5935 5935
773 23.308000 5944.000000 5944 5944
774 23.016000 5953.000000 5953 5953
775 23.486000 5962.000000 5962 5962
776 23.475000 5971.000000 5971 5971
777 23.310000 5980.000000 5980 5980
778 23.697000 5989.000000 5989 5989
779 23.599000 5998.000000 5998 5998
780 23.396000 6007.000000 6007 6007
781 23.483000 6016.000000 6016 6016
782 23.630000 6025.000000 6025 6025
783 23.844000 6034.000000 6034 6034
784 23.689000 6043.000000 6043 6043
785 23.358000 6052.000000 6052 6052
786 23.582000 6061.000000 6061 6061
787 23.983000 6070.000000 6070 6070
788 23.986000 6079.000000 6079 6079
789 23.798000 6088.000000 6088 6088
790 23.712000 6097.000000 6097 6097
791 23.920000 6106.000000 6106 6106
792 23.953000 6115.000000 6115 6115
793 23.845000 6124.000000 6124 6124
794 23.825000 6133.000000 6133 6133
795 24.427000 6142.000000 6142 6142
796 24.400000 6151.000000 6151 6151
797 24.159000 6160.000000 6160 6160
798 24.214000 6169.000000 6169 6169
799 24.172000 6178.000000 6178 6178
800 24.080000 6187.000000 6187 6187
801 24.131000 6196.000000 6196 6196
802 24.047000 6205.000000 6205 6205
803 24.325000 6214.000000 6214 6214
804 24.190000 6223.000000 6223 6223
805 24.326000 6232.000000 6232 6232
806 24.271000 6241.000000 6241 6241
807 24.321000 6250.000000 6250 6250
808 24.325000 6259.000000 6259 6259
809 24.415000 6268.000000 6268 6268
810 24.349000 6277.000000 6277 6277
811 24.626000 6286.000000 6286 6286
812 24.690000 6295.000000 6295 6295
813 24.551000 6304.000000 6304 6304
814 24.422000 6313.000000 6313 6313
815 24.593000 6322.000000 6322 6322
816 24.571000 6331.000000 6331 6331
817 24.669000 6340.000000 6340 6340
818 24.546000 6349.000000 6349 6349
819 24.595000 6358.000000 6358 6358
820 24.668000 6367.000000 6367 6367
821 24.633000 6376.000000 6376 6376
822 24.693000 6385.000000 6385 6385
823 24.935000 6394.000000 6394 6394
824 24.862000 6403.000000 6403 6403
825 24.797000 6412.000000 6412 6412
826 24.510000 6421.000000 6421 6421
827 24.774000 6430.000000 6430 6430
828 24.918000 6439.000000 6439 6439
829 25.138000 6448.000000 6448 6448
830 25.099000 6457.000000 6457 6457
831 25.014000 6466.000000 6466 6466
832 25.022000 6475.000000 6475 6475
833 25.008000 6484.000000 6484 6484
834 25.139000 6493.000000 6493 6493
835 26.066000 6502.000000 6502 6502
836 25.432000 6511.000000 6511 6511
837 25.562000 6520.000000 6520 6520
838 25.348000 6529.000000 6529 6529
839 25.373000 6538.000000 6538 6538
840 25.314000 6547.000000 6547 6547
841 25.496000 6556.000000 6556 6556
842 25.629000 6565.000000 6565 6565
843 25.524000 6574.000000 6574 6574
844 25.492000 6583.000000 6583 6583
845 25.656000 6592.000000 6592 6592
846 25.848000 6601.000000 6601 6601
847 25.741000 6610.000000 6610 6610
848 25.897000 6619.000000 6619 6619
849 26.160000 6628.000000 6628 6628
850 26.077000 6637.000000 6637 6637
851 25.939000 6646.000000 6646 6646
852 25.852000 6655.000000 6655 6655
853 25.714000 6664.000000 6664 6664
854 25.936000 6673.000000 6673 6673
855 26.254000 6682.000000 6682 6682
856 25.974000 6691.000000 6691 6691
857 25.802000 6700.000000 6700 6700
858 26.172000 6709.000000 6709 6709
859 26.349000 6718.000000 6718 6718
860 25.839000 6727.000000 6727 6727
861 26.800000 6736.000000 6736 6736
862 27.081000 6745.000000 6745 6745
863 26.470000 6754.000000 6754 6754
864 26.750000 6763.000000 6763 6763
865 26.441000 6772.000000 6772 6772
866 26.198000 6781.000000 6781 6781
867 26.180000 6790.000000 6790 6790
868 26.582000 6799.000000 6799 6799
869 26.605000 6808.000000 6808 6808
870 26.655000 6817.000000 6817 6817
871 26.608000 6826.000000 6826 6826
872 26.554000 6835.000000 6835 6835
873 26.552000 6844.000000 6844 6844
874 26.623000 6853.000000 6853 6853
875 26.645000 6862.000000 6862 6862
876 26.614000 6871.000000 6871 6871
877 26.835000 6880.000000 6880 6880
878 27.011000 6889.000000 6889 6889
879 27.038000 6898.000000 6898 6898
880 27.003000 6907.000000 6907 6907
881 27.075000 6916.000000 6916 6916
882 27.211000 6925.000000 6925 6925
883 27.118000 6934.000000 6934 6934
884 27.013000 6943.000000 6943 6943
885 27.111000 6952.000000 6952 6952
886 27.065000 6961.000000 6961 6961
887 27.074000 6970.000000 6970 6970
888 27.105000 6979.000000 6979 6979
889 27.182000 6988.000000 6988 6988
890 27.262000 6997.000000 6997 6997
891 27.351000 7006.000000 7006 7006
892 27.813000 7015.000000 7015 7015
893 27.249000 7024.000000 7024 7024
894 27.555000 7033.000000 7033 7033
895 27.339000 7042.000000 7042 7042
896 27.300000 7051.000000 7051 7051
897 27.404000 7060.000000 7060 7060
898 27.816000 7069.000000 7069 7069
899 27.458000 7078.000000 7078 7078
900 27.749000 7087.000000 7087 7087
901 28.156000 7096.000000 7096 7096
902 27.635000 7105.000000 7105 7105
903 27.745000 7114.000000 7114 7114
904 27.835000 7123.000000 7123 7123
905 28.416000 7132.000000 7132 7132
906 28.199000 7141.000000 7141 7141
907 27.962000 7150.000000 7150 7150
908 28.178000 7159.000000 7159 7159
909 28.793000 7168.000000 7168 7168
910 28.591000 7177.000000 7177 7177
911 28.235000 7186.000000 7186 7186
912 28.406000 7195.000000 7195 7195
913 28.197000 7204.000000 7204 7204
914 28.045000 7213.000000 7213 7213
915 28.453000 7222.000000 7222 7222
916 28.735000 7231.000000 7231 7231
917 28.412000 7240.000000 7240 7240
918 28.451000 7249.000000 7249 7249
919 28.793000 7258.000000 7258 7258
920 28.837000 7267.000000 7267 7267
921 28.517000 7276.000000 7276 7276
922 28.775000 7285.000000 7285 7285
923 28.762000 7294.000000 7294 7294
924 29.400000 7303.000000 7303 7303
925 28.635000 7312.000000 7312 7312
926 29.392000 7321.000000 7321 7321
927 29.436000 7330.000000 7330 7330
928 28.736000 7339.000000 7339 7339
929 29.099000 7348.000000 7348 7348
930 29.034000 7357.000000 7357 7357
931 29.382000 7366.000000 7366 7366
932 29.281000 7375.000000 7375 7375
933 28.841000 7384.000000 7384 7384
934 28.880000 7393.000000 7393 7393
935 29.328000 7402.000000 7402 7402
936 29.513000 7411.000000 7411 7411
937 29.380000 7420.000000 7420 7420
938 29.274000 7429.000000 7429 7429
939 29.607000 7438.000000 7438 7438
940 28.981000 7447.000000 7447 7447
941 29.553000 7456.000000 7456 7456
942 29.265000 7465.000000 7465 7465
943 29.554000 7474.000000 7474 7474
944 29.247000 7483.000000 7483 7483
945 30.234000 7492.000000 7492 7492
946 29.550000 7501.000000 7501 7501
947 29.345000 7510.000000 7510 7510
948 29.743000 7519.000000 7519 7519
949 29.416000 7528.000000 7528 7528
950 29.546000 7537.000000 7537 7537
951 29.511000 7546.000000 7546 7546
952 29.558000 7555.000000 7555 7555
953 29.457000 7564.000000 7564 7564
954 29.243000 7573.000000 7573 7573
955 29.584000 7582.000000 7582 7582
956 31.363000 7591.000000 7591 7591
957 30.036000 7600.000000 7600 7600
958 29.737000 7609.000000 7609 7609
959 29.684000 7618.000000 7618 7618
960 29.659000 7627.000000 7627 7627
961 29.539000 7636.000000 7636 7636
962 29.860000 7645.000000 7645 7645
963 29.828000 7654.000000 7654 7654
964 29.834000 7663.000000 7663 7663
965 29.819000 7672.000000 7672 7672
966 30.048000 7681.000000 7681 7681
967 30.070000 7690.000000 7690 7690
968 30.158000 7699.000000 7699 7699
969 30.191000 7708.000000 7708 7708
970 30.321000 7717.000000 7717 7717
971 30.311000 7726.000000 7726 7726
972 30.976000 7735.000000 7735 7735
973 30.557000 7744.000000 7744 7744
974 30.488000 7753.000000 7753 7753
975 30.407000 7762.000000 7762 7762
976 30.490000 7771.000000 7771 7771
977 30.488000 7780.000000 7780 7780
978 30.565000 7789.000000 7789 7789
979 30.859000 7798.000000 7798 7798
980 30.885000 7807.000000 7807 7807
981 31.125000 7816.000000 7816 7816
982 31.745000 7825.000000 7825 7825
983 31.043000 7834.000000 7834 7834
984 31.213000 7843.000000 7843 7843
985 30.913000 7852.000000 7852 7852
986 33.675000 7861.000000 7861 7861
987 31.272000 7870.000000 7870 7870
988 31.415000 7879.000000 7879 7879
989 31.326000 7888.000000 7888 7888
990 31.471000 7897.000000 7897 7897
991 31.785000 7906.000000 7906 7906
992 31.569000 7915.000000 7915 7915
993 31.479000 7924.000000 7924 7924
994 31.543000 7933.000000 7933 7933
995 31.548000 7942.000000 7942 7942
996 31.645000 7951.000000 7951 7951
997 31.783000 7960.000000 7960 7960
998 31.659000 7969.000000 7969 7969
999 31.721000 7978.000000 7978 7978
1000 31.710000 7987.000000 7987 7987
