1 0.012000 0.000000 0 0
11 0.289000 30.000000 30 30
21 0.791000 110.000000 110 110
31 1.580000 240.000000 240 240
41 1.933000 420.000000 420 420
51 2.827000 650.000000 650 650
61 2.988000 930.000000 930 930
71 3.384000 1260.000000 1260 1260
81 3.964000 1640.000000 1640 1640
91 4.688000 2070.000000 2070 2070
101 5.981000 2550.000000 2550 2550
111 6.838000 3080.000000 3080 3080
121 7.713000 3660.000000 3660 3660
131 8.724000 4290.000000 4290 4290
141 10.233000 4970.000000 4970 4970
151 11.351000 5700.000000 5700 5700
161 12.494000 6480.000000 6480 6480
171 13.765000 7310.000000 7310 7310
181 15.077000 8190.000000 8190 8190
191 16.824000 9120.000000 9120 9120
201 18.552000 10100.000000 10100 10100
211 20.228000 11130.000000 11130 11130
221 21.300000 12210.000000 12210 12210
231 23.081000 13340.000000 13340 13340
241 24.971000 14520.000000 14520 14520
251 26.726000 15750.000000 15750 15750
261 28.535000 17030.000000 17030 17030
271 30.365000 18360.000000 18360 18360
281 32.731000 19740.000000 19740 19740
291 35.393000 21170.000000 21170 21170
301 36.798000 22650.000000 22650 22650
311 38.974000 24180.000000 24180 24180
321 41.037000 25760.000000 25760 25760
331 43.816000 27390.000000 27390 27390
341 46.101000 29070.000000 29070 29070
351 49.971000 30800.000000 30800 30800
361 51.874000 32580.000000 32580 32580
371 54.382000 34410.000000 34410 34410
381 56.219000 36290.000000 36290 36290
391 60.340000 38220.000000 38220 38220
401 61.647000 40200.000000 40200 40200
411 65.789000 42230.000000 42230 42230
421 68.743000 44310.000000 44310 44310
431 70.846000 46440.000000 46440 46440
441 73.355000 48620.000000 48620 48620
451 76.831000 50850.000000 50850 50850
461 80.511000 53130.000000 53130 53130
471 83.668000 55460.000000 55460 55460
481 85.894000 57840.000000 57840 57840
491 89.073000 60270.000000 60270 60270
501 92.484000 62750.000000 62750 62750
511 98.405000 65280.000000 65280 65280
521 100.979000 67860.000000 67860 67860
531 104.090000 70490.000000 70490 70490
541 108.981000 73170.000000 73170 73170
551 111.909000 75900.000000 75900 75900
561 115.767000 78680.000000 78680 78680
571 121.307000 81510.000000 81510 81510
581 122.772000 84390.000000 84390 84390
591 127.465000 87320.000000 87320 87320
601 130.787000 90300.000000 90300 90300
611 136.553000 93330.000000 93330 93330
621 141.132000 96410.000000 96410 96410
631 146.766000 99540.000000 99540 99540
641 151.103000 102720.000000 102720 102720
651 155.082000 105950.000000 105950 105950
661 160.635000 109230.000000 109230 109230
671 165.653000 112560.000000 112560 112560
681 169.485000 115940.000000 115940 115940
691 173.854000 119370.000000 119370 119370
701 175.006000 122850.000000 122850 122850
711 179.252000 126380.000000 126380 126380
721 184.642000 129960.000000 129960 129960
731 188.118000 133590.000000 133590 133590
741 194.000000 137270.000000 137270 137270
751 200.250000 141000.000000 141000 141000
761 202.942000 144780.000000 144780 144780
771 207.729000 148610.000000 148610 148610
781 212.705000 152490.000000 152490 152490
791 218.944000 156420.000000 156420 156420
801 224.566000 160400.000000 160400 160400
811 229.237000 164430.000000 164430 164430
821 235.447000 168510.000000 168510 168510
831 248.971000 172640.000000 172640 172640
841 259.375000 176820.000000 176820 176820
851 253.548000 181050.000000 181050 181050
861 261.782000 185330.000000 185330 185330
871 264.727000 189660.000000 189660 189660
881 268.790000 194040.000000 194040 194040
891 278.086000 198470.000000 198470 198470
901 284.404000 202950.000000 202950 202950
911 285.950000 207480.000000 207480 207480
921 298.581000 212060.000000 212060 212060
931 303.159000 216690.000000 216690 216690
941 312.487000 221370.000000 221370 221370
951 317.997000 226100.000000 226100 226100
961 322.850000 230880.000000 230880 230880
971 331.244000 235710.000000 235710 235710
981 329.628000 240590.000000 240590 240590
991 334.909000 245520.000000 245520 245520
1001 350.357000 250500.000000 250500 250500
