1 0.006760 0.000000 0 0
2 0.028890 1.000000 1 1
3 0.050940 2.666710 3 2
4 0.071480 4.832460 6 4
5 0.116100 7.402020 10 6
6 0.137930 10.304740 15 8
7 0.181770 13.494500 21 10
8 0.220540 16.901190 28 13
9 0.259750 20.556120 36 16
10 0.326300 24.422070 45 19
11 0.344970 28.466250 55 22
12 0.386390 32.682650 62 25
13 0.435860 37.048840 71 28
14 0.518380 41.554350 85 31
15 0.555140 46.201260 99 34
16 0.582320 50.919230 96 38
17 0.623150 55.809170 113 42
18 0.664750 60.791890 117 46
19 0.716830 65.880660 132 50
20 0.923990 71.081860 141 54
21 0.795820 76.452040 148 58
22 0.830860 81.755170 165 62
23 0.942520 87.252020 164 66
24 0.922460 92.786150 186 70
25 1.195620 98.370500 198 75
26 1.072400 104.180570 196 79
27 1.189940 109.961290 217 84
28 1.253360 115.673860 219 88
29 1.228320 121.782740 241 93
30 1.246780 127.733960 240 97
31 1.302420 133.742010 237 101
32 1.353520 139.804470 263 106
33 1.514990 146.025810 287 112
34 1.416470 152.322160 302 116
35 1.513370 158.518700 278 122
36 1.571250 164.875190 315 125
37 1.727790 171.392010 308 130
38 1.934270 177.766700 316 136
39 1.765300 184.272400 333 141
40 2.048250 190.644440 406 148
41 1.900590 197.560040 384 151
42 2.081570 204.098330 376 159
43 2.069270 210.954010 409 162
44 1.973230 217.663790 386 169
45 2.103510 224.357120 402 173
46 2.360160 231.236260 415 179
47 2.206690 237.996780 431 184
48 2.296080 244.872520 453 190
49 2.475930 251.950700 463 196
50 2.638260 258.904360 474 201
51 2.318190 265.942630 483 206
52 2.357940 273.035540 504 211
53 2.457490 280.168000 490 218
54 2.577900 287.130400 515 222
55 2.648620 294.580460 544 226
56 2.720420 301.761650 512 236
57 2.808560 308.943710 556 236
58 2.847810 316.399210 556 245
59 2.863240 323.438720 632 250
60 2.945820 331.102760 582 258
61 2.945870 338.327380 584 263
62 3.054820 345.808760 625 271
63 3.118410 353.364870 606 276
64 3.152270 360.763230 628 281
65 3.213040 368.147270 620 289
66 3.212430 375.762080 638 296
67 3.841900 383.365890 692 301
68 3.643760 390.912440 703 304
69 3.791340 398.515440 727 314
70 3.541270 406.298090 714 319
71 3.907320 413.906600 687 326
72 3.881460 421.617940 714 328
73 3.873290 429.348810 754 335
74 4.171840 437.214110 717 344
75 4.451790 445.070470 777 346
76 4.286620 452.999490 738 358
77 4.493480 460.806450 786 361
78 4.300520 468.393770 799 365
79 4.682490 476.430600 846 375
80 4.273460 484.486030 883 382
81 5.081050 492.019360 799 390
82 4.618860 500.362840 839 391
83 4.773710 508.462060 844 401
84 4.435580 516.487180 865 406
85 5.052650 524.737400 1001 411
86 5.104650 532.666730 916 422
87 4.858510 540.628480 886 423
88 5.456360 548.604390 964 435
89 5.252670 556.869580 928 444
90 5.345040 564.739030 946 443
91 5.503610 573.306350 961 455
92 5.169210 581.544970 965 457
93 5.161900 589.436070 1001 467
94 5.228680 597.836190 997 475
95 5.250900 606.282460 985 482
96 5.293070 614.401290 1025 487
97 5.587840 622.806930 1033 492
98 5.649360 630.970330 1073 496
99 5.753460 639.540980 1038 508
100 5.755730 648.045950 1093 510
101 5.550490 656.504270 1056 526
