1 0.006430 0.000000 0 0
2 0.031820 1.000000 1 1
3 0.042860 2.000000 2 2
4 0.071620 4.000000 4 4
5 0.097500 6.000000 6 6
6 0.130430 8.403040 9 8
7 0.167940 11.030290 12 10
8 0.208740 13.866240 16 13
9 0.255400 16.899760 20 16
10 0.308850 20.097060 25 19
11 0.360060 23.466880 30 22
12 0.385190 26.981050 36 25
13 0.472140 30.608040 42 28
14 0.545460 34.358790 49 31
15 0.597640 38.231050 56 34
16 0.575270 42.222660 63 38
17 0.626220 46.291260 70 42
18 0.679910 50.463710 76 46
19 0.757560 54.742520 86 50
20 0.824900 59.114440 91 54
21 0.813080 63.537610 105 58
22 0.911670 68.021110 102 62
23 0.980090 72.611900 109 66
24 1.011870 77.265260 115 70
25 1.205360 82.013840 128 74
26 1.165380 86.806150 131 78
27 1.238780 91.657780 140 82
28 1.257210 96.534080 148 86
29 1.237830 101.529740 157 90
30 1.282990 106.598010 159 94
31 1.355530 111.648440 180 99
32 1.345100 116.807260 175 103
33 1.461130 122.001690 186 108
34 1.520330 127.254090 190 113
35 1.601040 132.479010 202 118
36 1.607530 137.836270 211 123
37 1.729550 143.260850 221 128
38 1.855530 148.704420 228 133
39 1.776870 154.128660 232 138
40 1.966860 159.656680 237 143
41 2.035640 165.255710 252 148
42 2.051840 170.871670 264 153
43 1.973070 176.538110 257 158
44 2.059650 182.198640 269 163
45 2.148240 187.973170 268 168
46 2.204460 193.705500 292 173
47 2.343590 199.432720 299 178
48 2.302930 205.216800 294 183
49 2.404710 211.113950 303 188
50 2.499620 217.065950 314 193
51 2.417100 222.966550 338 198
52 2.577300 228.910740 342 204
53 2.555770 234.863500 348 209
54 2.642780 240.973210 376 213
55 2.723320 247.070570 361 220
56 2.855680 253.029830 376 225
57 2.898520 259.166130 372 231
58 2.894620 265.294850 392 236
59 3.012290 271.507470 437 242
60 2.998850 277.743870 412 246
61 3.114390 283.896400 415 253
62 3.117490 290.208250 415 259
63 3.221970 296.464270 418 264
64 3.236090 302.836480 436 269
65 3.292580 309.084960 445 274
66 3.376150 315.534930 483 280
67 3.617230 321.894150 476 286
68 3.794050 328.375990 469 292
69 3.859810 334.732650 496 297
70 3.639640 341.345060 486 304
71 3.885340 347.677180 493 310
72 3.954040 354.233870 500 314
73 4.082630 360.651900 504 322
74 4.176990 367.384820 521 326
75 3.950950 373.893870 544 333
76 4.560120 380.529450 547 339
77 4.718710 387.191490 552 344
78 4.797120 393.856870 556 352
79 4.857270 400.534440 570 357
80 4.460770 407.290410 563 363
81 4.432380 413.838180 604 370
82 4.609450 420.584710 623 375
83 4.596630 427.586550 627 381
84 5.429830 434.171100 659 387
85 4.878920 440.951480 622 394
86 5.157560 447.612030 645 398
87 5.430660 454.449710 647 404
88 5.389850 461.504130 656 411
89 5.169170 468.375230 680 418
90 5.315890 475.132400 697 424
91 5.150010 482.183040 713 429
92 5.295370 489.139690 704 437
93 5.240210 496.137660 711 441
94 5.384030 503.051920 735 448
95 5.596180 510.182210 720 455
96 5.566860 517.044490 729 461
97 5.548360 524.016300 754 467
98 5.694690 531.009220 789 474
99 6.006860 538.289790 763 476
100 5.700810 545.301310 780 487
101 6.444240 552.333070 805 494
