1 0.000000 0.000000 0 0
201 13.600000 1566.700000 1859 1382
401 33.500000 3727.100000 4182 3450
601 52.700000 5991.600000 6602 5511
801 68.700000 8371.600000 9023 7787
1001 87.900000 11021.400000 12021 10143
1201 133.600000 13174.000000 13756 12575
1401 128.900000 16284.100000 17602 14913
1601 149.300000 18632.100000 19258 18009
1801 217.300000 22137.900000 23433 20861
2001 219.600000 24966.500000 27305 22354
2201 213.100000 27999.500000 28827 27190
2401 284.300000 30647.200000 32851 28943
2601 311.500000 33546.100000 36116 32179
2801 334.900000 37153.900000 39622 33986
3001 330.600000 38700.600000 40999 36822
3201 334.900000 42115.500000 46042 39529
3401 347.800000 47005.100000 53672 44075
3601 410.700000 48827.200000 52331 45864
3801 464.800000 52031.600000 60213 48121
4001 427.600000 56500.700000 59701 54320
4201 470.400000 58357.300000 61192 53949
4401 463.800000 62248.700000 64985 57780
4601 492.500000 63161.000000 65567 59685
4801 527.600000 67557.800000 71566 62618
5001 553.100000 70305.200000 79258 66532
5201 578.400000 73292.300000 77565 70435
5401 610.300000 79652.200000 85648 75727
5601 640.400000 80634.200000 85468 75872
5801 657.000000 83610.900000 90033 79396
6001 694.100000 84993.100000 88791 82173
6201 700.300000 92928.500000 106978 86661
6401 703.200000 94981.100000 106093 90017
6601 819.700000 95699.400000 98885 91645
6801 837.000000 101111.300000 107809 95894
7001 823.100000 104500.500000 112426 96975
7201 817.700000 106749.000000 114796 102334
7401 872.500000 111740.600000 118014 104706
7601 946.300000 116146.300000 125780 110338
7801 973.800000 118143.900000 127955 112403
8001 909.400000 122132.600000 132875 114720
8201 1026.900000 124703.800000 129344 121701
8401 1082.100000 127321.200000 134375 118456
8601 1041.800000 130311.200000 135826 126009
8801 1028.500000 134174.300000 138920 126180
9001 1043.500000 139834.600000 151125 132859
9201 1081.900000 138985.600000 145998 131195
9401 1113.200000 146313.200000 158200 136447
9601 1139.400000 147957.700000 158283 139216
9801 1140.600000 153776.700000 160155 144296
10001 1148.600000 153409.600000 165836 145075
