1 0.006000 0.000000 0 0
101 5.519000 655.294000 905 536
201 12.524000 1568.721000 2098 1328
301 19.959000 2590.165000 3706 2244
401 28.194000 3680.177000 4921 3117
501 35.040000 4828.341000 6129 4227
601 43.339000 6005.510000 7599 5199
701 52.767000 7212.087000 8944 6322
801 61.509000 8445.122000 10985 7457
901 71.428000 9702.366000 12663 8517
1001 80.651000 11010.650000 13900 9649
1101 100.332000 12295.458000 14944 10830
1201 106.808000 13631.571000 17581 12227
1301 116.717000 14986.770000 18158 13239
1401 115.895000 16342.984000 20484 14337
1501 135.409000 17667.209000 23180 15616
1601 137.887000 19098.700000 23805 16867
1701 165.695000 20491.246000 25228 18390
1801 183.510000 21868.713000 27994 19551
1901 178.184000 23299.869000 29338 20552
2001 175.895000 24738.093000 30170 22144
2101 186.783000 26149.919000 32982 23243
2201 195.633000 27654.273000 32777 24834
2301 218.713000 29122.821000 35692 25880
2401 223.336000 30557.817000 35955 27329
2501 239.081000 32110.981000 39667 28793
2601 238.487000 33501.952000 40570 30111
2701 258.736000 34987.544000 42733 31492
2801 268.435000 36519.650000 44806 32570
2901 278.603000 38104.874000 46269 34038
3001 281.089000 39588.830000 50866 34702
3101 288.358000 41009.811000 50138 37029
3201 302.063000 42458.502000 52634 38261
3301 309.634000 44120.487000 54527 39957
3401 318.683000 45668.112000 54423 41522
3501 332.059000 47105.920000 55966 42764
3601 344.433000 48764.575000 59550 43806
3701 352.395000 50226.544000 60807 45461
3801 358.707000 51943.478000 61556 46657
3901 380.565000 53509.791000 64647 47428
4001 381.004000 54987.689000 67954 49738
4101 394.080000 56598.177000 68219 50814
4201 405.847000 58093.184000 68312 51936
4301 413.591000 59642.815000 70253 53723
4401 432.925000 61477.736000 74990 54882
4501 450.107000 62947.003000 74813 56681
4601 460.151000 64621.713000 80654 58218
4701 482.672000 66256.085000 83879 59811
4801 482.981000 67746.152000 82072 61095
4901 484.393000 69109.451000 85861 61597
5001 512.337000 70888.525000 87126 64709
5101 511.076000 72584.136000 92824 66325
5201 514.197000 74249.413000 93355 68030
5301 531.456000 75992.924000 88480 69125
5401 526.024000 77336.079000 94107 70117
5501 553.299000 79121.225000 97677 71943
5601 559.247000 80593.206000 96018 72763
5701 565.165000 82667.134000 100237 75123
5801 608.352000 84437.207000 101715 76372
5901 614.784000 85678.264000 108415 77772
6001 587.995000 87349.526000 109343 79163
6101 625.286000 88994.752000 109052 79561
6201 645.934000 90749.058000 108486 82287
6301 656.613000 92246.729000 108970 83420
6401 663.761000 94304.000000 114610 85141
6501 762.078000 95930.269000 121758 86658
6601 674.169000 97500.311000 116281 88097
6701 681.543000 99060.789000 118443 89584
6801 703.073000 100651.007000 126157 92401
6901 738.454000 102203.978000 120365 93505
7001 733.551000 103909.878000 130179 94386
7101 732.388000 105646.668000 127622 95197
7201 758.350000 107140.427000 125732 97269
7301 778.672000 109132.001000 136636 100078
7401 772.963000 110645.215000 130572 101224
7501 803.484000 112653.451000 137588 102159
7601 789.931000 114344.165000 139859 103999
7701 802.991000 115981.997000 142360 103272
7801 811.619000 117897.827000 141749 106303
7901 820.373000 119316.969000 143211 108884
8001 856.374000 121075.656000 140539 109456
8101 850.715000 122926.472000 148766 109834
8201 859.302000 124499.593000 147668 113079
8301 873.469000 126072.751000 154151 115701
8401 888.250000 127832.663000 155322 115856
8501 908.172000 129926.562000 150912 117765
8601 919.724000 131177.366000 161087 119543
8701 923.486000 132860.589000 156263 120064
8801 934.992000 134692.366000 164460 121418
8901 975.603000 136503.289000 158829 122903
9001 1020.904000 138150.270000 161843 126473
9101 996.130000 140134.410000 167042 126386
9201 997.476000 141742.152000 175920 128728
9301 1053.575000 143425.708000 169821 131251
9401 1032.811000 145254.168000 171619 132215
9501 1072.168000 147189.952000 186608 134735
9601 1063.982000 148968.675000 174718 135669
9701 1040.207000 150327.814000 175307 135616
9801 1054.418000 152092.824000 186223 138859
9901 1071.860000 154142.353000 181957 140856
10001 1121.144000 155783.073000 191121 143276
