1 0.008000 0.000000 0 0
11 0.217000 22.000000 22 22
21 0.564000 58.000000 58 58
31 0.926000 98.000000 98 98
41 1.242000 148.000000 148 148
51 1.295000 198.000000 198 198
61 1.515000 248.000000 248 248
71 1.656000 306.000000 306 306
81 1.817000 366.000000 366 366
91 2.015000 426.000000 426 426
101 2.220000 486.000000 486 486
111 2.464000 546.000000 546 546
121 2.821000 606.000000 606 606
131 3.215000 670.000000 670 670
141 3.405000 740.000000 740 740
151 3.738000 810.000000 810 810
161 4.026000 880.000000 880 880
171 4.259000 950.000000 950 950
181 4.431000 1020.000000 1020 1020
191 4.680000 1090.000000 1090 1090
201 4.914000 1160.000000 1160 1160
211 5.250000 1230.000000 1230 1230
221 5.588000 1300.000000 1300 1300
231 6.053000 1370.000000 1370 1370
241 6.219000 1440.000000 1440 1440
251 6.709000 1510.000000 1510 1510
261 7.059000 1586.000000 1586 1586
271 7.568000 1666.000000 1666 1666
281 7.618000 1746.000000 1746 1746
291 8.003000 1826.000000 1826 1826
301 8.271000 1906.000000 1906 1906
311 8.583000 1986.000000 1986 1986
321 8.909000 2066.000000 2066 2066
331 9.084000 2146.000000 2146 2146
341 9.441000 2226.000000 2226 2226
351 9.630000 2306.000000 2306 2306
361 9.802000 2386.000000 2386 2386
371 10.013000 2466.000000 2466 2466
381 10.239000 2546.000000 2546 2546
391 10.540000 2626.000000 2626 2626
401 10.941000 2706.000000 2706 2706
411 11.118000 2786.000000 2786 2786
421 11.410000 2866.000000 2866 2866
431 11.813000 2946.000000 2946 2946
441 12.058000 3026.000000 3026 3026
451 12.701000 3106.000000 3106 3106
461 12.941000 3186.000000 3186 3186
471 13.212000 3266.000000 3266 3266
481 13.488000 3346.000000 3346 3346
491 14.006000 3426.000000 3426 3426
501 14.148000 3506.000000 3506 3506
511 14.836000 3586.000000 3586 3586
521 15.232000 3676.000000 3676 3676
531 15.798000 3766.000000 3766 3766
541 16.162000 3856.000000 3856 3856
551 16.349000 3946.000000 3946 3946
561 16.645000 4036.000000 4036 4036
571 17.012000 4126.000000 4126 4126
581 17.287000 4216.000000 4216 4216
591 17.738000 4306.000000 4306 4306
601 17.924000 4396.000000 4396 4396
611 18.187000 4486.000000 4486 4486
621 18.465000 4576.000000 4576 4576
631 18.898000 4666.000000 4666 4666
641 19.215000 4756.000000 4756 4756
651 19.507000 4846.000000 4846 4846
661 19.689000 4936.000000 4936 4936
671 20.428000 5026.000000 5026 5026
681 20.129000 5116.000000 5116 5116
691 20.375000 5206.000000 5206 5206
701 20.635000 5296.000000 5296 5296
711 20.669000 5386.000000 5386 5386
721 21.190000 5476.000000 5476 5476
731 21.408000 5566.000000 5566 5566
741 21.590000 5656.000000 5656 5656
751 21.903000 5746.000000 5746 5746
761 22.068000 5836.000000 5836 5836
771 22.345000 5926.000000 5926 5926
781 22.755000 6016.000000 6016 6016
791 23.044000 6106.000000 6106 6106
801 23.302000 6196.000000 6196 6196
811 23.727000 6286.000000 6286 6286
821 23.969000 6376.000000 6376 6376
831 24.179000 6466.000000 6466 6466
841 24.535000 6556.000000 6556 6556
851 24.941000 6646.000000 6646 6646
861 25.201000 6736.000000 6736 6736
871 25.586000 6826.000000 6826 6826
881 26.298000 6916.000000 6916 6916
891 26.825000 7006.000000 7006 7006
901 27.028000 7096.000000 7096 7096
911 27.411000 7186.000000 7186 7186
921 28.709000 7276.000000 7276 7276
931 28.446000 7366.000000 7366 7366
941 28.794000 7456.000000 7456 7456
951 28.617000 7546.000000 7546 7546
961 29.722000 7636.000000 7636 7636
971 29.301000 7726.000000 7726 7726
981 30.182000 7816.000000 7816 7816
991 30.818000 7906.000000 7906 7906
1001 30.881000 7996.000000 7996 7996
