1 10.000000 0.000000 0 0
1001 1815.000000 500500.000000 500500 500500
2001 7432.000000 2001000.000000 2001000 2001000
3001 11156.000000 4501500.000000 4501500 4501500
4001 15028.000000 8002000.000000 8002000 8002000
5001 19658.000000 12502500.000000 12502500 12502500
6001 27989.000000 18003000.000000 18003000 18003000
7001 38107.000000 24503500.000000 24503500 24503500
8001 50025.000000 32004000.000000 32004000 32004000
9001 63446.000000 40504500.000000 40504500 40504500
10001 78313.000000 50005000.000000 50005000 50005000
11001 95126.000000 60505500.000000 60505500 60505500
12001 113020.000000 72006000.000000 72006000 72006000
13001 133257.000000 84506500.000000 84506500 84506500
14001 158324.000000 98007000.000000 98007000 98007000
15001 174827.000000 112507500.000000 112507500 112507500
16001 199817.000000 128008000.000000 128008000 128008000
17001 233704.000000 144508500.000000 144508500 144508500
18001 255939.000000 162009000.000000 162009000 162009000
19001 286007.000000 180509500.000000 180509500 180509500
20001 313220.000000 200010000.000000 200010000 200010000
21001 344693.000000 220510500.000000 220510500 220510500
22001 375956.000000 242011000.000000 242011000 242011000
23001 412048.000000 264511500.000000 264511500 264511500
24001 450547.000000 288012000.000000 288012000 288012000
25001 486268.000000 312512500.000000 312512500 312512500
26001 527888.000000 338013000.000000 338013000 338013000
27001 567571.000000 364513500.000000 364513500 364513500
28001 610903.000000 392014000.000000 392014000 392014000
29001 654241.000000 420514500.000000 420514500 420514500
30001 699776.000000 450015000.000000 450015000 450015000
31001 748046.000000 480515500.000000 480515500 480515500
32001 795216.000000 512016000.000000 512016000 512016000
33001 845203.000000 544516500.000000 544516500 544516500
34001 898021.000000 578017000.000000 578017000 578017000
35001 951274.000000 612517500.000000 612517500 612517500
36001 1006424.000000 648018000.000000 648018000 648018000
37001 1063469.000000 684518500.000000 684518500 684518500
38001 1121220.000000 722019000.000000 722019000 722019000
39001 1181307.000000 760519500.000000 760519500 760519500
40001 1242160.000000 800020000.000000 800020000 800020000
41001 1308608.000000 840520500.000000 840520500 840520500
42001 1368124.000000 882021000.000000 882021000 882021000
43001 1434918.000000 924521500.000000 924521500 924521500
44001 1502678.000000 968022000.000000 968022000 968022000
45001 1572182.000000 1012522500.000000 1012522500 1012522500
46001 1643546.000000 1058023000.000000 1058023000 1058023000
47001 1714701.000000 1104523500.000000 1104523500 1104523500
48001 1817654.000000 1152024000.000000 1152024000 1152024000
49001 1871514.000000 1200524500.000000 1200524500 1200524500
50001 1953289.000000 1250025000.000000 1250025000 1250025000
51001 2033557.000000 1300525500.000000 1300525500 1300525500
52001 2131305.000000 1352026000.000000 1352026000 1352026000
53001 2198116.000000 1404526500.000000 1404526500 1404526500
54001 2269555.000000 1458027000.000000 1458027000 1458027000
55001 2346894.000000 1512527500.000000 1512527500 1512527500
56001 2481542.000000 1568028000.000000 1568028000 1568028000
57001 2520421.000000 1624528500.000000 1624528500 1624528500
58001 2609842.000000 1682029000.000000 1682029000 1682029000
59001 2701303.000000 1740529500.000000 1740529500 1740529500
60001 2792583.000000 1800030000.000000 1800030000 1800030000
61001 2887715.000000 1860530500.000000 1860530500 1860530500
62001 3008615.000000 1922031000.000000 1922031000 1922031000
63001 3115053.000000 1984531500.000000 1984531500 1984531500
64001 3185199.000000 2048032000.000000 2048032000 2048032000
65001 3278502.000000 2112532500.000000 2112532500 2112532500
66001 3392852.000000 -2116934296.000000 -2116934296 -2116934296
67001 3491700.000000 -2050433796.000000 -2050433796 -2050433796
68001 3594484.000000 -1982933296.000000 -1982933296 -1982933296
69001 3730849.000000 -1914432796.000000 -1914432796 -1914432796
70001 3810142.000000 -1844932296.000000 -1844932296 -1844932296
71001 3922492.000000 -1774431796.000000 -1774431796 -1774431796
72001 4031794.000000 -1702931296.000000 -1702931296 -1702931296
73001 4158666.000000 -1630430796.000000 -1630430796 -1630430796
74001 4292171.000000 -1556930296.000000 -1556930296 -1556930296
75001 4428034.000000 -1482429796.000000 -1482429796 -1482429796
76001 4504773.000000 -1406929296.000000 -1406929296 -1406929296
77001 4612488.000000 -1330428796.000000 -1330428796 -1330428796
78001 4749096.000000 -1252928296.000000 -1252928296 -1252928296
79001 4897732.000000 -1174427796.000000 -1174427796 -1174427796
80001 5064822.000000 -1094927296.000000 -1094927296 -1094927296
81001 5189009.000000 -1014426796.000000 -1014426796 -1014426796
82001 5305754.000000 -932926296.000000 -932926296 -932926296
83001 5427194.000000 -850425796.000000 -850425796 -850425796
84001 5514691.000000 -766925296.000000 -766925296 -766925296
85001 5606990.000000 -682424796.000000 -682424796 -682424796
86001 5738799.000000 -596924296.000000 -596924296 -596924296
87001 5878912.000000 -510423796.000000 -510423796 -510423796
88001 6031797.000000 -422923296.000000 -422923296 -422923296
89001 6185453.000000 -334422796.000000 -334422796 -334422796
90001 6410981.000000 -244922296.000000 -244922296 -244922296
91001 6487831.000000 -154421796.000000 -154421796 -154421796
92001 6642702.000000 -62921296.000000 -62921296 -62921296
93001 6778172.000000 29579204.000000 29579204 29579204
94001 6921965.000000 123079704.000000 123079704 123079704
95001 7040146.000000 217580204.000000 217580204 217580204
96001 7214097.000000 313080704.000000 313080704 313080704
97001 7440080.000000 409581204.000000 409581204 409581204
98001 7624169.000000 507081704.000000 507081704 507081704
99001 7651471.000000 605582204.000000 605582204 605582204
100001 7842346.000000 705082704.000000 705082704 705082704
