2 1.000000 1.000000 1 1
4 0.000000 5.000000 5 5
8 1.000000 17.000000 17 17
16 1.000000 49.000000 49 49
32 1.000000 129.000000 129 129
64 3.000000 321.000000 321 321
128 30.000000 769.000000 769 769
256 13.000000 1793.000000 1793 1793
512 27.000000 4097.000000 4097 4097
1024 73.000000 9217.000000 9217 9217
2048 159.000000 20481.000000 20481 20481
4096 382.000000 45057.000000 45057 45057
8192 719.000000 98305.000000 98305 98305
16384 1295.000000 212993.000000 212993 212993
32768 2591.000000 458753.000000 458753 458753
65536 5172.000000 983041.000000 983041 983041
131072 11263.000000 2097153.000000 2097153 2097153
262144 22964.000000 4456449.000000 4456449 4456449
524288 48337.000000 9437185.000000 9437185 9437185
1048576 103961.000000 19922945.000000 19922945 19922945
