1 0.200000 0.000000 0 0
201 47.700000 20100.000000 20100 20100
401 180.000000 80200.000000 80200 80200
601 386.200000 180300.000000 180300 180300
801 616.700000 320400.000000 320400 320400
1001 874.700000 500500.000000 500500 500500
1201 1163.000000 720600.000000 720600 720600
1401 1408.200000 980700.000000 980700 980700
1601 1683.200000 1280800.000000 1280800 1280800
1801 2069.900000 1620900.000000 1620900 1620900
2001 2553.000000 2001000.000000 2001000 2001000
2201 3059.200000 2421100.000000 2421100 2421100
2401 3634.700000 2881200.000000 2881200 2881200
2601 4257.200000 3381300.000000 3381300 3381300
2801 4931.600000 3921400.000000 3921400 3921400
3001 5656.700000 4501500.000000 4501500 4501500
3201 6427.700000 5121600.000000 5121600 5121600
3401 7258.700000 5781700.000000 5781700 5781700
3601 8123.300000 6481800.000000 6481800 6481800
3801 9044.800000 7221900.000000 7221900 7221900
4001 10130.900000 8002000.000000 8002000 8002000
4201 11101.300000 8822100.000000 8822100 8822100
4401 12273.100000 9682200.000000 9682200 9682200
4601 13508.900000 10582300.000000 10582300 10582300
4801 14519.000000 11522400.000000 11522400 11522400
5001 15804.000000 12502500.000000 12502500 12502500
5201 17069.300000 13522600.000000 13522600 13522600
5401 18545.100000 14582700.000000 14582700 14582700
5601 19827.000000 15682800.000000 15682800 15682800
5801 21843.700000 16822900.000000 16822900 16822900
6001 23361.100000 18003000.000000 18003000 18003000
6201 24603.600000 19223100.000000 19223100 19223100
6401 26015.100000 20483200.000000 20483200 20483200
6601 28016.800000 21783300.000000 21783300 21783300
6801 29359.400000 23123400.000000 23123400 23123400
7001 30713.000000 24503500.000000 24503500 24503500
7201 32364.500000 25923600.000000 25923600 25923600
7401 34215.000000 27383700.000000 27383700 27383700
7601 36010.000000 28883800.000000 28883800 28883800
7801 37900.000000 30423900.000000 30423900 30423900
8001 39861.800000 32004000.000000 32004000 32004000
8201 41869.100000 33624100.000000 33624100 33624100
8401 43942.600000 35284200.000000 35284200 35284200
8601 46052.000000 36984300.000000 36984300 36984300
8801 48349.700000 38724400.000000 38724400 38724400
9001 50418.600000 40504500.000000 40504500 40504500
9201 52685.700000 42324600.000000 42324600 42324600
9401 54989.200000 44184700.000000 44184700 44184700
9601 57362.200000 46084800.000000 46084800 46084800
9801 59815.600000 48024900.000000 48024900 48024900
10001 62263.000000 50005000.000000 50005000 50005000
