1 0.100000 0.000000 0 0
11 0.200000 25.000000 25 25
21 0.500000 77.000000 77 77
31 0.950000 155.000000 155 155
41 1.350000 257.000000 257 257
51 1.950000 385.000000 385 385
61 2.550000 537.000000 537 537
71 3.300000 715.000000 715 715
81 4.150000 917.000000 917 917
91 5.200000 1145.000000 1145 1145
101 6.150000 1397.000000 1397 1397
111 7.250000 1675.000000 1675 1675
121 8.450000 1977.000000 1977 1977
131 9.350000 2305.000000 2305 2305
141 10.550000 2657.000000 2657 2657
151 11.950000 3035.000000 3035 3035
161 13.650000 3437.000000 3437 3437
171 16.150000 3865.000000 3865 3865
181 18.200000 4317.000000 4317 4317
191 19.650000 4795.000000 4795 4795
201 20.900000 5297.000000 5297 5297
211 23.100000 5825.000000 5825 5825
221 25.400000 6377.000000 6377 6377
231 26.750000 6955.000000 6955 6955
241 29.850000 7557.000000 7557 7557
251 34.150000 8185.000000 8185 8185
261 37.000000 8837.000000 8837 8837
271 38.250000 9515.000000 9515 9515
281 41.400000 10217.000000 10217 10217
291 42.500000 10945.000000 10945 10945
301 44.300000 11697.000000 11697 11697
311 50.350000 12475.000000 12475 12475
321 52.200000 13277.000000 13277 13277
331 56.150000 14105.000000 14105 14105
341 59.600000 14957.000000 14957 14957
351 61.050000 15835.000000 15835 15835
361 63.250000 16737.000000 16737 16737
371 66.350000 17665.000000 17665 17665
381 73.350000 18617.000000 18617 18617
391 77.750000 19595.000000 19595 19595
401 78.000000 20597.000000 20597 20597
411 82.600000 21625.000000 21625 21625
421 86.400000 22677.000000 22677 22677
431 89.900000 23755.000000 23755 23755
441 96.050000 24857.000000 24857 24857
451 98.700000 25985.000000 25985 25985
461 101.150000 27137.000000 27137 27137
471 108.550000 28315.000000 28315 28315
481 111.100000 29517.000000 29517 29517
491 116.400000 30745.000000 30745 30745
501 118.100000 31997.000000 31997 31997
511 125.150000 33275.000000 33275 33275
521 132.150000 34577.000000 34577 34577
531 133.500000 35905.000000 35905 35905
541 139.550000 37257.000000 37257 37257
551 143.700000 38635.000000 38635 38635
561 147.800000 40037.000000 40037 40037
571 153.650000 41465.000000 41465 41465
581 162.700000 42917.000000 42917 42917
591 164.350000 44395.000000 44395 44395
601 170.400000 45897.000000 45897 45897
611 178.500000 47425.000000 47425 47425
621 185.350000 48977.000000 48977 48977
631 187.050000 50555.000000 50555 50555
641 198.850000 52157.000000 52157 52157
651 198.600000 53785.000000 53785 53785
661 209.700000 55437.000000 55437 55437
671 218.150000 57115.000000 57115 57115
681 222.450000 58817.000000 58817 58817
691 224.450000 60545.000000 60545 60545
701 235.900000 62297.000000 62297 62297
711 244.150000 64075.000000 64075 64075
721 250.750000 65877.000000 65877 65877
731 257.200000 67705.000000 67705 67705
741 266.100000 69557.000000 69557 69557
751 269.500000 71435.000000 71435 71435
761 270.300000 73337.000000 73337 73337
771 276.500000 75265.000000 75265 75265
781 284.500000 77217.000000 77217 77217
791 289.700000 79195.000000 79195 79195
801 298.350000 81197.000000 81197 81197
811 312.350000 83225.000000 83225 83225
821 319.050000 85277.000000 85277 85277
831 339.600000 87355.000000 87355 87355
841 340.700000 89457.000000 89457 89457
851 339.250000 91585.000000 91585 91585
861 345.200000 93737.000000 93737 93737
871 351.450000 95915.000000 95915 95915
881 366.750000 98117.000000 98117 98117
891 384.050000 100345.000000 100345 100345
901 389.800000 102597.000000 102597 102597
911 390.450000 104875.000000 104875 104875
921 397.650000 107177.000000 107177 107177
931 404.200000 109505.000000 109505 109505
941 410.300000 111857.000000 111857 111857
951 420.000000 114235.000000 114235 114235
961 425.000000 116637.000000 116637 116637
971 433.950000 119065.000000 119065 119065
981 442.950000 121517.000000 121517 121517
991 462.100000 123995.000000 123995 123995
1001 468.150000 126497.000000 126497 126497
