1 0.100000 0.000000 0 0
11 0.350000 30.000000 30 30
21 0.950000 110.000000 110 110
31 1.900000 240.000000 240 240
41 3.000000 420.000000 420 420
51 4.450000 650.000000 650 650
61 6.200000 930.000000 930 930
71 8.250000 1260.000000 1260 1260
81 10.550000 1640.000000 1640 1640
91 13.600000 2070.000000 2070 2070
101 16.450000 2550.000000 2550 2550
111 19.700000 3080.000000 3080 3080
121 23.200000 3660.000000 3660 3660
131 26.950000 4290.000000 4290 4290
141 32.050000 4970.000000 4970 4970
151 38.400000 5700.000000 5700 5700
161 42.600000 6480.000000 6480 6480
171 47.350000 7310.000000 7310 7310
181 52.000000 8190.000000 8190 8190
191 57.050000 9120.000000 9120 9120
201 62.200000 10100.000000 10100 10100
211 70.550000 11130.000000 11130 11130
221 69.750000 12210.000000 12210 12210
231 74.400000 13340.000000 13340 13340
241 79.550000 14520.000000 14520 14520
251 85.650000 15750.000000 15750 15750
261 93.900000 17030.000000 17030 17030
271 92.000000 18360.000000 18360 18360
281 97.900000 19740.000000 19740 19740
291 105.750000 21170.000000 21170 21170
301 110.550000 22650.000000 22650 22650
311 115.650000 24180.000000 24180 24180
321 115.850000 25760.000000 25760 25760
331 122.700000 27390.000000 27390 27390
341 129.550000 29070.000000 29070 29070
351 139.300000 30800.000000 30800 30800
361 140.850000 32580.000000 32580 32580
371 140.450000 34410.000000 34410 34410
381 150.700000 36290.000000 36290 36290
391 155.050000 38220.000000 38220 38220
401 158.850000 40200.000000 40200 40200
411 167.400000 42230.000000 42230 42230
421 168.600000 44310.000000 44310 44310
431 173.550000 46440.000000 46440 46440
441 179.400000 48620.000000 48620 48620
451 185.750000 50850.000000 50850 50850
461 194.000000 53130.000000 53130 53130
471 202.050000 55460.000000 55460 55460
481 210.650000 57840.000000 57840 57840
491 219.500000 60270.000000 60270 60270
501 228.450000 62750.000000 62750 62750
511 237.250000 65280.000000 65280 65280
521 246.850000 67860.000000 67860 67860
531 256.200000 70490.000000 70490 70490
541 266.100000 73170.000000 73170 73170
551 275.700000 75900.000000 75900 75900
561 285.950000 78680.000000 78680 78680
571 296.000000 81510.000000 81510 81510
581 306.900000 84390.000000 84390 84390
591 317.750000 87320.000000 87320 87320
601 328.000000 90300.000000 90300 90300
611 338.600000 93330.000000 93330 93330
621 349.750000 96410.000000 96410 96410
631 360.750000 99540.000000 99540 99540
641 371.900000 102720.000000 102720 102720
651 383.550000 105950.000000 105950 105950
661 395.450000 109230.000000 109230 109230
671 407.450000 112560.000000 112560 112560
681 420.400000 115940.000000 115940 115940
691 431.500000 119370.000000 119370 119370
701 445.150000 122850.000000 122850 122850
711 458.800000 126380.000000 126380 126380
721 470.350000 129960.000000 129960 129960
731 482.800000 133590.000000 133590 133590
741 496.250000 137270.000000 137270 137270
751 511.050000 141000.000000 141000 141000
761 522.900000 144780.000000 144780 144780
771 536.600000 148610.000000 148610 148610
781 552.600000 152490.000000 152490 152490
791 564.600000 156420.000000 156420 156420
801 579.250000 160400.000000 160400 160400
811 594.450000 164430.000000 164430 164430
821 608.000000 168510.000000 168510 168510
831 623.900000 172640.000000 172640 172640
841 638.050000 176820.000000 176820 176820
851 652.850000 181050.000000 181050 181050
861 669.500000 185330.000000 185330 185330
871 684.350000 189660.000000 189660 189660
881 703.650000 194040.000000 194040 194040
891 716.650000 198470.000000 198470 198470
901 731.900000 202950.000000 202950 202950
911 755.300000 207480.000000 207480 207480
921 768.100000 212060.000000 212060 212060
931 783.250000 216690.000000 216690 216690
941 802.800000 221370.000000 221370 221370
951 825.050000 226100.000000 226100 226100
961 843.750000 230880.000000 230880 230880
971 865.350000 235710.000000 235710 235710
981 882.800000 240590.000000 240590 240590
991 898.250000 245520.000000 245520 245520
1001 919.400000 250500.000000 250500 250500
