1 0.200000 0.000000 0 0
201 20.800000 5297.000000 5297 5297
401 76.700000 20597.000000 20597 20597
601 170.500000 45897.000000 45897 45897
801 298.800000 81197.000000 81197 81197
1001 467.700000 126497.000000 126497 126497
1201 679.200000 181797.000000 181797 181797
1401 917.800000 247097.000000 247097 247097
1601 1178.800000 322397.000000 322397 322397
1801 1488.600000 407697.000000 407697 407697
2001 1824.800000 502997.000000 502997 502997
2201 2232.700000 608297.000000 608297 608297
2401 2628.400000 723597.000000 723597 723597
2601 3063.100000 848897.000000 848897 848897
2801 3557.200000 984197.000000 984197 984197
3001 4086.300000 1129497.000000 1129497 1129497
3201 4645.400000 1284797.000000 1284797 1284797
3401 5233.400000 1450097.000000 1450097 1450097
3601 5909.000000 1625397.000000 1625397 1625397
3801 6585.000000 1810697.000000 1810697 1810697
4001 7212.900000 2005997.000000 2005997 2005997
4201 8227.300000 2211297.000000 2211297 2211297
4401 8990.800000 2426597.000000 2426597 2426597
4601 9623.900000 2651897.000000 2651897 2651897
4801 10404.800000 2887197.000000 2887197 2887197
5001 11284.400000 3132497.000000 3132497 3132497
5201 12197.000000 3387797.000000 3387797 3387797
5401 13158.400000 3653097.000000 3653097 3653097
5601 14208.900000 3928397.000000 3928397 3928397
5801 15365.300000 4213697.000000 4213697 4213697
6001 16364.100000 4508997.000000 4508997 4508997
6201 17457.400000 4814297.000000 4814297 4814297
6401 18663.400000 5129597.000000 5129597 5129597
6601 19669.500000 5454897.000000 5454897 5454897
6801 20997.400000 5790197.000000 5790197 5790197
7001 22220.700000 6135497.000000 6135497 6135497
7201 23387.900000 6490797.000000 6490797 6490797
7401 24818.500000 6856097.000000 6856097 6856097
7601 26120.500000 7231397.000000 7231397 7231397
7801 27713.900000 7616697.000000 7616697 7616697
8001 28811.700000 8011997.000000 8011997 8011997
8201 30465.600000 8417297.000000 8417297 8417297
8401 31890.900000 8832597.000000 8832597 8832597
8601 33810.000000 9257897.000000 9257897 9257897
8801 34992.400000 9693197.000000 9693197 9693197
9001 36835.900000 10138497.000000 10138497 10138497
9201 38273.700000 10593797.000000 10593797 10593797
9401 39853.900000 11059097.000000 11059097 11059097
9601 41571.700000 11534397.000000 11534397 11534397
9801 43313.500000 12019697.000000 12019697 12019697
10001 45046.700000 12514997.000000 12514997 12514997
