1 0.550000 0.000000 0 0
2 0.150000 1.000000 1 1
3 0.200000 3.000000 3 3
4 0.250000 6.000000 6 6
5 0.300000 10.000000 10 10
6 0.400000 15.000000 15 15
7 0.500000 21.000000 21 21
8 0.600000 28.000000 28 28
9 0.650000 36.000000 36 36
10 0.800000 45.000000 45 45
11 0.900000 55.000000 55 55
12 0.900000 66.000000 66 66
13 1.000000 78.000000 78 78
14 1.200000 91.000000 91 91
15 1.300000 105.000000 105 105
16 1.300000 120.000000 120 120
17 1.400000 136.000000 136 136
18 1.600000 153.000000 153 153
19 1.750000 171.000000 171 171
20 1.950000 190.000000 190 190
21 2.000000 210.000000 210 210
22 2.050000 231.000000 231 231
23 2.150000 253.000000 253 253
24 2.350000 276.000000 276 276
25 2.600000 300.000000 300 300
26 2.750000 325.000000 325 325
27 3.250000 351.000000 351 351
28 2.750000 378.000000 378 378
29 3.000000 406.000000 406 406
30 3.150000 435.000000 435 435
31 3.300000 465.000000 465 465
32 3.450000 496.000000 496 496
33 3.600000 528.000000 528 528
34 3.700000 561.000000 561 561
35 3.900000 595.000000 595 595
36 4.100000 630.000000 630 630
37 4.300000 666.000000 666 666
38 4.500000 703.000000 703 703
39 4.750000 741.000000 741 741
40 4.950000 780.000000 780 780
41 5.050000 820.000000 820 820
42 5.300000 861.000000 861 861
43 5.500000 903.000000 903 903
44 5.700000 946.000000 946 946
45 6.600000 990.000000 990 990
46 6.850000 1035.000000 1035 1035
47 7.100000 1081.000000 1081 1081
48 7.300000 1128.000000 1128 1128
49 7.550000 1176.000000 1176 1176
50 7.800000 1225.000000 1225 1225
51 8.050000 1275.000000 1275 1275
52 8.300000 1326.000000 1326 1326
53 8.550000 1378.000000 1378 1378
54 8.800000 1431.000000 1431 1431
55 9.050000 1485.000000 1485 1485
56 9.300000 1540.000000 1540 1540
57 9.500000 1596.000000 1596 1596
58 9.800000 1653.000000 1653 1653
59 10.050000 1711.000000 1711 1711
60 10.350000 1770.000000 1770 1770
61 10.600000 1830.000000 1830 1830
62 10.900000 1891.000000 1891 1891
63 11.200000 1953.000000 1953 1953
64 11.500000 2016.000000 2016 2016
65 11.500000 2080.000000 2080 2080
66 9.850000 2145.000000 2145 2145
67 10.050000 2211.000000 2211 2211
68 10.300000 2278.000000 2278 2278
69 10.550000 2346.000000 2346 2346
70 10.800000 2415.000000 2415 2415
71 11.100000 2485.000000 2485 2485
72 11.400000 2556.000000 2556 2556
73 11.650000 2628.000000 2628 2628
74 11.950000 2701.000000 2701 2701
75 12.150000 2775.000000 2775 2775
76 12.400000 2850.000000 2850 2850
77 12.700000 2926.000000 2926 2926
78 12.950000 3003.000000 3003 3003
79 13.250000 3081.000000 3081 3081
80 13.550000 3160.000000 3160 3160
81 13.900000 3240.000000 3240 3240
82 14.150000 3321.000000 3321 3321
83 14.450000 3403.000000 3403 3403
84 14.700000 3486.000000 3486 3486
85 15.050000 3570.000000 3570 3570
86 15.350000 3655.000000 3655 3655
87 15.650000 3741.000000 3741 3741
88 14.450000 3828.000000 3828 3828
89 13.900000 3916.000000 3916 3916
90 14.500000 4005.000000 4005 4005
91 14.850000 4095.000000 4095 4095
92 15.150000 4186.000000 4186 4186
93 15.450000 4278.000000 4278 4278
94 15.750000 4371.000000 4371 4371
95 16.350000 4465.000000 4465 4465
96 18.100000 4560.000000 4560 4560
97 18.300000 4656.000000 4656 4656
98 17.750000 4753.000000 4753 4753
99 17.100000 4851.000000 4851 4851
100 17.700000 4950.000000 4950 4950
