2 1.000000 1.000000 1 1
4 1.000000 4.000000 4 4
8 1.000000 15.000000 15 15
16 1.000000 48.000000 48 48
32 1.000000 131.000000 131 131
64 3.000000 337.000000 337 337
128 7.000000 835.000000 835 835
256 53.000000 2022.000000 2022 2022
512 71.000000 4700.000000 4700 4700
1024 150.000000 10917.000000 10917 10917
2048 286.000000 24637.000000 24637 24637
4096 356.000000 54246.000000 54246 54246
8192 858.000000 120220.000000 120220 120220
16384 1774.000000 260312.000000 260312 260312
32768 3623.000000 566206.000000 566206 566206
65536 7599.000000 1215604.000000 1215604 1215604
131072 16316.000000 2651038.000000 2651038 2651038
262144 36112.000000 5581760.000000 5581760 5581760
524288 74597.000000 11894566.000000 11894566 11894566
1048576 158456.000000 25067669.000000 25067669 25067669
