1 0.200000 0.000000 0 0
201 5.300000 1160.000000 1160 1160
401 11.600000 2706.000000 2706 2706
601 19.000000 4396.000000 4396 4396
801 24.900000 6196.000000 6196 6196
1001 33.800000 7996.000000 7996 7996
1201 43.700000 9974.000000 9974 9974
1401 47.800000 11974.000000 11974 11974
1601 56.000000 13974.000000 13974 13974
1801 63.300000 15974.000000 15974 15974
2001 72.500000 17974.000000 17974 17974
2201 77.300000 20128.000000 20128 20128
2401 86.400000 22328.000000 22328 22328
2601 91.700000 24528.000000 24528 24528
2801 97.000000 26728.000000 26728 26728
3001 101.100000 28928.000000 28928 28928
3201 109.900000 31128.000000 31128 31128
3401 120.600000 33328.000000 33328 33328
3601 129.400000 35528.000000 35528 35528
3801 138.000000 37728.000000 37728 37728
4001 142.100000 39928.000000 39928 39928
4201 152.600000 42234.000000 42234 42234
4401 159.700000 44634.000000 44634 44634
4601 174.300000 47034.000000 47034 47034
4801 189.100000 49434.000000 49434 49434
5001 184.800000 51834.000000 51834 51834
5201 193.100000 54234.000000 54234 54234
5401 197.900000 56634.000000 56634 56634
5601 204.200000 59034.000000 59034 59034
5801 212.300000 61434.000000 61434 61434
6001 215.900000 63834.000000 63834 63834
6201 224.700000 66234.000000 66234 66234
6401 231.900000 68634.000000 68634 68634
6601 239.100000 71034.000000 71034 71034
6801 246.900000 73434.000000 73434 73434
7001 253.700000 75834.000000 75834 75834
7201 262.000000 78234.000000 78234 78234
7401 275.000000 80634.000000 80634 80634
7601 281.100000 83034.000000 83034 83034
7801 290.700000 85434.000000 85434 85434
8001 302.100000 87834.000000 87834 87834
8201 311.700000 90244.000000 90244 90244
8401 324.000000 92844.000000 92844 92844
8601 335.600000 95444.000000 95444 95444
8801 338.000000 98044.000000 98044 98044
9001 348.400000 100644.000000 100644 100644
9201 361.300000 103244.000000 103244 103244
9401 380.600000 105844.000000 105844 105844
9601 377.700000 108444.000000 108444 108444
9801 380.400000 111044.000000 111044 111044
10001 388.100000 113644.000000 113644 113644
