1 0.200000 0.000000 0 0
201 63.600000 10100.000000 10100 10100
401 241.400000 40200.000000 40200 40200
601 527.500000 90300.000000 90300 90300
801 856.300000 160400.000000 160400 160400
1001 1180.300000 250500.000000 250500 250500
1201 1512.800000 360600.000000 360600 360600
1401 1863.300000 490700.000000 490700 490700
1601 2309.900000 640800.000000 640800 640800
1801 2917.100000 810900.000000 810900 810900
2001 3603.700000 1001000.000000 1001000 1001000
2201 4339.100000 1211100.000000 1211100 1211100
2401 5164.600000 1441200.000000 1441200 1441200
2601 6059.900000 1691300.000000 1691300 1691300
2801 7034.000000 1961400.000000 1961400 1961400
3001 8058.200000 2251500.000000 2251500 2251500
3201 9250.900000 2561600.000000 2561600 2561600
3401 10392.200000 2891700.000000 2891700 2891700
3601 11591.100000 3241800.000000 3241800 3241800
3801 12982.800000 3611900.000000 3611900 3611900
4001 14326.600000 4002000.000000 4002000 4002000
4201 15829.100000 4412100.000000 4412100 4412100
4401 17328.700000 4842200.000000 4842200 4842200
4601 19011.900000 5292300.000000 5292300 5292300
4801 20625.400000 5762400.000000 5762400 5762400
5001 22417.500000 6252500.000000 6252500 6252500
5201 24247.600000 6762600.000000 6762600 6762600
5401 26099.400000 7292700.000000 7292700 7292700
5601 28032.200000 7842800.000000 7842800 7842800
5801 30085.700000 8412900.000000 8412900 8412900
6001 32181.000000 9003000.000000 9003000 9003000
6201 34334.700000 9613100.000000 9613100 9613100
6401 36613.100000 10243200.000000 10243200 10243200
6601 38887.400000 10893300.000000 10893300 10893300
6801 41293.300000 11563400.000000 11563400 11563400
7001 43783.400000 12253500.000000 12253500 12253500
7201 46256.500000 12963600.000000 12963600 12963600
7401 48880.600000 13693700.000000 13693700 13693700
7601 51548.700000 14443800.000000 14443800 14443800
7801 54270.400000 15213900.000000 15213900 15213900
8001 57312.300000 16004000.000000 16004000 16004000
8201 61277.100000 16814100.000000 16814100 16814100
8401 63812.900000 17644200.000000 17644200 17644200
8601 67050.500000 18494300.000000 18494300 18494300
8801 69797.800000 19364400.000000 19364400 19364400
9001 73482.100000 20254500.000000 20254500 20254500
9201 76563.300000 21164600.000000 21164600 21164600
9401 80070.300000 22094700.000000 22094700 22094700
9601 83260.700000 23044800.000000 23044800 23044800
9801 86956.200000 24014900.000000 24014900 24014900
10001 91330.400000 25005000.000000 25005000 25005000
