1 0.100000 0.000000 0 0
11 0.450000 55.000000 55 55
21 0.950000 210.000000 210 210
31 1.800000 465.000000 465 465
41 2.700000 820.000000 820 820
51 4.300000 1275.000000 1275 1275
61 5.700000 1830.000000 1830 1830
71 7.300000 2485.000000 2485 2485
81 9.050000 3240.000000 3240 3240
91 11.500000 4095.000000 4095 4095
101 13.650000 5050.000000 5050 5050
111 16.050000 6105.000000 6105 6105
121 18.700000 7260.000000 7260 7260
131 21.450000 8515.000000 8515 8515
141 24.900000 9870.000000 9870 9870
151 28.050000 11325.000000 11325 11325
161 31.450000 12880.000000 12880 12880
171 35.100000 14535.000000 14535 14535
181 38.950000 16290.000000 16290 16290
191 40.400000 18145.000000 18145 18145
201 45.900000 20100.000000 20100 20100
211 50.650000 22155.000000 22155 22155
221 50.900000 24310.000000 24310 24310
231 55.350000 26565.000000 26565 26565
241 61.000000 28920.000000 28920 28920
251 66.650000 31375.000000 31375 31375
261 69.650000 33930.000000 33930 33930
271 77.900000 36585.000000 36585 36585
281 72.250000 39340.000000 39340 39340
291 77.450000 42195.000000 42195 42195
301 84.600000 45150.000000 45150 45150
311 87.450000 48205.000000 48205 48205
321 93.200000 51360.000000 51360 51360
331 98.850000 54615.000000 54615 54615
341 95.950000 57970.000000 57970 57970
351 102.300000 61425.000000 61425 61425
361 107.900000 64980.000000 64980 64980
371 113.300000 68635.000000 68635 68635
381 111.400000 72390.000000 72390 72390
391 114.900000 76245.000000 76245 76245
401 122.600000 80200.000000 80200 80200
411 128.800000 84255.000000 84255 84255
421 128.300000 88410.000000 88410 88410
431 135.100000 92665.000000 92665 92665
441 138.050000 97020.000000 97020 97020
451 142.850000 101475.000000 101475 101475
461 146.200000 106030.000000 106030 106030
471 150.100000 110685.000000 110685 110685
481 154.500000 115440.000000 115440 115440
491 159.700000 120295.000000 120295 120295
501 166.250000 125250.000000 125250 125250
511 175.600000 130305.000000 130305 130305
521 180.000000 135460.000000 135460 135460
531 188.700000 140715.000000 140715 140715
541 192.750000 146070.000000 146070 146070
551 202.400000 151525.000000 151525 151525
561 207.600000 157080.000000 157080 157080
571 217.700000 162735.000000 162735 162735
581 221.200000 168490.000000 168490 168490
591 232.750000 174345.000000 174345 174345
601 237.150000 180300.000000 180300 180300
611 246.300000 186355.000000 186355 186355
621 253.050000 192510.000000 192510 192510
631 259.900000 198765.000000 198765 198765
641 267.850000 205120.000000 205120 205120
651 276.300000 211575.000000 211575 211575
661 284.600000 218130.000000 218130 218130
671 295.150000 224785.000000 224785 224785
681 304.900000 231540.000000 231540 231540
691 310.350000 238395.000000 238395 238395
701 320.800000 245350.000000 245350 245350
711 332.350000 252405.000000 252405 252405
721 337.800000 259560.000000 259560 259560
731 346.400000 266815.000000 266815 266815
741 356.250000 274170.000000 274170 274170
751 365.750000 281625.000000 281625 281625
761 374.800000 289180.000000 289180 289180
771 384.500000 296835.000000 296835 296835
781 397.100000 304590.000000 304590 304590
791 404.600000 312445.000000 312445 312445
801 414.700000 320400.000000 320400 320400
811 424.900000 328455.000000 328455 328455
821 434.900000 336610.000000 336610 336610
831 447.050000 344865.000000 344865 344865
841 460.000000 353220.000000 353220 353220
851 469.700000 361675.000000 361675 361675
861 483.750000 370230.000000 370230 370230
871 492.200000 378885.000000 378885 378885
881 502.350000 387640.000000 387640 387640
891 514.300000 396495.000000 396495 396495
901 527.250000 405450.000000 405450 405450
911 536.500000 414505.000000 414505 414505
921 548.050000 423660.000000 423660 423660
931 558.850000 432915.000000 432915 432915
941 568.350000 442270.000000 442270 442270
951 584.300000 451725.000000 451725 451725
961 600.850000 461280.000000 461280 461280
971 607.200000 470935.000000 470935 470935
981 625.400000 480690.000000 480690 480690
991 632.500000 490545.000000 490545 490545
1001 647.150000 500500.000000 500500 500500
