2 1.000000 1.000000 1 1
4 0.000000 5.000000 5 5
8 0.000000 19.000000 19 19
16 1.000000 59.000000 59 59
32 2.000000 165.000000 165 165
64 5.000000 430.000000 430 430
128 29.000000 1091.000000 1091 1091
256 15.000000 2633.000000 2633 2633
512 74.000000 6228.000000 6228 6228
1024 92.000000 14287.000000 14287 14287
2048 234.000000 33035.000000 33035 33035
4096 358.000000 73555.000000 73555 73555
8192 820.000000 160364.000000 160364 160364
16384 1810.000000 351724.000000 351724 351724
32768 3794.000000 751296.000000 751296 751296
65536 8624.000000 1633950.000000 1633950 1633950
131072 17518.000000 3478325.000000 3478325 3478325
262144 37532.000000 7472060.000000 7472060 7472060
524288 75259.000000 15590545.000000 15590545 15590545
1048576 163953.000000 32860370.000000 32860370 32860370
