2 0.000000 1.000000 1 1
4 0.000000 4.000000 4 4
8 0.000000 16.000000 16 16
16 1.000000 47.000000 47 47
32 2.000000 135.000000 135 135
64 4.000000 369.000000 369 369
128 8.000000 968.000000 968 968
256 52.000000 2378.000000 2378 2378
512 51.000000 5509.000000 5509 5509
1024 98.000000 12811.000000 12811 12811
2048 228.000000 28896.000000 28896 28896
4096 391.000000 65885.000000 65885 65885
8192 836.000000 142481.000000 142481 142481
16384 2016.000000 305647.000000 305647 305647
32768 3830.000000 657192.000000 657192 657192
65536 8271.000000 1413277.000000 1413277 1413277
131072 17414.000000 3030358.000000 3030358 3030358
262144 37051.000000 6377987.000000 6377987 6377987
524288 85675.000000 13679978.000000 13679978 13679978
1048576 167965.000000 28864293.000000 28864293 28864293
