1 0.000000 1.000000 1 1
101 0.039604 6.059406 7 3
201 0.039801 7.089552 8 4
301 0.039867 7.548173 9 4
401 0.042394 8.154613 9 5
501 0.041916 8.193613 9 4
601 0.041597 8.460899 10 3
701 0.067047 8.646220 10 4
801 0.099875 9.156055 10 5
901 0.063263 9.197558 10 4
1001 0.045954 9.238761 10 5
1101 0.046322 9.453224 11 6
1201 0.045795 9.481266 11 5
1301 0.063797 9.611068 11 5
1401 0.072805 9.610278 11 5
1501 0.047302 9.681546 11 5
1601 0.048095 10.127420 11 6
1701 0.049971 10.169900 11 6
1801 0.049972 10.200999 11 5
1901 0.053130 10.215150 11 6
2001 0.064468 10.217391 11 4
2101 0.049500 10.428843 12 6
2201 0.050432 10.431622 12 5
2301 0.049978 10.460669 12 6
2401 0.050812 10.507705 12 6
2501 0.070372 10.482207 12 3
2601 0.051134 10.650519 12 6
2701 0.051092 10.642725 12 6
2801 0.051410 10.634416 12 6
2901 0.051706 10.669769 12 4
3001 0.053982 10.679773 12 7
3101 0.053531 11.140922 12 7
3201 0.053108 11.109028 12 6
3301 0.053620 11.129961 12 5
3401 0.055278 11.089091 12 6
3501 0.053128 11.135961 12 6
3601 0.053319 11.208831 12 5
3701 0.053769 11.213996 12 7
3801 0.053407 11.201526 12 7
3901 0.053063 11.221738 12 7
4001 0.053487 11.231692 12 6
4101 0.055596 11.444770 12 6
4201 0.053559 11.438943 13 7
4301 0.053708 11.423622 13 7
4401 0.062259 11.433765 13 5
4501 0.079316 11.454566 13 3
4601 0.068246 11.454901 13 7
4701 0.065731 11.470325 13 6
4801 0.056238 11.493647 13 5
4901 0.057947 11.495409 13 4
5001 0.053989 11.518296 13 6
5101 0.058028 11.506175 13 5
5201 0.054989 11.628148 13 7
5301 0.075835 11.636861 13 7
5401 0.055175 11.630439 13 6
5501 0.061989 11.651881 13 6
5601 0.053919 11.651669 13 7
5701 0.055429 11.669005 13 6
5801 0.054129 11.666092 13 6
5901 0.055075 11.688866 13 6
6001 0.054158 11.688552 13 6
6101 0.055401 11.671038 13 5
6201 0.054669 12.090953 13 6
6301 0.062371 12.107919 13 7
6401 0.056554 12.097485 13 5
6501 0.061375 12.109675 13 5
6601 0.062263 12.108165 13 7
6701 0.058946 12.125653 13 4
6801 0.057933 12.138950 13 6
6901 0.058832 12.127228 13 5
7001 0.063134 12.152978 13 7
7101 0.060837 12.147022 13 6
7201 0.062630 12.174698 13 7
7301 0.058074 12.210245 13 6
7401 0.067153 12.204837 13 7
7501 0.060525 12.204773 13 7
7601 0.069596 12.224181 13 5
7701 0.063758 12.232567 13 7
7801 0.063325 12.222664 13 7
7901 0.058094 12.219592 13 5
8001 0.059118 12.204724 13 8
8101 0.058264 12.215899 13 6
8201 0.059871 12.427631 13 4
8301 0.059631 12.430791 13 6
8401 0.058683 12.427330 14 7
8501 0.060111 12.437831 14 7
8601 0.059528 12.426927 14 6
8701 0.057465 12.444087 14 6
8801 0.069083 12.432451 14 5
8901 0.067970 12.443883 14 6
9001 0.058327 12.461393 14 4
9101 0.057466 12.463246 14 6
9201 0.060972 12.452342 14 6
9301 0.061499 12.482851 14 5
9401 0.059249 12.484842 14 5
9501 0.057889 12.485423 14 7
9601 0.062077 12.475367 14 6
9701 0.066282 12.494485 14 6
9801 0.065810 12.487603 14 6
9901 0.066660 12.499849 14 7
10001 0.064894 12.501350 14 5
