1 0.011000 1.000000 1 1
101 0.023990 5.811881 7 1
201 0.038264 6.771144 8 1
301 0.049458 7.332226 9 1
401 0.057060 7.748130 9 1
501 0.058263 7.998004 9 1
601 0.055546 8.314476 10 1
701 0.055421 8.554922 10 1
801 0.057702 8.735331 10 1
901 0.060020 8.875694 10 1
1001 0.058495 8.988012 10 1
1101 0.057531 9.150772 11 1
1201 0.059058 9.304746 11 1
1301 0.059978 9.435050 11 1
1401 0.058891 9.546752 11 1
1501 0.060644 9.643571 11 1
1601 0.060132 9.728295 11 1
1701 0.064491 9.803057 11 1
1801 0.062253 9.869517 11 1
1901 0.062809 9.928985 11 1
2001 0.062894 9.982509 11 1
2101 0.066043 10.056640 12 1
2201 0.064132 10.144934 12 1
2301 0.066562 10.225554 12 1
2401 0.065417 10.299459 12 1
2501 0.065727 10.367453 12 1
2601 0.066541 10.430219 12 1
2701 0.074724 10.488338 12 1
2801 0.070663 10.542306 12 1
2901 0.070868 10.592554 12 1
3001 0.073696 10.639454 12 1
3101 0.079419 10.683328 12 1
3201 0.071607 10.724461 12 1
3301 0.073338 10.763102 12 1
3401 0.074038 10.799471 12 1
3501 0.072546 10.833762 12 1
3601 0.071460 10.866148 12 1
3701 0.072494 10.896785 12 1
3801 0.074627 10.925809 12 1
3901 0.078442 10.953345 12 1
4001 0.073334 10.979505 12 1
4101 0.077363 11.005852 13 1
4201 0.070784 11.053321 13 1
4301 0.073976 11.098582 13 1
4401 0.071837 11.141786 13 1
4501 0.072852 11.183070 13 1
4601 0.072498 11.222560 13 1
4701 0.076137 11.260370 13 1
4801 0.078215 11.296605 13 1
4901 0.077095 11.331361 13 1
5001 0.076439 11.364727 13 1
5101 0.074452 11.396785 13 1
5201 0.076251 11.427610 13 1
5301 0.075169 11.457272 13 1
5401 0.074240 11.485836 13 1
5501 0.075906 11.513361 13 1
5601 0.074448 11.539904 13 1
5701 0.075034 11.565515 13 1
5801 0.072971 11.590243 13 1
5901 0.075207 11.614133 13 1
6001 0.077345 11.637227 13 1
6101 0.074654 11.659564 13 1
6201 0.074435 11.681180 13 1
6301 0.076863 11.702111 13 1
6401 0.072311 11.722387 13 1
6501 0.072604 11.742040 13 1
6601 0.072808 11.761097 13 1
6701 0.071887 11.779585 13 1
6801 0.072087 11.797530 13 1
6901 0.073581 11.814954 13 1
7001 0.073245 11.831881 13 1
7101 0.072744 11.848331 13 1
7201 0.072833 11.864324 13 1
7301 0.075429 11.879879 13 1
7401 0.077203 11.895014 13 1
7501 0.077884 11.909745 13 1
7601 0.073982 11.924089 13 1
7701 0.079147 11.938060 13 1
7801 0.077911 11.951673 13 1
7901 0.074482 11.964941 13 1
8001 0.078969 11.977878 13 1
8101 0.076091 11.990495 13 1
8201 0.079883 12.004024 14 1
8301 0.077205 12.028069 14 1
8401 0.075794 12.051541 14 1
8501 0.072985 12.074462 14 1
8601 0.075010 12.096849 14 1
8701 0.074510 12.118722 14 1
8801 0.074460 12.140098 14 1
8901 0.073931 12.160993 14 1
9001 0.074097 12.181424 14 1
9101 0.077657 12.201406 14 1
9201 0.074000 12.220954 14 1
9301 0.074790 12.240082 14 1
9401 0.075570 12.258802 14 1
9501 0.077433 12.277129 14 1
9601 0.075058 12.295073 14 1
9701 0.073786 12.312648 14 1
9801 0.073801 12.329864 14 1
9901 0.073315 12.346733 14 1
10001 0.074476 12.363264 14 1
