1 0.010000 1.000000 1 1
1001 0.059421 8.988012 10 1
2001 0.065802 9.982509 11 1
3001 0.065988 10.639454 12 1
4001 0.069440 10.979505 12 1
5001 0.068878 11.364727 13 1
6001 0.068809 11.637227 13 1
7001 0.069584 11.831881 13 1
8001 0.069473 11.977878 13 1
9001 0.069697 12.181424 14 1
10001 0.070894 12.363264 14 1
11001 0.070235 12.512044 14 1
12001 0.071530 12.636030 14 1
13001 0.070785 12.740943 14 1
14001 0.070846 12.830869 14 1
15001 0.071997 12.908806 14 1
16001 0.076780 12.977001 14 1
17001 0.074729 13.073525 15 1
18001 0.073595 13.180546 15 1
19001 0.073542 13.276301 15 1
20001 0.073634 13.362482 15 1
21001 0.074787 13.440455 15 1
22001 0.075474 13.511340 15 1
23001 0.076674 13.576062 15 1
24001 0.075744 13.635390 15 1
25001 0.075974 13.689972 15 1
26001 0.076226 13.740356 15 1
27001 0.075239 13.787008 15 1
28001 0.077671 13.830327 15 1
29001 0.077013 13.870660 15 1
30001 0.077177 13.908303 15 1
31001 0.077402 13.943518 15 1
32001 0.079198 13.976532 15 1
33001 0.077114 14.014636 16 1
34001 0.076415 14.073027 16 1
35001 0.077002 14.128082 16 1
36001 0.078611 14.180078 16 1
37001 0.080248 14.229264 16 1
38001 0.078496 14.275861 16 1
39001 0.079806 14.320069 16 1
40001 0.078223 14.362066 16 1
41001 0.078014 14.402015 16 1
42001 0.080240 14.440061 16 1
43001 0.078378 14.476338 16 1
44001 0.077919 14.510966 16 1
45001 0.079310 14.544055 16 1
46001 0.079944 14.575705 16 1
47001 0.094228 14.606008 16 1
48001 0.088001 14.635049 16 1
49001 0.085027 14.662905 16 1
50001 0.082441 14.689646 16 1
51001 0.088188 14.715339 16 1
52001 0.084357 14.740043 16 1
53001 0.082595 14.763816 16 1
54001 0.087158 14.786708 16 1
55001 0.091668 14.808767 16 1
56001 0.090350 14.830039 16 1
57001 0.093038 14.850564 16 1
58001 0.092496 14.870382 16 1
59001 0.090812 14.889527 16 1
60001 0.087977 14.908035 16 1
61001 0.088227 14.925936 16 1
62001 0.096502 14.943259 16 1
63001 0.092489 14.960032 16 1
64001 0.092017 14.976282 16 1
65001 0.091368 14.992031 16 1
66001 0.092142 15.014363 17 1
67001 0.094111 15.043999 17 1
68001 0.089515 15.072764 17 1
69001 0.096262 15.100694 17 1
70001 0.093629 15.127827 17 1
71001 0.096439 15.154195 17 1
72001 0.090765 15.179831 17 1
73001 0.089260 15.204764 17 1
74001 0.085045 15.229024 17 1
75001 0.090596 15.252637 17 1
76001 0.087946 15.275628 17 1
77001 0.089330 15.298022 17 1
78001 0.089527 15.319842 17 1
79001 0.084741 15.341110 17 1
80001 0.090134 15.361845 17 1
81001 0.085073 15.382069 17 1
82001 0.086875 15.401800 17 1
83001 0.089160 15.421055 17 1
84001 0.085671 15.439852 17 1
85001 0.081618 15.458206 17 1
86001 0.084990 15.476134 17 1
87001 0.085516 15.493649 17 1
88001 0.084737 15.510767 17 1
89001 0.086072 15.527500 17 1
90001 0.085326 15.543861 17 1
91001 0.086021 15.559862 17 1
92001 0.086312 15.575515 17 1
93001 0.086660 15.590832 17 1
94001 0.088555 15.605823 17 1
95001 0.087579 15.620499 17 1
96001 0.090767 15.634868 17 1
97001 0.091405 15.648942 17 1
98001 0.090905 15.662728 17 1
99001 0.091671 15.676236 17 1
100001 0.101100 15.689473 17 1
