1 1.000000 1.000000 1 1
1001 0.061938 8.988012 10 1
2001 0.065967 9.982509 11 1
3001 0.070643 10.639454 12 1
4001 0.068983 10.979505 12 1
5001 0.070186 11.364727 13 1
6001 0.072655 11.637227 13 1
7001 0.073418 11.831881 13 1
8001 0.072991 11.977878 13 1
9001 0.073547 12.181424 14 1
10001 0.074493 12.363264 14 1
11001 0.074993 12.512044 14 1
12001 0.074827 12.636030 14 1
13001 0.075148 12.740943 14 1
14001 0.083637 12.830869 14 1
15001 0.075395 12.908806 14 1
16001 0.076308 12.977001 14 1
17001 0.077290 13.073525 15 1
18001 0.078107 13.180546 15 1
19001 0.078680 13.276301 15 1
20001 0.078346 13.362482 15 1
21001 0.078520 13.440455 15 1
22001 0.079087 13.511340 15 1
23001 0.085127 13.576062 15 1
24001 0.078997 13.635390 15 1
25001 0.078997 13.689972 15 1
26001 0.079958 13.740356 15 1
27001 0.079367 13.787008 15 1
28001 0.080104 13.830327 15 1
29001 0.082273 13.870660 15 1
30001 0.076664 13.908303 15 1
31001 0.077385 13.943518 15 1
32001 0.077435 13.976532 15 1
33001 0.077725 14.014636 16 1
34001 0.078086 14.073027 16 1
35001 0.078255 14.128082 16 1
36001 0.077942 14.180078 16 1
37001 0.078701 14.229264 16 1
38001 0.078419 14.275861 16 1
39001 0.080049 14.320069 16 1
40001 0.080848 14.362066 16 1
41001 0.080218 14.402015 16 1
42001 0.079379 14.440061 16 1
43001 0.082649 14.476338 16 1
44001 0.080498 14.510966 16 1
45001 0.078998 14.544055 16 1
46001 0.078955 14.575705 16 1
47001 0.080594 14.606008 16 1
48001 0.079748 14.635049 16 1
49001 0.079407 14.662905 16 1
50001 0.080298 14.689646 16 1
51001 0.081724 14.715339 16 1
52001 0.079998 14.740043 16 1
53001 0.080093 14.763816 16 1
54001 0.081813 14.786708 16 1
55001 0.079708 14.808767 16 1
56001 0.078731 14.830039 16 1
57001 0.080034 14.850564 16 1
58001 0.079050 14.870382 16 1
59001 0.079575 14.889527 16 1
60001 0.084249 14.908035 16 1
61001 0.084048 14.925936 16 1
62001 0.084676 14.943259 16 1
63001 0.085348 14.960032 16 1
64001 0.080389 14.976282 16 1
65001 0.082983 14.992031 16 1
66001 0.081181 15.014363 17 1
67001 0.080596 15.043999 17 1
68001 0.081955 15.072764 17 1
69001 0.080955 15.100694 17 1
70001 0.082342 15.127827 17 1
71001 0.080661 15.154195 17 1
72001 0.082693 15.179831 17 1
73001 0.082328 15.204764 17 1
74001 0.083702 15.229024 17 1
75001 0.082772 15.252637 17 1
76001 0.082025 15.275628 17 1
77001 0.083583 15.298022 17 1
78001 0.082858 15.319842 17 1
79001 0.113188 15.341110 17 1
80001 0.087249 15.361845 17 1
81001 0.083221 15.382069 17 1
82001 0.085279 15.401800 17 1
83001 0.084107 15.421055 17 1
84001 0.084999 15.439852 17 1
85001 0.082411 15.458206 17 1
86001 0.084394 15.476134 17 1
87001 0.082516 15.493649 17 1
88001 0.083795 15.510767 17 1
89001 0.082864 15.527500 17 1
90001 0.084477 15.543861 17 1
91001 0.082757 15.559862 17 1
92001 0.084282 15.575515 17 1
93001 0.082892 15.590832 17 1
94001 0.082893 15.605823 17 1
95001 0.091778 15.620499 17 1
96001 0.084905 15.634868 17 1
97001 0.085710 15.648942 17 1
98001 0.085234 15.662728 17 1
99001 0.084878 15.676236 17 1
100001 0.084979 15.689473 17 1
