1 1.000000 1.000000 1 1
2 0.500000 1.000000 1 1
3 0.000000 2.000000 2 2
4 0.000000 1.750000 2 1
5 0.000000 2.000000 2 2
6 0.000000 2.500000 3 2
7 0.142857 2.285714 3 1
8 0.000000 2.625000 3 2
9 0.000000 2.666667 3 2
10 0.000000 3.000000 4 2
11 0.090909 3.090909 4 2
12 0.083333 3.333333 4 2
13 0.076923 3.307692 4 2
14 0.071429 3.500000 4 2
15 0.066667 3.666667 4 3
16 0.062500 3.562500 4 2
17 0.058824 3.529412 4 2
18 0.055556 3.222222 4 1
19 0.000000 3.526316 4 2
20 0.050000 3.800000 5 2
21 0.047619 3.761905 5 3
22 0.045455 3.681818 5 2
23 0.043478 4.217391 5 2
24 0.041667 3.750000 5 2
25 0.040000 4.160000 5 2
26 0.038462 4.000000 5 1
27 0.037037 4.148148 5 1
28 0.035714 4.392857 5 3
29 0.034483 4.379310 5 3
30 0.033333 4.233333 5 2
31 0.032258 4.548387 5 3
32 0.031250 4.406250 5 2
33 0.030303 4.424242 5 2
34 0.029412 4.264706 5 2
35 0.028571 4.400000 6 1
36 0.027778 4.472222 5 2
37 0.027027 4.297297 5 3
38 0.026316 4.526316 6 1
39 0.025641 4.666667 6 3
40 0.025000 4.450000 6 2
41 0.024390 4.390244 6 2
42 0.047619 4.666667 6 1
43 0.046512 4.627907 6 3
44 0.022727 4.818182 6 3
45 0.022222 4.688889 6 3
46 0.043478 4.739130 6 3
47 0.042553 5.319149 6 3
48 0.020833 5.312500 6 3
49 0.040816 5.163265 6 3
50 0.040000 5.360000 6 3
51 0.019608 5.372549 6 4
52 0.038462 5.115385 6 3
53 0.037736 5.094340 6 3
54 0.037037 4.962963 6 2
55 0.036364 5.363636 6 3
56 0.035714 5.250000 6 3
57 0.035088 5.228070 6 3
58 0.034483 5.103448 6 3
59 0.033898 5.203390 6 2
60 0.033333 5.216667 6 3
61 0.032787 5.278689 6 2
62 0.032258 5.193548 6 2
63 0.047619 5.380952 6 3
64 0.031250 5.453125 6 4
65 0.030769 5.476923 6 2
66 0.030303 5.393939 6 3
67 0.029851 5.417910 6 2
68 0.029412 5.588235 7 4
69 0.028986 5.536232 6 2
70 0.028571 5.528571 6 2
71 0.028169 5.464789 7 3
72 0.027778 5.361111 7 2
73 0.041096 5.561644 7 1
74 0.040541 5.594595 7 3
75 0.040000 5.426667 7 3
76 0.039474 5.500000 7 3
77 0.038961 5.441558 6 2
78 0.038462 5.525641 7 4
79 0.037975 5.683544 7 2
80 0.037500 5.737500 7 3
81 0.024691 5.543210 7 2
82 0.024390 5.609756 7 3
83 0.024096 5.698795 7 4
84 0.035714 5.607143 7 3
85 0.035294 5.611765 7 3
86 0.023256 5.732558 7 2
87 0.034483 5.597701 7 3
88 0.034091 5.420455 7 2
89 0.033708 5.651685 7 4
90 0.033333 5.666667 7 4
91 0.032967 5.626374 7 3
92 0.032609 5.695652 7 4
93 0.032258 5.602151 7 3
94 0.031915 5.691489 7 4
95 0.031579 6.063158 7 4
96 0.031250 6.145833 7 3
97 0.030928 6.092784 7 4
98 0.030612 6.132653 7 3
99 0.040404 6.080808 7 3
100 0.040000 6.120000 7 3
101 0.029703 6.217822 7 4
