1 1.000000 1.000000 1 1
2 0.000000 1.500000 2 1
3 0.000000 1.666667 2 1
4 0.000000 2.000000 3 1
5 0.000000 2.200000 3 1
6 0.166667 2.333333 3 1
7 0.000000 2.428571 3 1
8 0.000000 2.625000 4 1
9 0.000000 2.777778 4 1
10 0.100000 2.900000 4 1
11 0.000000 3.000000 4 1
12 0.000000 3.083333 4 1
13 0.000000 3.153846 4 1
14 0.071429 3.214286 4 1
15 0.066667 3.266667 4 1
16 0.062500 3.375000 5 1
17 0.058824 3.470588 5 1
18 0.000000 3.555556 5 1
19 0.052632 3.631579 5 1
20 0.000000 3.700000 5 1
21 0.047619 3.761905 5 1
22 0.045455 3.818182 5 1
23 0.043478 3.869565 5 1
24 0.041667 3.916667 5 1
25 0.000000 3.960000 5 1
26 0.000000 4.000000 5 1
27 0.037037 4.037037 5 1
28 0.035714 4.071429 5 1
29 0.034483 4.103448 5 1
30 0.033333 4.133333 5 1
31 0.032258 4.161290 5 1
32 0.000000 4.218750 6 1
33 0.030303 4.272727 6 1
34 0.029412 4.323529 6 1
35 0.028571 4.371429 6 1
36 0.027778 4.416667 6 1
37 0.027027 4.459459 6 1
38 0.026316 4.500000 6 1
39 0.025641 4.538462 6 1
40 0.025000 4.575000 6 1
41 0.024390 4.609756 6 1
42 0.023810 4.642857 6 1
43 0.023256 4.674419 6 1
44 0.022727 4.704545 6 1
45 0.022222 4.733333 6 1
46 0.021739 4.760870 6 1
47 0.021277 4.787234 6 1
48 0.020833 4.812500 6 1
49 0.020408 4.836735 6 1
50 0.020000 4.860000 6 1
51 0.019608 4.882353 6 1
52 0.019231 4.903846 6 1
53 0.018868 4.924528 6 1
54 0.018519 4.944444 6 1
55 0.018182 4.963636 6 1
56 0.035714 4.982143 6 1
57 0.017544 5.000000 6 1
58 0.034483 5.017241 6 1
59 0.033898 5.033898 6 1
60 0.016667 5.050000 6 1
61 0.377049 5.065574 6 1
62 0.032258 5.080645 6 1
63 0.031746 5.095238 6 1
64 0.250000 5.125000 7 1
65 0.015385 5.153846 7 1
66 0.030303 5.181818 7 1
67 0.014925 5.208955 7 1
68 0.029412 5.235294 7 1
69 0.028986 5.260870 7 1
70 0.028571 5.285714 7 1
71 0.028169 5.309859 7 1
72 0.013889 5.333333 7 1
73 0.027397 5.356164 7 1
74 0.027027 5.378378 7 1
75 0.026667 5.400000 7 1
76 0.026316 5.421053 7 1
77 0.129870 5.441558 7 1
78 0.025641 5.461538 7 1
79 0.291139 5.481013 7 1
80 0.025000 5.500000 7 1
81 0.024691 5.518519 7 1
82 0.036585 5.536585 7 1
83 0.024096 5.554217 7 1
84 0.035714 5.571429 7 1
85 0.023529 5.588235 7 1
86 0.034884 5.604651 7 1
87 0.022989 5.620690 7 1
88 0.022727 5.636364 7 1
89 0.033708 5.651685 7 1
90 0.022222 5.666667 7 1
91 0.032967 5.681319 7 1
92 0.021739 5.695652 7 1
93 0.021505 5.709677 7 1
94 0.031915 5.723404 7 1
95 0.021053 5.736842 7 1
96 0.020833 5.750000 7 1
97 0.020619 5.762887 7 1
98 0.030612 5.775510 7 1
99 0.030303 5.787879 7 1
100 0.030000 5.800000 7 1
101 0.029703 5.811881 7 1
