1 1.000000 1.000000 1 1
1001 0.062937 9.218781 10 5
2001 0.047976 10.203398 11 4
3001 0.050317 10.698434 12 6
4001 0.050737 11.227693 12 4
5001 0.051390 11.499500 13 6
6001 0.051991 11.681886 13 6
7001 0.053849 12.133124 13 5
8001 0.053993 12.210599 13 6
9001 0.068770 12.443506 14 6
10001 0.057294 12.503250 14 7
11001 0.057995 12.637488 14 6
12001 0.058412 12.692526 14 6
13001 0.059918 13.117991 14 8
14001 0.060210 13.143918 14 6
15001 0.061529 13.211119 14 7
16001 0.061121 13.226798 14 7
17001 0.063290 13.436798 15 7
18001 0.072163 13.451142 15 7
19001 0.061523 13.483869 15 7
20001 0.061997 13.504175 15 7
21001 0.062616 13.632589 15 7
22001 0.071224 13.643880 15 8
23001 0.062476 13.674232 15 8
24001 0.066956 13.673014 15 5
25001 0.064077 14.109596 15 6
26001 0.064344 14.114226 15 7
27001 0.064849 14.122403 15 6
28001 0.064962 14.139709 15 7
29001 0.067998 14.196717 15 7
30001 0.065431 14.216793 15 8
31001 0.065514 14.220896 15 8
32001 0.066529 14.228930 15 8
33001 0.064816 14.430745 15 6
34001 0.065145 14.440105 16 6
35001 0.067284 14.449273 16 8
36001 0.066026 14.453876 16 8
37001 0.065160 14.485906 16 8
38001 0.065340 14.485724 16 7
39001 0.067255 14.500756 16 8
40001 0.067498 14.507787 16 6
41001 0.065267 14.636667 16 5
42001 0.067617 14.629223 16 9
43001 0.065766 14.634334 16 8
44001 0.065749 14.639576 16 8
45001 0.068221 14.635875 16 8
46001 0.065651 14.676920 16 8
47001 0.065956 14.679092 16 9
48001 0.066019 14.684527 16 7
49001 0.068570 14.690272 16 8
50001 0.067899 15.110298 16 8
51001 0.068763 15.114743 16 7
52001 0.067826 15.112286 16 8
53001 0.067980 15.111149 16 6
54001 0.068332 15.124701 16 8
55001 0.068235 15.131416 16 8
56001 0.071338 15.131641 16 9
57001 0.068139 15.132980 16 9
58001 0.077878 15.207893 16 7
59001 0.072711 15.200234 16 8
60001 0.074515 15.208780 16 6
61001 0.085179 15.202784 16 8
62001 0.101982 15.219996 16 8
63001 0.091887 15.216822 16 8
64001 0.077327 15.228200 16 8
65001 0.069014 15.224166 16 9
66001 0.068772 15.438342 17 8
67001 0.070268 15.434113 17 9
68001 0.074719 15.437538 17 8
69001 0.076216 15.438168 17 8
70001 0.071656 15.437179 17 8
71001 0.072098 15.445571 17 9
72001 0.073166 15.450105 17 8
73001 0.072602 15.448117 17 8
74001 0.073148 15.482561 17 8
75001 0.072466 15.485194 17 7
76001 0.074170 15.483573 17 9
77001 0.071804 15.487513 17 6
78001 0.071627 15.501032 17 8
79001 0.072012 15.501044 17 8
80001 0.072224 15.504981 17 9
81001 0.074468 15.501858 17 8
82001 0.071694 15.633834 17 9
83001 0.075746 15.631571 17 9
84001 0.073261 15.632826 17 9
85001 0.073940 15.629628 17 8
86001 0.070767 15.631260 17 9
87001 0.074746 15.640843 17 8
88001 0.071476 15.639118 17 9
89001 0.072325 15.643566 17 7
90001 0.073844 15.643282 17 7
91001 0.072010 15.675762 17 8
92001 0.071043 15.673384 17 5
93001 0.072031 15.675735 17 7
94001 0.071138 15.669397 17 6
95001 0.071168 15.685730 17 8
96001 0.069583 15.685680 17 9
97001 0.069484 15.687828 17 9
98001 0.069612 15.686462 17 7
99001 0.071787 16.110332 17 8
100001 0.073079 16.109289 17 6
