1 0.010820 1.000000 1 1
2 0.014280 1.167685 2 1
3 0.019990 1.733560 2 1
4 0.020400 1.768715 3 1
5 0.018130 2.175234 3 1
6 0.018528 2.231562 3 1
7 0.019590 2.577974 3 1
8 0.020906 2.586937 4 1
9 0.021302 2.702281 4 1
10 0.020934 2.726895 4 1
11 0.021823 3.144435 4 1
12 0.022302 3.154269 4 1
13 0.022308 3.216257 4 1
14 0.023534 3.229369 4 1
15 0.025041 3.502347 4 1
16 0.023409 3.504429 5 1
17 0.023520 3.534880 5 1
18 0.023699 3.542135 5 1
19 0.024531 3.664767 5 1
20 0.024531 3.668709 5 1
21 0.024751 3.698483 5 1
22 0.025710 3.704922 5 1
23 0.025938 4.127621 5 1
24 0.025425 4.129659 5 1
25 0.025559 4.140521 5 1
26 0.025193 4.144060 5 1
27 0.026044 4.207668 5 1
28 0.029138 4.210069 5 1
29 0.029011 4.224183 5 1
30 0.029986 4.227560 5 1
31 0.031351 4.466283 5 1
32 0.030509 4.466127 6 1
33 0.031418 4.474095 6 1
34 0.028786 4.476249 6 1
35 0.030561 4.508893 6 1
36 0.029139 4.509952 6 1
37 0.028672 4.519410 6 1
38 0.028902 4.522318 6 1
39 0.030062 4.647047 6 1
40 0.030077 4.648510 6 1
41 0.029309 4.653033 6 1
42 0.029072 4.653917 6 1
43 0.028876 4.685539 6 1
44 0.031085 4.685981 6 1
45 0.032289 4.693691 6 1
46 0.032202 4.695743 6 1
47 0.030764 5.117618 6 1
48 0.036053 5.118674 6 1
49 0.036603 5.120937 6 1
50 0.036259 5.121636 6 1
51 0.036165 5.135043 6 1
52 0.032575 5.135287 6 1
53 0.031585 5.138487 6 1
54 0.032042 5.140158 6 1
55 0.034251 5.203626 6 1
56 0.033826 5.204509 6 1
57 0.033123 5.206576 6 1
58 0.031271 5.207405 6 1
59 0.032469 5.222140 6 1
60 0.033581 5.222265 6 1
61 0.031863 5.225704 6 1
62 0.032416 5.226598 6 1
63 0.033771 5.449196 6 1
64 0.033573 5.449250 7 1
65 0.032220 5.450617 7 1
66 0.030567 5.451625 7 1
67 0.030558 5.459574 7 1
68 0.032030 5.459319 7 1
69 0.031542 5.462452 7 1
70 0.031387 5.463125 7 1
71 0.031767 5.496970 7 1
72 0.034655 5.496622 7 1
73 0.032450 5.498435 7 1
74 0.031428 5.499114 7 1
75 0.032904 5.509436 7 1
76 0.032932 5.510111 7 1
77 0.033364 5.513043 7 1
78 0.032036 5.513537 7 1
79 0.033368 5.638935 7 1
80 0.032923 5.638658 7 1
81 0.032904 5.640426 7 1
82 0.033301 5.639756 7 1
83 0.033120 5.645398 7 1
84 0.033580 5.645700 7 1
85 0.032966 5.648279 7 1
86 0.032791 5.648431 7 1
87 0.032889 5.679256 7 1
88 0.032762 5.679343 7 1
89 0.033526 5.680393 7 1
90 0.032678 5.680753 7 1
91 0.036912 5.688555 7 1
92 0.032403 5.688816 7 1
93 0.033288 5.690902 7 1
94 0.034397 5.691510 7 1
95 0.034244 6.113887 7 1
96 0.036599 6.113980 7 1
97 0.035968 6.115061 7 1
98 0.034308 6.114894 7 1
99 0.034738 6.117245 7 1
100 0.035837 6.117731 7 1
101 0.034381 6.118659 7 1
