1 0.021000 1.000000 1 1
2 0.022000 1.166500 2 1
3 0.026000 1.408667 3 1
4 0.029250 1.594250 4 1
5 0.032600 1.774400 5 1
6 0.035167 1.926667 6 1
7 0.036714 2.039857 7 1
8 0.038000 2.184375 8 1
9 0.038556 2.286556 9 1
10 0.039200 2.356900 10 1
11 0.039818 2.445273 11 1
12 0.040000 2.534083 12 1
13 0.041231 2.608231 13 1
14 0.040786 2.665500 14 1
15 0.041800 2.714000 15 1
16 0.041313 2.806625 16 1
17 0.045059 2.837529 17 1
18 0.041500 2.905000 18 1
19 0.041895 2.937947 19 1
20 0.041950 2.972950 20 1
21 0.042048 3.033143 21 1
22 0.043318 3.080727 22 1
23 0.042609 3.087391 23 1
24 0.042958 3.195583 24 1
25 0.042960 3.221400 25 1
26 0.044269 3.253615 26 1
27 0.043370 3.322704 27 1
28 0.043429 3.337286 28 1
29 0.047586 3.360552 29 1
30 0.043667 3.416300 30 1
31 0.037742 3.435968 31 1
32 0.039531 3.489531 32 1
33 0.037152 3.452606 33 1
34 0.032794 3.501735 34 1
35 0.032743 3.551657 35 1
36 0.032639 3.605500 36 1
37 0.029838 3.613649 37 1
38 0.028763 3.625842 38 1
39 0.028974 3.641128 39 1
40 0.027700 3.686925 40 1
41 0.026073 3.692537 41 1
42 0.026095 3.713643 42 1
43 0.026093 3.774349 43 1
44 0.023636 3.773182 44 1
45 0.023911 3.764267 45 1
46 0.023696 3.805109 46 1
47 0.022298 3.825574 47 1
48 0.021917 3.855917 48 1
49 0.021735 3.905429 49 1
50 0.021760 3.886820 50 1
51 0.021686 3.878000 51 1
52 0.022654 3.946154 52 1
53 0.021887 3.970245 53 1
54 0.021907 3.996870 54 1
55 0.021909 3.980127 55 1
56 0.021946 4.026268 56 1
57 0.022211 4.031509 57 1
58 0.022017 4.041069 58 1
59 0.025119 4.058898 59 1
60 0.022333 4.081050 60 1
61 0.022164 4.143803 61 1
62 0.022210 4.097742 62 1
63 0.022302 4.089016 63 1
64 0.022531 4.178734 64 1
65 0.022262 4.166354 65 1
66 0.022258 4.140970 66 1
67 0.022284 4.222940 67 1
68 0.024706 4.220750 68 1
69 0.022739 4.216768 69 1
70 0.022300 4.188886 70 1
71 0.022282 4.212563 71 1
72 0.022639 4.239778 72 1
73 0.022342 4.231342 73 1
74 0.022919 4.301000 74 1
75 0.025547 4.286213 75 1
76 0.022566 4.292382 76 1
77 0.022506 4.300909 77 1
78 0.022526 4.348885 78 1
79 0.022810 4.300215 79 1
80 0.022600 4.381737 80 1
81 0.022728 4.356765 81 1
82 0.023085 4.407537 82 1
83 0.022663 4.362193 83 1
84 0.022738 4.398452 84 1
85 0.022624 4.423929 85 1
86 0.022267 4.467849 86 1
87 0.022391 4.428391 87 1
88 0.028045 4.458580 88 1
89 0.022360 4.447955 89 1
90 0.022578 4.484522 90 1
91 0.022462 4.496055 91 1
92 0.022304 4.418457 92 1
93 0.022387 4.476237 93 1
94 0.022787 4.555681 94 1
95 0.022326 4.514779 95 1
96 0.022531 4.563604 96 1
97 0.022629 4.556773 97 1
98 0.022673 4.550684 98 1
99 0.024444 4.583828 99 1
100 0.022570 4.585230 100 1
101 0.022762 4.607574 101 1
