1 1.000000 1.000000 1 1
1001 1.479520 501.000000 1001 1
2001 2.835082 1001.000000 2001 1
3001 2.833722 1501.000000 3001 1
4001 3.782304 2001.000000 4001 1
5001 5.155769 2501.000000 5001 1
6001 5.666889 3001.000000 6001 1
7001 6.672618 3501.000000 7001 1
8001 8.142232 4001.000000 8001 1
9001 9.472281 4501.000000 9001 1
10001 10.195380 5001.000000 10001 1
11001 10.824289 5501.000000 11001 1
12001 11.828764 6001.000000 12001 1
13001 12.929775 6501.000000 13001 1
14001 13.881151 7001.000000 14001 1
15001 14.362443 7501.000000 15001 1
16001 15.143804 8001.000000 16001 1
17001 15.940180 8501.000000 17001 1
18001 17.311538 9001.000000 18001 1
19001 19.264618 9501.000000 19001 1
20001 20.290885 10001.000000 20001 1
21001 20.279987 10501.000000 21001 1
22001 21.312168 11001.000000 22001 1
23001 22.323247 11501.000000 23001 1
24001 23.257614 12001.000000 24001 1
25001 24.282909 12501.000000 25001 1
26001 24.830660 13001.000000 26001 1
27001 25.787712 13501.000000 27001 1
28001 27.351845 14001.000000 28001 1
29001 28.655046 14501.000000 29001 1
30001 30.145828 15001.000000 30001 1
31001 30.204026 15501.000000 31001 1
32001 30.005594 16001.000000 32001 1
33001 30.779158 16501.000000 33001 1
34001 32.061557 17001.000000 34001 1
35001 33.023656 17501.000000 35001 1
36001 34.900197 18001.000000 36001 1
37001 35.846166 18501.000000 37001 1
38001 37.505302 19001.000000 38001 1
39001 41.642112 19501.000000 39001 1
40001 41.981650 20001.000000 40001 1
41001 39.268140 20501.000000 41001 1
42001 42.173258 21001.000000 42001 1
43001 42.239739 21501.000000 43001 1
44001 45.634963 22001.000000 44001 1
45001 47.158663 22501.000000 45001 1
46001 47.974783 23001.000000 46001 1
47001 46.880662 23501.000000 47001 1
48001 48.013146 24001.000000 48001 1
49001 47.659803 24501.000000 49001 1
50001 48.676766 25001.000000 50001 1
51001 50.857003 25501.000000 51001 1
52001 52.203111 26001.000000 52001 1
53001 54.128073 26501.000000 53001 1
54001 55.394493 27001.000000 54001 1
55001 54.041872 27501.000000 55001 1
56001 54.589972 28001.000000 56001 1
57001 56.417396 28501.000000 57001 1
58001 60.327494 29001.000000 58001 1
59001 62.218217 29501.000000 59001 1
60001 61.079132 30001.000000 60001 1
61001 60.723119 30501.000000 61001 1
62001 62.130950 31001.000000 62001 1
63001 64.438279 31501.000000 63001 1
64001 64.565804 32001.000000 64001 1
65001 64.066384 32501.000000 65001 1
66001 65.858851 33001.000000 66001 1
67001 66.881494 33501.000000 67001 1
68001 65.374259 34001.000000 68001 1
69001 67.724989 34501.000000 69001 1
70001 71.009643 35001.000000 70001 1
71001 68.321672 35501.000000 71001 1
72001 70.678616 36001.000000 72001 1
73001 71.796208 36501.000000 73001 1
74001 72.223078 37001.000000 74001 1
75001 72.013613 37501.000000 75001 1
76001 73.537927 38001.000000 76001 1
77001 74.174232 38501.000000 77001 1
78001 75.850181 39001.000000 78001 1
79001 79.205200 39501.000000 79001 1
80001 78.209047 40001.000000 80001 1
81001 78.423217 40501.000000 81001 1
82001 80.393446 41001.000000 82001 1
83001 80.791063 41501.000000 83001 1
84001 81.595469 42001.000000 84001 1
85001 82.991647 42501.000000 85001 1
86001 84.145847 43001.000000 86001 1
87001 84.441305 43501.000000 87001 1
88001 87.133544 44001.000000 88001 1
89001 92.816980 44501.000000 89001 1
90001 88.850635 45001.000000 90001 1
91001 91.850738 45501.000000 91001 1
92001 90.280073 46001.000000 92001 1
93001 93.829217 46501.000000 93001 1
94001 92.582207 47001.000000 94001 1
95001 92.669340 47501.000000 95001 1
96001 98.020896 48001.000000 96001 1
97001 96.331801 48501.000000 97001 1
98001 98.048428 49001.000000 98001 1
99001 99.320987 49501.000000 99001 1
100001 98.145299 50001.000000 100001 1
