1 0.200000 1.000000 1 1
1001 0.943556 417.624675 986 1
2001 1.738631 773.762369 1981 1
3001 2.521060 1204.659480 2957 1
4001 3.583304 1773.711872 3946 1
5001 4.075085 1988.538032 4957 12
6001 4.926329 2414.986752 5971 1
7001 6.240680 2869.645365 6986 1
8001 7.150419 3574.149031 7951 67
9001 7.660360 3799.342151 8928 1
10001 7.698550 3808.372883 9959 21
11001 8.090328 4060.731824 10918 1
12001 9.126256 4448.531022 11990 1
13001 10.806976 5228.924267 12967 1
14001 12.395779 6069.281680 13984 1
15001 10.380488 5199.903380 14836 1
16001 14.268414 7017.448184 15840 46
17001 16.499035 8278.327569 17001 1
18001 14.609255 6987.590106 17932 1
19001 15.117404 7272.795979 18938 1
20001 14.650232 7163.765612 19746 1
21001 19.629499 9512.301486 20931 59
22001 18.078474 8877.365079 21840 1
23001 19.214708 9061.654993 22731 1
24001 19.310620 8557.020428 23986 32
25001 21.130271 9610.954850 24961 1
26001 20.791127 9972.440275 25741 1
27001 25.880208 12843.230414 26777 1
28001 21.689872 10577.727142 27827 1
29001 22.434433 10975.738237 28964 1
30001 21.277814 10503.114453 29948 29
31001 23.203755 11546.478391 30998 1
32001 28.306065 13938.658348 31910 1
33001 26.250662 12580.441211 32975 1
34001 31.803606 15741.976639 33864 60
35001 32.667561 16064.359613 34859 1
36001 34.209708 16613.923358 35883 1
37001 29.043893 13524.568563 36912 1
38001 29.851880 14023.796582 37994 43
39001 31.352835 14662.555255 38918 1
40001 33.278746 15706.469733 39969 1
41001 34.303741 16431.771223 40954 1
42001 39.373148 19279.910345 41953 1
43001 33.581193 15703.169238 42967 1
44001 37.998020 17973.838606 43934 1
45001 34.386131 16084.312942 44984 181
46001 43.249405 20286.049168 45771 82
47001 41.245086 20098.679349 46952 438
48001 31.886815 15538.628141 47997 1
49001 42.698229 20931.788255 48778 1
50001 34.924220 17046.018306 49793 1
51001 38.329296 17173.927450 50976 275
52001 35.331819 17051.548122 51850 6
53001 40.839494 19940.949458 52657 1
54001 46.935322 21872.765760 53761 92
55001 52.965379 24673.261088 54967 1
56001 56.457635 26643.989307 55946 1
57001 54.391549 25457.721984 56967 1
58001 55.470573 26343.119476 57992 1
59001 56.936584 27092.131823 58879 1
60001 46.684415 21293.214678 59733 1
61001 57.270958 27062.144437 60995 158
62001 54.330298 26025.011621 61531 1
63001 57.198716 27676.510576 62710 157
64001 49.728839 22839.049257 63851 1
65001 54.672659 26270.296488 64839 1
66001 57.891499 27468.861326 65734 1
67001 57.470680 27396.178059 66918 1
68001 56.484455 26034.793334 67694 305
69001 70.450280 33814.560137 68687 3
70001 58.547311 28102.700924 69766 88
71001 58.590830 27862.106917 70852 1
72001 73.812711 35281.814354 71867 1
73001 66.282077 31278.583350 72909 1
74001 57.694434 26867.897499 73918 1
75001 57.021352 26944.174030 74784 1
76001 61.287179 28962.074349 75297 208
77001 58.502453 27557.932692 76996 1
78001 70.883012 32802.911061 77958 1
79001 68.723287 32575.399577 78867 186
80001 65.862582 31867.440723 79951 52
81001 66.627031 31455.511918 80862 1
82001 79.470563 38224.896067 81908 1
83001 74.337638 35180.088589 82733 14
84001 76.621045 37389.951240 83919 502
85001 69.624002 33066.775726 84822 1
86001 73.265862 34698.543480 85658 1
87001 77.266190 36483.574655 86746 1
88001 67.834134 33265.787382 87573 1
89001 82.793203 39735.404631 88477 1
90001 72.081282 34245.338253 89996 63
91001 91.630278 43311.051950 90986 1
92001 80.511298 37985.203936 91928 1
93001 72.876367 34757.764498 92996 1
94001 79.901086 38930.485512 93673 1
95001 68.186124 32662.606760 94944 1
96001 90.637988 44270.060025 95792 289
97001 78.486489 37727.822163 96988 1
98001 85.558240 41667.224297 97441 1
99001 85.288772 41712.707682 98783 122
100001 70.624812 34133.655977 99382 1
