1 0.029000 1.000000 1 1
101 0.058079 17.703851 101 1
201 0.090219 33.356995 200 1
301 0.134322 50.017492 300 1
401 0.167117 69.420576 401 1
501 0.194573 82.482044 500 1
601 0.233251 101.572947 598 1
701 0.264776 114.664098 701 1
801 0.280137 125.694610 800 1
901 0.334781 149.281471 900 1
1001 0.358886 161.226885 999 1
1101 0.388689 176.661513 1099 1
1201 0.428673 196.617905 1201 1
1301 0.462993 207.212901 1295 1
1401 0.489582 220.281792 1401 1
1501 0.540173 243.896501 1495 1
1601 0.587944 258.576270 1597 1
1701 0.593965 267.151141 1681 1
1801 0.653323 289.662740 1796 1
1901 0.653353 305.111052 1899 1
2001 0.727238 321.004022 1991 1
2101 0.761351 344.978431 2093 1
2201 0.769461 360.339424 2172 1
2301 0.805599 378.926764 2294 1
2401 0.826393 386.418414 2386 1
2501 0.861241 404.432942 2501 1
2601 0.871607 412.634281 2601 1
2701 0.908726 424.470265 2695 1
2801 0.981383 454.114561 2800 1
2901 1.015822 473.488905 2900 1
3001 1.074038 498.568136 2996 1
3101 1.061777 491.704179 3090 1
3201 1.170428 532.080822 3201 1
3301 1.144092 531.956836 3279 1
3401 1.172864 537.705909 3401 1
3501 1.209476 564.073274 3499 1
3601 1.255211 588.671490 3596 1
3701 1.272188 598.202420 3699 1
3801 1.303905 609.838752 3798 1
3901 1.298079 601.151013 3880 1
4001 1.386164 649.380822 3988 1
4101 1.378517 645.597602 4095 1
4201 1.431950 670.104416 4187 1
4301 1.467734 684.267714 4300 1
4401 1.564014 728.807877 4361 1
4501 1.542689 720.982348 4501 1
4601 1.608694 747.828297 4598 1
4701 1.656110 767.880529 4697 1
4801 1.681415 786.002367 4756 1
4901 1.674626 785.660972 4867 1
5001 1.730585 810.961901 4997 1
5101 1.732739 789.230288 5085 1
5201 1.776468 830.017276 5198 1
5301 1.831102 864.957122 5289 1
5401 1.915778 898.775926 5401 1
5501 1.822852 861.896340 5499 1
5601 1.920333 899.255986 5601 1
5701 2.048746 951.729178 5701 1
5801 2.049651 968.827971 5787 1
5901 2.037995 954.232846 5868 1
6001 2.143252 999.688947 5992 1
6101 2.055600 966.857507 6101 1
6201 2.116834 993.190807 6168 1
6301 2.185273 1033.723166 6294 1
6401 2.238660 1056.655732 6391 1
6501 2.177896 1026.685297 6500 1
6601 2.271665 1070.997829 6598 1
6701 2.243724 1059.620960 6680 1
6801 2.237287 1058.187785 6779 1
6901 2.370080 1114.605311 6860 1
7001 2.375744 1096.055034 6998 1
7101 2.496078 1142.608856 7098 1
7201 2.445315 1146.054750 7183 1
7301 2.474007 1133.741578 7298 1
7401 2.473010 1157.438883 7390 1
7501 2.555142 1208.897405 7482 1
7601 2.554203 1211.775989 7596 1
7701 2.660927 1260.970094 7682 1
7801 2.688798 1274.501160 7793 1
7901 2.794915 1324.715010 7895 1
8001 2.753665 1302.480076 7986 1
8101 2.751839 1299.970862 8074 1
8201 2.818816 1335.572823 8109 1
8301 2.919454 1382.643596 8298 1
8401 2.830466 1341.277402 8387 1
8501 2.837351 1340.919701 8497 1
8601 2.999104 1418.544214 8592 1
8701 4.034018 1399.515956 8677 1
8801 3.186555 1422.879094 8790 1
8901 3.126558 1450.381208 8898 1
9001 3.145635 1444.340554 8996 1
9101 3.115838 1472.709048 9101 1
9201 3.156316 1495.328301 9152 1
9301 3.154251 1490.171225 9247 1
9401 3.152986 1487.288524 9383 1
9501 3.070977 1452.160821 9492 1
9601 3.179624 1492.219500 9586 1
9701 3.174925 1495.647937 9688 1
9801 3.268915 1525.236052 9795 1
9901 3.398424 1606.772479 9893 1
10001 3.422006 1628.161713 9990 1
