1 0.100000 1.000000 1 1
1001 0.032867 7.338462 932 1
2001 0.028036 7.751674 1868 1
3001 0.029290 8.496534 2975 1
4001 0.028843 8.178330 3833 1
5001 0.029474 8.522416 4987 1
6001 0.031545 8.428495 5913 1
7001 0.034424 8.690216 6068 1
8001 0.032908 8.904824 7192 1
9001 0.033574 9.280224 8648 1
10001 0.034577 9.478312 9164 1
11001 0.034897 9.572748 10778 1
12001 0.034347 9.594367 11185 1
13001 0.031959 9.308745 11061 1
14001 0.036847 9.584508 13924 1
15001 0.032251 9.445150 14853 1
16001 0.034367 10.455722 15427 1
17001 0.032392 9.912605 16614 1
18001 0.032659 9.915044 16522 1
19001 0.032967 9.673817 18363 1
20001 0.034333 10.081806 17772 1
21001 0.033032 9.717671 18920 1
22001 0.033430 9.618017 21217 1
23001 0.033572 10.021890 21703 1
24001 0.033465 9.758193 13419 1
25001 0.034611 10.275473 24004 1
26001 0.033737 10.121272 23151 1
27001 0.033839 9.761775 24925 1
28001 0.033742 9.928178 27372 1
29001 0.032002 9.887166 23221 1
30001 0.046945 10.456288 29592 1
31001 0.031867 9.740337 29054 1
32001 0.033571 10.482601 30106 1
33001 0.033423 9.701951 28055 1
34001 0.040331 10.822064 32112 1
35001 0.032870 10.191932 33177 1
36001 0.035913 10.261721 33840 1
37001 0.037231 10.689625 32774 1
38001 0.035752 10.134204 27205 1
39001 0.037327 11.080621 34699 1
40001 0.038372 11.591908 38467 1
41001 0.034841 10.322514 40346 1
42001 0.034125 10.788310 40669 1
43001 0.033360 10.258873 32671 1
44001 0.032752 10.218020 33864 1
45001 0.033070 10.382676 33390 1
46001 0.034093 10.838525 45164 1
47001 0.032655 10.509685 42775 1
48001 0.033483 10.382936 41308 1
49001 0.033585 10.814077 47861 1
50001 0.034481 11.070789 41990 1
51001 0.034925 11.581261 48530 1
52001 0.035459 10.810484 41611 1
53001 0.034752 11.280904 45800 1
54001 0.034605 10.986152 50970 1
55001 0.034228 10.949065 54242 1
56001 0.034403 10.680100 46942 1
57001 0.034401 10.965099 53113 1
58001 0.035030 11.074085 56145 1
59001 0.034699 10.986831 50260 1
60001 0.033646 10.730421 50288 1
61001 0.034045 10.735665 59695 1
62001 0.034469 11.045607 50687 1
63001 0.034009 10.657004 60318 1
64001 0.035485 11.058482 62939 1
65001 0.035110 11.297723 56362 1
66001 0.034549 11.218609 62799 1
67001 0.033307 10.453028 51046 1
68001 0.034883 11.192256 57990 1
69001 0.034504 10.934940 68631 1
70001 0.035281 11.437538 69442 1
71001 0.034907 11.357387 64101 1
72001 0.034108 10.959448 63221 1
73001 0.034309 10.977165 59553 1
74001 0.035717 11.533573 71253 1
75001 0.038153 10.709961 74836 1
76001 0.035643 11.555703 72845 1
77001 0.037336 11.264215 74615 1
78001 0.037760 11.109126 76397 1
79001 0.037830 11.369938 74958 1
80001 0.035636 11.447824 77999 1
81001 0.034427 10.944235 73560 1
82001 0.035525 11.603351 75764 1
83001 0.035572 11.625833 76608 1
84001 0.035040 11.280901 72912 1
85001 0.034761 11.096807 72974 1
86001 0.034723 11.226602 83147 1
87001 0.033901 10.728243 73490 1
88001 0.034862 11.556858 77253 1
89001 0.034355 11.507677 85555 1
90001 0.034250 11.220306 77002 1
91001 0.034860 11.253382 78343 1
92001 0.035149 11.132249 89167 1
93001 0.034597 11.335762 91034 1
94001 0.034917 11.160211 78414 1
95001 0.034834 11.230440 91597 1
96001 0.035255 11.273310 92554 1
97001 0.034641 11.002811 86000 1
98001 0.035584 11.562824 96966 1
99001 0.036191 11.909826 87131 1
100001 0.034547 11.075424 84485 1
