1 0.009661 1.000000 1 1
2 0.010705 1.166606 2 1
3 0.012692 1.400575 3 1
4 0.014682 1.602492 4 1
5 0.016786 1.774961 5 1
6 0.017302 1.922749 6 1
7 0.018071 2.052988 7 1
8 0.018403 2.168575 8 1
9 0.018991 2.271911 9 1
10 0.020339 2.366342 10 1
11 0.019414 2.453397 11 1
12 0.020099 2.531164 12 1
13 0.020695 2.605663 13 1
14 0.020094 2.673872 14 1
15 0.020134 2.737183 15 1
16 0.020549 2.798986 16 1
17 0.020588 2.855422 17 1
18 0.022309 2.908876 18 1
19 0.021796 2.961027 19 1
20 0.022113 3.009238 20 1
21 0.021287 3.056474 21 1
22 0.021359 3.101094 22 1
23 0.021900 3.143030 23 1
24 0.022019 3.183218 24 1
25 0.021620 3.221301 25 1
26 0.021487 3.259455 26 1
27 0.021766 3.296043 27 1
28 0.021909 3.331619 28 1
29 0.022094 3.365983 29 1
30 0.021496 3.399511 30 1
31 0.021878 3.430589 31 1
32 0.022093 3.461031 32 1
33 0.021842 3.488690 33 1
34 0.022970 3.518228 34 1
35 0.022024 3.548903 35 1
36 0.022200 3.573710 36 1
37 0.022497 3.599878 37 1
38 0.022665 3.626937 38 1
39 0.022134 3.652400 39 1
40 0.022765 3.677098 40 1
41 0.022612 3.701894 41 1
42 0.022171 3.725579 42 1
43 0.022385 3.747315 43 1
44 0.022640 3.770308 44 1
45 0.022939 3.791525 45 1
46 0.022913 3.814400 46 1
47 0.022877 3.834874 47 1
48 0.022516 3.855102 48 1
49 0.022595 3.876550 49 1
50 0.022905 3.895484 50 1
51 0.022928 3.914028 51 1
52 0.022751 3.935251 52 1
53 0.022650 3.953133 53 1
54 0.022811 3.971844 54 1
55 0.022869 3.988687 55 1
56 0.022977 4.006570 56 1
57 0.022998 4.024144 57 1
58 0.022920 4.041753 58 1
59 0.023179 4.059249 59 1
60 0.024386 4.073008 60 1
61 0.023270 4.090195 61 1
62 0.024505 4.106007 62 1
63 0.023072 4.122946 63 1
64 0.024219 4.137653 64 1
65 0.023261 4.153724 65 1
66 0.023778 4.169671 66 1
67 0.023645 4.184044 67 1
68 0.023587 4.197585 68 1
69 0.023168 4.212323 69 1
70 0.023413 4.225484 70 1
71 0.023581 4.240276 71 1
72 0.023708 4.252627 72 1
73 0.023655 4.268571 73 1
74 0.023823 4.280913 74 1
75 0.023783 4.296176 75 1
76 0.023626 4.306286 76 1
77 0.023708 4.319933 77 1
78 0.023458 4.332583 78 1
79 0.023864 4.345297 79 1
80 0.023711 4.358105 80 1
81 0.023596 4.368971 81 1
82 0.023682 4.383198 82 1
83 0.023648 4.393579 83 1
84 0.023715 4.405618 84 1
85 0.023873 4.416759 85 1
86 0.023994 4.429712 86 1
87 0.023745 4.441688 87 1
88 0.023836 4.452206 88 1
89 0.023805 4.462968 89 1
90 0.024454 4.475453 90 1
91 0.023986 4.485344 91 1
92 0.024183 4.495943 92 1
93 0.024233 4.507335 93 1
94 0.024005 4.517061 94 1
95 0.024196 4.528150 95 1
96 0.024471 4.538470 96 1
97 0.024070 4.547381 97 1
98 0.023960 4.559108 98 1
99 0.024040 4.568875 99 1
100 0.024095 4.579644 100 1
101 0.024145 4.588503 101 1
