1 0.041000 1.000000 1 1
2 0.053500 1.360500 2 1
3 0.074667 1.825333 1 1
4 0.069000 2.276250 2 1
5 0.057200 2.743800 2 1
6 0.069833 3.141833 6 2
7 0.080571 3.575286 7 1
8 0.052125 3.942750 8 1
9 0.047556 4.376000 9 4
10 0.051900 4.848500 7 2
11 0.048091 5.239364 7 1
12 0.045417 5.642750 9 1
13 0.060308 6.091923 11 2
14 0.079214 6.449286 14 4
15 0.061267 6.873267 15 1
16 0.045000 7.331688 15 1
17 0.058529 7.773235 17 1
18 0.050000 8.154667 17 1
19 0.050211 8.365263 18 1
20 0.044600 9.044050 18 3
21 0.068667 9.345667 17 3
22 0.045682 9.698273 14 1
23 0.068348 10.106217 19 1
24 0.064083 10.565417 21 1
25 0.049200 10.882560 21 3
26 0.054308 11.208962 19 1
27 0.050074 11.805889 25 1
28 0.064393 12.178821 25 1
29 0.060241 12.395759 21 1
30 0.048800 13.003167 23 1
31 0.050065 13.378194 30 1
32 0.049844 13.862281 32 1
33 0.051545 14.161727 32 1
34 0.050618 14.777618 32 1
35 0.061000 14.927314 28 5
36 0.050778 15.377528 34 1
37 0.056568 15.664730 36 1
38 0.059684 16.294526 36 1
39 0.059821 16.616077 39 1
40 0.060125 17.171200 34 7
41 0.060610 17.638610 35 1
42 0.062262 17.799929 41 1
43 0.061860 18.193930 42 4
44 0.062818 18.748568 39 1
45 0.063422 19.180022 42 1
46 0.066000 19.484565 46 2
47 0.063830 19.864851 44 1
48 0.065312 20.525500 48 1
49 0.067184 21.122449 49 1
50 0.067340 21.171800 43 1
51 0.068824 21.716627 48 1
52 0.068500 22.219808 52 2
53 0.069509 22.540943 53 6
54 0.070296 22.750833 53 1
55 0.070236 23.065436 55 5
56 0.071411 23.616375 54 3
57 0.071825 23.798491 55 4
58 0.071448 24.920707 57 2
59 0.069797 24.763746 55 11
60 0.068050 25.425500 58 2
61 0.068508 25.617016 59 3
62 0.073435 25.697581 53 1
63 0.069286 26.360667 60 1
64 0.071641 26.730656 60 1
65 0.078938 26.930354 62 1
66 0.086303 27.725818 65 7
67 0.078104 27.780194 62 1
68 0.076324 28.599985 66 1
69 0.083884 28.757768 69 1
70 0.076629 29.186286 65 1
71 0.074549 29.552817 66 5
72 0.080361 29.990278 70 3
73 0.077493 31.105781 69 2
74 0.090635 31.404851 73 1
75 0.079253 31.520880 70 9
76 0.097908 31.196474 73 1
77 0.104636 32.006377 77 1
78 0.081090 32.468487 71 1
79 0.094620 32.660354 79 1
80 0.083825 33.281737 67 4
81 0.085346 34.382840 63 3
82 0.084659 34.000012 77 12
83 0.083398 34.104614 77 1
84 0.105893 34.863940 78 10
85 0.089753 35.030918 85 1
86 0.093337 36.438012 85 1
87 0.091690 36.352782 72 1
88 0.111216 36.636250 88 2
89 0.093034 37.196157 78 1
90 0.092644 37.137733 87 1
91 0.094659 38.180407 89 1
92 0.094533 38.412967 90 1
93 0.099763 38.727484 93 7
94 0.100202 38.752223 90 1
95 0.103084 40.180705 80 1
96 0.102979 40.553823 89 1
97 0.102309 39.526299 91 1
98 0.104214 40.904000 97 8
99 0.105414 41.465747 99 1
100 0.105660 41.533580 92 1
101 0.095446 42.315634 90 1
