1 0.000000 1.000000 1 1
1001 0.043956 7.856144 924 1
2001 0.029985 8.441279 1382 1
3001 0.030990 9.176275 1411 1
4001 0.027493 7.346163 2450 1
5001 0.031994 9.981604 4793 1
6001 0.029828 8.676554 4192 1
7001 0.031424 9.654764 4163 1
8001 0.034371 10.372828 7020 1
9001 0.033441 10.733807 7344 1
10001 0.030697 8.843016 5745 1
11001 0.047541 8.816289 3987 1
12001 0.031414 9.642363 4832 1
13001 0.031382 9.624029 8175 1
14001 0.030998 9.389972 7585 1
15001 0.030265 8.952137 9051 1
16001 0.027936 7.637335 4144 1
17001 0.035410 10.691548 10589 1
18001 0.029721 8.723238 3648 1
19001 0.027367 7.324457 7521 1
20001 0.032548 8.945003 9163 1
21001 0.034570 11.061521 12311 1
22001 0.032044 10.040725 11571 1
23001 0.029955 8.853267 15361 1
24001 0.029290 8.443565 4238 1
25001 0.035399 11.787129 23226 1
26001 0.031806 9.682205 9029 1
27001 0.035110 9.803230 11763 1
28001 0.032677 10.374415 23583 1
29001 0.038999 10.563084 14578 1
30001 0.034632 11.400353 22367 1
31001 0.031031 9.433889 22712 1
32001 0.036843 12.308584 13402 1
33001 0.031514 9.697403 11062 1
34001 0.033911 10.885827 28724 1
35001 0.033085 10.604640 17981 1
36001 0.033388 10.800783 26392 1
37001 0.032432 9.974622 15205 1
38001 0.032894 10.414568 24734 1
39001 0.031512 9.635804 11172 1
40001 0.033824 9.830204 25901 1
41001 0.031463 9.629326 23604 1
42001 0.032452 9.319540 18095 1
43001 0.031813 9.803749 15793 1
44001 0.035340 10.108498 28814 1
45001 0.031488 9.566032 32904 1
46001 0.032195 9.209952 10738 1
47001 0.031616 9.575094 17950 1
48001 0.030333 9.051436 9252 1
49001 0.037448 11.939389 42874 1
50001 0.033299 10.722846 17829 1
51001 0.035097 11.662556 38140 1
52001 0.034749 11.074364 24819 1
53001 0.034848 10.548046 51387 1
54001 0.036203 11.391493 22211 1
55001 0.035527 11.139907 26618 1
56001 0.036731 10.231282 19383 1
57001 0.038420 11.279276 39539 1
58001 0.036913 11.907950 49573 1
59001 0.035084 10.664599 39553 1
60001 0.033949 10.287679 30115 1
61001 0.042163 13.423239 33772 1
62001 0.037564 12.008935 43969 1
63001 0.032746 9.481738 41847 1
64001 0.037234 12.038312 21965 1
65001 0.039030 12.671328 51599 1
66001 0.034090 10.270360 37763 1
67001 0.038298 12.576379 52477 1
68001 0.035279 10.784283 25721 1
69001 0.034289 10.288576 31598 1
70001 0.037214 11.246482 42635 1
71001 0.033507 9.885523 34549 1
72001 0.035597 11.103665 38801 1
73001 0.039821 13.250462 64984 1
74001 0.039783 12.193173 57369 1
75001 0.035453 11.007827 73927 1
76001 0.035631 11.033368 41581 1
77001 0.038077 12.454202 64085 1
78001 0.035256 10.272317 56424 1
79001 0.033481 9.836584 26489 1
80001 0.034862 10.899926 55171 1
81001 0.034382 11.191541 27508 1
82001 0.033975 11.035573 75460 1
83001 0.035084 11.052734 59777 1
84001 0.032916 10.420388 75746 1
85001 0.039494 11.685757 82484 1
86001 0.033139 10.522145 63014 1
87001 0.034379 11.247514 61400 1
88001 0.035477 11.832866 67982 1
89001 0.038662 10.631779 32940 1
90001 0.033144 10.516039 77741 1
91001 0.036131 11.682399 54149 1
92001 0.037260 11.113140 87066 1
93001 0.034451 11.031484 52035 1
94001 0.035021 11.443793 42418 1
95001 0.035168 10.462785 80044 1
96001 0.037385 12.949261 76539 1
97001 0.035659 11.445944 69983 1
98001 0.038857 12.827838 68940 1
99001 0.037525 12.812113 95226 1
100001 0.040360 14.338067 95259 1
