1 1.000000 1.000000 1 1
2 0.000000 1.000000 1 1
3 0.000000 1.333333 2 1
4 0.000000 2.750000 4 1
5 0.000000 2.200000 4 1
6 0.000000 2.333333 5 1
7 0.142857 2.285714 4 1
8 0.000000 1.875000 4 1
9 0.000000 2.444444 8 1
10 0.000000 3.200000 8 1
11 0.000000 3.181818 9 1
12 0.083333 4.500000 10 1
13 0.076923 2.000000 4 1
14 0.071429 2.071429 5 1
15 0.066667 2.533333 14 1
16 0.062500 2.250000 5 1
17 0.058824 3.058824 15 1
18 0.055556 4.666667 18 1
19 0.052632 2.526316 7 1
20 0.050000 3.000000 12 1
21 0.047619 2.238095 8 1
22 1.000000 4.181818 21 1
23 0.043478 2.173913 10 1
24 0.000000 2.833333 22 1
25 0.000000 1.920000 7 1
26 0.038462 2.846154 14 1
27 0.037037 4.370370 27 1
28 0.035714 3.750000 21 1
29 0.034483 2.517241 8 1
30 0.000000 2.966667 18 1
31 0.032258 3.709677 20 1
32 0.031250 3.593750 26 1
33 0.030303 2.424242 9 1
34 0.029412 4.323529 31 1
35 0.028571 3.828571 19 1
36 0.027778 2.916667 23 1
37 0.027027 2.945946 20 1
38 0.026316 2.842105 13 1
39 0.025641 4.769231 21 1
40 0.025000 4.025000 27 1
41 0.024390 3.121951 11 1
42 0.023810 4.857143 33 1
43 0.023256 2.023256 9 1
44 0.022727 2.727273 15 1
45 0.022222 2.711111 12 1
46 0.021739 2.608696 31 1
47 0.021277 4.148936 29 1
48 0.020833 4.625000 42 1
49 0.020408 3.000000 12 1
50 0.040000 4.340000 27 1
51 0.019608 5.058824 39 1
52 0.019231 4.269231 24 1
53 0.037736 4.150943 36 1
54 0.018519 4.796296 37 1
55 0.018182 3.000000 26 1
56 0.017857 3.178571 22 1
57 0.035088 4.210526 34 1
58 0.344828 3.379310 30 1
59 0.016949 4.254237 55 1
60 0.016667 3.083333 41 1
61 0.032787 2.983607 22 1
62 0.016129 3.822581 25 1
63 0.031746 3.349206 39 1
64 0.031250 3.812500 29 1
65 0.030769 3.846154 39 1
66 0.015152 3.939394 43 1
67 0.283582 3.537313 37 1
68 0.014706 2.705882 20 1
69 0.014493 3.159420 27 1
70 0.014286 4.857143 48 1
71 0.014085 3.225352 21 1
72 0.013889 4.375000 53 1
73 0.027397 4.821918 60 1
74 0.027027 3.662162 26 1
75 0.026667 4.120000 42 1
76 0.026316 5.223684 68 1
77 0.025974 5.454545 72 1
78 0.025641 3.794872 33 1
79 0.025316 4.759494 48 1
80 0.025000 4.675000 34 1
81 0.024691 4.333333 45 1
82 0.024390 4.378049 57 1
83 0.024096 4.843373 74 1
84 0.023810 3.285714 27 1
85 0.023529 3.800000 59 1
86 0.023256 3.197674 18 1
87 0.022989 4.137931 45 1
88 0.011364 3.454545 29 1
89 0.022472 5.056180 67 1
90 0.333333 2.577778 13 1
91 0.021978 4.846154 83 1
92 0.021739 2.967391 19 1
93 0.021505 4.924731 51 1
94 0.021277 4.595745 76 1
95 0.210526 4.147368 42 1
96 0.031250 5.218750 68 1
97 0.206186 4.072165 38 1
98 0.020408 3.040816 27 1
99 0.020202 4.030303 75 1
100 0.020000 5.160000 56 1
101 0.019802 3.980198 41 1
