1 0.000000 1.000000 1 1
2 0.000000 1.500000 2 1
3 0.000000 2.000000 3 1
4 0.000000 2.500000 4 1
5 0.200000 3.000000 5 1
6 0.000000 3.500000 6 1
7 0.000000 4.000000 7 1
8 0.125000 4.500000 8 1
9 0.000000 5.000000 9 1
10 0.000000 5.500000 10 1
11 0.090909 6.000000 11 1
12 0.083333 6.500000 12 1
13 0.076923 7.000000 13 1
14 0.000000 7.500000 14 1
15 0.000000 8.000000 15 1
16 0.000000 8.500000 16 1
17 0.000000 9.000000 17 1
18 0.000000 9.500000 18 1
19 0.000000 10.000000 19 1
20 0.050000 10.500000 20 1
21 0.047619 11.000000 21 1
22 0.045455 11.500000 22 1
23 0.043478 12.000000 23 1
24 0.041667 12.500000 24 1
25 0.040000 13.000000 25 1
26 0.038462 13.500000 26 1
27 0.037037 14.000000 27 1
28 0.071429 14.500000 28 1
29 0.034483 15.000000 29 1
30 0.033333 15.500000 30 1
31 0.032258 16.000000 31 1
32 0.031250 16.500000 32 1
33 0.060606 17.000000 33 1
34 0.058824 17.500000 34 1
35 0.057143 18.000000 35 1
36 0.055556 18.500000 36 1
37 0.675676 19.000000 37 1
38 0.052632 19.500000 38 1
39 0.051282 20.000000 39 1
40 0.050000 20.500000 40 1
41 0.048780 21.000000 41 1
42 0.071429 21.500000 42 1
43 0.069767 22.000000 43 1
44 0.068182 22.500000 44 1
45 0.044444 23.000000 45 1
46 0.065217 23.500000 46 1
47 0.042553 24.000000 47 1
48 0.062500 24.500000 48 1
49 0.061224 25.000000 49 1
50 0.060000 25.500000 50 1
51 0.058824 26.000000 51 1
52 0.057692 26.500000 52 1
53 0.075472 27.000000 53 1
54 0.055556 27.500000 54 1
55 0.345455 28.000000 55 1
56 0.071429 28.500000 56 1
57 0.070175 29.000000 57 1
58 0.068966 29.500000 58 1
59 0.084746 30.000000 59 1
60 0.083333 30.500000 60 1
61 0.065574 31.000000 61 1
62 0.080645 31.500000 62 1
63 0.063492 32.000000 63 1
64 0.078125 32.500000 64 1
65 0.076923 33.000000 65 1
66 0.075758 33.500000 66 1
67 0.074627 34.000000 67 1
68 0.088235 34.500000 68 1
69 0.072464 35.000000 69 1
70 0.085714 35.500000 70 1
71 0.084507 36.000000 71 1
72 0.083333 36.500000 72 1
73 0.082192 37.000000 73 1
74 0.081081 37.500000 74 1
75 0.093333 38.000000 75 1
76 0.078947 38.500000 76 1
77 0.090909 39.000000 77 1
78 0.089744 39.500000 78 1
79 0.088608 40.000000 79 1
80 0.087500 40.500000 80 1
81 0.098765 41.000000 81 1
82 0.085366 41.500000 82 1
83 0.096386 42.000000 83 1
84 0.095238 42.500000 84 1
85 0.094118 43.000000 85 1
86 0.093023 43.500000 86 1
87 0.103448 44.000000 87 1
88 0.090909 44.500000 88 1
89 0.089888 45.000000 89 1
90 0.100000 45.500000 90 1
91 0.109890 46.000000 91 1
92 0.097826 46.500000 92 1
93 0.107527 47.000000 93 1
94 0.106383 47.500000 94 1
95 0.347368 48.000000 95 1
96 0.104167 48.500000 96 1
97 0.340206 49.000000 97 1
98 0.112245 49.500000 98 1
99 0.111111 50.000000 99 1
100 0.120000 50.500000 100 1
101 0.326733 51.000000 101 1
