1 0.170000 1.000000 1 1
101 0.117129 42.256040 90 1
201 0.182040 84.616368 194 23
301 0.275449 131.793787 295 2
401 0.336658 164.796733 397 1
501 0.438842 218.185709 497 1
601 0.525424 256.188270 594 1
701 0.596819 293.635007 696 1
801 0.634145 322.257341 791 1
901 0.700133 361.682186 892 22
1001 0.805165 406.992767 1001 1
1101 0.904133 470.363878 1087 1
1201 0.951740 503.974555 1200 10
1301 1.016503 535.665895 1283 4
1401 1.049643 555.290849 1401 7
1501 1.196682 630.398734 1363 1
1601 1.273373 658.857964 1580 1
1701 1.368665 720.929600 1682 25
1801 1.311782 689.798945 1763 1
1901 1.489816 798.612346 1842 1
2001 1.594113 846.878251 1956 52
2101 1.603936 850.850352 2088 51
2201 1.586211 840.338546 2152 1
2301 1.674724 870.523129 2285 1
2401 1.883586 1008.813457 2352 115
2501 1.889440 1010.733055 2482 1
2601 1.958920 1024.390600 2572 1
2701 2.103036 1113.612336 2629 1
2801 2.094181 1119.214670 2773 1
2901 2.262989 1193.351424 2885 38
3001 2.289510 1227.711433 2997 1
3101 2.266272 1202.795866 3094 1
3201 2.464139 1313.327107 3175 1
3301 2.523968 1352.877349 3288 6
3401 2.652017 1410.441023 3390 1
3501 2.712651 1438.095127 3485 1
3601 2.883663 1549.161314 3596 1
3701 2.805036 1501.316774 3651 1
3801 2.922547 1566.561579 3676 96
3901 3.048716 1625.061218 3885 1
4001 3.318025 1762.317951 3981 53
4101 3.242065 1704.319971 4065 1
4201 3.308679 1739.987886 4162 1
4301 3.479075 1797.300614 4288 1
4401 3.368796 1784.716421 4324 39
4501 3.530904 1866.355283 4474 16
4601 3.608466 1857.247359 4576 24
4701 3.753950 1901.161400 4661 1
4801 3.802789 2002.791035 4717 1
4901 3.821932 1982.972622 4852 1
5001 3.905299 2082.617213 4970 42
5101 3.899890 2080.103772 5088 48
5201 4.017733 2138.010652 5111 1
5301 4.256984 2249.721138 5258 1
5401 4.016904 2118.450128 5350 1
5501 4.535515 2314.582072 5355 80
5601 4.321830 2267.189705 5583 1
5701 4.166088 2221.646641 5610 1
5801 4.264653 2272.178902 5772 1
5901 4.766506 2427.140458 5853 1
6001 4.847500 2526.866624 5979 1
6101 4.945161 2493.958290 6094 1
6201 4.968018 2554.427560 6039 29
6301 4.834336 2498.600455 6291 1
6401 5.223364 2666.825762 6369 1
6501 5.333427 2649.366284 6449 8
6601 5.274386 2653.500005 6479 18
6701 5.273679 2641.086674 6695 1
6801 5.606527 2769.526565 6725 1
6901 5.512508 2769.082940 6842 2
7001 5.730454 2917.069617 6840 140
7101 5.319700 2752.492867 7088 1
7201 5.570574 2871.228725 7196 1
7301 5.632674 2879.098551 7244 1
7401 5.553282 2833.830307 7366 89
7501 5.762561 2984.156395 7450 1
7601 5.987112 3089.383930 7574 1
7701 6.479201 3291.226864 7600 1
7801 6.441838 3237.244094 7533 1
7901 6.430673 3174.305383 7898 100
8001 6.756260 3324.907592 7992 1
8101 6.752670 3347.226126 8099 17
8201 6.577760 3281.033161 8197 117
8301 7.182344 3525.945852 8216 12
8401 6.692325 3295.133506 8374 1
8501 6.985695 3437.958161 8457 1
8601 6.937870 3522.341678 8596 1
8701 6.693266 3414.753800 8698 1
8801 6.715505 3418.099575 8790 1
8901 7.480465 3741.461180 8839 1
9001 7.405146 3696.750960 8719 1
9101 7.785225 3838.932888 9088 1
9201 8.100713 3848.741149 9191 1
9301 8.169671 4024.092020 9298 1
9401 7.759754 3761.994220 9385 19
9501 8.427512 4100.000911 9484 1
9601 8.259376 4081.000632 9596 1
9701 7.866816 3903.300012 9548 1
9801 8.100855 4028.538316 9662 6
9901 8.388063 4005.682897 9865 1
10001 9.377847 4403.839109 9925 1
