1 0.011000 1.000000 1 1
1001 0.028964 6.891768 999 1
2001 0.029482 7.570336 2001 1
3001 0.029654 8.013241 2996 1
4001 0.030495 8.273266 3998 1
5001 0.031403 8.470192 4976 1
6001 0.032052 8.691772 6001 1
7001 0.032253 8.891791 6989 1
8001 0.031369 8.966534 8001 1
9001 0.031986 9.018688 8973 1
10001 0.032793 9.184611 9968 1
11001 0.032076 9.237490 10989 1
12001 0.036489 9.309942 11981 1
13001 0.037416 9.425397 12990 1
14001 0.037007 9.539492 13992 1
15001 0.036123 9.516833 14985 1
16001 0.036274 9.684499 15920 1
17001 0.037876 9.697179 16981 1
18001 0.035228 9.796470 17985 1
19001 0.033962 9.774863 18948 1
20001 0.033944 9.913843 19999 1
21001 0.033446 9.871519 21000 1
22001 0.033847 9.951455 21986 1
23001 0.034091 10.052474 22998 1
24001 0.034446 10.017107 23992 1
25001 0.034402 10.086494 24996 1
26001 0.034188 10.195221 25990 1
27001 0.034384 10.163268 26971 1
28001 0.034469 10.195836 27992 1
29001 0.034798 10.254061 28988 1
30001 0.034737 10.249948 29980 1
31001 0.034594 10.310546 30987 1
32001 0.034839 10.362450 32000 1
33001 0.034548 10.376379 32935 1
34001 0.035173 10.416149 33962 1
35001 0.034680 10.419112 34979 1
36001 0.035418 10.467630 35933 1
37001 0.034764 10.431204 36962 1
38001 0.036979 10.521786 37842 1
39001 0.035199 10.520204 38995 1
40001 0.036739 10.556055 39987 1
41001 0.036602 10.606876 40942 1
42001 0.035840 10.600919 41951 1
43001 0.036063 10.607161 42974 1
44001 0.035528 10.628899 43961 1
45001 0.035567 10.645129 44976 1
46001 0.037390 10.680558 45958 1
47001 0.036891 10.763146 46828 1
48001 0.038553 10.849340 47977 1
49001 0.036822 10.747923 48884 1
50001 0.036450 10.746271 49989 1
51001 0.035929 10.797610 50993 1
52001 0.035723 10.830445 51998 1
53001 0.037909 10.913988 52856 1
54001 0.036901 10.862185 53979 1
55001 0.037343 10.864314 54908 1
56001 0.037233 10.919482 55864 1
57001 0.037426 10.954849 56938 1
58001 0.038467 10.908112 57932 1
59001 0.038533 10.984705 58914 1
60001 0.038549 10.912511 59876 1
61001 0.037714 11.016633 60956 1
62001 0.037254 10.980622 61928 1
63001 0.038455 11.050918 62968 1
64001 0.037202 11.028036 63990 1
65001 0.039630 11.025120 64989 1
66001 0.037282 11.061599 65750 1
67001 0.038087 11.118676 66997 1
68001 0.037525 11.088030 67833 1
69001 0.037505 11.135956 68760 1
70001 0.037589 11.065952 69867 1
71001 0.039093 11.075988 70999 1
72001 0.038256 11.147847 71890 1
73001 0.037590 11.188072 72924 1
74001 0.037930 11.228418 73752 1
75001 0.036681 11.230184 74998 1
76001 0.038052 11.185989 75953 1
77001 0.036204 11.182357 76940 1
78001 0.037394 11.218813 77964 1
79001 0.038594 11.199658 78946 1
80001 0.038147 11.255828 79861 1
81001 0.037018 11.298943 80961 1
82001 0.037715 11.259870 81879 1
83001 0.037679 11.316444 82937 1
84001 0.038293 11.321753 83978 1
85001 0.037839 11.303779 85001 1
86001 0.037935 11.336114 85984 1
87001 0.037689 11.365135 87001 1
88001 0.037804 11.336550 87807 1
89001 0.037822 11.404877 88983 1
90001 0.036880 11.419305 89997 1
91001 0.037169 11.336833 90974 1
92001 0.037748 11.418876 91891 1
93001 0.037836 11.410166 92784 1
94001 0.038740 11.407182 93943 1
95001 0.037843 11.486502 94955 1
96001 0.039434 11.368684 95894 1
97001 0.038603 11.488440 96948 1
98001 0.037520 11.427341 97916 1
99001 0.038694 11.489331 98942 1
100001 0.037916 11.528894 99978 1
