1 0.017900 1.000000 1 1
101 0.038435 7.933648 101 1
201 0.047561 13.321802 201 1
301 0.059158 18.523892 301 1
401 0.068268 24.075404 400 1
501 0.078613 29.238604 500 1
601 0.090893 34.477640 601 1
701 0.102330 39.851644 700 1
801 0.111507 44.676511 801 1
901 0.122580 49.201757 900 1
1001 0.136078 55.987071 999 1
1101 0.152342 61.339979 1100 1
1201 0.152742 66.215394 1199 1
1301 0.165915 72.184339 1300 1
1401 0.176950 76.091884 1398 1
1501 0.194752 83.100502 1501 1
1601 0.198055 86.498224 1600 1
1701 0.212059 91.318903 1701 1
1801 0.229227 97.254548 1801 1
1901 0.237294 101.182019 1897 1
2001 0.243184 106.415743 1994 1
2101 0.266611 114.230242 2091 1
2201 0.271259 117.165872 2200 1
2301 0.277505 122.832953 2296 1
2401 0.287935 126.681898 2399 1
2501 0.309440 135.818231 2499 1
2601 0.319919 138.982263 2598 1
2701 0.327146 143.853917 2699 1
2801 0.334309 148.533258 2797 1
2901 0.355388 157.509329 2899 1
3001 0.359528 160.336919 3000 1
3101 0.372311 166.231222 3082 1
3201 0.386238 171.562795 3199 1
3301 0.394472 174.238390 3298 1
3401 0.415202 185.389406 3401 1
3501 0.422301 188.633120 3494 1
3601 0.431228 191.121016 3601 1
3701 0.434745 196.537417 3697 1
3801 0.449928 203.036394 3797 1
3901 0.466846 208.849781 3901 1
4001 0.478593 216.811667 4001 1
4101 0.482689 217.222176 4101 1
4201 0.499763 225.978539 4201 1
4301 0.490967 223.311356 4299 1
4401 0.518146 236.274786 4400 1
4501 0.528050 241.136446 4501 1
4601 0.532414 241.601458 4599 1
4701 0.546553 248.091654 4701 1
4801 0.567578 252.698266 4800 1
4901 0.584496 260.736900 4900 1
5001 0.580058 263.634545 4994 1
5101 0.577064 265.328286 5101 1
5201 0.596855 274.117461 5199 1
5301 0.612456 281.775655 5298 1
5401 0.618166 284.291266 5398 1
5501 0.634927 292.423276 5500 1
5601 0.637103 293.391802 5599 1
5701 0.661942 304.990063 5698 1
5801 0.671524 309.303872 5800 1
5901 0.858050 311.562835 5901 1
6001 0.703443 315.343629 5991 1
6101 0.700616 321.466932 6099 1
6201 0.715780 329.971742 6196 1
6301 0.730508 336.575004 6293 1
6401 0.735408 337.031017 6397 1
6501 0.770392 352.733372 6501 1
6601 0.763825 352.211490 6583 1
6701 0.759705 353.058615 6697 1
6801 0.753069 352.062357 6792 1
6901 0.782299 366.450890 6900 1
7001 0.792516 371.242248 6997 1
7101 0.807748 377.554420 7101 1
7201 0.806835 378.189056 7201 1
7301 0.824351 385.435899 7295 1
7401 0.839848 393.516514 7394 1
7501 0.850199 396.540020 7501 1
7601 0.870611 403.666340 7601 1
7701 0.866779 406.154967 7701 1
7801 0.892862 418.592855 7781 1
7901 0.891119 416.978475 7900 1
8001 0.916105 428.244468 7999 1
8101 0.905657 423.275939 8079 1
8201 0.921826 432.407139 8200 1
8301 0.927714 434.528618 8299 1
8401 0.924332 433.659409 8381 1
8501 0.959643 450.797028 8500 1
8601 0.971124 456.003941 8598 1
8701 0.970591 456.463514 8698 1
8801 1.002006 470.708901 8801 1
8901 1.013721 475.982244 8901 1
9001 1.026556 479.891310 8994 1
9101 1.031063 485.889377 9097 1
9201 1.042899 489.049558 9201 1
9301 1.107508 508.574794 9298 1
9401 1.088479 495.340601 9401 1
9501 1.088013 496.498602 9499 1
9601 1.099441 504.583517 9601 1
9701 1.138050 510.484844 9690 1
9801 1.147625 527.841524 9791 1
9901 1.130556 528.382797 9899 1
10001 1.146711 528.184484 9994 1
