1 0.020000 1.000000 1 1
101 0.033564 8.456634 101 1
201 0.044080 12.584328 201 1
301 0.045316 14.746246 301 1
401 0.088529 28.072070 401 1
501 0.078503 30.370938 501 1
601 0.091714 33.621747 601 1
701 0.119458 46.331298 701 1
801 0.113858 43.472884 801 1
901 0.137880 54.341632 901 1
1001 0.161279 52.409231 998 1
1101 0.159273 61.098483 1101 1
1201 0.157893 66.952090 1201 1
1301 0.171153 74.511107 1299 1
1401 0.176231 75.641685 1401 1
1501 0.183844 66.971899 1500 1
1601 0.219213 99.690581 1600 1
1701 0.215708 90.122322 1701 1
1801 0.184425 78.691077 1800 1
1901 0.229227 99.285381 1901 1
2001 0.228301 101.190705 1998 1
2101 0.252185 117.186749 2100 1
2201 0.256997 120.033394 2199 1
2301 0.262951 118.525815 2300 1
2401 0.254302 117.778238 2400 1
2501 0.295790 139.277717 2500 1
2601 0.291696 134.815948 2599 1
2701 0.326731 154.676760 2698 1
2801 0.337362 146.039357 2794 1
2901 0.343661 162.363771 2900 1
3001 0.295931 134.578597 2999 1
3101 0.373057 174.962796 3101 1
3201 0.309228 137.573486 3201 1
3301 0.349718 160.413517 3301 1
3401 0.415272 197.607665 3398 1
3501 0.434447 199.694033 3482 1
3601 0.443455 212.247267 3601 1
3701 0.468303 224.366701 3701 1
3801 0.412912 183.368321 3801 1
3901 0.399210 189.445127 3900 1
4001 0.455479 213.754274 4000 1
4101 0.464470 212.435574 4094 1
4201 0.455011 221.179993 4201 1
4301 0.386987 183.465947 4300 1
4401 0.526635 248.988103 4383 1
4501 0.521780 253.886210 4501 1
4601 0.497094 238.034345 4593 1
4701 0.475960 228.657547 4696 1
4801 0.412970 192.679056 4798 1
4901 0.503558 241.706017 4900 1
5001 0.572837 274.903895 5001 1
5101 0.509469 250.355062 5101 1
5201 0.604503 289.004605 5201 1
5301 0.509545 243.110240 5295 1
5401 0.600322 281.368939 5399 1
5501 0.646802 308.848462 5490 1
5601 0.521189 245.326081 5601 1
5701 0.664555 311.415357 5700 1
5801 0.647269 322.560490 5801 1
5901 0.713264 347.414435 5892 1
6001 0.629110 302.620972 6001 1
6101 0.633434 304.215445 6098 1
6201 0.665654 323.688045 6201 1
6301 0.713426 340.870476 6294 1
6401 0.765193 369.348369 6397 1
6501 0.773932 369.062976 6492 1
6601 0.733399 353.909839 6601 1
6701 0.655416 318.953238 6697 1
6801 0.752954 360.395307 6800 1
6901 0.667341 317.418350 6899 1
7001 0.761437 368.419146 6996 1
7101 0.689731 336.455434 7094 1
7201 0.603843 287.691025 7199 1
7301 0.773786 379.164705 7296 1
7401 0.863285 421.540682 7398 1
7501 0.827076 401.290405 7495 1
7601 0.723127 347.950826 7593 1
7701 1.007241 491.833632 7693 1
7801 0.815534 397.392247 7782 1
7901 0.818912 399.156089 7900 1
8001 1.071430 520.856072 8000 1
8101 0.886700 436.372595 8101 1
8201 0.902790 443.507076 8196 1
8301 0.856804 421.148837 8299 1
8401 0.913857 441.153112 8397 1
8501 0.869271 416.657565 8499 1
8601 0.941371 450.128118 8596 1
8701 1.014753 488.337631 8701 1
8801 1.075877 514.535169 8795 1
8901 0.830293 397.639224 8900 1
9001 0.807927 389.788358 8999 1
9101 1.046196 497.381721 9099 1
9201 0.974257 455.013397 9200 1
9301 1.136085 560.683997 9299 1
9401 1.205865 582.028553 9398 1
9501 1.136409 565.353926 9496 1
9601 1.210018 595.939276 9598 1
9701 0.810335 378.824531 9697 1
9801 0.903170 433.633803 9801 1
9901 1.275313 624.616986 9896 1
10001 1.153528 567.704656 9999 1
