1 0.000000 1.000000 1 1
2 0.000000 2.000000 2 2
3 0.000000 2.000000 3 1
4 0.250000 3.000000 4 2
5 0.000000 3.600000 4 2
6 0.000000 4.333333 5 4
7 0.000000 4.000000 7 2
8 0.125000 4.500000 8 1
9 0.111111 5.666667 9 2
10 0.100000 7.500000 10 3
11 0.090909 4.000000 10 1
12 0.083333 5.416667 7 3
13 0.076923 4.846154 10 2
14 0.071429 7.142857 10 4
15 0.066667 9.266667 15 4
16 0.000000 4.500000 16 1
17 0.058824 8.882353 16 2
18 0.055556 7.944444 13 7
19 0.052632 9.631579 15 3
20 0.050000 13.200000 20 3
21 0.047619 6.190476 20 2
22 0.045455 13.681818 21 2
23 0.000000 9.608696 23 3
24 0.041667 14.083333 22 3
25 0.040000 13.000000 25 2
26 0.076923 18.115385 25 2
27 0.037037 20.555556 26 1
28 0.071429 20.107143 28 5
29 0.034483 10.413793 28 2
30 0.066667 18.433333 29 4
31 0.064516 21.387097 30 3
32 0.062500 24.906250 29 8
33 0.030303 11.636364 30 1
34 0.058824 10.147059 26 5
35 0.028571 12.228571 27 3
36 0.083333 27.777778 35 2
37 0.054054 16.648649 34 5
38 0.052632 16.921053 37 8
39 0.051282 18.128205 29 4
40 0.050000 15.175000 38 1
41 0.073171 28.536585 38 6
42 0.071429 21.214286 34 6
43 0.046512 14.674419 41 1
44 0.045455 18.295455 44 2
45 0.044444 26.622222 45 4
46 0.086957 34.260870 45 2
47 0.042553 19.255319 43 1
48 0.062500 26.520833 44 9
49 0.081633 34.775510 49 5
50 0.040000 17.400000 49 1
51 0.078431 33.450980 49 1
52 0.076923 29.230769 51 1
53 0.056604 24.924528 51 2
54 0.092593 39.592593 47 7
55 0.054545 22.400000 52 5
56 0.071429 28.410714 55 8
57 0.070175 26.631579 45 3
58 0.086207 31.310345 57 3
59 0.067797 29.457627 58 2
60 0.066667 23.500000 58 11
61 0.081967 38.081967 61 6
62 0.080645 27.612903 62 2
63 0.063492 26.222222 54 2
64 0.078125 35.906250 62 1
65 0.061538 32.076923 65 2
66 0.060606 23.272727 57 1
67 0.089552 40.850746 65 10
68 0.073529 31.132353 67 1
69 0.086957 39.434783 68 5
70 0.071429 33.371429 69 2
71 0.084507 37.718310 71 7
72 0.055556 21.333333 69 6
73 0.123288 62.383562 73 3
74 0.067568 29.851351 67 2
75 0.093333 40.400000 66 2
76 0.052632 24.828947 74 1
77 0.077922 36.012987 71 12
78 0.089744 35.615385 70 4
79 0.101266 48.151899 75 12
80 0.112500 53.750000 79 2
81 0.074074 34.555556 66 12
82 0.085366 39.951220 81 1
83 0.096386 42.349398 80 6
84 0.071429 28.750000 81 10
85 0.117647 54.764706 85 2
86 0.069767 29.488372 84 2
87 0.114943 51.931034 80 4
88 0.079545 39.250000 75 3
89 0.089888 43.831461 85 8
90 0.088889 42.022222 75 3
91 0.098901 49.230769 87 6
92 0.097826 45.565217 84 5
93 0.107527 51.709677 90 4
94 0.063830 30.042553 87 7
95 0.115789 57.884211 93 2
96 0.135417 62.364583 96 2
97 0.103093 51.969072 96 14
98 0.091837 46.142857 95 12
99 0.111111 50.969697 97 6
100 0.100000 50.600000 98 2
101 0.089109 42.811881 101 7
