1 1.000000 1.000000 1 1
1001 1.337662 501.000000 1001 1
2001 1.851074 1001.000000 2001 1
3001 3.147951 1501.000000 3001 1
4001 3.708073 2001.000000 4001 1
5001 4.986403 2501.000000 5001 1
6001 5.596234 3001.000000 6001 1
7001 6.537637 3501.000000 7001 1
8001 7.418573 4001.000000 8001 1
9001 8.249639 4501.000000 9001 1
10001 9.875112 5001.000000 10001 1
11001 10.342514 5501.000000 11001 1
12001 10.952504 6001.000000 12001 1
13001 11.664949 6501.000000 13001 1
14001 12.965788 7001.000000 14001 1
15001 13.886541 7501.000000 15001 1
16001 14.904006 8001.000000 16001 1
17001 15.670137 8501.000000 17001 1
18001 16.426143 9001.000000 18001 1
19001 17.584917 9501.000000 19001 1
20001 18.847158 10001.000000 20001 1
21001 19.351079 10501.000000 21001 1
22001 20.249580 11001.000000 22001 1
23001 20.883831 11501.000000 23001 1
24001 22.086413 12001.000000 24001 1
25001 22.697972 12501.000000 25001 1
26001 23.992500 13001.000000 26001 1
27001 25.099589 13501.000000 27001 1
28001 26.312239 14001.000000 28001 1
29001 26.718217 14501.000000 29001 1
30001 28.065831 15001.000000 30001 1
31001 28.620786 15501.000000 31001 1
32001 29.766695 16001.000000 32001 1
33001 31.009878 16501.000000 33001 1
34001 31.286756 17001.000000 34001 1
35001 32.512614 17501.000000 35001 1
36001 33.200078 18001.000000 36001 1
37001 34.000622 18501.000000 37001 1
38001 35.485908 19001.000000 38001 1
39001 35.900054 19501.000000 39001 1
40001 37.795055 20001.000000 40001 1
41001 38.264676 20501.000000 41001 1
42001 38.780815 21001.000000 42001 1
43001 39.852329 21501.000000 43001 1
44001 40.210132 22001.000000 44001 1
45001 42.049821 22501.000000 45001 1
46001 42.210713 23001.000000 46001 1
47001 44.070998 23501.000000 47001 1
48001 44.642424 24001.000000 48001 1
49001 45.601437 24501.000000 49001 1
50001 46.519390 25001.000000 50001 1
51001 47.746672 25501.000000 51001 1
52001 48.844138 26001.000000 52001 1
53001 49.382861 26501.000000 53001 1
54001 50.026111 27001.000000 54001 1
55001 51.121707 27501.000000 55001 1
56001 51.504598 28001.000000 56001 1
57001 53.416151 28501.000000 57001 1
58001 53.850209 29001.000000 58001 1
59001 54.330994 29501.000000 59001 1
60001 55.468842 30001.000000 60001 1
61001 55.593908 30501.000000 61001 1
62001 57.651748 31001.000000 62001 1
63001 57.944842 31501.000000 63001 1
64001 59.823675 32001.000000 64001 1
65001 60.288596 32501.000000 65001 1
66001 61.617688 33001.000000 66001 1
67001 61.483724 33501.000000 67001 1
68001 63.724828 34001.000000 68001 1
69001 64.638527 34501.000000 69001 1
70001 64.631405 35001.000000 70001 1
71001 65.934438 35501.000000 71001 1
72001 66.652185 36001.000000 72001 1
73001 67.243942 36501.000000 73001 1
74001 68.571763 37001.000000 74001 1
75001 69.872975 37501.000000 75001 1
76001 70.910725 38001.000000 76001 1
77001 71.465358 38501.000000 77001 1
78001 72.172254 39001.000000 78001 1
79001 72.695156 39501.000000 79001 1
80001 74.790090 40001.000000 80001 1
81001 75.146665 40501.000000 81001 1
82001 76.086194 41001.000000 82001 1
83001 76.874652 41501.000000 83001 1
84001 78.886275 42001.000000 84001 1
85001 78.276809 42501.000000 85001 1
86001 79.607481 43001.000000 86001 1
87001 80.493190 43501.000000 87001 1
88001 81.545278 44001.000000 88001 1
89001 82.574600 44501.000000 89001 1
90001 83.901190 45001.000000 90001 1
91001 84.811914 45501.000000 91001 1
92001 88.223650 46001.000000 92001 1
93001 89.755347 46501.000000 93001 1
94001 91.223157 47001.000000 94001 1
95001 92.479374 47501.000000 95001 1
96001 94.746013 48001.000000 96001 1
97001 95.128906 48501.000000 97001 1
98001 99.608116 49001.000000 98001 1
99001 101.125201 49501.000000 99001 1
100001 101.020800 50001.000000 100001 1
