1 0.020000 1.000000 1 1
1001 0.138062 63.496883 1001 1
2001 0.214073 106.764868 1998 1
3001 0.371383 187.271140 2998 1
4001 0.372979 191.718628 4001 1
5001 0.496875 255.770780 5000 1
6001 0.580147 312.879935 6000 1
7001 0.796843 433.275495 6999 1
8001 0.686152 372.519211 7999 1
9001 0.840831 451.739599 8999 1
10001 1.009272 547.862372 9995 1
11001 1.025819 539.348167 11000 1
12001 1.314797 676.163881 11999 1
13001 1.174067 610.552829 12998 1
14001 1.514134 771.853016 13998 1
15001 1.574628 819.068223 14995 1
16001 1.555015 853.956885 15995 1
17001 1.795813 986.617768 16990 1
18001 1.960821 1074.856379 17994 1
19001 2.253709 1225.528164 18980 1
20001 1.470931 782.791734 20001 1
21001 1.882581 1025.743815 21000 1
22001 2.363136 1280.681126 21996 1
23001 2.058004 1116.540750 22975 1
24001 2.647103 1444.190557 23996 1
25001 2.513585 1367.671524 24984 1
26001 2.685820 1465.982435 25989 1
27001 2.150038 1174.644229 27000 1
28001 2.326008 1265.087104 27978 1
29001 3.030702 1653.137304 28991 1
30001 2.693287 1466.911061 30000 1
31001 3.357629 1825.780911 30987 1
32001 2.857374 1564.621920 31996 1
33001 3.135205 1717.072491 33000 1
34001 3.173448 1734.011183 34001 1
35001 3.459676 1886.154251 34989 1
36001 3.742987 2028.767984 35976 1
37001 3.088518 1684.839976 36990 1
38001 3.264998 1734.773176 37949 1
39001 4.019127 2018.841993 38974 1
40001 3.822784 1961.346526 39996 1
41001 2.939343 1568.816443 40993 1
42001 3.315995 1749.490999 41983 1
43001 4.963981 2469.227791 42981 1
44001 4.315280 2071.742679 43986 1
45001 4.524681 2141.186921 44996 1
46001 5.467065 2629.763245 45999 1
47001 5.430284 2650.598778 46971 1
48001 4.699569 2440.666118 47981 1
49001 5.034271 2680.441724 48980 1
50001 5.458258 2972.579044 49999 1
51001 5.739658 3024.127155 50965 1
52001 4.686107 2412.729106 51993 1
53001 6.277303 3248.067599 52957 1
54001 4.983288 2691.529959 53989 1
55001 5.146942 2779.426156 55001 1
56001 6.109897 3270.716225 55964 1
57001 7.024375 3674.293700 57001 1
58001 4.485278 2463.676340 57988 1
59001 5.762040 3183.084619 58993 1
60001 5.981841 3322.200716 59986 1
61001 5.416045 2936.183406 60980 1
62001 5.596019 3074.932733 61999 1
63001 4.923388 2592.740984 62999 1
64001 6.421272 3427.160384 63968 1
65001 5.468959 2865.260982 64998 1
66001 6.500042 3374.499114 66000 1
67001 5.643847 3073.957421 66932 1
68001 7.273449 3984.089399 67995 1
69001 7.343080 4016.103016 68986 1
70001 7.919242 4184.655936 69951 1
71001 6.705340 3519.157259 70989 1
72001 7.298318 3928.210417 71968 1
73001 7.962883 4352.599841 72968 1
74001 7.997120 4425.598191 74001 1
75001 7.931970 4388.969069 74990 1
76001 6.253750 3446.843802 75992 1
77001 6.522562 3596.395954 76994 1
78001 7.616033 4121.169069 77965 1
79001 7.625755 4217.304136 78962 1
80001 8.263642 4447.805859 79981 1
81001 7.959875 4299.712019 80992 1
82001 5.998262 3314.648134 81979 1
83001 8.275858 4352.514906 83001 1
84001 7.095241 3734.081214 83988 1
85001 9.107615 4900.673013 84997 1
86001 8.866316 4740.309823 85979 1
87001 9.672270 5167.959029 86951 1
88001 9.254842 4878.955858 87990 1
89001 9.928744 5185.751181 88995 1
90001 8.496405 4476.068790 89994 1
91001 11.518130 5174.677747 90990 1
92001 9.943118 5297.377097 91976 1
93001 9.889276 5425.849722 92993 1
94001 8.006092 4368.096301 94000 1
95001 8.217633 4318.027334 94997 1
96001 7.050732 3635.966245 95978 1
97001 11.954331 6301.866387 96981 1
98001 9.437710 4921.132289 97975 1
99001 9.297608 4853.080055 98999 1
100001 9.663640 5177.589138 99998 1
