1 0.012390 1.000000 1 1
101 0.027660 4.902274 101 1
201 0.029340 5.761433 201 1
301 0.030588 6.410983 301 1
401 0.032960 7.012256 401 1
501 0.034648 7.644381 501 1
601 0.035589 8.097122 601 1
701 0.036164 8.715895 701 1
801 0.038651 9.250524 801 1
901 0.039215 9.723281 901 1
1001 0.041942 10.405030 1001 1
1101 0.042341 10.784206 1101 1
1201 0.045420 11.520022 1201 1
1301 0.045029 11.842333 1301 1
1401 0.047383 12.417533 1401 1
1501 0.049499 12.958348 1501 1
1601 0.050924 13.464282 1601 1
1701 0.052831 14.094851 1701 1
1801 0.052837 14.545177 1801 1
1901 0.054997 15.261204 1901 1
2001 0.056379 15.753840 2001 1
2101 0.058087 16.341050 2101 1
2201 0.058952 16.867303 2201 1
2301 0.059926 17.314709 2301 1
2401 0.061267 17.890813 2401 1
2501 0.062213 18.343839 2501 1
2601 0.063757 18.987371 2601 1
2701 0.064746 19.208701 2701 1
2801 0.064709 19.833541 2801 1
2901 0.066828 20.517824 2901 1
3001 0.067367 21.054771 3001 1
3101 0.069144 21.746722 3101 1
3201 0.070501 22.161398 3201 1
3301 0.070731 22.637252 3301 1
3401 0.072251 23.137573 3401 1
3501 0.072647 23.814131 3501 1
3601 0.075443 24.334454 3601 1
3701 0.076334 24.636239 3701 1
3801 0.079063 25.534868 3801 1
3901 0.077510 25.900336 3901 1
4001 0.077863 26.088511 4001 1
4101 0.079501 26.914011 4101 1
4201 0.081191 27.819642 4201 1
4301 0.081951 28.000651 4301 1
4401 0.083019 28.580963 4401 1
4501 0.083804 28.898382 4501 1
4601 0.107775 30.014162 4601 1
4701 0.088018 29.883922 4701 1
4801 0.089175 30.708988 4801 1
4901 0.088403 31.116691 4901 1
5001 0.090057 31.753374 5001 1
5101 0.091750 32.335989 5101 1
5201 0.093316 33.158650 5201 1
5301 0.092691 32.904385 5301 1
5401 0.094011 34.125103 5401 1
5501 0.093701 34.319169 5501 1
5601 0.096011 35.357534 5601 1
5701 0.097074 35.922288 5701 1
5801 0.098072 36.156710 5801 1
5901 0.098617 36.518163 5901 1
6001 0.098922 36.791872 6001 1
6101 0.100456 37.374826 6101 1
6201 0.103290 38.356705 6201 1
6301 0.101816 38.026690 6301 1
6401 0.104124 39.046332 6401 1
6501 0.105878 40.136933 6501 1
6601 0.106999 40.538440 6601 1
6701 0.109299 41.517350 6701 1
6801 0.108290 41.282673 6801 1
6901 0.111456 42.622887 6901 1
7001 0.110404 42.159407 7001 1
7101 0.110287 42.155289 7101 1
7201 0.111865 42.856556 7201 1
7301 0.114831 44.434521 7300 1
7401 0.114733 44.287948 7401 1
7501 0.119061 46.266430 7501 1
7601 0.117183 45.233451 7601 1
7701 0.118772 45.981878 7701 1
7801 0.119516 46.519439 7801 1
7901 0.125876 47.276629 7901 1
8001 0.125352 47.639976 8001 1
8101 0.129351 49.526168 8101 1
8201 0.128333 48.547048 8201 1
8301 0.131994 50.078057 8301 1
8401 0.127551 49.397925 8401 1
8501 0.127811 50.421614 8499 1
8601 0.128829 51.053423 8601 1
8701 0.127417 50.652931 8701 1
8801 0.130487 52.344569 8801 1
8901 0.130886 52.551581 8901 1
9001 0.128485 52.022586 9001 1
9101 0.128486 53.542251 9100 1
9201 0.127487 53.481877 9201 1
9301 0.128528 54.441537 9301 1
9401 0.129736 54.930902 9401 1
9501 0.130053 54.543311 9501 1
9601 0.132940 55.805795 9601 1
9701 0.132482 55.918955 9701 1
9801 0.137175 57.070609 9801 1
9901 0.137772 58.639181 9901 1
10001 0.136372 59.182490 10001 1
