1 0.034000 1.000000 1 1
101 0.058416 18.575267 101 1
201 0.091463 33.125095 201 1
301 0.142585 49.902924 300 1
401 0.147751 64.075845 400 1
501 0.172120 77.578220 496 1
601 0.210526 97.637574 598 1
701 0.249013 112.125646 698 1
801 0.265600 126.754275 799 1
901 0.302411 145.203689 898 1
1001 0.348581 165.504196 981 1
1101 0.366605 183.031172 1100 1
1201 0.384638 185.292530 1198 1
1301 0.414667 208.270618 1300 1
1401 0.469011 233.117840 1400 1
1501 0.472059 232.675738 1500 1
1601 0.535132 268.172926 1587 1
1701 0.534288 267.137479 1698 1
1801 0.569483 287.681780 1799 1
1901 0.604064 305.739639 1898 1
2001 0.630223 316.354271 1969 1
2101 0.661654 332.469583 2100 1
2201 0.712114 361.035560 2201 1
2301 0.758073 383.148493 2294 1
2401 0.766136 381.946724 2398 1
2501 0.846808 422.881694 2484 1
2601 0.858166 423.765865 2601 1
2701 0.935333 452.878538 2701 1
2801 0.910434 454.233874 2800 1
2901 0.983820 486.125332 2898 1
3001 0.979340 477.777209 2999 1
3101 0.989700 489.648094 3087 1
3201 1.085290 533.531556 3192 1
3301 1.035277 514.224733 3285 1
3401 1.096583 535.012487 3400 1
3501 1.166399 564.321233 3501 1
3601 1.135428 563.078465 3584 1
3701 1.188892 597.616549 3696 1
3801 1.235847 623.899090 3799 1
3901 1.214030 620.285260 3900 1
4001 1.214073 619.776374 3987 1
4101 1.288715 658.526297 4088 1
4201 1.364549 689.223219 4197 1
4301 1.408764 712.126329 4297 1
4401 1.440300 728.334076 4358 1
4501 1.366956 701.483215 4475 1
4601 1.513968 776.603611 4595 1
4701 1.520146 773.596037 4672 1
4801 1.408295 705.658321 4798 1
4901 1.575599 782.845860 4891 1
5001 1.548424 765.270557 4921 1
5101 1.677742 828.809079 5063 1
5201 1.729672 856.351963 5189 1
5301 1.784758 882.104537 5300 1
5401 1.760440 871.942847 5398 1
5501 1.851068 905.445513 5494 1
5601 1.785099 873.702325 5588 1
5701 1.802736 893.526341 5682 1
5801 1.973917 979.938144 5789 1
5901 1.856514 939.600224 5894 1
6001 1.960224 993.235983 5988 1
6101 1.982011 999.635401 6062 1
6201 2.036246 1009.877767 6191 1
6301 2.062469 1017.586347 6275 1
6401 2.093157 1016.669963 6387 1
6501 2.147418 1015.308183 6494 1
6601 2.240278 1091.210220 6589 1
6701 2.077798 1003.628604 6693 1
6801 2.250387 1090.792234 6791 1
6901 2.231253 1093.814673 6883 1
7001 2.221157 1099.331930 6984 1
7101 2.429150 1202.390934 7066 1
7201 2.382375 1122.380126 7187 1
7301 2.392817 1121.078207 7264 1
7401 2.368526 1197.459259 7384 1
7501 2.358890 1206.514272 7491 1
7601 2.382760 1221.368403 7587 1
7701 2.418182 1241.453009 7700 1
7801 2.418403 1239.645771 7772 1
7901 2.525642 1247.875445 7889 1
8001 2.543244 1287.144824 7951 1
8101 2.523391 1333.025665 8095 1
8201 2.511328 1302.376867 8196 1
8301 2.614618 1352.199894 8280 1
8401 2.481114 1281.698215 8386 1
8501 2.532793 1351.398091 8468 1
8601 2.630772 1399.866066 8600 1
8701 2.599983 1378.420611 8689 1
8801 2.794509 1400.600988 8769 1
8901 2.684583 1392.488713 8899 1
9001 2.946725 1502.649936 8955 1
9101 2.909911 1475.780386 9097 1
9201 2.858324 1457.848282 9187 1
9301 3.040464 1558.556186 9276 1
9401 2.868382 1471.049119 9393 1
9501 3.012847 1541.335226 9486 1
9601 3.045262 1562.459091 9582 1
9701 3.059090 1570.438972 9677 1
9801 3.079678 1580.882551 9782 1
9901 3.074669 1577.583415 9870 1
10001 3.123648 1601.947380 9968 1
