1 0.018800 1.000000 1 1
101 0.030501 4.884813 101 1
201 0.031349 5.720696 201 1
301 0.031495 6.424861 301 1
401 0.033138 7.038074 401 1
501 0.033833 7.378553 501 1
601 0.036224 8.078716 601 1
701 0.036344 8.705009 701 1
801 0.036513 9.061050 801 1
901 0.039447 10.055994 901 1
1001 0.039186 10.090698 1001 1
1101 0.040344 10.904300 1101 1
1201 0.042915 11.659034 1201 1
1301 0.042562 11.780052 1301 1
1401 0.042822 12.083730 1401 1
1501 0.045702 12.951100 1501 1
1601 0.045606 13.442200 1601 1
1701 0.048168 14.227196 1701 1
1801 0.047961 14.470489 1801 1
1901 0.048977 15.093130 1901 1
2001 0.051199 16.229707 2001 1
2101 0.051190 16.155897 2101 1
2201 0.053739 16.833992 2201 1
2301 0.052986 16.762848 2301 1
2401 0.053851 17.767152 2401 1
2501 0.057268 18.682881 2501 1
2601 0.058209 19.382752 2601 1
2701 0.058783 20.035329 2701 1
2801 0.058512 20.010079 2801 1
2901 0.060219 20.793088 2901 1
3001 0.062372 21.702787 3001 1
3101 0.060678 20.939688 3101 1
3201 0.060696 21.124757 3201 1
3301 0.062842 22.046711 3301 1
3401 0.065373 23.480883 3401 1
3501 0.065375 23.575985 3501 1
3601 0.069390 25.569970 3601 1
3701 0.069828 25.690606 3701 1
3801 0.067065 24.583412 3801 1
3901 0.067736 24.964468 3901 1
4001 0.071492 26.750907 4000 1
4101 0.072416 27.127104 4101 1
4201 0.071628 26.791447 4201 1
4301 0.072844 27.458222 4301 1
4401 0.075211 28.664668 4401 1
4501 0.072780 27.305715 4501 1
4601 0.074933 28.375917 4601 1
4701 0.078403 30.127255 4701 1
4801 0.078778 30.382868 4801 1
4901 0.080104 31.128303 4901 1
5001 0.076516 29.547914 5001 1
5101 0.080924 31.593367 5101 1
5201 0.080109 31.176128 5201 1
5301 0.082141 32.279170 5301 1
5401 0.086494 34.559639 5401 1
5501 0.084955 33.841624 5501 1
5601 0.087571 34.868972 5601 1
5701 0.089858 36.126454 5701 1
5801 0.090764 36.892724 5801 1
5901 0.092131 37.215096 5900 1
6001 0.091300 36.875764 6001 1
6101 0.091064 36.815529 6101 1
6201 0.092498 37.433005 6201 1
6301 0.090694 37.435455 6301 1
6401 0.094149 40.439892 6401 1
6501 0.090592 38.450498 6501 1
6601 0.095005 40.972881 6601 1
6701 0.100057 43.539221 6701 1
6801 0.094634 40.600808 6801 1
6901 0.096621 41.534848 6901 1
7001 0.098707 42.706266 7001 1
7101 0.102199 44.666787 7101 1
7201 0.100389 43.660910 7201 1
7301 0.102648 44.794199 7301 1
7401 0.102013 44.344832 7401 1
7501 0.102934 45.048058 7501 1
7601 0.109136 48.222470 7601 1
7701 0.104302 45.823184 7701 1
7801 0.105411 45.833533 7801 1
7901 0.110453 46.398330 7901 1
8001 0.114715 49.712198 8001 1
8101 0.111490 49.557168 8101 1
8201 0.110396 47.117572 8201 1
8301 0.116971 50.317515 8301 1
8401 0.122187 50.279733 8401 1
8501 0.120937 51.475861 8501 1
8601 0.120834 52.869277 8601 1
8701 0.125269 52.501432 8701 1
8801 0.122572 53.169014 8801 1
8901 0.112307 48.929405 8900 1
9001 0.117834 51.037022 9001 1
9101 0.133652 56.163125 9101 1
9201 0.129819 54.824054 9201 1
9301 0.120569 50.647651 9301 1
9401 0.130305 57.429013 9401 1
9501 0.126413 57.660984 9501 1
9601 0.125100 56.768261 9601 1
9701 0.125327 55.030114 9701 1
9801 0.125984 53.851274 9801 1
9901 0.134479 59.601185 9901 1
10001 0.134255 58.770392 10001 1
