1 0.011000 1.000000 1 1
101 0.030624 5.455257 101 1
201 0.037388 7.200254 201 1
301 0.043017 8.451156 301 1
401 0.044571 10.333002 401 1
501 0.044880 12.153279 501 1
601 0.048240 14.000474 601 1
701 0.049800 14.615859 701 1
801 0.053854 16.871247 801 1
901 0.062159 18.401993 900 1
1001 0.067860 21.957287 1000 1
1101 0.064552 21.758239 1101 1
1201 0.066504 24.072061 1201 1
1301 0.070889 25.099373 1301 1
1401 0.068762 24.750246 1401 1
1501 0.083805 29.989927 1500 1
1601 0.088799 34.145672 1600 1
1701 0.093272 35.883746 1701 1
1801 0.090827 35.491629 1801 1
1901 0.088172 33.659120 1901 1
2001 0.104646 41.156386 2001 1
2101 0.105040 41.739772 2100 1
2201 0.109675 42.282824 2201 1
2301 0.101313 41.661938 2301 1
2401 0.112107 46.604530 2401 1
2501 0.107871 43.707342 2501 1
2601 0.126338 51.743223 2601 1
2701 0.120447 48.676622 2701 1
2801 0.124033 48.004110 2801 1
2901 0.123491 50.161951 2901 1
3001 0.145541 57.743012 3001 1
3101 0.138884 58.757147 3101 1
3201 0.127727 52.961540 3200 1
3301 0.129520 54.364627 3301 1
3401 0.161825 66.014071 3400 1
3501 0.156267 61.721877 3501 1
3601 0.174188 70.789225 3601 1
3701 0.182337 69.933961 3699 1
3801 0.167344 67.536980 3801 1
3901 0.187595 78.108774 3899 1
4001 0.169663 73.459766 4000 1
4101 0.181573 79.291836 4101 1
4201 0.171386 74.247398 4199 1
4301 0.173711 77.077217 4300 1
4401 0.179700 79.525179 4401 1
4501 0.187437 83.799950 4501 1
4601 0.195131 87.011605 4600 1
4701 0.193080 82.087633 4700 1
4801 0.195285 84.753161 4800 1
4901 0.191852 84.099128 4901 1
5001 0.174866 77.046497 5001 1
5101 0.193896 85.191998 5098 1
5201 0.198152 85.021373 5196 1
5301 0.209206 91.077448 5300 1
5401 0.217490 96.850826 5398 1
5501 0.217886 95.888407 5500 1
5601 0.230521 102.324925 5600 1
5701 0.219447 98.528546 5700 1
5801 0.226202 99.278295 5798 1
5901 0.230508 105.231578 5901 1
6001 0.240224 105.411922 6001 1
6101 0.234980 102.600509 6100 1
6201 0.263909 119.128893 6201 1
6301 0.230233 104.780368 6301 1
6401 0.262392 120.801872 6399 1
6501 0.232722 105.311938 6500 1
6601 0.236866 108.442976 6601 1
6701 0.266640 118.040008 6700 1
6801 0.225070 103.055393 6800 1
6901 0.237558 109.600937 6901 1
7001 0.266157 121.679838 7001 1
7101 0.273303 125.982474 7101 1
7201 0.216139 97.872920 7201 1
7301 0.301684 140.204988 7301 1
7401 0.281366 130.964535 7400 1
7501 0.264282 121.419560 7501 1
7601 0.276009 127.399380 7599 1
7701 0.320936 145.572292 7700 1
7801 0.308329 131.389690 7799 1
7901 0.318584 140.055645 7898 1
8001 0.303861 129.747514 7998 1
8101 0.312865 131.861028 8101 1
8201 0.308170 142.717463 8201 1
8301 0.337293 155.913614 8288 1
8401 0.312903 151.256159 8401 1
8501 0.321633 156.133121 8501 1
8601 0.299240 143.768373 8600 1
8701 0.326646 159.507285 8700 1
8801 0.348501 169.672183 8801 1
8901 0.308068 148.507024 8901 1
9001 0.312930 151.924724 8999 1
9101 0.340126 164.998621 9099 1
9201 0.337545 164.937651 9197 1
9301 0.357871 175.420704 9299 1
9401 0.288109 138.729490 9399 1
9501 0.347573 169.593367 9501 1
9601 0.310501 150.208275 9600 1
9701 0.352693 172.464350 9701 1
9801 0.399804 197.239539 9800 1
9901 0.339268 151.503657 9901 1
10001 0.367730 174.235321 10000 1
