1 0.040400 1.000000 1 1
101 0.061798 17.977065 100 1
201 0.095467 34.154662 199 1
301 0.125450 49.782616 297 1
401 0.155013 65.554851 400 1
501 0.193636 82.605291 499 1
601 0.220340 96.731467 599 1
701 0.257609 113.670692 696 1
801 0.296282 130.102152 789 1
901 0.316052 144.072780 892 1
1001 0.368817 164.841820 988 1
1101 0.408256 179.741594 1084 1
1201 0.427573 193.919728 1193 1
1301 0.467758 210.714008 1299 1
1401 0.492111 225.748010 1392 1
1501 0.535440 241.194404 1498 1
1601 0.571230 255.479357 1592 1
1701 0.595369 273.329413 1680 1
1801 0.616997 287.252857 1787 1
1901 0.659876 304.252819 1893 1
2001 0.700481 322.921232 1987 1
2101 0.753839 343.513451 2098 1
2201 0.775622 353.956649 2197 1
2301 0.800917 372.286652 2300 1
2401 0.838595 385.780614 2395 1
2501 0.872197 403.485860 2497 1
2601 0.903592 417.525782 2598 1
2701 0.954326 442.055119 2679 1
2801 0.974385 447.315034 2797 1
2901 1.013908 470.784669 2891 1
3001 1.050379 486.062439 3001 1
3101 1.093112 500.892456 3097 1
3201 1.101822 514.301094 3200 1
3301 1.142441 532.832529 3297 1
3401 1.176529 543.470182 3392 1
3501 1.208422 564.263118 3489 1
3601 1.241692 577.866392 3570 1
3701 1.255755 585.840438 3695 1
3801 1.316914 616.750289 3801 1
3901 1.328447 623.091697 3860 1
4001 1.358842 638.273647 3997 1
4101 1.416548 660.911464 4097 1
4201 1.474187 674.018132 4199 1
4301 1.510891 691.412755 4299 1
4401 1.494744 701.646007 4394 1
4501 1.540632 726.656280 4471 1
4601 1.585793 745.893444 4591 1
4701 1.607070 757.141906 4683 1
4801 1.639079 772.435322 4800 1
4901 1.686264 796.050107 4900 1
5001 1.705343 802.019339 4998 1
5101 2.137232 821.012459 5100 1
5201 1.804890 829.358043 5197 1
5301 1.858586 859.583119 5298 1
5401 1.843734 868.345513 5373 1
5501 1.888101 887.018088 5492 1
5601 1.908085 893.665694 5584 1
5701 1.949868 910.554558 5684 1
5801 1.990622 937.551911 5795 1
5901 2.024846 962.291993 5884 1
6001 2.009931 956.919423 5973 1
6101 2.036907 972.192119 6095 1
6201 2.123440 1008.496784 6200 1
6301 2.147636 1024.433887 6294 1
6401 2.176385 1035.798078 6390 1
6501 2.198430 1047.863149 6499 1
6601 2.246986 1058.183980 6596 1
6701 2.290098 1089.811744 6693 1
6801 2.293849 1090.832247 6796 1
6901 2.330208 1110.455021 6869 1
7001 2.406463 1142.863433 6998 1
7101 2.366373 1123.147498 7101 1
7201 2.477285 1177.373937 7179 1
7301 2.502414 1193.630230 7283 1
7401 2.522439 1200.375930 7384 1
7501 2.503297 1193.550671 7448 1
7601 2.572520 1224.803182 7594 1
7701 2.605696 1240.782267 7696 1
7801 2.632234 1253.382709 7796 1
7901 2.683556 1273.476215 7888 1
8001 2.691832 1281.711448 7999 1
8101 2.753093 1305.592141 8087 1
8201 2.886090 1317.666021 8194 1
8301 2.859925 1330.190262 8285 1
8401 2.882211 1336.083253 8388 1
8501 2.990701 1362.417428 8489 1
8601 2.980424 1392.648975 8528 1
8701 2.926021 1386.908014 8695 1
8801 2.969720 1407.224068 8795 1
8901 3.057896 1456.683938 8882 1
9001 3.035780 1456.275884 8959 1
9101 3.059191 1456.575878 9074 1
9201 2.995433 1466.358692 9195 1
9301 3.061366 1516.808488 9284 1
9401 2.977091 1489.843895 9396 1
9501 3.075491 1541.062140 9476 1
9601 3.123316 1552.574421 9584 1
9701 3.165137 1566.839007 9697 1
9801 3.165286 1576.544480 9798 1
9901 3.264101 1595.804573 9896 1
10001 3.195703 1598.080748 10000 1
