1 0.013090 1.000000 1 1
2 0.013805 1.279505 2 1
3 0.017493 1.565917 3 1
4 0.018933 1.807805 4 1
5 0.021498 1.996484 5 1
6 0.022038 2.162753 6 1
7 0.022349 2.302017 7 1
8 0.023075 2.433073 8 1
9 0.023569 2.550181 9 1
10 0.023510 2.653478 10 1
11 0.023765 2.761577 11 1
12 0.023721 2.849368 12 1
13 0.024203 2.938997 13 1
14 0.023951 3.020896 14 1
15 0.024756 3.103020 15 1
16 0.024465 3.184187 16 1
17 0.024468 3.255134 17 1
18 0.026057 3.333084 18 1
19 0.025457 3.406202 19 1
20 0.028639 3.474588 20 1
21 0.034188 3.543428 21 1
22 0.034543 3.611528 22 1
23 0.031299 3.675413 23 1
24 0.026306 3.741757 24 1
25 0.025878 3.803003 25 1
26 0.026159 3.866722 26 1
27 0.026256 3.931537 27 1
28 0.026387 3.996499 28 1
29 0.026243 4.051822 29 1
30 0.027211 4.121271 30 1
31 0.026861 4.177775 31 1
32 0.026918 4.250003 32 1
33 0.026921 4.298325 33 1
34 0.027123 4.353896 34 1
35 0.027177 4.415104 35 1
36 0.027297 4.466868 36 1
37 0.027451 4.531475 37 1
38 0.033668 4.587491 38 1
39 0.037367 4.647521 39 1
40 0.037456 4.706544 40 1
41 0.037388 4.763958 41 1
42 0.037598 4.814903 42 1
43 0.037981 4.873231 43 1
44 0.037721 4.923651 44 1
45 0.037621 4.989253 45 1
46 0.028121 5.056389 46 1
47 0.028693 5.096296 47 1
48 0.029323 5.156474 48 1
49 0.028835 5.203504 49 1
50 0.029061 5.271448 50 1
51 0.029127 5.321649 51 1
52 0.029596 5.384921 52 1
53 0.030441 5.432376 53 1
54 0.029120 5.485037 54 1
55 0.028463 5.541046 55 1
56 0.029242 5.589400 56 1
57 0.028860 5.665607 57 1
58 0.029579 5.695979 58 1
59 0.029162 5.764152 59 1
60 0.029762 5.828527 60 1
61 0.029549 5.840192 61 1
62 0.030006 5.919012 62 1
63 0.040074 5.975868 63 1
64 0.040223 6.061253 64 1
65 0.038675 6.093619 65 1
66 0.038532 6.150486 66 1
67 0.038764 6.210435 67 1
68 0.033146 6.245121 68 1
69 0.030631 6.316260 69 1
70 0.030181 6.362093 70 1
71 0.030454 6.419531 71 1
72 0.030973 6.460277 72 1
73 0.030726 6.532382 73 1
74 0.031219 6.567518 74 1
75 0.035005 6.623213 75 1
76 0.031164 6.703547 76 1
77 0.031054 6.733279 77 1
78 0.031059 6.807831 78 1
79 0.031728 6.857737 79 1
80 0.030995 6.886235 80 1
81 0.030809 6.939060 81 1
82 0.032046 7.013973 82 1
83 0.031794 7.061996 83 1
84 0.031866 7.119138 84 1
85 0.032461 7.195471 85 1
86 0.031786 7.224299 86 1
87 0.032001 7.304282 87 1
88 0.032708 7.317780 88 1
89 0.032189 7.402728 89 1
90 0.032438 7.473899 90 1
91 0.032984 7.503571 91 1
92 0.032463 7.545022 92 1
93 0.032756 7.586937 93 1
94 0.032876 7.653815 94 1
95 0.032598 7.689159 95 1
96 0.033011 7.731853 96 1
97 0.032994 7.832143 97 1
98 0.040700 7.879254 98 1
99 0.041736 7.944434 99 1
100 0.033408 7.996256 100 1
101 0.033647 8.015465 101 1
