1 0.050000 1.000000 1 1
1001 0.378382 165.810100 997 1
2001 0.779760 352.345312 2000 1
3001 1.038207 476.395718 2995 1
4001 1.419595 630.398525 4001 1
5001 1.897085 915.361712 4997 1
6001 1.873691 904.434736 5962 1
7001 2.683212 1283.821953 6974 1
8001 2.779450 1347.760949 7935 1
9001 2.855116 1359.306931 8935 1
10001 3.622718 1684.181419 9968 1
11001 3.909087 1859.942908 10954 1
12001 3.904751 1855.062200 11987 1
13001 4.369675 2031.663729 12998 1
14001 4.199783 2013.295682 13999 1
15001 5.253750 2470.011237 14986 1
16001 5.569713 2568.677071 15954 1
17001 5.375097 2438.087602 16985 1
18001 6.009511 2812.126143 17983 1
19001 6.965061 3132.446017 18935 1
20001 6.506628 3098.220803 19998 1
21001 6.734539 3266.714835 20996 1
22001 6.666298 3196.756809 22000 1
23001 7.943751 3838.802893 22989 1
24001 7.965281 3802.565351 23995 1
25001 8.955262 4041.679453 24955 1
26001 8.879680 4086.346679 25997 1
27001 9.234225 4269.548927 26986 1
28001 9.211504 4243.916586 27945 1
29001 10.609561 4884.518543 28928 1
30001 10.777203 5021.034891 29981 1
31001 10.425764 4872.956737 30913 1
32001 11.819262 5537.861141 31985 1
33001 11.587029 5416.907399 32990 1
34001 11.194687 5254.193479 33899 1
35001 11.979831 5641.737515 34894 1
36001 11.455716 5357.247334 35981 1
37001 13.242252 6189.928640 36985 1
38001 13.851981 6578.140012 37996 1
39001 13.076857 6166.283228 38982 1
40001 13.846717 6510.336735 39992 1
41001 13.180270 6186.855927 40932 1
42001 13.552712 6501.955999 41971 1
43001 12.219385 5766.766528 42992 1
44001 14.996469 7046.860686 43984 1
45001 15.971135 7485.136923 44998 1
46001 15.542069 7211.211907 45968 1
47001 16.364820 7668.419587 46978 1
48001 18.228632 8482.221573 47991 1
49001 14.170573 6787.685724 48982 1
50001 17.312161 8119.281877 49847 1
51001 16.845840 7893.371225 50976 1
52001 17.853099 8447.123637 51975 1
53001 19.212761 9087.264425 52882 1
54001 20.797052 9800.533285 53995 1
55001 19.227833 9006.714212 54931 1
56001 17.588050 8207.177389 55976 1
57001 22.001669 10455.239303 56997 1
58001 19.075796 9021.930536 57980 1
59001 20.694834 10037.099036 58982 1
60001 22.045246 10770.600597 59990 1
61001 16.482403 8053.495843 60969 1
62001 20.423289 9988.655300 61995 1
63001 18.135066 8801.326833 62915 1
64001 20.380651 9736.766946 63975 1
65001 21.332186 10162.359158 64993 1
66001 21.095221 9998.690631 65985 1
67001 22.683370 10653.911461 66994 1
68001 24.785159 11779.593846 67937 1
69001 23.229717 11008.592403 68995 1
70001 19.056436 9079.356991 69947 1
71001 24.259817 11470.288616 70991 1
72001 25.373541 11959.729019 71929 1
73001 24.454190 11609.159244 72999 1
74001 21.968932 10489.962111 73809 1
75001 28.697924 13770.446607 74977 1
76001 24.417055 11498.766485 75979 1
77001 25.284691 12127.742697 76986 1
78001 25.028923 12082.933325 77978 1
79001 26.368868 12827.319058 78940 1
80001 24.458727 12077.757293 79996 1
81001 27.892679 13611.652497 80932 1
82001 26.129176 12672.503231 81997 1
83001 27.394495 13357.809597 82991 1
84001 30.812224 15076.204411 83899 1
85001 29.840086 14839.638430 84984 1
86001 27.817229 14318.802664 85993 1
87001 25.264082 13801.221071 86986 1
88001 27.326317 14783.647592 87950 1
89001 26.457837 14406.390502 88849 1
90001 24.739258 13538.491892 89980 1
91001 25.716633 14013.771403 90986 1
92001 24.864621 13545.268556 91984 1
93001 27.511242 15011.038920 92991 1
94001 28.130426 15319.047613 93996 1
95001 27.148901 14788.360093 94948 1
96001 27.663182 15112.690444 95886 1
97001 27.736916 15260.900008 96948 1
98001 27.927244 15370.904128 97977 1
99001 28.599934 15682.214372 98882 1
100001 29.732998 16336.504336 99985 1
