1 0.020000 1.000000 1 1
1001 0.026703 6.972827 989 1
2001 0.031944 7.769620 1988 1
3001 0.031476 8.169717 2997 1
4001 0.030987 8.249553 3932 1
5001 0.030954 8.428472 4932 1
6001 0.031601 8.607060 5893 1
7001 0.031520 8.783465 6854 1
8001 0.030854 8.889465 7992 1
9001 0.031731 9.209974 8941 1
10001 0.036139 9.134026 9914 1
11001 0.031855 9.202930 10762 1
12001 0.032103 9.304955 11519 1
13001 0.032368 9.652014 12974 1
14001 0.031701 9.516923 13969 1
15001 0.031375 9.463662 14758 1
16001 0.031891 9.640415 15927 1
17001 0.032208 9.632849 16952 1
18001 0.033982 9.815164 17928 1
19001 0.033916 9.831769 18856 1
20001 0.033881 9.843483 19821 1
21001 0.032405 9.952758 20708 1
22001 0.033110 9.934193 21964 1
23001 0.034426 9.923824 22375 1
24001 0.032320 9.995946 23599 1
25001 0.032400 10.034200 24843 1
26001 0.033023 10.276583 25547 1
27001 0.033306 10.274539 26926 1
28001 0.032557 10.026523 27754 1
29001 0.034674 10.332486 28643 1
30001 0.033846 10.306355 29909 1
31001 0.034104 10.380391 30757 1
32001 0.034009 10.346788 31994 1
33001 0.032910 10.222373 32892 1
34001 0.033028 10.290839 33512 1
35001 0.032755 10.422951 34535 1
36001 0.034728 10.467569 35547 1
37001 0.035513 10.527592 36892 1
38001 0.034766 10.605653 37539 1
39001 0.033948 10.396525 38899 1
40001 0.034347 10.553439 38782 1
41001 0.034734 10.935875 40754 1
42001 0.034885 10.618795 41001 1
43001 0.035161 10.475231 42277 1
44001 0.035092 10.691495 43754 1
45001 0.034210 10.767696 45000 1
46001 0.034323 10.665764 45091 1
47001 0.034639 10.871140 46703 1
48001 0.035316 10.559426 47555 1
49001 0.035036 10.796295 47874 1
50001 0.034589 10.882869 49301 1
51001 0.034123 10.709529 50839 1
52001 0.035174 10.889606 51860 1
53001 0.035547 10.829158 52015 1
54001 0.034827 10.679870 53717 1
55001 0.033287 10.896966 54238 1
56001 0.033304 10.946121 55818 1
57001 0.036378 10.957267 56822 1
58001 0.034625 10.923783 57519 1
59001 0.034937 10.925283 58453 1
60001 0.034079 11.001616 59896 1
61001 0.035888 10.897095 60535 1
62001 0.034264 10.967322 60671 1
63001 0.034631 10.955771 61945 1
64001 0.034239 11.105700 63849 1
65001 0.034813 10.891606 64873 1
66001 0.034779 10.852346 65906 1
67001 0.035831 11.231039 66965 1
68001 0.036585 11.281458 67833 1
69001 0.034921 11.227651 68890 1
70001 0.035509 11.108089 69935 1
71001 0.036123 11.245897 70672 1
72001 0.035698 11.117496 71885 1
73001 0.035786 11.182521 72425 1
74001 0.035254 11.358959 73434 1
75001 0.036067 11.241841 74899 1
76001 0.035730 11.255411 75324 1
77001 0.034967 11.234136 76184 1
78001 0.035918 11.235466 77564 1
79001 0.036211 11.305099 77886 1
80001 0.035142 11.237883 78218 1
81001 0.035777 11.203497 80806 1
82001 0.036202 11.435752 81867 1
83001 0.035807 11.264814 82627 1
84001 0.036055 11.342133 83589 1
85001 0.036070 11.353907 84643 1
86001 0.037067 11.315214 85781 1
87001 0.035657 11.395444 86167 1
88001 0.035462 11.313908 87481 1
89001 0.036293 11.185059 88426 1
90001 0.035553 11.255348 89127 1
91001 0.035566 11.406036 88209 1
92001 0.035588 11.348195 91695 1
93001 0.035772 11.503700 92724 1
94001 0.036330 11.401755 93514 1
95001 0.035851 11.468029 94716 1
96001 0.035840 11.247567 90652 1
97001 0.035506 11.424942 95909 1
98001 0.035444 11.259855 96361 1
99001 0.036556 11.475721 98628 1
100001 0.036118 11.423436 97877 1
