1 0.090000 1.000000 1 1
2 0.080000 1.495000 2 2
3 0.083333 2.013333 1 1
4 0.052500 2.460000 2 2
5 0.065000 2.862000 4 2
6 0.038333 3.446667 4 1
7 0.041429 3.975714 4 2
8 0.046250 4.278750 8 2
9 0.078889 5.025556 8 1
10 0.074000 5.491000 7 3
11 0.077273 6.336364 11 1
12 0.101667 6.680000 11 2
13 0.060769 7.011538 11 5
14 0.062857 7.471429 12 3
15 0.064000 8.180000 11 1
16 0.057500 8.968125 15 1
17 0.045294 9.100000 17 4
18 0.059444 9.767778 18 1
19 0.058421 9.973158 19 6
20 0.081500 9.923500 18 1
21 0.080476 11.050952 19 1
22 0.075000 11.470455 18 7
23 0.104348 11.735652 23 2
24 0.048750 12.504167 14 2
25 0.050400 13.008800 24 4
26 0.052308 13.510000 26 11
27 0.054074 14.426667 24 3
28 0.053214 14.118214 23 4
29 0.053793 15.029310 26 4
30 0.059000 15.879667 30 2
31 0.055161 15.765806 31 3
32 0.055625 16.633750 26 1
33 0.053333 16.166667 32 3
34 0.072941 17.734412 28 6
35 0.058286 18.279714 35 1
36 0.060556 17.795556 36 13
37 0.060811 19.029730 32 3
38 0.062895 19.615789 31 7
39 0.064359 21.074359 39 4
40 0.065500 20.791500 40 3
41 0.068293 21.448293 40 10
42 0.065714 21.056429 37 4
43 0.069070 22.570930 41 3
44 0.066818 22.615909 43 3
45 0.065556 22.174000 42 3
46 0.070435 23.986739 46 2
47 0.068936 23.743404 47 5
48 0.074375 25.913125 47 2
49 0.072857 24.846531 49 7
50 0.070600 25.613600 48 3
51 0.073922 25.830392 49 1
52 0.075962 26.332885 42 5
53 0.077925 27.546981 52 3
54 0.075741 27.292222 52 3
55 0.080727 27.222000 55 4
56 0.078750 27.345714 49 8
57 0.079649 29.457018 55 6
58 0.083793 30.370345 56 6
59 0.084237 30.417458 58 1
60 0.089667 30.410667 57 6
61 0.087213 30.843607 61 1
62 0.089839 31.199516 62 2
63 0.087778 32.091270 62 5
64 0.084531 31.675313 63 8
65 0.085692 31.948923 55 4
66 0.097879 34.465606 59 2
67 0.086866 33.001493 67 3
68 0.092500 34.691618 68 3
69 0.093043 35.830000 67 5
70 0.091857 34.651857 66 5
71 0.091690 35.228169 59 15
72 0.094028 36.268194 72 4
73 0.094247 35.988219 70 2
74 0.098649 38.313108 69 2
75 0.093467 36.027067 65 2
76 0.101447 39.761711 74 3
77 0.109481 40.235844 71 3
78 0.117436 39.580256 67 5
79 0.118861 38.598987 64 4
80 0.134625 41.731125 77 2
81 0.147407 42.278642 71 3
82 0.124756 41.936341 80 1
83 0.110602 39.498795 76 1
84 0.127619 42.430952 76 1
85 0.160118 43.712824 83 1
86 0.151047 44.179767 69 5
87 0.129425 42.516322 85 4
88 0.127727 46.507273 71 8
89 0.127753 46.817528 87 4
90 0.137556 43.344556 84 2
91 0.140440 46.948242 87 10
92 0.133696 46.472174 89 5
93 0.126237 45.589355 90 4
94 0.134362 48.175957 90 3
95 0.128632 47.745368 93 4
96 0.151979 47.516042 89 29
97 0.144330 46.484948 86 16
98 0.144592 48.111020 94 2
99 0.164848 50.254949 97 13
100 0.144100 51.207800 99 2
101 0.143663 51.563465 101 5
