1 1.000000 1.000000 1 1
1001 1.060939 374.211788 991 14
2001 1.640180 910.170915 1992 4
3001 2.205265 1222.067644 2988 68
4001 4.588353 2471.143714 3913 48
5001 3.275145 1720.857029 4990 40
6001 6.720880 3334.925679 5989 23
7001 9.950436 5268.306242 6990 15
8001 7.969129 4104.353956 7999 8
9001 10.940673 5816.549050 8963 201
10001 13.790621 7372.325267 9956 24
11001 9.931824 5163.256613 10974 128
12001 10.865595 5331.733272 11970 1
13001 13.963926 7581.420583 12915 2
14001 10.794229 6060.650025 13915 42
15001 13.509366 6467.854743 14846 82
16001 15.216674 7971.447472 15982 124
17001 16.231928 8486.733898 16981 80
18001 12.095050 6414.486140 17994 173
19001 11.337245 6019.070154 18685 53
20001 23.014849 12855.100495 19908 43
21001 15.637922 8761.644207 20953 93
22001 26.128676 14135.964638 21913 66
23001 16.898526 9616.615278 22965 74
24001 14.206491 7672.378609 23946 66
25001 23.906204 13427.256630 24997 43
26001 14.854506 8032.848506 25985 183
27001 18.029888 10221.467390 26888 59
28001 17.779008 9657.434877 28001 65
29001 14.705424 8223.816317 28701 154
30001 22.815839 12394.118496 29917 116
31001 37.798813 20839.904616 30933 278
32001 23.162870 12372.661604 31782 108
33001 20.688828 11507.340778 32589 20
34001 40.911326 20744.613247 33734 194
35001 36.251221 19177.321734 34993 93
36001 34.876309 19087.029471 35958 14
37001 24.797060 12598.158320 36994 153
38001 51.515829 27087.432489 37804 80
39001 49.229302 25358.592985 38987 31
40001 45.381290 24433.950776 39940 333
41001 25.319919 12727.007902 40850 222
42001 34.449013 17662.503059 41913 159
43001 57.626288 29681.894514 42986 65
44001 32.625895 17572.779414 43984 11
45001 29.747628 16204.467301 44777 116
46001 66.632030 34998.911958 45892 58
47001 65.751197 35031.576158 46946 52
48001 39.294661 20380.707548 47906 102
49001 55.226934 29865.856146 48994 48
50001 31.333713 16820.486530 49584 75
51001 47.133095 24890.915845 50939 20
52001 41.758332 22690.455395 51904 34
53001 70.107149 38204.246939 52561 130
54001 37.132461 20265.204033 53916 10
55001 61.106253 33352.944419 54978 417
56001 54.327208 29828.609578 55821 29
57001 76.737829 41683.022526 56894 33
58001 80.456337 42097.741401 57877 498
59001 66.199827 33584.765479 58821 212
60001 56.268679 29331.227030 59970 97
61001 77.807544 42088.870609 60923 148
62001 58.059612 32274.134208 61952 98
63001 40.318947 22206.798638 62785 72
64001 69.219512 38452.632896 63900 128
65001 78.321226 43183.224166 64994 679
66001 48.122013 26383.634899 65988 23
67001 87.377994 47365.521365 66976 218
68001 60.055940 32964.054529 67892 167
69001 70.907494 38962.739917 68838 183
70001 74.016814 40375.862988 69850 179
71001 66.893579 35952.560119 70921 64
72001 77.945431 42147.976528 71942 55
73001 39.783222 21345.523760 72978 37
74001 41.457980 22215.749976 73952 20
75001 74.949747 39902.549846 74924 92
76001 78.600729 42629.803687 75885 24
77001 71.304295 38794.564421 76777 70
78001 101.240035 54151.900117 77976 312
79001 51.199694 26488.257997 78966 295
80001 100.520068 53707.475757 79692 52
81001 72.125418 37414.712843 80962 133
82001 93.870953 48607.989146 81943 1
83001 91.376935 47429.113023 82943 78
84001 75.608743 38964.679087 83969 87
85001 55.882319 28412.887378 84525 142
86001 67.696759 35331.691341 85921 401
87001 112.287319 59475.753474 86626 11
88001 57.991796 30322.899763 87989 68
89001 88.131324 46861.192402 88958 148
90001 57.642093 30523.530839 89982 35
91001 62.675289 31989.582664 90898 164
92001 93.936925 49650.136281 91776 243
93001 88.589918 46430.039634 92946 8
94001 96.887959 51037.851842 93914 49
95001 119.516426 62742.296250 94764 217
96001 114.485985 62403.908678 95979 268
97001 105.391130 57037.585582 96753 111
98001 85.937541 46493.633922 97847 22
99001 112.622893 59329.997899 98910 355
100001 98.647944 54181.747883 99838 131
