1 0.011260 1.000000 1 1
101 0.031957 5.355169 101 1
201 0.036717 7.197023 201 1
301 0.037506 8.769617 301 1
401 0.040731 10.567553 401 1
501 0.044222 12.184056 501 1
601 0.047637 13.870964 601 1
701 0.053978 15.692453 701 1
801 0.055042 17.586776 801 1
901 0.059674 19.129383 901 1
1001 0.061656 20.596372 1001 1
1101 0.067215 22.315408 1101 1
1201 0.071215 24.251822 1201 1
1301 0.074412 25.564213 1301 1
1401 0.078911 27.632854 1401 1
1501 0.084224 29.211423 1501 1
1601 0.087724 30.979740 1601 1
1701 0.092397 32.691395 1701 1
1801 0.093926 34.006046 1801 1
1901 0.097551 35.506648 1900 1
2001 0.104171 38.087817 2001 1
2101 0.105450 38.953020 2101 1
2201 0.110056 41.286132 2201 1
2301 0.113159 42.400944 2301 1
2401 0.116549 44.054234 2400 1
2501 0.122299 46.492340 2501 1
2601 0.124247 47.575818 2601 1
2701 0.127719 49.551581 2701 1
2801 0.132900 50.946252 2801 1
2901 0.132989 52.163140 2901 1
3001 0.136833 53.982835 3001 1
3101 0.141390 56.137309 3101 1
3201 0.145326 57.577301 3201 1
3301 0.147872 59.088719 3301 1
3401 0.152031 61.412944 3401 1
3501 0.154622 62.268812 3500 1
3601 0.160601 65.678616 3600 1
3701 0.162227 65.511470 3701 1
3801 0.168897 67.576820 3801 1
3901 0.174373 70.079634 3901 1
4001 0.171057 70.541161 4001 1
4101 0.175614 72.755030 4101 1
4201 0.178955 74.423899 4201 1
4301 0.181603 75.461998 4300 1
4401 0.188777 78.916363 4399 1
4501 0.188542 78.965425 4500 1
4601 0.195346 82.117827 4601 1
4701 0.209560 84.401994 4701 1
4801 0.204452 84.151686 4801 1
4901 0.202849 85.510015 4901 1
5001 0.206515 87.202660 5001 1
5101 0.214856 90.707237 5101 1
5201 0.217851 91.900746 5201 1
5301 0.218407 93.141272 5301 1
5401 0.221771 95.601340 5401 1
5501 0.224072 97.253852 5498 1
5601 0.224057 97.016550 5601 1
5701 0.231736 100.590857 5701 1
5801 0.234057 101.637024 5800 1
5901 0.235141 102.374995 5901 1
6001 0.242348 105.422108 6001 1
6101 0.245464 106.417023 6101 1
6201 0.250053 109.198647 6201 1
6301 0.253057 110.851381 6301 1
6401 0.254185 110.938822 6401 1
6501 0.262750 115.131467 6500 1
6601 0.260365 113.829270 6601 1
6701 0.265137 116.749916 6699 1
6801 0.267896 117.648375 6801 1
6901 0.268503 117.927913 6899 1
7001 0.273335 120.469149 7001 1
7101 0.280769 123.816719 7100 1
7201 0.282201 124.929115 7201 1
7301 0.291787 128.704769 7301 1
7401 0.294984 130.988172 7398 1
7501 0.292756 129.339099 7501 1
7601 0.310208 132.750292 7601 1
7701 0.308506 133.273493 7699 1
7801 0.317446 136.727165 7801 1
7901 0.317676 135.633885 7901 1
8001 0.317994 138.607503 8001 1
8101 0.315035 139.499220 8100 1
8201 0.322347 142.814759 8199 1
8301 0.316361 141.694383 8299 1
8401 0.320703 144.322242 8399 1
8501 0.324739 145.300352 8500 1
8601 0.321237 147.906083 8599 1
8701 0.319549 149.015761 8701 1
8801 0.323704 152.696137 8800 1
8901 0.323543 152.773948 8900 1
9001 0.327513 153.304806 8998 1
9101 0.336580 157.233144 9100 1
9201 0.334770 157.556441 9200 1
9301 0.346055 159.946064 9301 1
9401 0.340563 161.294705 9399 1
9501 0.326407 161.876527 9501 1
9601 0.332469 165.556464 9599 1
9701 0.337853 165.579615 9701 1
9801 0.349592 168.194033 9801 1
9901 0.357974 170.600607 9900 1
10001 0.359045 172.620689 9999 1
