1 0.321000 1.000000 1 1
101 0.103218 42.617574 101 1
201 0.183642 84.024547 191 4
301 0.256382 123.488199 285 11
401 0.342930 162.833252 400 1
501 0.438673 207.604224 498 22
601 0.496840 245.407065 591 1
701 0.581057 283.944558 695 1
801 0.657092 324.749467 801 1
901 0.734506 367.410875 899 1
1001 0.811645 411.417108 988 6
1101 0.892251 448.967041 1036 1
1201 0.973684 490.801037 1201 3
1301 1.066345 539.654323 1283 1
1401 1.147231 573.929114 1367 1
1501 1.272542 618.840628 1500 1
1601 1.279160 652.498059 1547 1
1701 1.363727 696.326083 1699 3
1801 1.477830 727.399686 1799 1
1901 1.683978 791.029225 1895 13
2001 1.718492 803.531182 2001 1
2101 1.736715 853.867917 2075 1
2201 1.808245 914.562906 2172 9
2301 1.905758 935.508947 2262 1
2401 1.990317 989.326277 2338 1
2501 2.045557 1032.914733 2459 59
2601 2.100903 1069.876067 2598 1
2701 2.188702 1100.034603 2696 1
2801 2.253003 1137.512657 2775 17
2901 2.356650 1186.703038 2875 1
3001 2.503159 1212.042845 2977 9
3101 2.550991 1261.393204 3049 1
3201 2.608842 1297.528765 3135 1
3301 2.639960 1319.284001 3164 1
3401 2.741535 1403.175488 3377 1
3501 2.966412 1434.807593 3450 70
3601 2.947663 1487.558544 3533 33
3701 2.939038 1506.626990 3685 19
3801 2.990918 1541.824798 3799 1
3901 3.226763 1587.318624 3896 1
4001 3.290153 1655.223856 3992 163
4101 3.384017 1696.171367 4053 1
4201 3.487275 1742.712146 4148 1
4301 3.575918 1784.510791 4177 1
4401 3.595442 1790.171643 4374 1
4501 3.705973 1867.741798 4449 1
4601 3.707911 1880.757380 4577 1
4701 3.769585 1912.432395 4688 1
4801 3.885843 1952.441071 4801 1
4901 3.946286 1993.040504 4809 1
5001 4.049105 2029.868633 5001 22
5101 4.168172 2095.544245 5089 1
5201 4.240104 2133.875928 5194 17
5301 4.256889 2164.162164 5195 11
5401 4.259395 2204.748713 5311 1
5501 4.442014 2271.990731 5465 1
5601 4.455181 2249.239298 5590 1
5701 4.557101 2314.047321 5695 1
5801 4.868264 2393.293296 5801 1
5901 4.826861 2439.375905 5893 15
6001 4.536569 2385.569467 5916 1
6101 4.811357 2441.762889 5994 166
6201 5.007594 2534.600986 6117 1
6301 5.117464 2563.586033 6211 1
6401 5.179865 2595.758815 6253 1
6501 5.028067 2660.970420 6466 1
6601 5.142987 2654.449855 6588 1
6701 5.297879 2691.812379 6681 1
6801 5.505787 2799.957959 6627 1
6901 5.605672 2811.810730 6896 59
7001 5.596623 2885.427266 6898 1
7101 5.388576 2831.985275 7091 30
7201 5.607578 2958.460208 7131 11
7301 5.680911 2934.966749 7265 1
7401 5.751928 2976.021495 7299 1
7501 6.052909 3063.300653 7495 1
7601 5.898589 3107.491997 7601 81
7701 6.022586 3136.110597 7660 1
7801 6.166650 3177.245676 7675 1
7901 6.096189 3225.865532 7850 403
8001 6.371355 3235.567008 8001 1
8101 6.588860 3348.157203 8004 1
8201 6.700542 3400.945167 8199 1
8301 6.767051 3432.554279 8257 1
8401 6.802068 3441.469721 8390 1
8501 6.771960 3455.661285 8470 1
8601 6.975839 3461.887313 8546 1
8701 6.833482 3511.237907 8694 27
8801 6.766517 3606.908050 8796 2
8901 6.808121 3651.441600 8881 1
9001 6.898352 3701.331998 8940 11
9101 7.001862 3744.948793 9064 1
9201 7.036814 3766.938593 9091 1
9301 7.090343 3806.178504 9235 1
9401 7.190050 3855.668559 9389 1
9501 7.287143 3890.764892 9406 1
9601 7.351456 3933.107197 9586 12
9701 7.428959 3983.897412 9528 1
9801 7.439799 3992.518701 9745 1
9901 7.472978 4004.576854 9898 1
10001 7.609530 4086.760840 9968 1
