1 0.011210 1.000000 1 1
101 0.032027 4.851823 101 1
201 0.035272 5.546986 201 1
301 0.035821 5.979060 301 1
401 0.036012 6.312051 401 1
501 0.037261 6.572642 501 1
601 0.037442 6.833108 601 1
701 0.037863 7.086376 701 1
801 0.038273 7.266646 801 1
901 0.038991 7.464671 901 1
1001 0.039066 7.690729 1001 1
1101 0.039642 7.874881 1101 1
1201 0.040150 8.044213 1201 1
1301 0.040275 8.258553 1301 1
1401 0.040721 8.393532 1401 1
1501 0.040964 8.617249 1501 1
1601 0.041094 8.710043 1601 1
1701 0.042427 8.969430 1701 1
1801 0.042217 9.082655 1801 1
1901 0.043216 9.317501 1901 1
2001 0.043617 9.477431 2001 1
2101 0.043951 9.702701 2101 1
2201 0.043202 9.745570 2201 1
2301 0.044792 10.047621 2301 1
2401 0.044051 10.134712 2401 1
2501 0.046460 10.479062 2501 1
2601 0.045225 10.592497 2601 1
2701 0.047721 10.650765 2701 1
2801 0.045809 10.951458 2801 1
2901 0.046887 10.940453 2901 1
3001 0.046473 11.103892 3001 1
3101 0.047045 11.507262 3101 1
3201 0.048214 11.587253 3201 1
3301 0.048147 11.715153 3301 1
3401 0.047987 11.974402 3401 1
3501 0.049529 12.132995 3501 1
3601 0.052320 12.172297 3601 1
3701 0.050042 12.160615 3701 1
3801 0.051397 12.685730 3801 1
3901 0.049769 12.616798 3901 1
4001 0.049589 12.689815 4001 1
4101 0.050132 12.976087 4101 1
4201 0.050442 13.139209 4201 1
4301 0.051214 13.440593 4301 1
4401 0.051507 13.629311 4401 1
4501 0.051542 13.764264 4501 1
4601 0.051862 13.842754 4601 1
4701 0.052597 14.111416 4701 1
4801 0.053176 14.258957 4801 1
4901 0.052725 14.353878 4901 1
5001 0.075219 14.480811 5001 1
5101 0.056157 14.983211 5101 1
5201 0.055463 14.603376 5201 1
5301 0.055163 14.955815 5301 1
5401 0.055202 15.329734 5401 1
5501 0.056272 15.582623 5501 1
5601 0.056642 15.767293 5601 1
5701 0.056225 15.717565 5701 1
5801 0.058028 16.136943 5801 1
5901 0.057519 16.111424 5901 1
6001 0.056651 16.227189 6001 1
6101 0.057000 16.696203 6101 1
6201 0.057768 16.775514 6201 1
6301 0.057878 17.044721 6301 1
6401 0.057745 16.883883 6401 1
6501 0.058361 17.130378 6501 1
6601 0.058228 17.354437 6601 1
6701 0.057609 16.935194 6701 1
6801 0.060519 18.286378 6801 1
6901 0.059992 18.140875 6901 1
7001 0.060316 17.976512 7001 1
7101 0.059855 17.834243 7101 1
7201 0.060441 17.892543 7201 1
7301 0.060988 18.461078 7301 1
7401 0.061240 18.440281 7401 1
7501 0.062241 19.154042 7501 1
7601 0.062679 18.911941 7601 1
7701 0.063535 19.368185 7701 1
7801 0.063047 19.150861 7801 1
7901 0.063694 19.521453 7901 1
8001 0.063348 19.487447 8001 1
8101 0.063650 19.632207 8101 1
8201 0.063765 19.905416 8201 1
8301 0.065405 20.521190 8301 1
8401 0.064637 20.064092 8401 1
8501 0.065110 20.606259 8501 1
8601 0.066013 21.028708 8601 1
8701 0.065854 20.929936 8701 1
8801 0.066922 21.130544 8801 1
8901 0.066634 21.359305 8901 1
9001 0.066992 21.177846 9001 1
9101 0.068162 21.700736 9101 1
9201 0.068971 21.797352 9201 1
9301 0.068179 21.953902 9301 1
9401 0.067369 21.272134 9401 1
9501 0.072494 22.185312 9501 1
9601 0.071626 22.417747 9601 1
9701 0.071527 22.703844 9701 1
9801 0.073276 23.126686 9801 1
9901 0.072334 22.730901 9901 1
10001 0.073543 22.637595 10001 1
