1 0.007000 0.000000 0 0
1001 106.789000 8716.876000 8761 8663
2001 222.270000 19423.541000 19505 19328
3001 364.333000 30931.955000 31033 30802
4001 479.003000 42834.369000 42950 42729
5001 632.915000 55238.769000 55371 55106
6001 751.779000 67852.814000 67998 67719
7001 877.027000 80695.718000 80846 80552
8001 999.227000 93657.553000 93819 93489
9001 1180.989000 106990.561000 107184 106821
10001 1349.459000 120460.795000 120670 120224
11001 1489.285000 134044.451000 134241 133841
12001 1595.172000 147689.910000 147891 147446
13001 1777.559000 161491.279000 161689 161259
14001 1887.646000 175370.573000 175580 175160
15001 2045.590000 189318.098000 189531 189043
16001 2121.992000 203301.340000 203549 203014
17001 2408.888000 217549.883000 217794 217308
18001 2499.995000 231964.959000 232258 231759
19001 2718.270000 246428.643000 246680 246169
20001 2849.672000 260912.978000 261197 260607
21001 3000.914000 275458.932000 275705 275209
22001 3110.970000 290073.421000 290376 289807
23001 3283.279000 304712.188000 304987 304400
24001 3471.008000 319362.572000 319739 319028
25001 3602.457000 334103.142000 334441 333794
26001 3783.419000 348960.821000 349292 348657
27001 3936.652000 363833.587000 364133 363544
28001 4022.642000 378723.543000 379039 378399
29001 4142.473000 393650.996000 393981 393355
30001 4286.836000 408613.320000 408988 408315
31001 4493.718000 423588.298000 423908 423295
32001 4644.443000 438584.972000 438944 438259
33001 4836.123000 453676.541000 454057 453331
34001 4968.474000 469081.565000 469465 468679
35001 5123.272000 484493.690000 484868 484128
36001 5358.647000 499918.425000 500290 499536
37001 5651.072000 515367.882000 515757 515055
38001 5664.685000 530839.150000 531182 530402
39001 5992.128000 546317.919000 546653 545935
40001 6182.015000 561809.179000 562265 561450
41001 6331.150000 577317.815000 577677 576886
42001 6367.071000 592913.696000 593250 592413
43001 6606.140000 608514.402000 608969 608142
44001 6689.443000 624125.232000 624532 623704
45001 6832.014000 639749.682000 640306 639320
46001 6935.590000 655392.769000 655856 655011
47001 7126.129000 671051.452000 671403 670656
48001 7155.124000 686708.171000 687111 686265
49001 7327.756000 702374.346000 702863 701939
50001 7636.448000 718201.079000 718652 717824
51001 7671.550000 734057.671000 734505 733672
52001 8053.056000 749910.883000 750312 749457
53001 8066.297000 765768.898000 766190 765387
54001 8068.597000 781653.658000 782132 781272
55001 8465.178000 797551.276000 797961 797040
56001 8282.321000 813433.171000 813894 812852
57001 8783.474000 829336.063000 829740 828851
58001 8669.479000 845280.176000 845675 844745
59001 8689.795000 861247.613000 861677 860797
60001 9147.700000 877206.597000 877612 876757
61001 9140.268000 893182.590000 893572 892763
62001 9342.701000 909157.432000 909786 908679
63001 9390.908000 925147.836000 925579 924676
64001 9635.119000 941147.275000 941606 940747
65001 9562.211000 957145.161000 957583 956735
66001 10050.248000 973335.091000 973869 972892
67001 9976.447000 989743.139000 990207 989250
68001 10169.226000 1006146.682000 1006554 1005593
69001 10356.205000 1022549.313000 1023226 1022081
70001 10426.315000 1038970.197000 1039506 1038456
71001 10631.445000 1055395.634000 1055912 1054828
72001 10923.514000 1071823.377000 1072318 1071259
73001 11495.755000 1088266.975000 1088813 1087844
74001 11526.867000 1104702.096000 1105191 1104178
75001 11732.163000 1121179.692000 1121825 1120618
76001 11827.294000 1137658.346000 1138164 1137187
77001 12162.287000 1154136.655000 1154655 1153614
78001 13101.651000 1170615.008000 1171165 1170101
79001 12688.764000 1187113.468000 1187653 1186541
80001 12834.672000 1203616.443000 1204280 1203106
81001 12509.049000 1220106.886000 1220702 1219620
82001 12691.296000 1236614.032000 1237215 1236119
83001 13257.830000 1253212.878000 1253900 1252578
84001 13375.169000 1269810.378000 1270439 1269210
85001 14018.189000 1286407.904000 1287027 1285905
86001 13732.036000 1303010.565000 1303666 1302390
87001 13950.343000 1319634.165000 1320156 1319074
88001 13884.281000 1336247.081000 1336780 1335548
89001 14321.583000 1352872.121000 1353418 1352222
90001 14326.299000 1369480.621000 1370028 1368947
91001 14588.706000 1386127.000000 1386675 1385462
92001 14489.873000 1402777.637000 1403395 1402140
93001 14707.054000 1419423.217000 1420005 1418781
94001 15132.989000 1436082.919000 1436626 1435501
95001 15407.106000 1452732.347000 1453268 1452210
96001 15321.412000 1469406.984000 1470040 1468845
97001 15306.406000 1486077.279000 1486594 1485484
98001 15955.314000 1502735.398000 1503280 1502067
99001 15567.196000 1519533.178000 1520187 1518968
100001 15663.304000 1536377.873000 1537073 1535857
