1 0.009000 0.000000 0 0
11 1.100000 26.301000 29 21
21 2.361000 68.205000 74 60
31 3.596000 116.509000 124 105
41 4.819000 170.904000 180 159
51 5.683000 227.607000 241 212
61 6.340000 287.180000 298 271
71 7.200000 349.927000 363 332
81 7.850000 414.970000 429 398
91 8.366000 481.164000 496 465
101 9.089000 548.858000 569 529
111 9.385000 617.607000 635 599
121 10.263000 687.019000 705 662
131 11.319000 758.668000 775 737
141 12.855000 833.037000 853 808
151 14.448000 907.521000 932 885
161 15.073000 982.653000 1005 950
171 15.550000 1058.358000 1080 1029
181 16.975000 1134.937000 1160 1106
191 17.721000 1211.249000 1233 1184
201 18.724000 1289.816000 1312 1264
211 19.917000 1367.814000 1392 1342
221 20.384000 1446.983000 1469 1419
231 21.062000 1526.985000 1553 1491
241 22.371000 1606.209000 1630 1577
251 22.975000 1686.386000 1711 1652
261 23.605000 1767.985000 1794 1741
271 25.064000 1852.508000 1883 1817
281 26.890000 1936.796000 1965 1902
291 28.595000 2021.144000 2053 1983
301 29.535000 2106.140000 2140 2056
311 30.357000 2190.982000 2218 2156
321 31.201000 2275.950000 2306 2239
331 32.592000 2361.905000 2396 2324
341 33.769000 2447.822000 2481 2413
351 34.710000 2533.900000 2564 2500
361 35.642000 2620.409000 2652 2586
371 36.536000 2706.517000 2738 2669
381 37.503000 2793.383000 2831 2753
391 38.495000 2881.789000 2915 2840
401 39.462000 2970.067000 3007 2919
411 40.371000 3059.533000 3096 3009
421 41.770000 3147.503000 3190 3116
431 42.937000 3236.743000 3276 3194
441 42.713000 3325.413000 3361 3263
451 43.612000 3414.587000 3453 3373
461 44.667000 3504.661000 3546 3465
471 45.791000 3593.828000 3631 3555
481 46.911000 3683.517000 3721 3627
491 47.731000 3773.635000 3804 3736
501 48.715000 3862.741000 3901 3815
511 49.164000 3952.942000 3990 3911
521 50.695000 4047.480000 4094 4007
531 52.466000 4140.399000 4181 4096
541 53.799000 4235.333000 4277 4190
551 55.240000 4329.078000 4362 4274
561 56.873000 4422.980000 4464 4379
571 58.341000 4517.505000 4560 4467
581 59.852000 4612.777000 4656 4567
591 60.966000 4708.093000 4754 4660
601 62.468000 4801.720000 4850 4756
611 63.971000 4896.789000 4943 4854
621 64.727000 4992.562000 5035 4939
631 65.770000 5086.860000 5131 5035
641 66.641000 5181.652000 5235 5131
651 67.805000 5278.627000 5327 5230
661 69.128000 5373.744000 5420 5317
671 70.106000 5471.102000 5524 5420
681 71.106000 5565.880000 5609 5510
691 72.065000 5662.756000 5709 5607
701 73.165000 5758.886000 5804 5705
711 74.133000 5854.384000 5904 5797
721 75.310000 5951.307000 6018 5894
731 76.057000 6048.221000 6094 6004
741 76.970000 6144.246000 6191 6098
751 78.805000 6240.286000 6297 6181
761 79.309000 6338.482000 6387 6282
771 80.067000 6433.954000 6486 6376
781 81.233000 6533.364000 6586 6481
791 83.760000 6631.935000 6683 6569
801 85.804000 6730.764000 6787 6670
811 85.135000 6829.375000 6883 6776
821 85.648000 6927.242000 6991 6869
831 87.129000 7027.210000 7081 6978
841 87.646000 7125.432000 7187 7074
851 88.748000 7223.663000 7276 7152
861 90.054000 7323.587000 7382 7266
871 90.657000 7423.049000 7478 7355
881 91.430000 7521.769000 7577 7461
891 92.230000 7620.072000 7673 7567
901 93.230000 7720.577000 7778 7671
911 94.630000 7818.790000 7874 7769
921 95.685000 7918.509000 7967 7863
931 96.878000 8018.862000 8078 7958
941 97.837000 8117.382000 8182 8058
951 99.074000 8219.173000 8282 8160
961 100.184000 8318.496000 8368 8262
971 101.071000 8416.365000 8479 8363
981 102.109000 8518.131000 8576 8465
991 102.958000 8617.639000 8674 8563
1001 104.132000 8717.322000 8770 8653
