1 0.009000 0.000000 0 0
101 13.256000 548.870000 565 526
201 22.434000 1289.401000 1316 1265
301 30.535000 2105.849000 2139 2071
401 39.019000 2970.392000 3013 2931
501 48.449000 3863.928000 3902 3817
601 62.563000 4801.874000 4845 4758
701 73.287000 5758.126000 5814 5705
801 83.053000 6730.248000 6779 6673
901 92.935000 7719.215000 7776 7666
1001 103.354000 8717.151000 8775 8648
1101 118.644000 9748.462000 9814 9683
1201 133.136000 10794.015000 10853 10730
1301 145.831000 11844.844000 11939 11777
1401 156.432000 12905.967000 12974 12834
1501 166.922000 13972.535000 14039 13900
1601 177.493000 15050.682000 15125 14971
1701 188.250000 16137.906000 16207 16052
1801 199.061000 17227.237000 17301 17158
1901 210.436000 18323.973000 18408 18229
2001 220.945000 19423.226000 19504 19346
2101 234.455000 20544.448000 20633 20463
2201 250.675000 21685.687000 21768 21598
2301 267.416000 22829.361000 22922 22730
2401 283.741000 23977.772000 24073 23888
2501 295.675000 25125.276000 25223 25053
2601 306.815000 26277.821000 26379 26191
2701 319.394000 27441.277000 27550 27332
2801 332.188000 28601.849000 28693 28499
2901 343.761000 29763.110000 29858 29676
3001 354.813000 30931.427000 31019 30823
3101 364.688000 32103.939000 32209 31999
3201 376.324000 33289.041000 33391 33160
3301 386.915000 34477.285000 34611 34366
3401 399.416000 35662.569000 35763 35516
3501 411.405000 36851.884000 36956 36734
3601 421.098000 38044.802000 38171 37925
3701 434.334000 39239.954000 39348 39118
3801 448.095000 40438.121000 40553 40338
3901 458.558000 41635.914000 41732 41521
4001 469.787000 42834.375000 42933 42736
4101 480.169000 44035.292000 44136 43928
4201 499.390000 45276.676000 45387 45136
4301 517.041000 46520.335000 46611 46398
4401 532.547000 47759.222000 47870 47646
4501 554.466000 49002.668000 49121 48892
4601 568.847000 50245.094000 50367 50093
4701 583.190000 51493.062000 51624 51350
4801 601.064000 52739.266000 52884 52615
4901 616.091000 53987.942000 54108 53852
5001 627.897000 55239.665000 55365 55113
5101 643.155000 56491.273000 56623 56353
5201 654.126000 57746.038000 57876 57627
5301 671.974000 59006.699000 59139 58843
5401 678.723000 60268.103000 60408 60125
5501 690.727000 61528.073000 61667 61368
5601 704.041000 62788.540000 62924 62654
5701 722.544000 64055.189000 64200 63923
5801 728.502000 65318.145000 65471 65143
5901 739.829000 66586.245000 66742 66424
6001 754.444000 67849.962000 67989 67686
6101 764.724000 69116.688000 69255 68985
6201 776.838000 70393.623000 70536 70250
6301 789.139000 71677.430000 71836 71541
6401 802.831000 72962.973000 73126 72764
6501 815.521000 74253.721000 74388 74125
6601 827.260000 75537.755000 75666 75382
6701 836.935000 76826.050000 76981 76665
6801 851.812000 78113.137000 78272 77939
6901 866.107000 79403.591000 79545 79225
7001 881.247000 80691.658000 80839 80542
7101 886.397000 81980.436000 82140 81830
7201 907.069000 83270.886000 83456 83087
7301 918.875000 84571.233000 84734 84407
7401 938.807000 85869.654000 86036 85704
7501 955.363000 87164.087000 87297 87022
7601 960.825000 88462.550000 88629 88289
7701 976.485000 89759.663000 89921 89592
7801 986.179000 91056.899000 91221 90882
7901 1004.573000 92356.412000 92518 92210
8001 1023.492000 93652.285000 93803 93497
8101 1021.667000 94953.267000 95125 94792
8201 1035.102000 96257.836000 96413 96120
8301 1079.245000 97601.433000 97767 97444
8401 1088.420000 98940.191000 99115 98788
8501 1110.713000 100280.863000 100449 100134
8601 1110.176000 101621.074000 101790 101460
8701 1119.667000 102962.879000 103133 102793
8801 1148.520000 104303.837000 104455 104130
8901 1159.874000 105648.170000 105807 105481
9001 1177.889000 106991.794000 107178 106797
9101 1191.214000 108332.973000 108509 108123
9201 1212.555000 109675.524000 109825 109492
9301 1227.410000 111024.380000 111199 110857
9401 1247.797000 112374.351000 112532 112163
9501 1256.370000 113719.602000 113913 113530
9601 1279.142000 115071.878000 115281 114841
9701 1297.518000 116416.048000 116600 116234
9801 1307.970000 117767.327000 117969 117571
9901 1322.903000 119112.682000 119334 118906
10001 1340.771000 120464.210000 120687 120264
