1 0.020000 0.000000 0 0
1001 153.940000 8719.400000 8758 8679
2001 267.370000 19420.920000 19479 19340
3001 367.070000 30934.160000 31024 30854
4001 478.960000 42830.600000 42930 42751
5001 642.040000 55241.600000 55340 55111
6001 766.750000 67842.440000 67924 67748
7001 891.160000 80687.460000 80817 80553
8001 996.270000 93661.640000 93801 93531
9001 1170.580000 106982.990000 107128 106851
10001 1322.160000 120462.360000 120589 120333
11001 1454.000000 134035.650000 134180 133861
12001 1589.580000 147684.600000 147877 147507
13001 1706.580000 161499.750000 161657 161331
14001 1832.460000 175377.100000 175546 175190
15001 1973.360000 189324.740000 189491 189163
16001 2102.970000 203306.220000 203515 203191
17001 2269.410000 217543.850000 217737 217320
18001 2453.780000 231996.350000 232133 231823
19001 2673.490000 246417.810000 246597 246231
20001 2825.190000 260914.490000 261138 260720
21001 2952.540000 275458.130000 275689 275287
22001 3121.040000 290074.150000 290273 289855
23001 3268.840000 304704.740000 304908 304525
24001 3380.570000 319354.480000 319563 319157
25001 3492.370000 334114.900000 334412 333847
26001 3660.900000 348965.840000 349285 348722
27001 3796.100000 363839.530000 364050 363548
28001 3875.410000 378723.170000 378959 378457
29001 4024.140000 393646.200000 393854 393418
30001 4199.840000 408607.120000 408856 408322
31001 4320.510000 423600.900000 423925 423343
32001 4481.180000 438570.810000 438779 438344
33001 4623.920000 453681.850000 453909 453483
34001 4840.710000 469073.500000 469322 468849
35001 4992.230000 484493.630000 484797 484218
36001 5238.590000 499921.340000 500163 499644
37001 5429.520000 515339.080000 515686 515059
38001 5525.490000 530818.910000 531054 530484
39001 5749.130000 546320.200000 546589 546008
40001 5906.700000 561815.930000 562122 561553
41001 6044.250000 577324.980000 577579 576861
42001 6265.260000 592916.640000 593213 592548
43001 6328.880000 608516.310000 608981 608246
44001 6548.830000 624141.690000 624365 623819
45001 6897.700000 639746.670000 640082 639494
46001 6899.600000 655408.170000 655760 655065
47001 6973.570000 671042.910000 671314 670751
48001 7146.580000 686717.270000 687084 686237
49001 7245.580000 702366.820000 702620 702014
50001 7415.480000 718198.000000 718526 717911
51001 7556.970000 734055.250000 734376 733707
52001 7644.880000 749904.460000 750202 749544
53001 7783.350000 765767.510000 766063 765430
54001 7935.680000 781652.910000 781962 781302
55001 8080.550000 797527.250000 797773 797239
56001 8184.400000 813451.950000 813858 813105
57001 8361.080000 829337.410000 829727 828888
58001 8516.520000 845276.040000 845614 845015
59001 8681.070000 861236.240000 861546 860773
60001 8819.500000 877195.350000 877627 876866
61001 8957.990000 893177.110000 893623 892818
62001 9126.700000 909166.720000 909567 908724
63001 9248.650000 925159.900000 925499 924836
64001 9400.430000 941118.790000 941450 940765
65001 9511.690000 957150.070000 957518 956855
66001 9752.430000 973353.790000 973666 973032
67001 9953.450000 989748.090000 990094 989408
68001 10196.860000 1006133.450000 1006485 1005737
69001 10390.990000 1022554.110000 1022865 1022098
70001 10571.080000 1038992.820000 1039436 1038569
71001 10883.030000 1055407.150000 1055820 1055101
72001 11132.720000 1071847.420000 1072122 1071480
73001 11329.790000 1088252.520000 1088623 1087824
74001 11520.890000 1104680.410000 1105069 1104255
75001 11628.980000 1121190.270000 1121545 1120820
76001 11901.500000 1137669.340000 1138039 1137289
77001 12092.350000 1154130.160000 1154557 1153751
78001 12351.060000 1170613.150000 1171036 1170187
79001 12516.270000 1187163.940000 1187664 1186756
80001 12752.190000 1203616.940000 1204005 1203154
81001 12589.680000 1220115.910000 1220603 1219703
82001 12712.570000 1236603.990000 1237028 1235949
83001 12889.400000 1253217.150000 1253507 1252890
84001 13035.240000 1269793.010000 1270190 1269384
85001 13245.220000 1286403.270000 1286741 1285930
86001 13379.510000 1302997.220000 1303282 1302496
87001 13533.710000 1319600.270000 1320044 1319079
88001 13585.760000 1336234.600000 1336798 1335785
89001 13850.820000 1352861.490000 1353258 1352414
90001 13814.070000 1369481.210000 1369913 1368872
91001 14194.150000 1386143.200000 1386617 1385678
92001 14276.310000 1402783.130000 1403231 1402188
93001 14402.130000 1419441.320000 1419978 1419082
94001 14370.020000 1436075.160000 1436463 1435616
95001 14544.750000 1452741.420000 1453114 1452116
96001 14744.450000 1469415.600000 1469887 1468904
97001 14868.260000 1486080.280000 1486551 1485529
98001 15007.070000 1502727.340000 1503136 1502153
99001 15596.900000 1519516.920000 1519960 1519116
100001 16073.230000 1536367.570000 1536793 1536038
