1 0.006000 0.000000 0 0
1001 68.348000 10838.253000 13198 9665
2001 152.391000 24376.966000 29787 21775
3001 232.517000 39087.322000 49713 35596
4001 325.908000 54328.565000 64870 49345
5001 415.569000 70290.737000 87577 64327
6001 508.308000 86334.103000 102687 78224
7001 611.620000 102996.379000 120158 94951
8001 705.534000 119821.891000 139221 109902
9001 809.492000 136970.479000 158080 124906
10001 893.390000 154301.188000 179757 140986
11001 990.918000 171840.174000 223522 157315
12001 1098.308000 189292.508000 215284 172860
13001 1198.283000 207066.746000 237457 190959
14001 1302.564000 224980.574000 265772 205976
15001 1395.479000 243127.577000 276181 224774
16001 1497.324000 261509.345000 298979 241570
17001 1602.353000 279690.920000 325398 258641
18001 1756.223000 298373.424000 351002 278746
19001 1862.105000 317370.367000 363065 291829
20001 1942.651000 336165.110000 378697 310161
21001 2053.806000 355156.554000 410803 325196
22001 2147.213000 373761.219000 430735 345770
23001 2259.997000 392747.703000 447379 366515
24001 2397.925000 412387.739000 475818 382536
25001 2486.755000 431048.128000 504814 397985
26001 2575.438000 449327.260000 513372 417265
27001 2674.523000 469116.831000 531082 433630
28001 2763.335000 489411.095000 548851 454146
29001 2954.714000 508159.833000 584207 470535
30001 3061.885000 529203.287000 603240 491319
31001 3063.824000 549065.299000 681872 507474
32001 3187.142000 567105.576000 651550 530139
33001 3300.485000 587054.614000 693226 546977
34001 3402.319000 607579.162000 690042 563655
35001 3537.468000 627538.991000 733149 584619
36001 3667.726000 647038.283000 729197 602076
37001 3748.142000 666351.430000 781739 622245
38001 3859.828000 687960.419000 823160 641062
39001 3968.766000 707089.064000 803487 656715
40001 4106.567000 728107.882000 829272 673411
41001 4211.898000 746457.455000 850173 699140
42001 4308.590000 766764.176000 874416 716572
43001 4429.557000 789368.362000 944664 734858
44001 4496.552000 807299.983000 935667 759200
45001 4634.478000 828879.389000 943876 772655
46001 4714.718000 847285.801000 933302 793177
47001 4835.840000 869449.784000 987178 809783
48001 4940.266000 889818.092000 1043995 830817
49001 5061.956000 910487.851000 1029508 854422
50001 5157.750000 929875.072000 1074310 872788
51001 5264.338000 952021.020000 1115100 889281
52001 5404.223000 972607.590000 1119290 909937
53001 5549.219000 992189.583000 1145420 919601
54001 5623.316000 1015875.364000 1174469 943332
55001 5738.464000 1036151.412000 1208673 964709
56001 5851.235000 1055092.815000 1186825 991112
57001 5955.730000 1076146.596000 1255780 1003099
58001 6075.054000 1098812.782000 1242361 1018661
59001 6205.102000 1117219.604000 1271501 1056231
60001 6307.423000 1136193.080000 1276211 1065754
61001 6443.721000 1160523.438000 1312611 1082161
62001 6561.360000 1181752.990000 1326835 1096555
63001 6680.408000 1203854.213000 1364400 1131622
64001 6774.863000 1223259.446000 1380839 1134435
65001 6890.695000 1244755.516000 1463332 1153605
66001 7020.706000 1266174.089000 1409313 1179667
67001 7102.477000 1287800.428000 1455210 1209720
68001 7250.395000 1306503.815000 1474672 1221247
69001 7386.001000 1329070.807000 1507526 1242095
70001 7478.897000 1350822.687000 1508195 1259412
71001 7556.698000 1372590.261000 1579647 1287515
72001 7677.865000 1395112.129000 1678736 1305839
73001 7797.167000 1415448.812000 1570302 1324935
74001 7939.933000 1439073.284000 1587650 1337652
75001 8055.091000 1456375.899000 1629204 1365807
76001 8166.277000 1477875.698000 1672417 1368766
77001 8330.931000 1501526.868000 1748500 1406370
78001 8405.480000 1521055.830000 1757263 1424001
79001 8514.025000 1545804.821000 1774757 1440616
80001 8637.704000 1564439.258000 1770207 1459586
81001 8736.857000 1585655.979000 1788953 1488721
82001 8866.147000 1609425.343000 1796967 1499694
83001 8980.428000 1628179.453000 1833342 1526264
84001 9087.697000 1652127.154000 1853350 1542613
85001 9200.028000 1672843.942000 1845726 1576931
86001 9386.255000 1696696.842000 2008266 1587691
87001 9503.059000 1718146.274000 1926944 1619231
88001 9561.771000 1740659.518000 1949512 1605024
89001 9683.979000 1759632.198000 1998009 1651593
90001 9832.875000 1782843.346000 1983176 1660666
91001 10025.525000 1803437.607000 2009829 1695854
92001 10152.610000 1826220.962000 2073651 1722775
93001 10273.701000 1848902.312000 2085892 1728416
94001 10393.408000 1871680.792000 2117336 1758083
95001 10474.514000 1891897.858000 2109207 1775374
96001 10541.135000 1912389.595000 2110154 1789693
97001 10639.612000 1933922.068000 2179327 1827855
98001 10748.659000 1954561.183000 2173077 1842316
99001 10849.589000 1977615.060000 2211339 1858360
100001 10992.338000 2003180.090000 2308369 1871529
