1 0.006000 0.000000 0 0
1001 68.110000 10971.896000 13635 9643
2001 149.337000 24732.776000 31233 21288
3001 236.589000 39536.720000 48021 34584
4001 327.149000 55078.041000 68592 48944
5001 426.241000 70975.279000 89113 64497
6001 519.332000 87396.706000 101985 79430
7001 605.536000 104165.599000 123207 94880
8001 701.651000 120857.879000 141874 110459
9001 794.244000 138001.263000 167558 126141
10001 890.929000 155882.705000 182880 141568
11001 1006.930000 173578.547000 205383 158579
12001 1103.649000 190943.947000 225596 174250
13001 1193.473000 209520.294000 259969 192733
14001 1292.445000 227527.642000 265923 207349
15001 1393.582000 246005.375000 280242 226574
16001 1496.316000 264060.311000 309672 240414
17001 1612.655000 283056.466000 324446 260301
18001 1709.767000 301483.730000 354961 277208
19001 1810.595000 319987.216000 394758 293781
20001 1908.668000 339040.364000 388803 310879
21001 2016.260000 358304.930000 451820 330619
22001 2115.472000 377491.082000 444855 347614
23001 2224.073000 397088.843000 466143 363789
24001 2351.417000 416163.764000 494547 376240
25001 2478.254000 435002.413000 517024 399791
26001 2539.982000 454669.110000 562317 421172
27001 2665.298000 474219.342000 577153 439129
28001 2792.939000 494032.426000 580540 455736
29001 2907.436000 513343.350000 601596 472504
30001 2984.678000 532775.729000 617924 494054
31001 3101.070000 553246.621000 637925 513277
32001 3193.847000 572159.581000 662603 528513
33001 3325.130000 592956.241000 685137 549089
34001 3443.622000 612331.717000 717460 563780
35001 3550.353000 632626.619000 739124 586986
36001 3635.379000 653287.668000 762521 605672
37001 3799.848000 672581.390000 789196 622747
38001 3873.500000 693849.836000 864150 642787
39001 4020.173000 712392.204000 825336 662379
40001 4119.406000 734492.432000 866483 684755
41001 4173.928000 754672.443000 870810 707875
42001 4326.760000 772675.706000 904701 716989
43001 4425.729000 794909.695000 895239 736229
44001 4516.210000 814515.384000 945997 751644
45001 4626.813000 837018.533000 974197 774867
46001 4743.198000 857367.973000 980820 795376
47001 4883.516000 877093.562000 1028493 807306
48001 5000.385000 898426.241000 1020760 835193
49001 5097.421000 917547.639000 1082131 855307
50001 5317.548000 939974.714000 1083195 868967
51001 5322.820000 960311.419000 1127474 898417
52001 5490.340000 980659.797000 1166073 908066
53001 5594.172000 1002010.047000 1174464 933571
54001 5710.700000 1025544.500000 1196496 953899
55001 5827.634000 1043769.073000 1223459 964976
56001 5915.002000 1064980.579000 1200940 986993
57001 6018.868000 1085504.851000 1248137 1014689
58001 6150.598000 1108039.165000 1259912 1031024
59001 6271.819000 1128863.472000 1333566 1045789
60001 6411.033000 1149246.112000 1295998 1060161
61001 6493.425000 1172710.212000 1375231 1081181
62001 6582.432000 1190450.672000 1369107 1113741
63001 6733.649000 1213533.830000 1428816 1119582
64001 6860.521000 1234294.472000 1392901 1142024
65001 6969.028000 1255306.908000 1459636 1165995
66001 7143.072000 1278413.666000 1469822 1182714
67001 7240.200000 1297738.461000 1512881 1209049
68001 7359.804000 1320574.234000 1581337 1216853
69001 7458.220000 1343123.590000 1565987 1243957
70001 7542.702000 1361782.453000 1562832 1269626
71001 7658.992000 1384760.886000 1590124 1284260
72001 7826.516000 1406250.709000 1643047 1296989
73001 7823.484000 1427757.597000 1632393 1328331
74001 7964.712000 1448428.014000 1629279 1346528
75001 8068.748000 1470715.032000 1697703 1367056
76001 8237.461000 1493303.749000 1712763 1397351
77001 8307.216000 1512479.728000 1756431 1418263
78001 8462.707000 1534697.493000 1745796 1421224
79001 8586.167000 1555220.546000 1732042 1450702
80001 8782.644000 1577016.645000 1804703 1465906
81001 8876.289000 1600177.227000 1825997 1494285
82001 9072.792000 1621191.698000 1884467 1510338
83001 9112.647000 1643251.903000 1898658 1525681
84001 9214.053000 1665099.280000 1956069 1543853
85001 9357.632000 1688190.271000 1916776 1570810
86001 9472.562000 1710691.161000 1970145 1573967
87001 9518.684000 1730561.433000 2056233 1598088
88001 9721.707000 1752090.200000 2009593 1612746
89001 9814.462000 1771988.321000 2010988 1652991
90001 10010.031000 1794777.372000 2119101 1682021
91001 10038.817000 1819570.932000 2104744 1704155
92001 10185.019000 1839784.543000 2182976 1713978
93001 10300.751000 1864144.092000 2163758 1740331
94001 10302.625000 1885473.979000 2208281 1766487
95001 10537.887000 1906568.799000 2194980 1784884
96001 10607.428000 1926619.558000 2155727 1791838
97001 10764.378000 1947832.245000 2195372 1823858
98001 10834.003000 1972110.556000 2280321 1851337
99001 11001.419000 1992918.481000 2252824 1844907
100001 11095.999000 2014463.200000 2228635 1885362
