1 0.007000 0.000000 0 0
11 0.338000 28.294000 47 22
21 0.767000 76.180000 118 60
31 1.214000 134.482000 214 106
41 1.662000 197.172000 292 156
51 2.119000 266.280000 414 213
61 2.639000 337.864000 498 268
71 3.184000 413.096000 608 337
81 3.753000 491.922000 731 401
91 4.300000 571.479000 807 475
101 4.927000 652.801000 923 546
111 5.473000 737.445000 1068 607
121 6.066000 825.021000 1112 696
131 6.624000 913.778000 1281 758
141 7.190000 1005.822000 1388 847
151 7.802000 1094.198000 1444 917
161 8.470000 1188.421000 1738 1010
171 9.016000 1286.578000 1705 1083
181 9.713000 1380.618000 1885 1143
191 10.269000 1473.830000 1988 1237
201 10.916000 1567.863000 2267 1301
211 11.589000 1668.485000 2119 1409
221 12.257000 1767.259000 2347 1489
231 13.034000 1873.456000 2494 1577
241 13.631000 1970.189000 2728 1635
251 14.122000 2081.806000 2740 1774
261 14.804000 2184.154000 2869 1810
271 15.436000 2284.421000 2943 1935
281 16.076000 2381.401000 3214 2008
291 16.759000 2491.890000 3470 2128
301 17.429000 2582.854000 3548 2220
311 18.086000 2698.597000 3570 2269
321 18.788000 2808.088000 3690 2381
331 19.523000 2917.347000 3882 2477
341 20.195000 3024.018000 3941 2621
351 20.935000 3129.309000 4139 2710
361 21.496000 3236.008000 4141 2758
371 22.123000 3335.140000 4311 2849
381 22.836000 3458.069000 4468 2941
391 23.541000 3568.957000 4595 3023
401 24.182000 3671.863000 4751 3184
411 24.935000 3798.663000 4976 3245
421 25.657000 3911.241000 5180 3358
431 26.339000 4016.291000 5333 3482
441 27.105000 4144.430000 5557 3522
451 27.728000 4235.701000 5488 3645
461 28.381000 4354.655000 5938 3760
471 29.105000 4479.836000 5896 3865
481 29.896000 4584.783000 6040 3993
491 30.587000 4685.088000 5933 4042
501 31.316000 4806.469000 6698 4109
511 32.145000 4931.709000 6411 4263
521 32.698000 5050.010000 6993 4321
531 33.436000 5169.422000 6681 4467
541 34.197000 5284.270000 6917 4588
551 34.931000 5417.374000 6889 4754
561 35.698000 5521.060000 6931 4750
571 36.430000 5635.393000 7382 4908
581 37.585000 5770.437000 7251 4969
591 37.934000 5891.611000 7563 5097
601 38.568000 5969.879000 7855 5199
611 39.337000 6115.738000 7792 5329
621 40.211000 6248.186000 7880 5431
631 40.958000 6356.349000 8708 5517
641 41.559000 6447.307000 8130 5664
651 42.413000 6613.327000 8248 5745
661 43.140000 6714.398000 8653 5860
671 43.892000 6839.161000 8453 5878
681 44.625000 6986.870000 8806 6101
691 45.522000 7078.144000 9071 6097
701 46.740000 7219.907000 9873 6031
711 47.401000 7341.195000 9634 6409
721 48.051000 7451.482000 9393 6407
731 48.677000 7567.526000 9533 6569
741 49.432000 7687.773000 9928 6758
751 50.205000 7808.918000 10044 6676
761 50.888000 7966.426000 10199 6916
771 52.018000 8071.526000 9920 7021
781 52.295000 8222.087000 10600 7163
791 52.822000 8318.019000 11052 7142
801 53.714000 8454.256000 10978 7218
811 54.445000 8579.638000 10772 7509
821 55.219000 8707.142000 11784 7549
831 55.976000 8822.889000 11552 7657
841 56.724000 8966.225000 11519 7842
851 57.390000 9048.087000 11065 8077
861 58.527000 9214.523000 12074 8010
871 59.063000 9339.211000 12517 8121
881 59.926000 9468.772000 11998 8344
891 60.697000 9614.759000 12619 8491
901 61.575000 9715.106000 12009 8472
911 62.314000 9861.675000 14229 8587
921 63.084000 9987.418000 13117 8781
931 63.811000 10119.048000 13150 8728
941 64.356000 10214.823000 13003 9036
951 65.133000 10356.149000 13488 9174
961 65.935000 10462.848000 13439 9132
971 68.060000 10614.830000 13211 9350
981 67.984000 10756.910000 13789 9487
991 68.859000 10860.459000 14152 9531
1001 69.508000 10981.298000 13927 9621
