1 0.020000 0.000000 0 0
1001 68.240000 10968.840000 13336 9538
2001 153.720000 24661.630000 27857 22364
3001 237.110000 39458.240000 45354 35884
4001 333.490000 54799.990000 60518 50366
5001 427.230000 70383.450000 80052 64989
6001 511.880000 87561.780000 100332 80743
7001 623.800000 103711.240000 117268 95229
8001 733.950000 121038.770000 145161 111597
9001 819.180000 138971.590000 153014 129395
10001 904.470000 154954.860000 169874 143784
11001 1005.560000 173923.350000 193486 160790
12001 1115.340000 191090.590000 207525 178840
13001 1200.060000 209002.470000 234715 193193
14001 1298.580000 227783.700000 247780 211176
15001 1401.740000 245623.470000 266193 231387
16001 1506.120000 265538.760000 301091 244135
17001 1616.950000 282564.680000 339888 263958
18001 1713.510000 303338.560000 355812 281121
19001 1804.170000 320228.190000 359561 295678
20001 1894.860000 337496.730000 371621 315876
21001 2033.290000 359662.520000 407764 331160
22001 2149.890000 377356.280000 432211 349301
23001 2209.960000 398459.240000 459969 375075
24001 2310.680000 418799.190000 476378 388836
25001 2438.740000 434864.810000 475564 408440
26001 2539.740000 454046.380000 493730 426893
27001 2658.330000 477013.020000 526726 440683
28001 2769.880000 496688.860000 558294 463197
29001 2884.700000 511092.480000 555385 484391
30001 3013.260000 535221.000000 592438 492291
31001 3106.370000 549989.360000 598665 516806
32001 3302.850000 576831.990000 660535 527474
33001 3386.720000 593983.630000 700001 547638
34001 3450.810000 611909.830000 689019 571347
35001 3552.520000 635245.970000 724992 592490
36001 3637.540000 649906.780000 730070 608330
37001 3741.380000 673012.400000 722450 626513
38001 3879.170000 694969.570000 773255 645292
39001 3973.350000 718096.810000 797648 673765
40001 4097.160000 736102.780000 808411 690284
41001 4171.380000 751981.970000 840632 706421
42001 4294.290000 772561.910000 874238 728434
43001 4419.840000 792111.050000 902281 739220
44001 4528.440000 819040.440000 909439 767267
45001 4656.160000 831732.740000 904298 776475
46001 4767.000000 861011.970000 951251 806951
47001 4896.140000 880905.840000 994168 820651
48001 4919.450000 901658.950000 996273 847649
49001 5037.270000 919309.890000 1036738 867958
50001 5192.000000 935853.580000 1027035 876551
51001 5290.080000 961766.920000 1041943 899887
52001 5429.100000 984381.520000 1091986 923398
53001 5543.070000 1002150.990000 1111605 926054
54001 5604.160000 1021177.790000 1130413 952963
55001 5712.930000 1040275.060000 1137509 983510
56001 5830.180000 1061547.090000 1158176 1010863
57001 5937.300000 1081124.790000 1160255 1020251
58001 6185.050000 1108459.230000 1233975 1041789
59001 6202.370000 1125581.050000 1228941 1069528
60001 6290.300000 1147686.210000 1275889 1075372
61001 6381.830000 1169937.270000 1254992 1099327
62001 6491.660000 1196724.240000 1340907 1104126
63001 6599.930000 1212193.710000 1331224 1136549
64001 6753.740000 1237370.770000 1354122 1166270
65001 6950.620000 1262014.230000 1447914 1170651
66001 7134.650000 1275039.660000 1402433 1208859
67001 7184.980000 1292341.630000 1405323 1220429
68001 7160.170000 1314695.610000 1416198 1226273
69001 7296.280000 1348454.060000 1564039 1277000
70001 7410.450000 1358894.060000 1526750 1279981
71001 7499.110000 1383039.550000 1543918 1306225
72001 7642.710000 1403073.890000 1540643 1311469
73001 7747.270000 1428412.170000 1552914 1353846
74001 7858.540000 1442858.690000 1567786 1362326
75001 7971.830000 1464903.760000 1593002 1378937
76001 8071.170000 1487774.560000 1601747 1408758
77001 8197.240000 1508904.910000 1654560 1416874
78001 8345.510000 1541892.840000 1725691 1451132
79001 8478.710000 1554171.540000 1712431 1452416
80001 8604.520000 1576679.500000 1732232 1481676
81001 8722.130000 1602068.240000 1779801 1499762
82001 8843.820000 1615430.420000 1714612 1536521
83001 8983.720000 1638264.610000 1808188 1559419
84001 9129.660000 1670465.040000 1877564 1579880
85001 9211.490000 1689671.670000 1834094 1577026
86001 9351.450000 1711303.040000 1845314 1600150
87001 9415.590000 1726611.590000 1980590 1610964
88001 9488.830000 1752701.530000 1957376 1673259
89001 9620.750000 1778425.350000 2026739 1655554
90001 9749.570000 1788836.580000 1946257 1686951
91001 9839.240000 1808086.550000 1942014 1706813
92001 9966.740000 1831829.800000 2012640 1740249
93001 10162.020000 1855769.740000 2002190 1761130
94001 10364.680000 1893040.090000 2160172 1774729
95001 10441.630000 1921713.200000 2154764 1822624
96001 10691.930000 1937112.120000 2168016 1822328
97001 10804.140000 1955488.020000 2102196 1840536
98001 10923.430000 1967805.880000 2152110 1862565
99001 10808.760000 1988127.120000 2183906 1873597
100001 11016.490000 2020936.550000 2300053 1905239
