1 0.005000 0.000000 0 0
11 0.308000 28.900000 49 22
21 0.689000 76.934000 129 59
31 1.125000 134.264000 214 105
41 1.570000 196.325000 293 156
51 2.059000 265.020000 442 214
61 2.626000 341.128000 508 271
71 3.098000 413.584000 584 334
81 3.698000 491.707000 710 406
91 4.299000 571.889000 792 470
101 4.763000 655.666000 1010 532
111 5.313000 744.452000 1079 610
121 5.934000 824.658000 1184 681
131 6.521000 913.912000 1282 756
141 6.910000 1007.818000 1355 838
151 7.492000 1098.089000 1499 919
161 8.010000 1188.879000 1634 992
171 8.674000 1282.473000 1835 1086
181 9.324000 1376.650000 2195 1143
191 9.818000 1477.538000 2079 1218
201 10.429000 1572.583000 2114 1313
211 11.010000 1671.418000 2354 1425
221 11.635000 1766.573000 2480 1507
231 12.262000 1869.785000 2437 1594
241 12.886000 1975.187000 2799 1690
251 13.510000 2066.778000 2726 1770
261 14.147000 2181.192000 2987 1848
271 14.806000 2285.541000 2979 1945
281 15.348000 2385.831000 3254 2041
291 15.997000 2485.061000 3231 2146
301 16.640000 2595.414000 3429 2229
311 17.257000 2705.634000 3571 2312
321 17.928000 2805.304000 3763 2387
331 18.716000 2908.875000 4190 2450
341 19.465000 3021.183000 3969 2564
351 20.214000 3124.531000 4278 2650
361 21.160000 3244.422000 4446 2718
371 21.291000 3362.284000 4740 2870
381 21.870000 3453.622000 4689 3016
391 22.576000 3569.827000 4951 3094
401 23.464000 3679.814000 5108 3160
411 24.083000 3791.294000 4996 3225
421 24.813000 3901.867000 5230 3329
431 26.097000 4034.712000 5577 3476
441 26.922000 4114.900000 5455 3620
451 27.258000 4239.905000 5666 3669
461 27.936000 4358.869000 6204 3727
471 29.148000 4452.427000 5561 3800
481 29.000000 4595.204000 5965 3971
491 29.624000 4709.632000 6271 4069
501 30.313000 4821.494000 6232 4143
511 30.997000 4944.698000 6481 4272
521 31.568000 5041.130000 6434 4401
531 32.309000 5162.862000 6392 4512
541 32.977000 5276.872000 7004 4590
551 33.867000 5419.417000 7002 4754
561 34.600000 5524.617000 7013 4721
571 35.351000 5639.622000 7390 4931
581 36.739000 5766.550000 7253 5019
591 36.682000 5878.792000 7661 5013
601 37.214000 5998.929000 7852 5213
611 38.201000 6099.965000 7608 5229
621 38.769000 6239.501000 8197 5370
631 39.754000 6349.470000 8352 5547
641 40.203000 6457.577000 7976 5569
651 41.113000 6586.098000 8498 5785
661 41.907000 6731.455000 8691 5724
671 42.686000 6851.276000 8685 5917
681 43.254000 6955.340000 9165 5996
691 43.979000 7102.295000 10159 6176
701 44.700000 7200.554000 9615 6278
711 45.603000 7352.627000 10066 6280
721 46.476000 7454.717000 9752 6501
731 47.028000 7590.138000 10042 6622
741 47.792000 7682.933000 9778 6716
751 48.404000 7821.129000 9809 6876
761 48.979000 7931.486000 10415 6859
771 49.783000 8064.824000 9864 7015
781 50.203000 8181.463000 10716 7103
791 51.013000 8325.852000 10702 7246
801 52.034000 8423.065000 10728 7345
811 52.375000 8570.532000 10890 7514
821 53.278000 8691.507000 10936 7377
831 53.915000 8846.803000 11504 7663
841 54.624000 8943.289000 11212 7858
851 55.561000 9064.469000 11747 7986
861 58.041000 9204.292000 11486 8012
871 57.111000 9304.961000 11793 8255
881 57.782000 9456.919000 12825 8324
891 58.426000 9609.897000 12792 8371
901 59.030000 9650.651000 12706 8441
911 61.333000 9823.864000 12946 8488
921 61.616000 9936.338000 12257 8662
931 62.493000 10116.328000 12753 8789
941 62.590000 10226.290000 12523 8945
951 63.301000 10347.532000 13337 8941
961 63.802000 10467.095000 13202 9109
971 64.623000 10629.719000 13741 9256
981 65.721000 10734.697000 13555 9324
991 66.664000 10872.678000 14026 9590
1001 66.845000 11032.155000 13943 9733
