1 0.004600 0.000000 0 0
2 0.022600 1.000000 1 1
3 0.043300 2.661000 3 2
4 0.068300 4.835800 6 4
5 0.093200 7.399600 10 6
6 0.118100 10.331800 15 8
7 0.156500 13.456900 21 10
8 0.183600 16.901000 28 13
9 0.217500 20.550100 36 16
10 0.256800 24.429600 45 19
11 0.295000 28.475900 55 22
12 0.334500 32.638800 61 25
13 0.370500 36.967400 68 28
14 0.406700 41.528100 78 31
15 0.451200 46.301800 92 35
16 0.493900 50.943900 92 38
17 0.520700 55.782400 103 42
18 0.551500 60.804200 112 46
19 0.591300 65.796900 119 50
20 0.640500 71.157000 120 55
21 0.681500 76.385200 133 58
22 0.711800 81.810600 142 62
23 0.765800 87.200700 152 67
24 0.799000 92.742700 174 71
25 0.838200 98.457500 170 75
26 0.880900 104.117400 180 80
27 0.927200 109.950500 205 85
28 0.964300 115.787200 198 89
29 1.008500 121.691800 206 94
30 1.053600 127.731800 231 98
31 1.098100 133.784100 216 102
32 1.154700 140.068500 245 106
33 1.206700 145.858700 251 112
34 1.232600 152.565100 259 118
35 1.280200 158.415900 290 123
36 1.328300 164.787700 275 129
37 1.372500 170.785200 298 134
38 1.433200 177.893600 315 138
39 1.497700 184.056600 315 144
40 1.535900 191.004800 326 145
41 1.549300 197.389700 315 154
42 1.599300 204.552300 332 160
43 1.649300 210.739800 336 166
44 1.695900 217.120100 360 169
45 1.758600 224.031100 357 176
46 1.788200 231.225700 383 178
47 1.840300 237.910800 404 186
48 1.885700 244.823700 391 192
49 1.924100 251.579600 426 199
50 2.038700 258.841500 419 204
51 2.115000 266.080000 466 207
52 2.115800 272.652200 474 210
53 2.204500 280.467900 458 221
54 2.233500 287.108800 451 224
55 2.290800 294.704400 534 233
56 2.267800 302.029700 482 239
57 2.345700 309.229000 520 245
58 2.411700 316.786400 491 249
59 2.464900 323.695400 548 255
60 2.503600 330.987300 548 262
61 2.569900 337.677400 520 270
62 2.602300 345.814000 534 275
63 2.676700 353.125400 592 279
64 2.722900 361.374500 606 289
65 2.808700 367.876400 588 292
66 2.881200 375.494100 618 299
67 2.895000 383.698700 605 301
68 2.971300 391.501000 651 312
69 2.943200 398.552000 671 318
70 3.015200 405.908900 699 327
71 3.064600 414.320300 656 335
72 3.094700 421.792500 669 336
73 3.161800 429.358700 683 344
74 3.245100 436.790000 722 348
75 3.297000 445.093700 765 360
76 3.341500 452.918600 718 361
77 3.465200 460.089100 773 365
78 3.524300 468.604300 743 376
79 3.576200 476.327000 725 377
80 3.665200 484.385600 815 387
81 3.663100 492.138000 744 397
82 3.708700 499.794700 848 396
83 3.698100 508.274600 777 405
84 3.770900 517.236000 779 411
85 3.809500 524.288900 855 414
86 3.897600 532.156100 867 426
87 4.054800 541.519100 862 436
88 4.062800 548.471600 871 437
89 4.308900 557.042100 854 449
90 4.113700 564.438000 895 453
91 4.159400 573.205100 877 459
92 4.211900 581.819700 934 470
93 4.275800 589.545200 866 476
94 4.337700 598.439000 980 478
95 4.414000 606.309000 911 489
96 4.467400 615.139400 957 493
97 4.452000 622.158200 994 510
98 4.582700 631.306300 964 499
99 4.630800 639.962900 1038 512
100 4.626500 647.668600 997 524
