1 0.005000 0.000000 0 0
2 0.024200 1.000000 1 1
3 0.035000 2.000000 2 2
4 0.065800 4.000000 4 4
5 0.102400 6.397800 7 6
6 0.125500 9.130900 11 8
7 0.149600 12.153900 16 10
8 0.193400 15.414600 22 13
9 0.228000 18.923100 29 16
10 0.269600 22.609800 37 19
11 0.312000 26.456400 45 22
12 0.347200 30.551900 51 25
13 0.371400 34.731000 61 28
14 0.428400 39.154500 69 31
15 0.464700 43.449400 78 35
16 0.503600 48.129100 80 38
17 0.529500 52.803200 110 42
18 0.568900 57.606100 91 46
19 0.609800 62.466200 104 50
20 0.650200 67.512300 127 54
21 0.692000 72.756400 124 58
22 0.739100 78.099500 138 62
23 0.775300 83.252700 150 66
24 0.815200 88.701400 158 70
25 0.880400 93.917700 164 75
26 0.918300 99.854400 174 79
27 0.953500 105.029600 175 84
28 1.004500 110.938500 188 89
29 1.087800 116.746100 197 93
30 1.124000 122.512600 198 97
31 1.174400 128.345500 232 102
32 1.220700 134.211300 223 107
33 1.253600 140.223100 225 112
34 1.271500 146.223100 220 118
35 1.326100 152.577100 237 119
36 1.362200 158.926100 252 128
37 1.407500 165.196900 279 133
38 1.477400 171.236700 284 138
39 1.506200 177.851000 287 143
40 1.532800 183.879900 336 148
41 1.572600 190.435700 327 154
42 1.620600 196.937300 312 158
43 1.675100 203.544800 328 165
44 1.713700 210.379600 357 169
45 1.755400 216.389700 351 178
46 1.803100 223.495900 364 179
47 1.859300 230.158900 363 184
48 1.916000 236.627900 372 192
49 1.953400 243.743600 359 196
50 2.008000 250.402000 395 201
51 2.043600 257.724200 406 209
52 2.095600 263.836900 436 215
53 2.148000 271.278300 410 220
54 2.193200 277.951400 425 223
55 2.279700 284.809200 449 233
56 2.300000 292.531200 455 241
57 2.379400 299.663200 453 245
58 2.380500 306.203100 493 250
59 2.472700 313.644100 459 249
60 2.499200 320.717200 486 262
61 2.555400 327.957300 521 261
62 2.593600 335.331100 519 272
63 2.622900 342.435900 563 283
64 2.687200 349.457600 532 285
65 2.724300 357.380100 563 290
66 2.804100 364.809400 582 297
67 2.847900 372.071600 626 304
68 2.885000 379.764300 568 307
69 3.014500 387.363900 602 312
70 3.084400 393.927100 648 324
71 3.059200 401.719400 619 329
72 3.065100 409.928000 682 333
73 3.137500 417.135200 634 340
74 3.217500 425.158900 659 346
75 3.273400 431.905300 711 354
76 3.320700 440.591700 735 355
77 3.392700 448.005500 681 365
78 3.428600 455.060900 671 372
79 3.475900 463.390200 708 380
80 3.533000 470.651600 703 384
81 3.608500 478.951900 709 393
82 3.678900 486.922800 719 400
83 3.667200 494.255800 786 403
84 3.762900 502.548700 759 410
85 3.796000 510.218200 744 418
86 3.835000 517.957200 782 420
87 3.946600 525.444000 770 433
88 3.991100 534.029400 824 438
89 4.107600 541.756000 805 448
90 4.103700 549.258500 835 454
91 4.150500 558.414600 801 461
92 4.234700 566.203300 816 463
93 4.242100 574.497500 899 471
94 4.264200 582.392400 845 483
95 4.308200 590.135500 887 485
96 4.341900 598.658200 904 489
97 4.397700 606.620600 866 499
98 4.452700 614.579800 963 505
99 4.540000 622.581200 1017 512
100 4.562000 630.527800 989 527
