1 0.006000 0.000000 0 0
11 0.337000 23.452000 30 22
21 0.800000 63.782000 88 58
31 1.287000 111.344000 143 100
41 1.751000 164.753000 225 149
51 2.330000 223.271000 291 201
61 2.754000 284.556000 387 256
71 3.365000 348.287000 437 310
81 3.892000 414.585000 515 376
91 4.428000 481.177000 598 437
101 5.016000 550.790000 699 499
111 5.557000 624.321000 828 562
121 6.148000 698.722000 878 635
131 6.763000 771.301000 974 705
141 7.345000 850.295000 1051 773
151 7.957000 926.635000 1138 843
161 8.702000 1003.633000 1246 911
171 9.233000 1083.954000 1375 991
181 9.823000 1165.999000 1412 1070
191 10.472000 1241.889000 1529 1132
201 11.139000 1326.997000 1755 1206
211 12.063000 1412.940000 1726 1302
221 12.715000 1494.589000 1937 1368
231 13.462000 1583.400000 1907 1438
241 14.207000 1670.124000 2142 1532
251 14.425000 1754.784000 2183 1605
261 15.056000 1839.036000 2187 1683
271 15.740000 1923.203000 2375 1764
281 16.740000 2013.388000 2511 1845
291 17.352000 2104.217000 2540 1900
301 18.005000 2196.075000 2731 1993
311 19.066000 2283.118000 2879 2081
321 19.911000 2369.940000 2857 2172
331 20.235000 2455.872000 2984 2272
341 20.870000 2555.581000 3094 2348
351 21.585000 2644.058000 3176 2417
361 22.503000 2739.734000 3241 2516
371 22.684000 2832.366000 3351 2585
381 23.314000 2921.896000 3549 2697
391 24.067000 3022.759000 3596 2768
401 24.773000 3114.428000 3682 2850
411 25.561000 3215.515000 3992 2972
421 26.459000 3306.445000 3951 3030
431 27.609000 3400.343000 3945 3118
441 28.427000 3497.724000 4372 3218
451 29.062000 3588.543000 4191 3314
461 29.504000 3691.826000 4410 3403
471 29.987000 3781.602000 4767 3489
481 30.721000 3883.971000 4663 3594
491 31.761000 3982.389000 4921 3669
501 32.264000 4077.557000 4882 3774
511 33.173000 4177.219000 4917 3841
521 34.034000 4277.551000 5312 3940
531 34.478000 4374.386000 5371 4016
541 35.377000 4470.171000 5401 4154
551 35.990000 4565.686000 5428 4223
561 36.653000 4675.550000 5592 4336
571 37.514000 4784.625000 5559 4398
581 38.200000 4873.779000 5704 4491
591 38.997000 4971.086000 5833 4566
601 39.509000 5082.358000 5928 4666
611 40.678000 5177.764000 6074 4773
621 41.232000 5277.409000 6271 4881
631 41.910000 5377.782000 6267 4977
641 42.609000 5500.416000 6412 5051
651 43.246000 5594.399000 6663 5175
661 44.016000 5687.604000 6759 5298
671 45.064000 5806.604000 6950 5375
681 45.368000 5904.609000 7553 5443
691 46.181000 5995.659000 7251 5582
701 46.828000 6105.876000 7163 5634
711 47.454000 6217.059000 7483 5730
721 48.216000 6317.688000 7341 5828
731 49.282000 6422.009000 7662 5948
741 50.131000 6518.440000 7733 6050
751 50.861000 6631.896000 7485 6103
761 51.723000 6734.049000 7877 6147
771 52.519000 6835.170000 8081 6331
781 53.288000 6943.606000 8096 6442
791 53.963000 7045.868000 8408 6551
801 54.793000 7159.101000 8303 6578
811 55.583000 7260.513000 8430 6784
821 56.051000 7359.204000 8885 6802
831 56.718000 7481.317000 9376 6962
841 57.446000 7597.116000 8647 7049
851 58.468000 7702.599000 9126 7128
861 59.043000 7808.180000 9128 7222
871 60.982000 7898.332000 9006 7374
881 60.599000 8022.925000 9182 7443
891 61.619000 8123.031000 9471 7577
901 62.124000 8229.280000 9556 7638
911 63.475000 8338.330000 9933 7772
921 64.947000 8447.249000 9882 7819
931 65.021000 8563.116000 10216 7951
941 65.319000 8672.342000 9969 7997
951 66.183000 8774.315000 10525 8086
961 66.952000 8884.806000 10360 8255
971 67.542000 9003.817000 10490 8403
981 68.942000 9102.164000 10421 8463
991 69.320000 9219.786000 10761 8550
1001 70.174000 9326.095000 10569 8640
