1 0.005000 0.000000 0 0
2 0.022000 1.000000 1 1
3 0.043000 2.659000 3 2
4 0.066000 4.772000 6 4
5 0.093000 7.443000 10 6
6 0.123000 10.251000 15 8
7 0.158000 13.614000 21 10
8 0.219000 16.911000 28 13
9 0.231000 20.604000 34 16
10 0.275000 24.328000 45 19
11 0.312000 28.477000 48 22
12 0.336000 32.423000 54 25
13 0.391000 37.190000 72 28
14 0.437000 41.432000 67 32
15 0.468000 46.178000 75 35
16 0.475000 50.716000 80 39
17 0.505000 55.850000 98 43
18 0.543000 61.087000 108 46
19 0.580000 65.436000 108 51
20 0.623000 71.194000 110 55
21 0.697000 76.529000 126 60
22 0.730000 81.680000 127 63
23 0.780000 87.103000 140 68
24 0.837000 92.930000 147 73
25 0.893000 98.020000 156 76
26 0.902000 104.500000 151 81
27 0.931000 111.196000 168 85
28 0.976000 114.724000 178 90
29 1.020000 121.875000 201 95
30 1.079000 127.447000 180 101
31 1.108000 134.052000 202 104
32 1.222000 140.314000 218 110
33 1.172000 146.497000 222 115
34 1.205000 151.837000 258 121
35 1.246000 158.343000 242 125
36 1.298000 164.347000 253 132
37 1.434000 171.088000 254 135
38 1.452000 177.644000 320 141
39 1.443000 183.686000 278 145
40 1.477000 190.338000 298 152
41 1.548000 199.159000 326 154
42 1.582000 204.170000 308 161
43 1.615000 211.448000 329 170
44 1.662000 215.634000 305 175
45 1.718000 225.278000 360 182
46 1.760000 230.756000 342 185
47 1.809000 237.738000 373 191
48 1.846000 245.593000 389 196
49 1.920000 251.967000 356 202
50 1.945000 257.314000 393 208
51 1.993000 265.512000 401 214
52 2.041000 272.144000 406 222
53 2.086000 279.817000 422 227
54 2.137000 286.488000 420 231
55 2.187000 295.233000 455 238
56 2.231000 301.185000 457 238
57 2.287000 307.176000 436 251
58 2.343000 315.114000 497 253
59 2.444000 322.339000 477 261
60 2.433000 329.237000 495 270
61 2.544000 337.567000 510 274
62 2.556000 343.937000 512 277
63 2.589000 352.742000 514 285
64 2.634000 360.002000 519 287
65 2.676000 368.586000 546 295
66 2.736000 374.887000 572 307
67 2.773000 383.497000 627 313
68 2.832000 391.424000 554 318
69 2.888000 399.895000 595 328
70 2.934000 405.507000 539 332
71 2.990000 414.318000 626 326
72 3.033000 421.663000 605 346
73 3.085000 429.531000 636 349
74 3.146000 437.985000 681 354
75 3.183000 445.234000 630 366
76 3.244000 450.859000 661 370
77 3.291000 458.649000 652 376
78 3.338000 468.755000 658 381
79 3.408000 476.202000 706 392
80 3.433000 483.927000 655 400
81 3.485000 491.253000 737 401
82 3.540000 501.105000 747 414
83 3.591000 506.226000 706 418
84 3.682000 515.249000 788 424
85 3.709000 523.794000 768 430
86 3.766000 531.888000 743 433
87 3.817000 540.010000 758 450
88 3.880000 548.770000 793 447
89 3.925000 557.759000 759 454
90 3.987000 562.509000 814 457
91 4.058000 573.912000 805 466
92 4.119000 580.460000 801 481
93 4.129000 587.212000 838 490
94 4.197000 600.314000 823 482
95 4.234000 601.843000 868 497
96 4.288000 614.704000 884 499
97 4.375000 625.856000 919 507
98 4.401000 634.331000 1039 521
99 4.447000 640.825000 871 529
100 4.508000 647.205000 930 540
101 4.594000 657.226000 971 540
102 4.615000 664.512000 909 533
103 4.666000 669.957000 953 559
104 4.715000 684.665000 1079 554
105 4.785000 689.712000 970 554
106 4.819000 696.430000 993 568
107 4.881000 709.340000 1031 588
108 4.946000 715.536000 1043 583
109 5.009000 723.190000 1036 597
110 5.053000 730.761000 1112 600
111 5.099000 739.763000 1019 614
112 5.168000 744.947000 1065 621
113 5.225000 755.895000 1033 630
114 5.317000 769.901000 1123 632
115 5.340000 773.161000 1143 646
116 5.386000 786.605000 1025 648
117 5.469000 794.091000 1080 657
118 5.527000 803.761000 1147 669
119 5.574000 808.729000 1078 666
120 5.604000 817.502000 1126 685
121 5.663000 833.022000 1152 688
122 5.712000 839.047000 1228 701
123 5.771000 839.394000 1170 710
124 5.834000 861.024000 1228 704
125 5.895000 862.172000 1231 709
126 5.940000 872.642000 1322 725
127 6.009000 879.714000 1182 720
128 6.080000 890.537000 1243 739
129 6.105000 901.687000 1221 744
130 6.170000 911.014000 1396 732
131 6.222000 913.258000 1302 763
132 6.283000 923.614000 1230 750
133 6.350000 937.337000 1346 776
134 6.383000 941.196000 1245 781
135 6.470000 955.146000 1457 790
136 6.535000 962.966000 1480 782
137 6.605000 969.986000 1347 813
138 6.711000 979.018000 1409 821
139 6.688000 987.629000 1334 836
140 6.775000 999.445000 1462 840
141 6.790000 1003.645000 1332 851
142 6.923000 1014.266000 1363 851
143 7.109000 1026.069000 1328 848
144 7.288000 1037.113000 1444 849
145 7.078000 1046.464000 1404 859
146 7.106000 1050.032000 1563 865
147 7.312000 1058.070000 1489 870
148 7.412000 1078.466000 1479 891
149 7.557000 1079.508000 1504 910
150 7.664000 1089.169000 1475 913
151 7.668000 1094.260000 1620 895
152 7.592000 1100.893000 1515 915
153 7.883000 1117.752000 1524 936
154 7.979000 1129.603000 1628 925
155 7.942000 1133.545000 1484 960
156 7.993000 1138.742000 1484 947
157 8.015000 1155.010000 1615 964
158 8.089000 1160.343000 1686 975
159 8.102000 1176.152000 1623 976
160 8.191000 1180.888000 1668 978
161 8.094000 1186.213000 1635 1010
162 8.298000 1197.811000 1676 1015
163 8.503000 1209.894000 1652 1009
164 8.379000 1218.525000 1795 1018
165 8.259000 1227.771000 1648 1026
166 8.313000 1237.190000 1705 1018
167 8.355000 1246.477000 1730 1032
168 8.397000 1253.022000 1666 1044
169 8.447000 1268.561000 1896 1056
170 8.540000 1271.306000 1734 1071
171 8.545000 1287.172000 1783 1090
172 8.618000 1294.676000 1972 1079
173 8.685000 1309.466000 1742 1092
174 8.699000 1309.665000 1959 1115
175 8.755000 1321.049000 1769 1107
176 8.851000 1331.078000 1787 1113
177 8.889000 1341.023000 2048 1139
178 8.971000 1358.488000 2042 1143
179 9.028000 1362.833000 1890 1170
180 9.102000 1366.189000 1899 1145
181 9.133000 1375.908000 1942 1133
182 9.197000 1388.500000 1791 1148
183 9.252000 1391.863000 1967 1178
184 9.316000 1408.982000 2108 1193
185 9.394000 1424.027000 1924 1178
186 9.407000 1424.923000 2007 1188
187 9.477000 1433.246000 1893 1193
188 9.551000 1445.685000 1929 1225
189 9.986000 1452.196000 1909 1223
190 10.009000 1463.656000 1981 1240
191 9.765000 1474.689000 2173 1237
192 9.803000 1485.430000 1979 1253
193 9.859000 1488.552000 2222 1245
194 9.940000 1504.483000 2025 1275
195 10.013000 1522.452000 2095 1274
196 10.055000 1522.095000 1989 1301
197 10.117000 1535.128000 2133 1291
198 10.152000 1542.169000 2051 1298
199 10.382000 1557.537000 2149 1313
200 10.591000 1564.462000 2194 1299
201 10.638000 1574.601000 2193 1329
202 10.569000 1578.605000 2358 1348
203 10.585000 1591.269000 2100 1318
204 10.632000 1603.376000 2166 1341
205 10.790000 1615.380000 2126 1368
206 10.738000 1625.399000 2319 1380
207 10.865000 1626.454000 2323 1380
208 10.923000 1642.327000 2136 1385
209 10.944000 1652.692000 2428 1404
210 10.999000 1662.537000 2320 1381
211 11.091000 1668.197000 2369 1422
212 11.207000 1690.353000 2257 1381
213 11.190000 1689.359000 2274 1430
214 11.230000 1701.003000 2318 1449
215 11.320000 1712.858000 2323 1458
216 11.424000 1721.564000 2393 1434
217 11.448000 1727.145000 2342 1450
218 11.478000 1741.271000 2329 1461
219 11.642000 1747.958000 2365 1476
220 11.540000 1761.472000 2387 1489
221 11.713000 1754.985000 2543 1506
222 11.757000 1781.879000 2373 1517
223 11.812000 1786.135000 2504 1494
224 11.884000 1794.650000 2615 1527
225 11.929000 1807.542000 2451 1519
226 11.940000 1821.879000 2475 1524
227 12.095000 1834.891000 2421 1543
228 12.075000 1838.234000 2435 1530
229 12.065000 1845.787000 2588 1552
230 12.269000 1858.359000 2528 1564
231 12.219000 1866.639000 2492 1553
232 12.294000 1876.748000 2608 1579
233 12.353000 1886.770000 2647 1615
234 13.016000 1902.140000 2493 1581
235 12.526000 1912.003000 2729 1547
236 12.648000 1916.716000 2691 1598
237 12.652000 1930.557000 2671 1613
238 12.768000 1941.470000 2780 1659
239 12.834000 1947.781000 2557 1648
240 12.882000 1952.956000 2681 1686
241 12.991000 1971.745000 2473 1661
242 13.100000 1973.798000 2587 1693
243 13.054000 1988.826000 2597 1640
244 13.217000 1996.674000 2645 1699
245 13.405000 2003.763000 2805 1704
246 13.447000 2016.403000 2823 1713
247 13.560000 2030.179000 2889 1729
248 13.436000 2045.090000 2669 1726
249 13.439000 2047.015000 3102 1743
250 13.499000 2065.620000 2969 1734
251 13.585000 2077.342000 2863 1776
252 13.709000 2077.151000 3167 1763
253 13.716000 2093.058000 2856 1754
254 14.084000 2109.575000 2962 1797
255 13.853000 2126.028000 2857 1792
256 13.934000 2116.344000 2755 1753
257 13.919000 2127.154000 2716 1829
258 13.963000 2152.385000 2694 1813
259 14.078000 2151.633000 2936 1791
260 14.070000 2164.390000 2876 1821
261 14.379000 2175.024000 2814 1836
262 14.426000 2189.185000 3161 1849
263 14.352000 2197.217000 2969 1863
264 14.342000 2194.977000 2808 1859
265 14.403000 2219.716000 2939 1899
266 14.445000 2228.880000 2916 1892
267 14.468000 2244.823000 3077 1887
268 14.539000 2255.161000 3016 1872
269 14.559000 2263.570000 3029 1909
270 14.674000 2273.232000 3108 1941
271 14.691000 2275.255000 3178 1955
272 15.016000 2291.066000 3276 1937
273 14.904000 2304.182000 3007 1912
274 14.907000 2303.618000 3033 2001
275 15.014000 2316.538000 3310 1996
276 15.067000 2333.787000 3287 2011
277 15.106000 2339.179000 3106 2002
278 15.176000 2346.326000 3031 1999
279 15.299000 2359.060000 3196 2005
280 15.371000 2385.197000 3247 2010
281 15.396000 2386.770000 3211 2024
282 15.405000 2394.549000 3171 1985
283 15.494000 2402.629000 3056 2033
284 15.554000 2412.672000 3144 2048
285 15.623000 2419.871000 3226 2061
286 15.675000 2440.536000 3571 2029
287 15.725000 2442.740000 3154 2064
288 15.792000 2456.011000 3196 2092
289 15.861000 2468.508000 3132 2114
290 15.980000 2469.969000 3412 2104
291 16.051000 2498.927000 3501 2083
292 16.099000 2501.543000 3422 2127
293 16.124000 2506.822000 3329 2151
294 16.207000 2521.213000 3291 2153
295 16.266000 2518.997000 3266 2121
296 16.338000 2540.845000 3277 2123
297 16.365000 2545.143000 3393 2120
298 16.418000 2558.443000 3414 2187
299 16.577000 2581.075000 3507 2197
300 16.657000 2587.801000 3413 2190
301 16.721000 2593.815000 3569 2219
302 16.652000 2601.513000 3655 2197
303 16.776000 2610.610000 3276 2239
304 16.891000 2632.710000 3372 2252
305 16.890000 2629.180000 3368 2237
306 16.996000 2644.729000 3399 2255
307 17.061000 2656.200000 3739 2247
308 17.129000 2661.097000 3878 2258
309 17.199000 2679.337000 3667 2261
310 17.238000 2681.344000 3612 2265
311 17.373000 2703.231000 3679 2284
312 17.364000 2708.574000 3563 2315
313 17.397000 2712.996000 3506 2233
314 17.525000 2728.250000 3516 2271
315 17.581000 2746.933000 3607 2320
316 17.648000 2763.138000 3645 2293
317 17.776000 2762.355000 3584 2361
318 17.774000 2772.032000 3447 2382
319 17.848000 2792.886000 3898 2358
320 17.914000 2801.725000 4156 2360
321 18.048000 2817.833000 3754 2394
322 18.123000 2825.249000 3670 2396
323 18.056000 2830.700000 3856 2414
324 18.152000 2844.282000 3804 2465
325 18.247000 2849.578000 3784 2395
326 18.379000 2860.701000 3786 2439
327 18.443000 2869.424000 3636 2466
328 18.482000 2877.357000 3713 2471
329 18.563000 2889.326000 3951 2466
330 18.616000 2904.342000 3915 2498
331 18.714000 2907.722000 3986 2496
332 18.720000 2917.004000 3686 2530
333 18.794000 2934.700000 3779 2536
334 18.851000 2950.039000 4079 2479
335 18.915000 2960.232000 3921 2545
336 19.494000 2960.789000 3763 2534
337 19.512000 2976.281000 3899 2532
338 19.188000 2988.311000 3842 2571
339 19.309000 2994.183000 3949 2591
340 19.759000 3013.778000 4101 2562
341 19.773000 3030.909000 4148 2604
342 19.360000 3028.007000 3936 2595
343 19.476000 3045.304000 4176 2581
344 19.441000 3046.449000 4068 2569
345 19.688000 3075.500000 3900 2584
346 19.505000 3075.506000 4255 2670
347 19.555000 3083.458000 3968 2655
348 19.749000 3096.405000 4283 2645
349 19.836000 3117.814000 3926 2660
350 19.924000 3133.560000 4191 2685
351 19.888000 3129.094000 4181 2676
352 19.903000 3154.024000 4175 2689
353 20.011000 3166.381000 4227 2733
354 20.128000 3160.744000 4093 2690
355 20.212000 3175.210000 4152 2736
356 20.293000 3184.335000 4438 2732
357 20.400000 3200.127000 4320 2696
358 20.401000 3195.852000 4239 2766
359 20.458000 3212.927000 4175 2747
360 20.549000 3224.263000 4257 2773
361 20.990000 3225.288000 4314 2763
362 21.369000 3239.040000 4306 2753
363 21.158000 3257.417000 4254 2790
364 20.932000 3277.317000 4244 2802
365 20.921000 3269.412000 4102 2871
366 21.026000 3285.081000 4270 2772
367 21.080000 3310.609000 4152 2863
368 21.178000 3316.513000 4275 2837
369 21.221000 3329.623000 4180 2856
370 21.227000 3330.598000 4607 2855
371 21.303000 3340.950000 4291 2883
372 21.363000 3347.093000 4581 2883
373 21.414000 3376.331000 4472 2866
374 21.479000 3372.969000 4643 2920
375 21.594000 3389.901000 4927 2921
376 21.634000 3396.020000 4612 2885
377 21.713000 3430.640000 4567 2898
378 21.803000 3430.199000 4529 2921
379 22.267000 3442.294000 4715 2900
380 21.872000 3451.045000 4931 2981
381 21.940000 3463.206000 4474 2973
382 22.041000 3464.725000 5110 3002
383 22.108000 3486.567000 4424 2979
384 22.170000 3496.070000 4764 3009
385 22.234000 3508.351000 4622 2976
386 22.171000 3505.082000 4666 2980
387 22.269000 3513.038000 4516 2981
388 22.299000 3541.557000 4545 3030
389 22.430000 3544.941000 5222 3004
390 22.538000 3571.003000 4642 3023
391 22.508000 3574.875000 4529 3101
392 22.617000 3590.932000 4793 3081
393 22.643000 3584.753000 4876 3114
394 22.713000 3613.053000 4880 3120
395 22.828000 3611.365000 4664 3128
396 22.996000 3612.683000 4745 3141
397 22.970000 3632.368000 4804 3139
398 23.066000 3642.284000 4751 3164
399 23.141000 3669.458000 4679 3141
400 23.326000 3662.174000 4848 3082
401 23.356000 3680.154000 5110 3157
402 23.340000 3692.514000 4984 3142
403 23.435000 3693.963000 4885 3137
404 23.515000 3737.261000 5137 3149
405 23.559000 3714.392000 4952 3147
406 23.609000 3732.363000 4887 3203
407 23.694000 3743.977000 4742 3244
408 23.786000 3764.079000 4681 3252
409 23.761000 3772.216000 5042 3262
410 23.779000 3781.992000 4822 3288
411 23.897000 3787.286000 5280 3240
412 23.974000 3808.790000 4942 3305
413 24.087000 3811.940000 4933 3282
414 24.184000 3823.233000 5140 3316
415 24.201000 3851.257000 5448 3312
416 24.213000 3838.122000 5236 3309
417 24.300000 3846.887000 5060 3312
418 24.611000 3854.446000 4907 3237
419 24.920000 3880.573000 5092 3352
420 25.344000 3890.029000 5210 3357
421 25.478000 3903.536000 5228 3330
422 25.479000 3922.002000 5243 3412
423 25.569000 3937.798000 5479 3374
424 25.153000 3942.916000 4906 3359
425 25.610000 3942.672000 5403 3433
426 25.725000 3958.815000 5310 3441
427 25.577000 3977.085000 5192 3445
428 25.183000 3983.482000 5169 3478
429 25.069000 3991.052000 5189 3442
430 25.298000 4008.784000 5437 3499
431 25.269000 4012.048000 5261 3473
432 25.389000 4033.463000 5738 3439
433 25.483000 4034.751000 5522 3481
434 25.485000 4040.464000 5368 3431
435 25.583000 4052.556000 5377 3475
436 26.414000 4072.696000 5395 3472
437 25.651000 4087.418000 5447 3500
438 25.682000 4109.220000 5265 3559
439 25.763000 4099.582000 5716 3522
440 25.824000 4119.298000 5323 3538
441 25.926000 4136.419000 5313 3441
442 25.987000 4151.303000 5414 3621
443 26.131000 4139.554000 5399 3473
444 26.109000 4155.845000 5834 3582
445 26.232000 4178.410000 5382 3588
446 26.275000 4192.042000 6053 3600
447 26.338000 4198.943000 5529 3616
448 26.389000 4214.441000 5644 3629
449 26.507000 4224.497000 5460 3705
450 26.522000 4222.013000 5512 3653
451 26.544000 4245.902000 5655 3630
452 27.614000 4251.603000 5510 3616
453 27.612000 4260.267000 6023 3682
454 27.564000 4257.919000 5374 3699
455 28.059000 4280.527000 5551 3648
456 27.302000 4302.639000 5394 3740
457 27.062000 4322.148000 5508 3722
458 27.132000 4309.013000 5420 3738
459 27.805000 4327.740000 5754 3730
460 27.594000 4352.621000 6039 3719
461 27.917000 4348.007000 6158 3759
462 27.455000 4368.304000 6079 3770
463 27.456000 4385.230000 6103 3773
464 27.523000 4394.972000 5853 3844
465 28.010000 4389.956000 5720 3827
466 27.732000 4400.410000 5691 3757
467 27.793000 4432.222000 5933 3784
468 27.769000 4444.785000 6170 3791
469 27.812000 4446.864000 5808 3836
470 27.898000 4450.751000 5547 3866
471 28.035000 4475.257000 5928 3883
472 28.097000 4499.129000 6179 3821
473 28.123000 4504.270000 5746 3881
474 28.457000 4530.590000 5973 3874
475 28.488000 4535.332000 6407 3919
476 28.687000 4519.070000 5730 3949
477 28.613000 4543.364000 5977 3869
478 28.566000 4549.114000 5814 3881
479 28.633000 4563.345000 6145 3789
480 28.730000 4579.672000 5916 3939
481 28.755000 4596.496000 5967 3982
482 28.889000 4626.159000 5966 3977
483 28.936000 4611.989000 5779 3940
484 29.067000 4628.276000 6318 3995
485 29.079000 4630.919000 6132 3998
486 29.155000 4645.399000 6184 3991
487 29.138000 4653.356000 6032 3967
488 29.263000 4675.272000 6472 4001
489 29.371000 4677.243000 5932 4013
490 29.431000 4697.625000 6106 3995
491 29.348000 4710.908000 6384 4099
492 29.420000 4694.251000 5900 4113
493 29.506000 4725.901000 6020 4022
494 29.808000 4746.192000 6319 4104
495 29.918000 4745.122000 6470 4084
496 29.736000 4762.955000 7128 4136
497 29.808000 4759.690000 6105 4156
498 29.795000 4768.437000 6276 4150
499 29.978000 4805.311000 6026 4130
500 30.074000 4801.571000 6135 4083
501 30.156000 4825.957000 6407 4204
502 30.168000 4824.986000 6245 4108
503 30.367000 4853.738000 6270 4196
504 30.330000 4846.842000 6256 4226
505 30.500000 4886.594000 6586 4173
506 30.465000 4873.562000 6237 4176
507 30.513000 4875.745000 6183 4175
508 30.631000 4882.074000 6196 4228
509 33.807000 4900.470000 6262 4255
510 30.643000 4926.016000 6600 4189
511 30.808000 4944.251000 6041 4279
512 30.694000 4942.063000 6452 4235
513 30.884000 4957.795000 6357 4324
514 30.889000 4960.262000 6395 4337
515 31.034000 4978.467000 6434 4282
516 31.124000 4988.501000 6303 4328
517 31.136000 5012.286000 6524 4237
518 31.263000 5021.967000 6511 4306
519 31.429000 5020.124000 6788 4341
520 31.419000 5041.367000 6546 4369
521 31.463000 5053.711000 6485 4447
522 31.588000 5053.926000 6475 4378
523 31.673000 5079.590000 6496 4342
524 31.728000 5071.132000 6879 4403
525 32.040000 5095.965000 6633 4401
526 31.878000 5105.819000 6640 4390
527 31.861000 5144.787000 7642 4458
528 31.877000 5141.403000 7028 4460
529 31.998000 5154.466000 6844 4325
530 32.184000 5158.883000 6756 4478
531 32.106000 5171.831000 6665 4519
532 32.199000 5165.131000 6569 4468
533 32.406000 5190.026000 6710 4450
534 32.415000 5217.204000 6635 4499
535 32.579000 5231.518000 6733 4540
536 32.556000 5239.185000 7007 4543
537 32.512000 5230.618000 6797 4584
538 32.619000 5244.332000 7268 4613
539 32.679000 5240.302000 6574 4593
540 32.798000 5269.003000 6684 4525
541 32.821000 5269.736000 6894 4562
542 32.832000 5298.398000 6685 4494
543 32.959000 5289.795000 6615 4595
544 33.005000 5327.927000 7134 4637
545 33.131000 5341.707000 7153 4580
546 33.298000 5332.508000 6932 4670
547 33.241000 5351.579000 6763 4630
548 33.348000 5362.837000 7175 4663
549 33.406000 5362.676000 6831 4597
550 33.519000 5385.453000 7114 4699
551 33.563000 5415.222000 7091 4692
552 33.650000 5418.650000 7099 4739
553 33.731000 5426.327000 7012 4608
554 33.778000 5443.409000 6700 4733
555 33.854000 5451.824000 7232 4774
556 33.954000 5472.301000 7536 4765
557 33.991000 5485.261000 7438 4752
558 33.972000 5451.072000 6847 4655
559 34.217000 5507.619000 7224 4787
560 34.230000 5505.923000 7225 4801
561 34.266000 5518.075000 6946 4761
562 34.303000 5528.341000 7182 4826
563 34.502000 5559.368000 7596 4848
564 34.594000 5556.724000 7403 4748
565 34.603000 5549.604000 6945 4759
566 34.651000 5579.228000 7544 4809
567 34.734000 5589.535000 7882 4873
568 34.813000 5608.539000 7184 4818
569 34.808000 5624.231000 7214 4834
570 34.829000 5649.823000 7414 4911
571 34.925000 5653.791000 7655 4910
572 35.098000 5643.011000 7677 4861
573 35.150000 5664.101000 7252 4941
574 35.096000 5674.462000 7111 4928
575 35.156000 5679.414000 7795 4963
576 35.232000 5698.058000 7373 4887
577 35.344000 5705.801000 8472 4947
578 35.425000 5725.433000 7167 4959
579 35.593000 5734.157000 7122 4982
580 35.706000 5756.116000 8046 5011
581 35.731000 5750.397000 7482 4944
582 35.802000 5765.327000 7251 5014
583 35.870000 5788.890000 7607 4948
584 35.870000 5784.924000 7377 5018
585 36.009000 5800.375000 7189 4985
586 36.003000 5820.279000 7383 5024
587 36.118000 5834.978000 7652 5095
588 36.176000 5847.529000 8113 5006
589 36.216000 5865.586000 7756 5111
590 36.245000 5844.373000 7900 5089
591 36.509000 5881.439000 7659 5083
592 36.423000 5882.416000 7554 5089
593 36.488000 5899.625000 7132 5225
594 36.533000 5928.087000 8378 5038
595 36.606000 5923.228000 7866 5066
596 36.817000 5936.384000 7530 5190
597 36.839000 5943.200000 7420 5168
598 36.943000 5962.520000 8043 5155
599 36.898000 5963.308000 7533 5192
600 36.957000 5970.315000 7664 5168
601 37.036000 5983.720000 7508 5211
602 37.062000 6004.853000 7888 5221
603 37.195000 6026.141000 8497 5152
604 37.250000 6024.191000 8343 5251
605 37.394000 6060.741000 8364 5211
606 37.459000 6038.413000 8388 5257
607 37.521000 6092.681000 7964 5311
608 37.541000 6075.434000 7844 5293
609 37.568000 6087.924000 7768 5274
610 37.642000 6086.528000 7905 5267
611 37.779000 6118.743000 7709 5315
612 37.838000 6130.040000 8063 5239
613 38.028000 6146.386000 7946 5345
614 38.131000 6158.308000 8221 5293
615 38.141000 6173.645000 8039 5307
616 38.186000 6181.179000 8518 5403
617 38.338000 6179.823000 7723 5248
618 38.374000 6224.746000 7934 5380
619 38.470000 6206.292000 7817 5413
620 38.553000 6245.974000 7974 5409
621 38.450000 6238.232000 8139 5443
622 38.572000 6264.652000 7835 5411
623 38.616000 6261.566000 8230 5424
624 38.670000 6274.881000 8498 5408
625 38.684000 6287.534000 8334 5508
626 38.819000 6313.163000 8130 5454
627 38.828000 6306.769000 8541 5485
628 38.961000 6308.077000 8012 5431
629 39.021000 6339.786000 7967 5554
630 39.055000 6350.074000 8262 5471
631 39.201000 6348.922000 8007 5494
632 39.274000 6371.666000 7849 5492
633 39.426000 6386.919000 8804 5546
634 39.383000 6386.278000 8556 5617
635 39.454000 6397.363000 8249 5599
636 39.531000 6409.890000 8437 5518
637 39.656000 6420.540000 8017 5603
638 39.773000 6461.079000 8743 5550
639 39.799000 6428.104000 8097 5616
640 39.845000 6461.993000 8065 5574
641 39.941000 6466.855000 8854 5612
642 40.043000 6494.596000 8309 5553
643 40.024000 6504.931000 8099 5658
644 40.156000 6513.620000 8400 5748
645 40.233000 6526.073000 9156 5622
646 40.240000 6523.636000 8759 5707
647 40.335000 6548.219000 8554 5670
648 40.381000 6572.400000 8800 5698
649 40.460000 6574.970000 8660 5708
650 40.525000 6571.518000 8455 5722
651 40.659000 6606.501000 8689 5726
652 40.774000 6617.148000 8390 5758
653 40.934000 6647.677000 8881 5753
654 40.949000 6628.793000 8121 5749
655 41.049000 6622.018000 8660 5815
656 41.136000 6658.081000 8809 5847
657 41.197000 6679.100000 8452 5843
658 41.250000 6669.532000 8570 5830
659 41.356000 6689.614000 8292 5836
660 41.449000 6692.719000 8917 5805
661 41.524000 6715.029000 9721 5855
662 41.571000 6758.580000 8840 5902
663 41.624000 6740.959000 8640 5895
664 41.705000 6758.050000 8433 5850
665 41.660000 6764.989000 8505 5859
666 41.764000 6770.695000 9019 5882
667 41.865000 6775.242000 8602 5900
668 41.876000 6790.091000 9214 5890
669 41.903000 6810.754000 9250 5898
670 42.033000 6829.455000 8529 5831
671 42.124000 6855.183000 9449 5952
672 42.182000 6846.262000 8963 5960
673 42.257000 6859.406000 8766 6054
674 42.299000 6856.197000 8482 5936
675 42.405000 6886.800000 9293 5916
676 42.446000 6881.159000 8312 5953
677 42.521000 6914.162000 8981 6035
678 42.639000 6928.442000 8877 6020
679 42.779000 6931.414000 8550 5976
680 42.786000 6931.958000 8827 6034
681 42.857000 6982.606000 9464 6046
682 42.842000 6961.869000 8993 6112
683 42.895000 6957.894000 9146 6092
684 43.019000 7014.445000 8911 6010
685 43.212000 7008.909000 9799 6180
686 43.302000 7044.615000 9090 6026
687 43.417000 7053.258000 9454 6105
688 43.416000 7056.338000 9032 6170
689 43.498000 7051.304000 8967 6164
690 43.545000 7094.137000 9102 6055
691 43.615000 7091.423000 8931 6090
692 43.717000 7095.846000 9069 6171
693 43.797000 7130.161000 9080 6183
694 43.926000 7138.143000 9878 6177
695 43.853000 7121.705000 9468 6286
696 43.867000 7137.624000 9195 6106
697 43.964000 7152.195000 9574 6166
698 44.097000 7174.594000 9025 6266
699 44.088000 7165.927000 9312 6343
700 44.144000 7196.382000 9666 6190
701 44.272000 7209.252000 9414 6273
702 44.432000 7247.749000 9401 6292
703 44.459000 7239.090000 9476 6224
704 44.408000 7245.296000 9234 6290
705 44.612000 7252.757000 9464 6341
706 44.682000 7263.759000 8914 6316
707 44.597000 7257.964000 9435 6345
708 44.819000 7294.030000 9394 6343
709 44.871000 7288.525000 9473 6443
710 44.961000 7306.746000 9717 6472
711 44.981000 7347.867000 9796 6402
712 45.020000 7335.813000 9438 6378
713 45.126000 7345.494000 10036 6425
714 45.248000 7369.569000 9557 6381
715 45.317000 7367.712000 9526 6485
716 45.335000 7373.836000 9469 6494
717 45.388000 7400.982000 10034 6357
718 45.445000 7411.476000 10029 6534
719 45.511000 7418.387000 9793 6466
720 45.610000 7441.512000 9823 6552
721 45.793000 7456.854000 9531 6555
722 45.878000 7446.318000 9374 6554
723 46.073000 7497.877000 9671 6489
724 46.043000 7479.160000 9683 6571
725 45.976000 7492.056000 9290 6553
726 46.072000 7518.042000 9742 6414
727 46.105000 7518.323000 9380 6584
728 46.259000 7534.927000 9592 6653
729 46.432000 7565.066000 9463 6471
730 46.459000 7558.311000 10128 6536
731 46.642000 7576.726000 9726 6581
732 46.745000 7606.173000 10221 6696
733 47.089000 7610.729000 9604 6621
734 46.982000 7636.701000 9771 6594
735 46.747000 7602.809000 10024 6667
736 46.801000 7638.746000 9728 6573
737 46.849000 7644.884000 9610 6648
738 46.902000 7657.595000 9781 6693
739 46.962000 7690.398000 9895 6641
740 47.066000 7698.684000 10122 6687
741 47.144000 7706.358000 9744 6788
742 47.150000 7694.383000 9881 6702
743 47.345000 7733.509000 10167 6703
744 47.428000 7721.164000 9521 6749
745 47.432000 7741.244000 9632 6775
746 47.437000 7775.356000 9774 6804
747 47.533000 7763.194000 10319 6881
748 47.583000 7798.991000 9825 6893
749 47.682000 7819.284000 10136 6695
750 47.732000 7835.648000 9412 6810
751 47.881000 7831.078000 9891 6886
752 47.881000 7824.228000 9780 6940
753 48.247000 7844.425000 10013 6734
754 48.258000 7888.096000 10072 6837
755 48.318000 7853.574000 10555 6853
756 48.401000 7905.083000 10007 6956
757 48.413000 7881.798000 10371 6936
758 48.524000 7923.239000 10503 6863
759 48.615000 7928.570000 9912 6800
760 48.645000 7933.419000 9840 6889
761 48.657000 7929.887000 10267 6975
762 48.794000 7955.216000 10543 7000
763 48.708000 7974.039000 10116 6868
764 48.746000 7975.320000 10302 6933
765 48.786000 7990.277000 10313 7053
766 48.996000 8008.863000 10215 6950
767 49.067000 8016.955000 10499 6994
768 49.290000 8038.662000 9898 6913
769 49.197000 8064.126000 10008 7090
770 49.339000 8071.452000 10401 7096
771 49.434000 8076.420000 10424 7010
772 49.399000 8079.686000 10991 7140
773 49.561000 8116.548000 10592 6999
774 49.574000 8087.825000 10253 7127
775 49.815000 8135.637000 10259 7107
776 49.803000 8122.904000 10455 7107
777 49.855000 8129.990000 10159 7053
778 50.027000 8167.628000 10038 7075
779 50.073000 8168.936000 10048 7169
780 50.027000 8209.155000 10303 7175
781 50.121000 8197.400000 10422 7253
782 50.158000 8199.479000 10526 7235
783 50.571000 8192.773000 10280 7146
784 50.248000 8227.022000 11108 7150
785 50.257000 8239.285000 10225 7147
786 50.412000 8251.199000 10481 7257
787 50.505000 8277.369000 10116 7202
788 50.605000 8289.693000 10265 7016
789 50.663000 8292.744000 10807 7279
790 50.866000 8329.483000 10843 7177
791 50.960000 8308.187000 10478 7260
792 51.111000 8345.607000 10539 7310
793 51.166000 8364.373000 10506 7301
794 51.254000 8354.580000 10952 7362
795 51.231000 8379.558000 11122 7348
796 51.366000 8370.861000 11187 7238
797 51.457000 8406.026000 10512 7394
798 51.599000 8427.584000 10303 7400
799 51.536000 8405.811000 10825 7275
800 51.599000 8416.765000 10371 7377
801 51.779000 8424.875000 10599 7293
802 51.843000 8450.645000 11030 7211
803 51.882000 8480.306000 11230 7293
804 51.907000 8490.827000 10876 7506
805 52.060000 8497.047000 10719 7437
806 52.038000 8529.009000 10520 7447
807 52.035000 8526.458000 11191 7460
808 52.091000 8520.913000 10838 7504
809 52.145000 8519.470000 11012 7444
810 52.291000 8595.544000 10999 7483
811 52.315000 8554.602000 11258 7510
812 52.364000 8599.183000 11084 7440
813 52.436000 8604.820000 11133 7560
814 52.606000 8603.165000 11038 7575
815 52.662000 8626.477000 11282 7664
816 52.626000 8613.125000 11287 7621
817 52.755000 8677.774000 11308 7610
818 52.866000 8644.108000 11159 7590
819 52.953000 8682.570000 10931 7581
820 53.022000 8677.710000 10611 7544
821 53.128000 8728.070000 11335 7651
822 53.179000 8726.501000 11343 7624
823 53.265000 8725.465000 11397 7531
824 53.505000 8744.423000 12082 7678
825 53.536000 8741.812000 10942 7689
826 53.681000 8745.739000 10768 7674
827 53.734000 8767.311000 11329 7593
828 53.751000 8763.180000 11276 7809
829 53.665000 8798.491000 11075 7689
830 53.768000 8814.182000 10836 7740
831 53.942000 8825.490000 10839 7642
832 53.934000 8849.427000 10844 7760
833 54.008000 8870.127000 11054 7704
834 54.013000 8846.210000 11270 7751
835 54.100000 8867.456000 10768 7726
836 54.178000 8877.027000 11714 7769
837 54.323000 8911.101000 11254 7789
838 54.393000 8928.443000 11894 7668
839 54.471000 8951.877000 11670 7853
840 54.357000 8925.812000 11332 7764
841 54.489000 8962.749000 12361 7870
842 54.484000 8945.695000 11173 7826
843 54.761000 9004.019000 11926 7891
844 54.677000 8989.615000 11494 7791
845 54.820000 9024.118000 12272 7944
846 54.906000 9010.392000 11772 7970
847 55.029000 9027.455000 11493 7919
848 55.027000 9032.846000 11475 7932
849 55.181000 9038.900000 11838 7911
850 55.189000 9050.146000 11198 7954
851 55.224000 9085.633000 11114 7908
852 55.272000 9049.797000 11536 8012
853 55.376000 9094.385000 11598 7934
854 55.539000 9108.846000 11445 7936
855 55.638000 9106.400000 11287 7975
856 55.562000 9133.267000 11651 8036
857 55.601000 9121.479000 11936 8070
858 55.726000 9149.385000 11125 8043
859 56.043000 9140.883000 11788 7977
860 56.148000 9185.159000 11527 8102
861 56.126000 9195.911000 11875 8050
862 56.254000 9222.063000 11365 8199
863 56.299000 9216.561000 12873 7979
864 56.242000 9246.858000 11497 8123
865 56.393000 9242.403000 11407 8072
866 56.390000 9260.779000 11651 8232
867 56.525000 9295.602000 11735 8202
868 56.432000 9262.735000 11755 8049
869 56.798000 9311.230000 13090 8208
870 56.708000 9317.989000 11894 8088
871 56.808000 9356.393000 12222 8216
872 56.992000 9356.809000 11682 8193
873 56.936000 9331.070000 11517 8194
874 56.879000 9373.347000 11911 8245
875 57.012000 9371.736000 11556 8147
876 57.171000 9398.174000 11658 8125
877 57.231000 9411.877000 13584 8232
878 57.143000 9406.546000 12495 8309
879 57.319000 9433.907000 13311 8338
880 57.526000 9445.819000 11638 8392
881 57.470000 9415.847000 11873 8351
882 57.487000 9479.318000 12141 8340
883 57.664000 9482.580000 11929 8371
884 57.650000 9518.912000 11773 8293
885 57.687000 9518.145000 12585 8307
886 58.059000 9539.481000 11822 8237
887 57.884000 9526.229000 14618 8297
888 57.973000 9538.776000 11835 8422
889 57.965000 9522.597000 11645 8262
890 58.245000 9602.260000 12494 8350
891 58.178000 9558.543000 12124 8369
892 58.242000 9585.999000 12019 8294
893 58.321000 9585.955000 12214 8560
894 58.628000 9625.017000 12333 8483
895 58.676000 9628.221000 12161 8438
896 58.731000 9671.848000 12332 8396
897 58.953000 9640.258000 12263 8450
898 59.050000 9688.729000 12269 8403
899 59.165000 9722.941000 13164 8404
900 59.105000 9692.810000 13138 8510
901 59.219000 9719.853000 12560 8486
902 59.116000 9722.196000 12191 8349
903 59.143000 9738.887000 12554 8592
904 59.243000 9783.060000 12972 8372
905 59.415000 9789.326000 12419 8523
906 59.530000 9765.651000 13192 8591
907 59.716000 9783.799000 12206 8578
908 59.914000 9806.645000 12850 8543
909 59.794000 9816.058000 12302 8632
910 59.950000 9832.447000 12960 8585
911 59.937000 9825.477000 12824 8603
912 60.089000 9857.722000 13297 8725
913 60.106000 9897.601000 12492 8585
914 59.970000 9889.417000 13121 8743
915 60.043000 9894.349000 12575 8726
916 60.185000 9882.321000 12730 8722
917 60.199000 9890.771000 13764 8702
918 60.153000 9918.471000 12543 8736
919 60.240000 9930.166000 12218 8766
920 60.543000 9974.267000 13284 8749
921 60.397000 10003.442000 12704 8652
922 60.631000 9971.667000 12836 8703
923 60.573000 9992.237000 12418 8774
924 60.791000 10000.258000 12730 8831
925 60.806000 10019.870000 12740 8763
926 60.916000 10063.900000 13234 8817
927 61.039000 10051.018000 13075 8747
928 61.102000 10076.994000 13658 8741
929 61.066000 10037.422000 12639 8750
930 61.215000 10069.266000 13643 8808
931 61.340000 10097.563000 12492 8816
932 61.380000 10110.101000 12516 8940
933 62.177000 10124.616000 12505 8963
934 61.815000 10112.121000 13645 8869
935 61.849000 10141.199000 12537 8941
936 61.937000 10187.041000 13114 8988
937 61.937000 10184.755000 13211 8991
938 61.831000 10167.631000 12807 8964
939 61.812000 10203.282000 13449 9002
940 61.871000 10207.807000 12744 8966
941 61.907000 10215.837000 12900 8935
942 62.040000 10251.743000 13439 8827
943 62.101000 10219.006000 13226 9061
944 62.302000 10233.536000 12772 8979
945 62.502000 10264.503000 13331 9038
946 62.384000 10269.127000 13384 9022
947 62.712000 10298.572000 12916 8899
948 62.552000 10303.922000 13026 8951
949 62.719000 10300.649000 12948 9032
950 62.986000 10336.750000 13131 9051
951 63.159000 10386.664000 12636 9109
952 63.199000 10359.682000 12645 9141
953 63.274000 10370.971000 13498 9100
954 63.222000 10406.924000 13291 9182
955 63.362000 10392.885000 12792 9045
956 63.322000 10432.293000 13040 9138
957 63.429000 10466.741000 13743 9329
958 63.415000 10428.445000 13553 9055
959 63.281000 10473.791000 14409 9229
960 63.481000 10491.311000 13373 9142
961 63.845000 10498.109000 13598 9254
962 63.828000 10474.896000 13422 9278
963 64.049000 10499.668000 13358 9138
964 63.806000 10511.899000 13504 9291
965 63.690000 10523.823000 13110 9274
966 63.976000 10566.043000 13177 9285
967 63.917000 10568.758000 13164 9377
968 63.929000 10553.733000 13608 9145
969 64.090000 10582.990000 12831 9305
970 64.178000 10600.889000 13260 9259
971 64.245000 10619.655000 13630 9344
972 64.155000 10601.332000 13762 9333
973 64.583000 10647.897000 13164 9361
974 64.851000 10663.179000 13593 9376
975 65.132000 10660.082000 13897 9313
976 65.019000 10650.753000 13291 9336
977 64.877000 10651.393000 13137 9267
978 64.780000 10706.293000 14250 9516
979 64.881000 10724.149000 13025 9307
980 64.939000 10714.486000 13910 9468
981 65.150000 10762.128000 14105 9217
982 65.038000 10732.125000 13407 9392
983 65.104000 10773.691000 13486 9554
984 65.185000 10782.081000 13866 9476
985 65.204000 10777.667000 13091 9462
986 65.322000 10814.841000 13268 9523
987 65.526000 10806.188000 13692 9355
988 65.505000 10812.937000 13252 9366
989 65.445000 10823.078000 13378 9607
990 65.586000 10851.872000 13820 9670
991 65.766000 10872.506000 13439 9360
992 65.756000 10909.968000 14049 9589
993 65.873000 10879.000000 13110 9493
994 66.070000 10917.292000 14038 9411
995 66.253000 10953.967000 13789 9690
996 66.256000 10948.469000 13631 9590
997 66.429000 10948.722000 13125 9645
998 66.483000 10968.896000 13987 9428
999 66.600000 10989.739000 13848 9811
1000 66.622000 11002.585000 15041 9784
