1 0.020000 0.000000 0 0
1001 70.930000 9334.370000 10581 8684
2001 157.210000 20832.480000 23393 19884
3001 242.550000 33606.560000 36352 31929
4001 337.310000 46851.780000 50760 44483
5001 430.430000 60355.150000 66441 57493
6001 524.690000 74609.210000 80616 70583
7001 626.390000 88236.250000 92888 84905
8001 726.230000 102958.400000 111459 97845
9001 809.470000 117645.990000 125912 112210
10001 906.970000 132882.100000 146806 127826
11001 1040.540000 147800.950000 157115 142050
12001 1145.870000 162013.790000 176789 156086
13001 1221.150000 177695.690000 195348 170665
14001 1332.750000 194214.150000 209615 182428
15001 1455.090000 210249.920000 230827 200483
16001 1554.700000 225491.710000 243858 214546
17001 1661.470000 239417.000000 257307 231270
18001 1785.800000 256134.380000 276155 244974
19001 1871.440000 273071.190000 298650 262442
20001 1963.770000 287714.480000 324103 277567
21001 2073.380000 305629.910000 327108 293796
22001 2174.890000 319994.380000 351358 308443
23001 2286.620000 338121.910000 366048 324105
24001 2390.470000 353430.920000 379223 337879
25001 2566.380000 370635.420000 407532 353829
26001 2636.500000 386755.010000 410986 372772
27001 2707.290000 403174.040000 437546 386729
28001 2831.550000 420252.290000 446921 401611
29001 2926.550000 436970.430000 462603 423065
30001 3059.490000 453982.300000 488950 437452
31001 3165.400000 470825.580000 502548 452646
32001 3260.360000 487920.650000 530223 467984
33001 3368.650000 505945.180000 533921 484759
34001 3498.990000 520169.710000 576635 503173
35001 3614.880000 535900.770000 594259 516983
36001 3727.050000 555252.220000 584474 534300
37001 3830.620000 576120.300000 618027 554649
38001 3898.620000 589325.640000 624733 569634
39001 4065.010000 611938.250000 660692 582040
40001 4155.490000 626010.000000 698272 601712
41001 4271.890000 642022.540000 690866 620302
42001 4376.920000 660548.980000 693167 640652
43001 4497.840000 680820.560000 724483 657032
44001 4608.900000 694092.600000 743240 671632
45001 4735.540000 711096.210000 750350 684283
46001 4841.520000 730796.640000 816366 703266
47001 4929.440000 745531.230000 792629 726671
48001 5111.050000 762335.690000 800770 733360
49001 5153.940000 785844.150000 879989 753981
50001 5317.550000 801275.520000 857946 774653
51001 5551.770000 818113.050000 879307 792073
52001 5541.050000 835135.650000 905199 806475
53001 5691.070000 852578.110000 913360 822601
54001 5773.270000 873209.430000 931499 838791
55001 5882.400000 886510.350000 965322 857284
56001 5956.610000 906638.780000 1013577 872600
57001 6053.070000 925058.310000 1004548 895586
58001 6198.120000 942420.660000 1021685 906071
59001 6268.510000 957582.520000 1024294 923433
60001 6398.610000 982192.550000 1098322 947948
61001 6518.040000 995797.380000 1045021 962184
62001 6624.750000 1018279.210000 1085246 979001
63001 6721.480000 1034668.860000 1086309 995699
64001 6848.880000 1050187.430000 1107445 1009966
65001 6950.360000 1070242.400000 1132234 1037216
66001 7191.410000 1089833.390000 1151551 1051762
67001 7322.350000 1107254.280000 1179023 1068448
68001 7432.010000 1122628.040000 1206498 1088683
69001 7563.000000 1140748.050000 1226586 1092578
70001 7824.850000 1160960.290000 1232787 1127909
71001 7788.670000 1177636.300000 1251599 1137377
72001 7782.420000 1197176.230000 1279783 1158198
73001 7897.120000 1219466.410000 1318436 1178422
74001 8018.460000 1229510.710000 1321739 1187297
75001 8127.560000 1251588.320000 1313287 1205089
76001 8231.950000 1267903.410000 1342807 1224141
77001 8368.610000 1289879.670000 1388600 1241897
78001 8486.730000 1308781.780000 1408444 1259513
79001 8728.120000 1329691.150000 1453692 1276033
80001 8874.200000 1350709.410000 1495282 1305750
81001 8908.170000 1365154.540000 1451400 1322071
82001 9142.140000 1382767.350000 1530379 1333855
83001 9344.890000 1399015.190000 1481353 1358105
84001 9467.610000 1419497.390000 1511475 1367293
85001 9407.140000 1438009.660000 1540228 1384010
86001 9443.500000 1455938.340000 1574192 1406587
87001 9531.430000 1472716.740000 1567481 1426374
88001 9652.360000 1491018.960000 1542224 1445468
89001 9762.830000 1511459.920000 1634667 1458603
90001 9901.150000 1532723.560000 1611244 1471607
91001 10186.610000 1546198.420000 1674586 1493756
92001 10276.330000 1567134.610000 1638999 1509099
93001 10376.270000 1585203.020000 1660243 1542157
94001 10481.980000 1601275.200000 1671621 1552814
95001 10617.810000 1622106.360000 1707768 1556034
96001 10750.710000 1638584.320000 1766681 1592885
97001 10792.150000 1659830.060000 1754711 1611144
98001 10906.380000 1682542.970000 1788963 1623582
99001 11089.360000 1699103.480000 1791330 1644358
100001 11098.810000 1716679.070000 1838875 1656527
