1 0.005000 0.000000 0 0
101 5.202000 552.771000 812 501
201 11.639000 1327.627000 1681 1209
301 17.942000 2199.623000 2654 2001
401 24.644000 3109.123000 3702 2858
501 32.059000 4078.056000 4739 3724
601 39.225000 5074.089000 5968 4684
701 46.786000 6106.644000 7322 5647
801 54.428000 7148.399000 8656 6528
901 62.087000 8220.063000 9811 7678
1001 69.818000 9342.259000 11005 8738
1101 77.973000 10443.562000 12457 9651
1201 87.023000 11552.026000 13038 10671
1301 96.023000 12681.727000 14904 11824
1401 102.363000 13866.786000 16464 12875
1501 110.474000 15036.410000 17598 14046
1601 120.877000 16215.783000 19403 15175
1701 128.043000 17364.968000 20006 16038
1801 135.719000 18600.711000 21162 17325
1901 143.789000 19831.552000 22885 18558
2001 152.345000 21053.821000 24875 19574
2101 161.265000 22218.624000 25864 20659
2201 169.854000 23480.941000 26615 21863
2301 180.110000 24737.273000 28305 23235
2401 188.686000 25911.993000 29936 24335
2501 197.042000 27194.722000 31208 25546
2601 204.216000 28443.851000 32602 26674
2701 213.329000 29688.050000 33986 28081
2801 221.746000 30978.429000 34605 29057
2901 230.680000 32321.398000 36343 29924
3001 239.284000 33570.042000 38401 31386
3101 252.163000 34859.423000 39271 32796
3201 258.556000 36156.491000 41189 33930
3301 266.981000 37515.767000 42650 35082
3401 275.711000 38768.834000 43376 36552
3501 284.961000 40109.924000 44458 37824
3601 294.109000 41441.155000 47296 38982
3701 304.078000 42713.002000 47328 40217
3801 311.389000 44078.078000 51271 41717
3901 320.236000 45374.749000 52999 42891
4001 329.456000 46714.828000 52069 43801
4101 340.870000 48064.432000 53704 45029
4201 349.595000 49373.165000 55410 46614
4301 358.601000 50815.776000 58580 48054
4401 367.455000 52124.433000 61809 49267
4501 376.129000 53446.553000 61067 50461
4601 385.631000 54821.562000 61635 51666
4701 394.608000 56230.952000 67666 53156
4801 403.208000 57581.861000 64969 54149
4901 413.237000 58924.336000 67702 55481
5001 422.999000 60264.201000 67476 56466
5101 432.927000 61815.656000 71329 58480
5201 442.406000 63057.273000 71873 59498
5301 451.963000 64448.779000 74097 61268
5401 461.604000 65859.237000 73577 62312
5501 471.457000 67350.748000 75785 63204
5601 480.410000 68663.627000 76587 65019
5701 488.793000 70069.509000 78110 66285
5801 501.225000 71383.686000 80544 67094
5901 506.485000 72821.168000 83118 69213
6001 516.901000 74383.344000 82059 70056
6101 527.079000 75826.420000 83296 71227
6201 539.194000 77122.614000 85283 72650
6301 555.608000 78446.684000 91792 74355
6401 556.298000 79902.579000 90420 75197
6501 564.599000 81373.299000 91005 77038
6601 575.236000 82711.489000 92616 78083
6701 587.937000 84199.684000 95755 79504
6801 595.795000 85685.189000 96230 81103
6901 608.938000 87166.614000 96893 82370
7001 617.159000 88482.375000 101682 82681
7101 628.067000 89959.120000 99716 84721
7201 646.317000 91380.067000 103134 86917
7301 657.966000 92611.600000 104176 87897
7401 661.391000 94112.433000 107592 88993
7501 669.080000 95507.192000 105119 90702
7601 690.661000 97140.307000 109968 91758
7701 702.079000 98624.617000 109939 93201
7801 702.118000 100007.024000 110883 94595
7901 716.853000 101537.901000 120140 96526
8001 711.303000 102902.927000 115275 97641
8101 730.732000 104372.197000 117459 99067
8201 739.978000 105904.331000 120633 99519
8301 751.703000 107193.030000 120628 101541
8401 754.310000 108839.611000 122022 102614
8501 768.357000 110392.191000 125496 103753
8601 786.738000 111774.572000 123690 105367
8701 786.440000 113279.396000 127726 107628
8801 804.737000 114706.799000 128323 108768
8901 811.696000 116261.243000 131202 109872
9001 822.476000 117553.523000 130664 111198
9101 832.239000 119115.195000 132082 112707
9201 833.433000 120672.927000 139253 114093
9301 845.940000 122095.685000 134993 115530
9401 870.619000 123447.484000 141869 117352
9501 874.532000 125099.496000 146291 118655
9601 883.968000 126644.992000 140468 119898
9701 885.280000 128090.842000 142142 121275
9801 889.986000 129414.767000 142390 121983
9901 898.884000 131011.588000 144636 124016
10001 909.908000 132555.392000 148261 125221
