1 0.005200 0.000000 0 0
2 0.023500 1.000000 1 1
3 0.045800 2.671800 3 2
4 0.069900 4.835900 6 4
5 0.094200 7.392900 10 6
6 0.120100 10.310600 15 8
7 0.150000 13.471100 21 10
8 0.185500 16.910400 28 13
9 0.222500 20.544200 36 16
10 0.274000 24.522900 45 19
11 0.298300 28.474500 53 22
12 0.337900 32.659500 63 25
13 0.366200 36.953800 70 28
14 0.404300 41.574000 74 31
15 0.442400 46.120800 85 35
16 0.478700 50.984300 93 38
17 0.521500 55.708400 101 42
18 0.556300 60.699200 119 46
19 0.607000 66.017400 111 50
20 0.643500 71.166200 126 54
21 0.676600 76.144400 149 58
22 0.719600 81.762600 155 62
23 0.770100 87.222800 161 67
24 0.804900 93.066100 171 71
25 0.857100 98.530200 169 76
26 0.903800 104.205800 181 80
27 0.937300 110.228000 183 84
28 1.025100 115.611600 208 89
29 1.027400 121.791900 209 91
30 1.074500 127.604500 215 98
31 1.127500 133.496500 222 103
32 1.171600 140.110500 251 108
33 1.236900 146.242700 249 112
34 1.287300 152.335200 238 118
35 1.328000 158.207700 258 122
36 1.375400 164.793400 279 128
37 1.430500 171.379300 290 132
38 1.476500 177.711200 302 138
39 1.525600 184.502700 304 145
40 1.537600 190.678600 316 150
41 1.580100 197.493500 346 155
42 1.655800 204.150800 355 159
43 1.686100 210.714000 339 163
44 1.724200 217.721900 356 168
45 1.770200 224.344500 379 176
46 1.805900 231.443500 378 181
47 1.856200 238.238800 380 186
48 1.931300 244.582800 407 193
49 1.968400 252.063400 430 199
50 2.006200 258.502500 412 203
51 2.083400 265.911700 456 208
52 2.135000 273.489400 450 213
53 2.168500 280.127500 470 220
54 2.217700 287.252900 478 223
55 2.263600 294.638400 514 231
56 2.335200 301.191000 496 240
57 2.356800 309.119200 510 246
58 2.404200 316.313600 482 249
59 2.462000 323.519200 564 253
60 2.499800 330.670200 537 264
61 2.543500 338.231600 531 269
62 2.629400 345.247800 569 273
63 2.669900 353.523100 597 280
64 2.721200 360.455200 609 287
65 2.775400 368.267800 572 291
66 2.871400 375.930800 622 298
67 2.874200 383.834900 651 305
68 2.951700 390.641300 646 307
69 3.002800 398.611700 630 315
70 3.081800 406.764600 636 322
71 3.132100 414.254100 622 329
72 3.219100 421.992300 764 342
73 3.294200 430.601700 657 339
74 3.382000 436.728000 684 350
75 3.396500 444.880400 671 348
76 3.455900 452.978500 720 362
77 3.484000 461.366200 678 367
78 3.449800 468.775500 754 371
79 3.554900 477.025800 782 381
80 3.571000 484.287300 725 382
81 3.625700 492.842800 790 392
82 3.630600 500.244000 835 402
83 3.681300 508.769000 759 403
84 3.742800 516.052500 840 415
85 3.798600 523.575700 933 421
86 3.892000 532.457200 801 423
87 3.937300 540.712100 800 437
88 4.015900 548.419200 859 443
89 4.051000 556.697500 853 450
90 4.088300 565.050400 903 451
91 4.263000 573.747900 932 461
92 4.236600 581.061900 952 468
93 4.390300 590.499300 898 471
94 4.427700 597.475200 928 483
95 4.516100 606.217000 943 489
96 4.485200 615.429600 950 497
97 4.504900 622.805400 955 502
98 4.642200 630.777800 1018 503
99 4.713500 638.836600 1062 513
100 4.807400 647.892300 1009 521
