1 0.009000 0.000000 0 0
101 4.771000 658.645000 931 539
201 10.599000 1572.628000 2147 1315
301 17.109000 2596.692000 3327 2237
401 23.566000 3686.386000 4672 3157
501 31.105000 4810.905000 6402 4198
601 37.698000 5990.411000 7765 5177
701 45.193000 7186.992000 9551 6290
801 52.405000 8425.289000 10696 7436
901 59.991000 9693.521000 13546 8595
1001 68.304000 11005.423000 14326 9709
1101 75.252000 12314.244000 15730 10858
1201 82.407000 13676.355000 17320 12152
1301 92.028000 14978.623000 19613 13213
1401 98.766000 16332.621000 20620 14597
1501 105.392000 17697.921000 22008 15556
1601 114.342000 19102.882000 24632 16752
1701 123.336000 20546.269000 25938 18185
1801 131.255000 21878.193000 29190 19408
1901 139.244000 23328.828000 28499 20536
2001 146.981000 24643.112000 29772 21810
2101 156.617000 26158.389000 32134 23394
2201 164.648000 27576.455000 35884 24541
2301 171.560000 29177.998000 38779 25487
2401 180.789000 30525.380000 42294 27355
2501 190.197000 32043.097000 39215 29110
2601 198.925000 33533.908000 40844 29337
2701 207.228000 35019.306000 41907 31436
2801 217.470000 36479.556000 44971 32815
2901 227.410000 38068.902000 48512 34009
3001 234.788000 39584.107000 49633 34854
3101 242.155000 40961.939000 48017 36994
3201 253.483000 42629.795000 52533 38016
3301 258.948000 43976.047000 52616 39158
3401 268.208000 45660.560000 56706 40888
3501 275.545000 47190.071000 59759 43082
3601 283.989000 48781.710000 61765 43547
3701 295.405000 50179.803000 62849 45117
3801 305.855000 51863.057000 63234 47046
3901 313.168000 53483.019000 64998 48248
4001 325.173000 54891.092000 68341 49339
4101 332.021000 56639.777000 67670 50646
4201 341.982000 58321.755000 72611 52240
4301 350.230000 59767.820000 72308 54170
4401 358.749000 61369.902000 73345 55533
4501 370.252000 62937.223000 76516 56763
4601 372.065000 64437.680000 76479 58095
4701 382.765000 66254.012000 80558 59975
4801 393.427000 67607.826000 83645 60850
4901 398.987000 69349.869000 87329 62574
5001 410.163000 71079.018000 82226 64172
5101 417.734000 72509.733000 87921 65701
5201 426.004000 74336.016000 87906 67324
5301 436.470000 76014.098000 91451 68346
5401 445.249000 77476.536000 94242 70351
5501 454.012000 78973.148000 96187 71695
5601 466.073000 80694.446000 100859 73050
5701 480.132000 82534.371000 97513 73382
5801 483.579000 83791.926000 104473 75653
5901 490.275000 85657.423000 100452 76891
6001 499.616000 87421.358000 102757 79100
6101 522.494000 88858.228000 108237 81427
6201 527.720000 90627.812000 111921 82905
6301 537.001000 92184.493000 114961 83611
6401 538.381000 93760.515000 112593 85785
6501 546.148000 95541.563000 113313 87253
6601 555.859000 97192.821000 116489 88090
6701 566.578000 98945.364000 117002 89917
6801 576.445000 100717.561000 122206 90261
6901 584.246000 102303.761000 125673 92573
7001 595.222000 104125.597000 122768 94577
7101 603.333000 106056.282000 130974 95796
7201 611.353000 107373.467000 132101 98111
7301 621.664000 109304.738000 129857 99514
7401 631.297000 110910.497000 133528 101578
7501 640.646000 112679.639000 129798 101957
7601 649.947000 114496.858000 144570 104076
7701 659.454000 115902.558000 137029 105597
7801 669.158000 117871.805000 145370 106414
7901 678.267000 119201.535000 141018 109241
8001 686.882000 121112.395000 143866 109700
8101 697.696000 122884.282000 165332 111256
8201 707.326000 124623.813000 151041 112267
8301 717.798000 126146.712000 149340 114853
8401 729.616000 128059.409000 152889 116967
8501 735.724000 129752.274000 153245 117925
8601 746.645000 131503.954000 153135 120002
8701 755.107000 132933.114000 160643 121342
8801 764.420000 135066.100000 158025 123306
8901 773.466000 136358.983000 161169 125574
9001 783.824000 138304.967000 163305 124866
9101 793.169000 140322.160000 164199 128403
9201 801.997000 141963.194000 163845 129743
9301 814.543000 143394.489000 166151 130615
9401 822.214000 145497.938000 171150 132055
9501 832.800000 146974.924000 173496 135258
9601 842.389000 148705.758000 173442 136231
9701 850.647000 150792.825000 186617 135717
9801 860.883000 152237.346000 177212 138245
9901 870.514000 153983.062000 180983 140994
10001 881.724000 155932.763000 185002 141793
