1 0.013310 1.000000 1 1
2 0.011495 1.500000 2 1
3 0.013030 1.666667 2 1
4 0.013628 2.000000 3 1
5 0.013910 2.200000 3 1
6 0.013617 2.333333 3 1
7 0.013500 2.428571 3 1
8 0.013955 2.625000 4 1
9 0.014646 2.777778 4 1
10 0.014677 2.900000 4 1
11 0.016408 3.000000 4 1
12 0.015076 3.083333 4 1
13 0.015340 3.153846 4 1
14 0.015336 3.214286 4 1
15 0.015564 3.266667 4 1
16 0.015714 3.375000 5 1
17 0.015987 3.470588 5 1
18 0.016433 3.555556 5 1
19 0.016591 3.631579 5 1
20 0.016553 3.700000 5 1
21 0.016816 3.761905 5 1
22 0.017366 3.818182 5 1
23 0.017557 3.869565 5 1
24 0.017476 3.916667 5 1
25 0.017480 3.960000 5 1
26 0.017011 4.000000 5 1
27 0.016816 4.037037 5 1
28 0.016497 4.071429 5 1
29 0.016467 4.103448 5 1
30 0.016223 4.133333 5 1
31 0.016157 4.161290 5 1
32 0.016752 4.218750 6 1
33 0.016795 4.272727 6 1
34 0.017934 4.323529 6 1
35 0.017971 4.371429 6 1
36 0.018146 4.416667 6 1
37 0.017917 4.459459 6 1
38 0.017624 4.500000 6 1
39 0.017892 4.538462 6 1
40 0.017774 4.575000 6 1
41 0.018173 4.609756 6 1
42 0.017771 4.642857 6 1
43 0.019215 4.674419 6 1
44 0.018899 4.704545 6 1
45 0.018756 4.733333 6 1
46 0.018776 4.760870 6 1
47 0.018670 4.787234 6 1
48 0.018429 4.812500 6 1
49 0.018129 4.836735 6 1
50 0.018226 4.860000 6 1
51 0.018646 4.882353 6 1
52 0.019366 4.903846 6 1
53 0.019047 4.924528 6 1
54 0.019054 4.944444 6 1
55 0.019113 4.963636 6 1
56 0.019131 4.982143 6 1
57 0.019359 5.000000 6 1
58 0.019283 5.017241 6 1
59 0.019419 5.033898 6 1
60 0.019450 5.050000 6 1
61 0.019512 5.065574 6 1
62 0.019919 5.080645 6 1
63 0.019370 5.095238 6 1
64 0.019857 5.125000 7 1
65 0.020074 5.153846 7 1
66 0.019605 5.181818 7 1
67 0.019803 5.208955 7 1
68 0.020169 5.235294 7 1
69 0.019716 5.260870 7 1
70 0.019973 5.285714 7 1
71 0.020000 5.309859 7 1
72 0.020281 5.333333 7 1
73 0.020834 5.356164 7 1
74 0.020538 5.378378 7 1
75 0.021675 5.400000 7 1
76 0.021612 5.421053 7 1
77 0.021050 5.441558 7 1
78 0.021128 5.461538 7 1
79 0.021522 5.481013 7 1
80 0.021673 5.500000 7 1
81 0.022584 5.518519 7 1
82 0.021706 5.536585 7 1
83 0.021741 5.554217 7 1
84 0.022119 5.571429 7 1
85 0.021936 5.588235 7 1
86 0.022396 5.604651 7 1
87 0.022698 5.620690 7 1
88 0.022707 5.636364 7 1
89 0.022877 5.651685 7 1
90 0.022732 5.666667 7 1
91 0.023598 5.681319 7 1
92 0.025229 5.695652 7 1
93 0.025956 5.709677 7 1
94 0.025539 5.723404 7 1
95 0.024389 5.736842 7 1
96 0.023537 5.750000 7 1
97 0.022938 5.762887 7 1
98 0.022595 5.775510 7 1
99 0.022820 5.787879 7 1
100 0.022466 5.800000 7 1
101 0.023247 5.811881 7 1
