1 0.020000 1.000000 1 1
101 0.026931 5.811881 7 1
201 0.038010 6.771144 8 1
301 0.049867 7.332226 9 1
401 0.059377 7.748130 9 1
501 0.064711 7.998004 9 1
601 0.061348 8.314476 10 1
701 0.065407 8.554922 10 1
801 0.067528 8.735331 10 1
901 0.066770 8.875694 10 1
1001 0.062028 8.988012 10 1
1101 0.059619 9.150772 11 1
1201 0.057960 9.304746 11 1
1301 0.059062 9.435050 11 1
1401 0.058094 9.546752 11 1
1501 0.061419 9.643571 11 1
1601 0.063061 9.728295 11 1
1701 0.063445 9.803057 11 1
1801 0.064087 9.869517 11 1
1901 0.064982 9.928985 11 1
2001 0.065507 9.982509 11 1
2101 0.066040 10.056640 12 1
2201 0.065470 10.144934 12 1
2301 0.061904 10.225554 12 1
2401 0.061787 10.299459 12 1
2501 0.061615 10.367453 12 1
2601 0.062887 10.430219 12 1
2701 0.063210 10.488338 12 1
2801 0.062231 10.542306 12 1
2901 0.063661 10.592554 12 1
3001 0.069507 10.639454 12 1
3101 0.064057 10.683328 12 1
3201 0.064067 10.724461 12 1
3301 0.067074 10.763102 12 1
3401 0.066601 10.799471 12 1
3501 0.065413 10.833762 12 1
3601 0.065465 10.866148 12 1
3701 0.066563 10.896785 12 1
3801 0.066654 10.925809 12 1
3901 0.066091 10.953345 12 1
4001 0.066758 10.979505 12 1
4101 0.066654 11.005852 13 1
4201 0.067065 11.053321 13 1
4301 0.067617 11.098582 13 1
4401 0.067053 11.141786 13 1
4501 0.067454 11.183070 13 1
4601 0.067142 11.222560 13 1
4701 0.067150 11.260370 13 1
4801 0.067248 11.296605 13 1
4901 0.068102 11.331361 13 1
5001 0.069150 11.364727 13 1
5101 0.069710 11.396785 13 1
5201 0.067237 11.427610 13 1
5301 0.067429 11.457272 13 1
5401 0.071615 11.485836 13 1
5501 0.081122 11.513361 13 1
5601 0.076793 11.539904 13 1
5701 0.079300 11.565515 13 1
5801 0.076177 11.590243 13 1
5901 0.080759 11.614133 13 1
6001 0.075909 11.637227 13 1
6101 0.076235 11.659564 13 1
6201 0.075322 11.681180 13 1
6301 0.074648 11.702111 13 1
6401 0.081359 11.722387 13 1
6501 0.079034 11.742040 13 1
6601 0.081166 11.761097 13 1
6701 0.075644 11.779585 13 1
6801 0.074155 11.797530 13 1
6901 0.074412 11.814954 13 1
7001 0.076275 11.831881 13 1
7101 0.080315 11.848331 13 1
7201 0.072700 11.864324 13 1
7301 0.072961 11.879879 13 1
7401 0.073600 11.895014 13 1
7501 0.073066 11.909745 13 1
7601 0.073946 11.924089 13 1
7701 0.077751 11.938060 13 1
7801 0.077684 11.951673 13 1
7901 0.074137 11.964941 13 1
8001 0.073091 11.977878 13 1
8101 0.071168 11.990495 13 1
8201 0.072874 12.004024 14 1
8301 0.072203 12.028069 14 1
8401 0.070542 12.051541 14 1
8501 0.072504 12.074462 14 1
8601 0.070167 12.096849 14 1
8701 0.070067 12.118722 14 1
8801 0.073202 12.140098 14 1
8901 0.077983 12.160993 14 1
9001 0.077706 12.181424 14 1
9101 0.071962 12.201406 14 1
9201 0.074352 12.220954 14 1
9301 0.071175 12.240082 14 1
9401 0.073025 12.258802 14 1
9501 0.075053 12.277129 14 1
9601 0.072746 12.295073 14 1
9701 0.072698 12.312648 14 1
9801 0.082304 12.329864 14 1
9901 0.071832 12.346733 14 1
10001 0.070993 12.363264 14 1
10101 0.076795 12.379467 14 1
10201 0.072346 12.395353 14 1
10301 0.071360 12.410931 14 1
10401 0.082520 12.426209 14 1
10501 0.077888 12.441196 14 1
10601 0.078196 12.455900 14 1
10701 0.082855 12.470330 14 1
10801 0.079665 12.484492 14 1
10901 0.077689 12.498395 14 1
11001 0.080761 12.512044 14 1
11101 0.077691 12.525448 14 1
11201 0.085246 12.538613 14 1
11301 0.079735 12.551544 14 1
11401 0.074876 12.564249 14 1
11501 0.076504 12.576732 14 1
11601 0.075022 12.589001 14 1
11701 0.071990 12.601060 14 1
11801 0.070391 12.612914 14 1
11901 0.067278 12.624569 14 1
12001 0.067155 12.636030 14 1
12101 0.073019 12.647302 14 1
12201 0.078220 12.658389 14 1
12301 0.074539 12.669295 14 1
12401 0.069575 12.680026 14 1
12501 0.067907 12.690585 14 1
12601 0.068803 12.700976 14 1
12701 0.072760 12.711204 14 1
12801 0.072739 12.721272 14 1
12901 0.073363 12.731184 14 1
13001 0.072303 12.740943 14 1
13101 0.072345 12.750553 14 1
13201 0.069337 12.760018 14 1
13301 0.070093 12.769341 14 1
13401 0.069347 12.778524 14 1
13501 0.071789 12.787571 14 1
13601 0.070723 12.796486 14 1
13701 0.078029 12.805270 14 1
13801 0.071592 12.813927 14 1
13901 0.070409 12.822459 14 1
14001 0.071783 12.830869 14 1
14101 0.070372 12.839160 14 1
14201 0.069784 12.847335 14 1
14301 0.070084 12.855395 14 1
14401 0.071630 12.863343 14 1
14501 0.079810 12.871181 14 1
14601 0.072695 12.878912 14 1
14701 0.071791 12.886538 14 1
14801 0.076430 12.894061 14 1
14901 0.077215 12.901483 14 1
15001 0.073848 12.908806 14 1
15101 0.070983 12.916032 14 1
15201 0.072052 12.923163 14 1
15301 0.072651 12.930201 14 1
15401 0.071046 12.937147 14 1
15501 0.073448 12.944004 14 1
15601 0.071870 12.950772 14 1
15701 0.074128 12.957455 14 1
15801 0.070940 12.964053 14 1
15901 0.072255 12.970568 14 1
16001 0.073102 12.977001 14 1
16101 0.073081 12.983355 14 1
16201 0.077006 12.989630 14 1
16301 0.073202 12.995828 14 1
16401 0.079821 13.003049 15 1
16501 0.080682 13.015151 15 1
16601 0.078923 13.027107 15 1
16701 0.080579 13.038920 15 1
16801 0.076966 13.050592 15 1
16901 0.076754 13.062127 15 1
17001 0.082405 13.073525 15 1
17101 0.076803 13.084790 15 1
17201 0.075864 13.095925 15 1
17301 0.079036 13.106930 15 1
17401 0.074851 13.117809 15 1
17501 0.073807 13.128564 15 1
17601 0.078918 13.139197 15 1
17701 0.082670 13.149709 15 1
17801 0.080583 13.160103 15 1
17901 0.077656 13.170382 15 1
18001 0.077632 13.180546 15 1
18101 0.080056 13.190597 15 1
18201 0.078000 13.200538 15 1
18301 0.086395 13.210371 15 1
18401 0.080064 13.220097 15 1
18501 0.078435 13.229717 15 1
18601 0.079652 13.239234 15 1
18701 0.081879 13.248650 15 1
18801 0.075861 13.257965 15 1
18901 0.072328 13.267182 15 1
19001 0.072169 13.276301 15 1
19101 0.077827 13.285325 15 1
19201 0.075302 13.294256 15 1
19301 0.077949 13.303093 15 1
19401 0.075482 13.311840 15 1
19501 0.077111 13.320496 15 1
19601 0.077423 13.329065 15 1
19701 0.076821 13.337546 15 1
19801 0.076082 13.345942 15 1
19901 0.079106 13.354254 15 1
20001 0.074312 13.362482 15 1
20101 0.073552 13.370628 15 1
20201 0.072338 13.378694 15 1
20301 0.072844 13.386680 15 1
20401 0.075082 13.394589 15 1
20501 0.075839 13.402419 15 1
20601 0.078610 13.410174 15 1
20701 0.079399 13.417854 15 1
20801 0.076396 13.425460 15 1
20901 0.077715 13.432994 15 1
21001 0.075615 13.440455 15 1
21101 0.082413 13.447846 15 1
21201 0.082284 13.455167 15 1
21301 0.084927 13.462420 15 1
21401 0.079256 13.469604 15 1
21501 0.078748 13.476722 15 1
21601 0.075876 13.483774 15 1
21701 0.071837 13.490761 15 1
21801 0.072648 13.497684 15 1
21901 0.073730 13.504543 15 1
22001 0.071996 13.511340 15 1
22101 0.071972 13.518076 15 1
22201 0.073125 13.524751 15 1
22301 0.071969 13.531366 15 1
22401 0.072095 13.537922 15 1
22501 0.073472 13.544420 15 1
22601 0.073966 13.550861 15 1
22701 0.076661 13.557244 15 1
22801 0.074743 13.563572 15 1
22901 0.075006 13.569844 15 1
23001 0.077382 13.576062 15 1
23101 0.076280 13.582226 15 1
23201 0.077729 13.588337 15 1
23301 0.080227 13.594395 15 1
23401 0.078433 13.600402 15 1
23501 0.087256 13.606357 15 1
23601 0.084207 13.612262 15 1
23701 0.079758 13.618117 15 1
23801 0.079811 13.623923 15 1
23901 0.083145 13.629681 15 1
24001 0.079737 13.635390 15 1
24101 0.078044 13.641052 15 1
24201 0.076069 13.646667 15 1
24301 0.076207 13.652237 15 1
24401 0.077437 13.657760 15 1
24501 0.076400 13.663238 15 1
24601 0.080329 13.668672 15 1
24701 0.084733 13.674062 15 1
24801 0.080586 13.679408 15 1
24901 0.073386 13.684711 15 1
25001 0.080392 13.689972 15 1
25101 0.076269 13.695191 15 1
25201 0.080203 13.700369 15 1
25301 0.075971 13.705506 15 1
25401 0.078265 13.710602 15 1
25501 0.076779 13.715658 15 1
25601 0.075960 13.720675 15 1
25701 0.081296 13.725653 15 1
25801 0.078146 13.730592 15 1
25901 0.077429 13.735493 15 1
26001 0.086962 13.740356 15 1
26101 0.086776 13.745182 15 1
26201 0.085980 13.749971 15 1
26301 0.087659 13.754724 15 1
26401 0.088564 13.759441 15 1
26501 0.083520 13.764122 15 1
26601 0.079646 13.768768 15 1
26701 0.080938 13.773379 15 1
26801 0.081100 13.777956 15 1
26901 0.076497 13.782499 15 1
27001 0.087530 13.787008 15 1
27101 0.079672 13.791484 15 1
27201 0.083723 13.795927 15 1
27301 0.090049 13.800337 15 1
27401 0.079429 13.804715 15 1
27501 0.076700 13.809061 15 1
27601 0.077953 13.813376 15 1
27701 0.078553 13.817660 15 1
27801 0.078482 13.821913 15 1
27901 0.084174 13.826135 15 1
28001 0.085374 13.830327 15 1
28101 0.078256 13.834490 15 1
28201 0.086823 13.838623 15 1
28301 0.088168 13.842726 15 1
28401 0.088624 13.846801 15 1
28501 0.085622 13.850847 15 1
28601 0.081430 13.854865 15 1
28701 0.078096 13.858855 15 1
28801 0.079663 13.862817 15 1
28901 0.078784 13.866752 15 1
29001 0.078750 13.870660 15 1
29101 0.079811 13.874540 15 1
29201 0.081760 13.878395 15 1
29301 0.082784 13.882222 15 1
29401 0.079482 13.886024 15 1
29501 0.082939 13.889800 15 1
29601 0.076009 13.893551 15 1
29701 0.075984 13.897276 15 1
29801 0.075117 13.900976 15 1
29901 0.075018 13.904652 15 1
30001 0.075122 13.908303 15 1
30101 0.076811 13.911930 15 1
30201 0.078892 13.915533 15 1
30301 0.079130 13.919112 15 1
30401 0.080622 13.922667 15 1
30501 0.079648 13.926199 15 1
30601 0.079834 13.929708 15 1
30701 0.080364 13.933194 15 1
30801 0.079463 13.936658 15 1
30901 0.079814 13.940099 15 1
31001 0.080902 13.943518 15 1
31101 0.081603 13.946915 15 1
31201 0.078798 13.950290 15 1
31301 0.079852 13.953644 15 1
31401 0.081397 13.956976 15 1
31501 0.086207 13.960287 15 1
31601 0.083322 13.963577 15 1
31701 0.081242 13.966846 15 1
31801 0.079717 13.970095 15 1
31901 0.087199 13.973324 15 1
32001 0.086145 13.976532 15 1
32101 0.088152 13.979720 15 1
32201 0.085913 13.982889 15 1
32301 0.084696 13.986038 15 1
32401 0.078920 13.989167 15 1
32501 0.084871 13.992277 15 1
32601 0.079928 13.995368 15 1
32701 0.079075 13.998440 15 1
32801 0.080283 14.002530 16 1
32901 0.081966 14.008602 16 1
33001 0.080943 14.014636 16 1
33101 0.082122 14.020634 16 1
33201 0.081589 14.026596 16 1
33301 0.080322 14.032522 16 1
33401 0.080047 14.038412 16 1
33501 0.079436 14.044267 16 1
33601 0.080689 14.050088 16 1
33701 0.079423 14.055874 16 1
33801 0.084632 14.061625 16 1
33901 0.082892 14.067343 16 1
34001 0.083798 14.073027 16 1
34101 0.081836 14.078678 16 1
34201 0.083095 14.084296 16 1
34301 0.081450 14.089881 16 1
34401 0.079891 14.095433 16 1
34501 0.092733 14.100954 16 1
34601 0.081706 14.106442 16 1
34701 0.080179 14.111899 16 1
34801 0.084167 14.117324 16 1
34901 0.085540 14.122719 16 1
35001 0.083488 14.128082 16 1
35101 0.082875 14.133415 16 1
35201 0.080720 14.138718 16 1
35301 0.080606 14.143990 16 1
35401 0.083965 14.149233 16 1
35501 0.080451 14.154446 16 1
35601 0.080272 14.159630 16 1
35701 0.086168 14.164785 16 1
35801 0.084032 14.169911 16 1
35901 0.087735 14.175009 16 1
36001 0.081969 14.180078 16 1
36101 0.079655 14.185120 16 1
36201 0.081495 14.190133 16 1
36301 0.078569 14.195119 16 1
36401 0.081191 14.200077 16 1
36501 0.077049 14.205008 16 1
36601 0.080417 14.209912 16 1
36701 0.083522 14.214790 16 1
36801 0.083691 14.219641 16 1
36901 0.079724 14.224465 16 1
37001 0.084447 14.229264 16 1
37101 0.082086 14.234037 16 1
37201 0.082107 14.238784 16 1
37301 0.084018 14.243506 16 1
37401 0.081426 14.248202 16 1
37501 0.085539 14.252873 16 1
37601 0.086163 14.257520 16 1
37701 0.085536 14.262142 16 1
37801 0.082419 14.266739 16 1
37901 0.079427 14.271312 16 1
38001 0.088705 14.275861 16 1
38101 0.087713 14.280386 16 1
38201 0.087703 14.284888 16 1
38301 0.085526 14.289366 16 1
38401 0.084358 14.293820 16 1
38501 0.088216 14.298252 16 1
38601 0.086524 14.302661 16 1
38701 0.086579 14.307046 16 1
38801 0.082207 14.311409 16 1
38901 0.079545 14.315750 16 1
39001 0.079411 14.320069 16 1
39101 0.085478 14.324365 16 1
39201 0.083800 14.328640 16 1
39301 0.079991 14.332892 16 1
39401 0.083619 14.337123 16 1
39501 0.079390 14.341333 16 1
39601 0.080763 14.345522 16 1
39701 0.079262 14.349689 16 1
39801 0.078443 14.353835 16 1
39901 0.080158 14.357961 16 1
40001 0.077723 14.362066 16 1
40101 0.081241 14.366150 16 1
40201 0.080609 14.370215 16 1
40301 0.077264 14.374259 16 1
40401 0.078167 14.378283 16 1
40501 0.076770 14.382287 16 1
40601 0.076749 14.386271 16 1
40701 0.077175 14.390236 16 1
40801 0.076207 14.394182 16 1
40901 0.076261 14.398108 16 1
41001 0.078235 14.402015 16 1
41101 0.076404 14.405903 16 1
41201 0.080537 14.409772 16 1
41301 0.080006 14.413622 16 1
41401 0.079548 14.417454 16 1
41501 0.078930 14.421267 16 1
41601 0.079487 14.425062 16 1
41701 0.082401 14.428839 16 1
41801 0.080349 14.432597 16 1
41901 0.081542 14.436338 16 1
42001 0.080112 14.440061 16 1
42101 0.081835 14.443766 16 1
42201 0.083503 14.447454 16 1
42301 0.079957 14.451124 16 1
42401 0.081475 14.454777 16 1
42501 0.079981 14.458413 16 1
42601 0.079100 14.462031 16 1
42701 0.080888 14.465633 16 1
42801 0.080443 14.469218 16 1
42901 0.078326 14.472786 16 1
43001 0.079404 14.476338 16 1
43101 0.078937 14.479873 16 1
43201 0.078558 14.483392 16 1
43301 0.080194 14.486894 16 1
43401 0.080297 14.490380 16 1
43501 0.080330 14.493851 16 1
43601 0.080959 14.497305 16 1
43701 0.088470 14.500744 16 1
43801 0.086127 14.504167 16 1
43901 0.081483 14.507574 16 1
44001 0.088574 14.510966 16 1
44101 0.086945 14.514342 16 1
44201 0.088256 14.517703 16 1
44301 0.086899 14.521049 16 1
44401 0.082019 14.524380 16 1
44501 0.080818 14.527696 16 1
44601 0.080005 14.530997 16 1
44701 0.084709 14.534283 16 1
44801 0.082667 14.537555 16 1
44901 0.080526 14.540812 16 1
45001 0.080279 14.544055 16 1
45101 0.082361 14.547283 16 1
45201 0.085515 14.550497 16 1
45301 0.080779 14.553696 16 1
45401 0.085289 14.556882 16 1
45501 0.080715 14.560054 16 1
45601 0.082796 14.563211 16 1
45701 0.082582 14.566355 16 1
45801 0.080557 14.569485 16 1
45901 0.080028 14.572602 16 1
46001 0.079776 14.575705 16 1
46101 0.080442 14.578794 16 1
46201 0.080288 14.581871 16 1
46301 0.080113 14.584933 16 1
46401 0.079267 14.587983 16 1
46501 0.081114 14.591020 16 1
46601 0.080707 14.594043 16 1
46701 0.080966 14.597054 16 1
46801 0.081171 14.600051 16 1
46901 0.080500 14.603036 16 1
47001 0.081172 14.606008 16 1
47101 0.080214 14.608968 16 1
47201 0.080175 14.611915 16 1
47301 0.080088 14.614850 16 1
47401 0.080468 14.617772 16 1
47501 0.080761 14.620682 16 1
47601 0.080334 14.623579 16 1
47701 0.080336 14.626465 16 1
47801 0.080427 14.629338 16 1
47901 0.080143 14.632200 16 1
48001 0.081290 14.635049 16 1
48101 0.080985 14.637887 16 1
48201 0.080571 14.640713 16 1
48301 0.080026 14.643527 16 1
48401 0.080795 14.646330 16 1
48501 0.078447 14.649121 16 1
48601 0.078170 14.651900 16 1
48701 0.077268 14.654668 16 1
48801 0.078180 14.657425 16 1
48901 0.079215 14.660171 16 1
49001 0.078540 14.662905 16 1
49101 0.080941 14.665628 16 1
49201 0.078632 14.668340 16 1
49301 0.080366 14.671041 16 1
49401 0.082031 14.673731 16 1
49501 0.086822 14.676411 16 1
49601 0.087882 14.679079 16 1
49701 0.086098 14.681737 16 1
49801 0.082415 14.684384 16 1
49901 0.089517 14.687020 16 1
50001 0.085086 14.689646 16 1
50101 0.084454 14.692262 16 1
50201 0.084497 14.694867 16 1
50301 0.084793 14.697461 16 1
50401 0.084503 14.700046 16 1
50501 0.081315 14.702620 16 1
50601 0.085582 14.705184 16 1
50701 0.089093 14.707738 16 1
50801 0.095895 14.710281 16 1
50901 0.088990 14.712815 16 1
51001 0.085382 14.715339 16 1
51101 0.081450 14.717853 16 1
51201 0.090067 14.720357 16 1
51301 0.088499 14.722851 16 1
51401 0.085178 14.725336 16 1
51501 0.082722 14.727811 16 1
51601 0.085699 14.730277 16 1
51701 0.084643 14.732732 16 1
51801 0.085322 14.735179 16 1
51901 0.088292 14.737616 16 1
52001 0.088582 14.740043 16 1
52101 0.087931 14.742462 16 1
52201 0.091399 14.744871 16 1
52301 0.091108 14.747271 16 1
52401 0.087287 14.749661 16 1
52501 0.088631 14.752043 16 1
52601 0.090343 14.754415 16 1
52701 0.088652 14.756779 16 1
52801 0.088610 14.759133 16 1
52901 0.085994 14.761479 16 1
53001 0.079846 14.763816 16 1
53101 0.080914 14.766144 16 1
53201 0.079551 14.768463 16 1
53301 0.081720 14.770774 16 1
53401 0.079524 14.773075 16 1
53501 0.079971 14.775369 16 1
53601 0.079050 14.777653 16 1
53701 0.078781 14.779930 16 1
53801 0.080989 14.782197 16 1
53901 0.082284 14.784457 16 1
54001 0.082961 14.786708 16 1
54101 0.082558 14.788950 16 1
54201 0.082999 14.791185 16 1
54301 0.081043 14.793411 16 1
54401 0.080748 14.795629 16 1
54501 0.081128 14.797839 16 1
54601 0.081222 14.800040 16 1
54701 0.081311 14.802234 16 1
54801 0.080811 14.804420 16 1
54901 0.081573 14.806597 16 1
55001 0.078697 14.808767 16 1
55101 0.078714 14.810929 16 1
55201 0.079106 14.813083 16 1
55301 0.079193 14.815229 16 1
55401 0.079863 14.817368 16 1
55501 0.081368 14.819499 16 1
55601 0.082010 14.821622 16 1
55701 0.081654 14.823737 16 1
55801 0.081676 14.825845 16 1
55901 0.081121 14.827946 16 1
56001 0.081716 14.830039 16 1
56101 0.081203 14.832124 16 1
56201 0.081180 14.834202 16 1
56301 0.080355 14.836273 16 1
56401 0.081242 14.838336 16 1
56501 0.081278 14.840392 16 1
56601 0.081979 14.842441 16 1
56701 0.081490 14.844482 16 1
56801 0.081509 14.846517 16 1
56901 0.081513 14.848544 16 1
57001 0.081940 14.850564 16 1
57101 0.081453 14.852577 16 1
57201 0.081158 14.854583 16 1
57301 0.084046 14.856582 16 1
57401 0.082025 14.858574 16 1
57501 0.081889 14.860559 16 1
57601 0.081291 14.862537 16 1
57701 0.082146 14.864508 16 1
57801 0.080249 14.866473 16 1
57901 0.079616 14.868431 16 1
58001 0.079956 14.870382 16 1
58101 0.079110 14.872326 16 1
58201 0.082672 14.874263 16 1
58301 0.079414 14.876194 16 1
58401 0.079214 14.878119 16 1
58501 0.079731 14.880036 16 1
58601 0.080762 14.881947 16 1
58701 0.090215 14.883852 16 1
58801 0.087904 14.885750 16 1
58901 0.086942 14.887642 16 1
59001 0.083369 14.889527 16 1
59101 0.089558 14.891406 16 1
59201 0.091292 14.893279 16 1
59301 0.090327 14.895145 16 1
59401 0.089761 14.897005 16 1
59501 0.087232 14.898859 16 1
59601 0.086039 14.900706 16 1
59701 0.084132 14.902548 16 1
59801 0.083298 14.904383 16 1
59901 0.085055 14.906212 16 1
60001 0.084072 14.908035 16 1
60101 0.082162 14.909852 16 1
60201 0.083895 14.911663 16 1
60301 0.083662 14.913467 16 1
60401 0.090862 14.915266 16 1
60501 0.089472 14.917059 16 1
60601 0.086720 14.918846 16 1
60701 0.089641 14.920627 16 1
60801 0.088132 14.922403 16 1
60901 0.085722 14.924172 16 1
61001 0.090295 14.925936 16 1
61101 0.086283 14.927693 16 1
61201 0.085819 14.929446 16 1
61301 0.083759 14.931192 16 1
61401 0.084974 14.932933 16 1
61501 0.083252 14.934668 16 1
61601 0.083523 14.936397 16 1
61701 0.079878 14.938121 16 1
61801 0.081977 14.939839 16 1
61901 0.084618 14.941552 16 1
62001 0.084489 14.943259 16 1
62101 0.084852 14.944961 16 1
62201 0.083947 14.946657 16 1
62301 0.080602 14.948348 16 1
62401 0.084855 14.950033 16 1
62501 0.081929 14.951713 16 1
62601 0.080131 14.953387 16 1
62701 0.082086 14.955057 16 1
62801 0.083279 14.956720 16 1
62901 0.081373 14.958379 16 1
63001 0.080126 14.960032 16 1
63101 0.081731 14.961680 16 1
63201 0.089037 14.963323 16 1
63301 0.087530 14.964961 16 1
63401 0.087173 14.966594 16 1
63501 0.090497 14.968221 16 1
63601 0.087818 14.969843 16 1
63701 0.090171 14.971460 16 1
63801 0.084211 14.973073 16 1
63901 0.087438 14.974680 16 1
64001 0.084647 14.976282 16 1
64101 0.084196 14.977879 16 1
64201 0.084160 14.979471 16 1
64301 0.084154 14.981058 16 1
64401 0.080276 14.982640 16 1
64501 0.080286 14.984217 16 1
64601 0.080089 14.985790 16 1
64701 0.081201 14.987357 16 1
64801 0.080564 14.988920 16 1
64901 0.080663 14.990478 16 1
65001 0.080871 14.992031 16 1
65101 0.080457 14.993579 16 1
65201 0.079873 14.995123 16 1
65301 0.080510 14.996662 16 1
65401 0.080892 14.998196 16 1
65501 0.080380 14.999725 16 1
65601 0.079856 15.002256 17 1
65701 0.080239 15.005297 17 1
65801 0.080308 15.008328 17 1
65901 0.079586 15.011350 17 1
66001 0.082981 15.014363 17 1
66101 0.081081 15.017367 17 1
66201 0.082185 15.020362 17 1
66301 0.084656 15.023348 17 1
66401 0.084775 15.026325 17 1
66501 0.084742 15.029293 17 1
66601 0.086779 15.032252 17 1
66701 0.089137 15.035202 17 1
66801 0.084833 15.038143 17 1
66901 0.090728 15.041076 17 1
67001 0.085978 15.043999 17 1
67101 0.090520 15.046914 17 1
67201 0.091560 15.049821 17 1
67301 0.090520 15.052718 17 1
67401 0.090981 15.055607 17 1
67501 0.088137 15.058488 17 1
67601 0.091286 15.061360 17 1
67701 0.085947 15.064224 17 1
67801 0.084284 15.067079 17 1
67901 0.090042 15.069925 17 1
68001 0.086324 15.072764 17 1
68101 0.082078 15.075594 17 1
68201 0.089629 15.078415 17 1
68301 0.090313 15.081229 17 1
68401 0.085314 15.084034 17 1
68501 0.088117 15.086831 17 1
68601 0.080960 15.089620 17 1
68701 0.086926 15.092400 17 1
68801 0.085447 15.095173 17 1
68901 0.086917 15.097938 17 1
69001 0.091634 15.100694 17 1
69101 0.086995 15.103443 17 1
69201 0.086619 15.106183 17 1
69301 0.083626 15.108916 17 1
69401 0.084235 15.111641 17 1
69501 0.087866 15.114358 17 1
69601 0.094636 15.117067 17 1
69701 0.090994 15.119769 17 1
69801 0.089037 15.122462 17 1
69901 0.089685 15.125148 17 1
70001 0.091190 15.127827 17 1
70101 0.085910 15.130497 17 1
70201 0.086935 15.133160 17 1
70301 0.085230 15.135816 17 1
70401 0.086318 15.138464 17 1
70501 0.086801 15.141104 17 1
70601 0.087151 15.143737 17 1
70701 0.092121 15.146363 17 1
70801 0.093253 15.148981 17 1
70901 0.088230 15.151592 17 1
71001 0.089997 15.154195 17 1
71101 0.094736 15.156791 17 1
71201 0.086866 15.159380 17 1
71301 0.087406 15.161961 17 1
71401 0.087541 15.164536 17 1
71501 0.084725 15.167103 17 1
71601 0.082830 15.169662 17 1
71701 0.082673 15.172215 17 1
71801 0.083918 15.174761 17 1
71901 0.084053 15.177299 17 1
72001 0.089014 15.179831 17 1
72101 0.085349 15.182355 17 1
72201 0.089471 15.184873 17 1
72301 0.090412 15.187383 17 1
72401 0.085088 15.189887 17 1
72501 0.086862 15.192384 17 1
72601 0.088224 15.194873 17 1
72701 0.086870 15.197356 17 1
72801 0.088607 15.199832 17 1
72901 0.090932 15.202302 17 1
73001 0.083411 15.204764 17 1
73101 0.085969 15.207220 17 1
73201 0.081926 15.209669 17 1
73301 0.084709 15.212112 17 1
73401 0.080688 15.214547 17 1
73501 0.083005 15.216977 17 1
73601 0.082652 15.219399 17 1
73701 0.084137 15.221815 17 1
73801 0.083399 15.224225 17 1
73901 0.086057 15.226628 17 1
74001 0.086258 15.229024 17 1
74101 0.083289 15.231414 17 1
74201 0.082831 15.233797 17 1
74301 0.084264 15.236174 17 1
74401 0.084808 15.238545 17 1
74501 0.085203 15.240910 17 1
74601 0.084611 15.243268 17 1
74701 0.084483 15.245619 17 1
74801 0.084487 15.247965 17 1
74901 0.084673 15.250304 17 1
75001 0.090329 15.252637 17 1
75101 0.082573 15.254963 17 1
75201 0.081722 15.257284 17 1
75301 0.090096 15.259598 17 1
75401 0.093166 15.261906 17 1
75501 0.089487 15.264208 17 1
75601 0.091150 15.266504 17 1
75701 0.089629 15.268794 17 1
75801 0.085526 15.271078 17 1
75901 0.085158 15.273356 17 1
76001 0.083417 15.275628 17 1
76101 0.091379 15.277894 17 1
76201 0.089328 15.280154 17 1
76301 0.087421 15.282408 17 1
76401 0.085049 15.284656 17 1
76501 0.083656 15.286898 17 1
76601 0.090187 15.289135 17 1
76701 0.087096 15.291365 17 1
76801 0.090830 15.293590 17 1
76901 0.089933 15.295809 17 1
77001 0.087413 15.298022 17 1
77101 0.085278 15.300230 17 1
77201 0.083432 15.302431 17 1
77301 0.082280 15.304627 17 1
77401 0.083253 15.306818 17 1
77501 0.083880 15.309002 17 1
77601 0.080049 15.311182 17 1
77701 0.080953 15.313355 17 1
77801 0.080652 15.315523 17 1
77901 0.081743 15.317685 17 1
78001 0.082578 15.319842 17 1
78101 0.080743 15.321993 17 1
78201 0.079998 15.324139 17 1
78301 0.081402 15.326279 17 1
78401 0.083217 15.328414 17 1
78501 0.082900 15.330544 17 1
78601 0.083231 15.332668 17 1
78701 0.083226 15.334786 17 1
78801 0.080500 15.336899 17 1
78901 0.080582 15.339007 17 1
79001 0.081514 15.341110 17 1
79101 0.080896 15.343207 17 1
79201 0.083245 15.345299 17 1
79301 0.082999 15.347385 17 1
79401 0.082720 15.349467 17 1
79501 0.082632 15.351543 17 1
79601 0.083047 15.353614 17 1
79701 0.082438 15.355679 17 1
79801 0.082657 15.357740 17 1
79901 0.083006 15.359795 17 1
80001 0.082857 15.361845 17 1
80101 0.082889 15.363891 17 1
80201 0.086296 15.365931 17 1
80301 0.083516 15.367966 17 1
80401 0.084331 15.369995 17 1
80501 0.092778 15.372020 17 1
80601 0.087912 15.374040 17 1
80701 0.082391 15.376055 17 1
80801 0.086388 15.378065 17 1
80901 0.092247 15.380069 17 1
81001 0.087840 15.382069 17 1
81101 0.090398 15.384064 17 1
81201 0.085882 15.386054 17 1
81301 0.089966 15.388040 17 1
81401 0.089880 15.390020 17 1
81501 0.084602 15.391995 17 1
81601 0.089156 15.393966 17 1
81701 0.081845 15.395932 17 1
81801 0.086690 15.397892 17 1
81901 0.088085 15.399849 17 1
82001 0.086761 15.401800 17 1
82101 0.086440 15.403747 17 1
82201 0.083128 15.405688 17 1
82301 0.082988 15.407626 17 1
82401 0.083321 15.409558 17 1
82501 0.084495 15.411486 17 1
82601 0.083784 15.413409 17 1
82701 0.089785 15.415328 17 1
82801 0.087304 15.417241 17 1
82901 0.082502 15.419151 17 1
83001 0.084944 15.421055 17 1
83101 0.082445 15.422955 17 1
83201 0.085461 15.424851 17 1
83301 0.081075 15.426742 17 1
83401 0.081621 15.428628 17 1
83501 0.080380 15.430510 17 1
83601 0.081450 15.432387 17 1
83701 0.085767 15.434260 17 1
83801 0.083169 15.436128 17 1
83901 0.085946 15.437992 17 1
84001 0.083432 15.439852 17 1
84101 0.081560 15.441707 17 1
84201 0.082728 15.443558 17 1
84301 0.089104 15.445404 17 1
84401 0.089528 15.447246 17 1
84501 0.086436 15.449083 17 1
84601 0.087567 15.450917 17 1
84701 0.091492 15.452746 17 1
84801 0.093130 15.454570 17 1
84901 0.091354 15.456390 17 1
85001 0.090089 15.458206 17 1
85101 0.094846 15.460018 17 1
85201 0.088360 15.461826 17 1
85301 0.085791 15.463629 17 1
85401 0.086988 15.465428 17 1
85501 0.087663 15.467223 17 1
85601 0.081202 15.469013 17 1
85701 0.081651 15.470800 17 1
85801 0.080817 15.472582 17 1
85901 0.085188 15.474360 17 1
86001 0.084225 15.476134 17 1
86101 0.083314 15.477904 17 1
86201 0.085812 15.479670 17 1
86301 0.081040 15.481431 17 1
86401 0.086965 15.483189 17 1
86501 0.086708 15.484942 17 1
86601 0.083195 15.486692 17 1
86701 0.084997 15.488437 17 1
86801 0.083996 15.490179 17 1
86901 0.088786 15.491916 17 1
87001 0.085216 15.493649 17 1
87101 0.085468 15.495379 17 1
87201 0.084789 15.497104 17 1
87301 0.083972 15.498826 17 1
87401 0.083785 15.500543 17 1
87501 0.081760 15.502257 17 1
87601 0.082776 15.503967 17 1
87701 0.084583 15.505673 17 1
87801 0.084400 15.507375 17 1
87901 0.084495 15.509073 17 1
88001 0.085724 15.510767 17 1
88101 0.082505 15.512457 17 1
88201 0.087532 15.514144 17 1
88301 0.086956 15.515827 17 1
88401 0.086953 15.517505 17 1
88501 0.086198 15.519181 17 1
88601 0.086277 15.520852 17 1
88701 0.085236 15.522519 17 1
88801 0.083099 15.524183 17 1
88901 0.083519 15.525843 17 1
89001 0.084192 15.527500 17 1
89101 0.084292 15.529152 17 1
89201 0.081994 15.530801 17 1
89301 0.082928 15.532446 17 1
89401 0.084922 15.534088 17 1
89501 0.083375 15.535726 17 1
89601 0.086802 15.537360 17 1
89701 0.084536 15.538991 17 1
89801 0.083312 15.540618 17 1
89901 0.086278 15.542241 17 1
90001 0.085955 15.543861 17 1
90101 0.084528 15.545477 17 1
90201 0.091790 15.547089 17 1
90301 0.088794 15.548698 17 1
90401 0.088873 15.550304 17 1
90501 0.085942 15.551906 17 1
90601 0.083582 15.553504 17 1
90701 0.083896 15.555099 17 1
90801 0.083602 15.556690 17 1
90901 0.083871 15.558278 17 1
91001 0.083761 15.559862 17 1
91101 0.083152 15.561443 17 1
91201 0.086205 15.563020 17 1
91301 0.087315 15.564594 17 1
91401 0.086324 15.566164 17 1
91501 0.088632 15.567732 17 1
91601 0.088951 15.569295 17 1
91701 0.086524 15.570855 17 1
91801 0.086065 15.572412 17 1
91901 0.086696 15.573965 17 1
92001 0.086157 15.575515 17 1
92101 0.085343 15.577062 17 1
92201 0.082249 15.578605 17 1
92301 0.086047 15.580145 17 1
92401 0.082418 15.581682 17 1
92501 0.087641 15.583215 17 1
92601 0.086272 15.584745 17 1
92701 0.085381 15.586272 17 1
92801 0.085720 15.587795 17 1
92901 0.087965 15.589316 17 1
93001 0.083474 15.590832 17 1
93101 0.088168 15.592346 17 1
93201 0.087728 15.593856 17 1
93301 0.086554 15.595363 17 1
93401 0.087340 15.596867 17 1
93501 0.086233 15.598368 17 1
93601 0.090604 15.599865 17 1
93701 0.088601 15.601360 17 1
93801 0.084878 15.602851 17 1
93901 0.082973 15.604339 17 1
94001 0.082858 15.605823 17 1
94101 0.089896 15.607305 17 1
94201 0.090585 15.608783 17 1
94301 0.091913 15.610259 17 1
94401 0.087081 15.611731 17 1
94501 0.086101 15.613200 17 1
94601 0.091094 15.614666 17 1
94701 0.093234 15.616129 17 1
94801 0.089204 15.617588 17 1
94901 0.092516 15.619045 17 1
95001 0.090212 15.620499 17 1
95101 0.086601 15.621949 17 1
95201 0.085291 15.623397 17 1
95301 0.086589 15.624841 17 1
95401 0.086897 15.626283 17 1
95501 0.089571 15.627721 17 1
95601 0.084887 15.629157 17 1
95701 0.090712 15.630589 17 1
95801 0.086877 15.632018 17 1
95901 0.086490 15.633445 17 1
96001 0.093818 15.634868 17 1
96101 0.092920 15.636289 17 1
96201 0.092610 15.637706 17 1
96301 0.094395 15.639121 17 1
96401 0.091224 15.640533 17 1
96501 0.090930 15.641942 17 1
96601 0.095228 15.643347 17 1
96701 0.089305 15.644750 17 1
96801 0.088928 15.646150 17 1
96901 0.093888 15.647547 17 1
97001 0.094997 15.648942 17 1
97101 0.087403 15.650333 17 1
97201 0.085978 15.651722 17 1
97301 0.086747 15.653107 17 1
97401 0.085620 15.654490 17 1
97501 0.089137 15.655870 17 1
97601 0.088086 15.657247 17 1
97701 0.096824 15.658622 17 1
97801 0.094440 15.659993 17 1
97901 0.090189 15.661362 17 1
98001 0.089781 15.662728 17 1
98101 0.087586 15.664091 17 1
98201 0.085806 15.665451 17 1
98301 0.085418 15.666809 17 1
98401 0.087497 15.668164 17 1
98501 0.086427 15.669516 17 1
98601 0.093867 15.670865 17 1
98701 0.095058 15.672212 17 1
98801 0.090656 15.673556 17 1
98901 0.096482 15.674897 17 1
99001 0.095806 15.676236 17 1
99101 0.093318 15.677571 17 1
99201 0.090508 15.678904 17 1
99301 0.087544 15.680235 17 1
99401 0.089801 15.681563 17 1
99501 0.091752 15.682888 17 1
99601 0.089946 15.684210 17 1
99701 0.089217 15.685530 17 1
99801 0.094591 15.686847 17 1
99901 0.093015 15.688161 17 1
100001 0.092773 15.689473 17 1
