1 0.013930 1.000000 1 1
2 0.010770 1.500000 2 1
3 0.010850 2.000000 3 1
4 0.013570 2.500000 4 1
5 0.013732 3.000000 5 1
6 0.012973 3.500000 6 1
7 0.013123 4.000000 7 1
8 0.014211 4.500000 8 1
9 0.014632 5.000000 9 1
10 0.015410 5.500000 10 1
11 0.016149 6.000000 11 1
12 0.016652 6.500000 12 1
13 0.017942 7.000000 13 1
14 0.017851 7.500000 14 1
15 0.018577 8.000000 15 1
16 0.019299 8.500000 16 1
17 0.021358 9.000000 17 1
18 0.023381 9.500000 18 1
19 0.023105 10.000000 19 1
20 0.023645 10.500000 20 1
21 0.024116 11.000000 21 1
22 0.026195 11.500000 22 1
23 0.030802 12.000000 23 1
24 0.028152 12.500000 24 1
25 0.028152 13.000000 25 1
26 0.028707 13.500000 26 1
27 0.029131 14.000000 27 1
28 0.031662 14.500000 28 1
29 0.038522 15.000000 29 1
30 0.034758 15.500000 30 1
31 0.035734 16.000000 31 1
32 0.036920 16.500000 32 1
33 0.037107 17.000000 33 1
34 0.038845 17.500000 34 1
35 0.039629 18.000000 35 1
36 0.040761 18.500000 36 1
37 0.041729 19.000000 37 1
38 0.041486 19.500000 38 1
39 0.043374 20.000000 39 1
40 0.044014 20.500000 40 1
41 0.045058 21.000000 41 1
42 0.047712 21.500000 42 1
43 0.048207 22.000000 43 1
44 0.049655 22.500000 44 1
45 0.049839 23.000000 45 1
46 0.051788 23.500000 46 1
47 0.055232 24.000000 47 1
48 0.059874 24.500000 48 1
49 0.059533 25.000000 49 1
50 0.058292 25.500000 50 1
51 0.058011 26.000000 51 1
52 0.062030 26.500000 52 1
53 0.063432 27.000000 53 1
54 0.060643 27.500000 54 1
55 0.062431 28.000000 55 1
56 0.062801 28.500000 56 1
57 0.067800 29.000000 57 1
58 0.068967 29.500000 58 1
59 0.067268 30.000000 59 1
60 0.066725 30.500000 60 1
61 0.076375 31.000000 61 1
62 0.076802 31.500000 62 1
63 0.071879 32.000000 63 1
64 0.074617 32.500000 64 1
65 0.074620 33.000000 65 1
66 0.077726 33.500000 66 1
67 0.075887 34.000000 67 1
68 0.081392 34.500000 68 1
69 0.079086 35.000000 69 1
70 0.080399 35.500000 70 1
71 0.084301 36.000000 71 1
72 0.082177 36.500000 72 1
73 0.084352 37.000000 73 1
74 0.087426 37.500000 74 1
75 0.090090 38.000000 75 1
76 0.088006 38.500000 76 1
77 0.085555 39.000000 77 1
78 0.082649 39.500000 78 1
79 0.093193 40.000000 79 1
80 0.089392 40.500000 80 1
81 0.090296 41.000000 81 1
82 0.091730 41.500000 82 1
83 0.091986 42.000000 83 1
84 0.094565 42.500000 84 1
85 0.095366 43.000000 85 1
86 0.094653 43.500000 86 1
87 0.099280 44.000000 87 1
88 0.097620 44.500000 88 1
89 0.097654 45.000000 89 1
90 0.100124 45.500000 90 1
91 0.102685 46.000000 91 1
92 0.103939 46.500000 92 1
93 0.099763 47.000000 93 1
94 0.098324 47.500000 94 1
95 0.098647 48.000000 95 1
96 0.106860 48.500000 96 1
97 0.111567 49.000000 97 1
98 0.109885 49.500000 98 1
99 0.104097 50.000000 99 1
100 0.103016 50.500000 100 1
101 0.107457 51.000000 101 1
