1 0.013750 1.000000 1 1
2 0.014680 1.276700 2 1
3 0.018660 1.565033 3 1
4 0.019795 1.799192 4 1
5 0.021086 1.985332 5 1
6 0.022162 2.141658 6 1
7 0.022100 2.282096 7 1
8 0.022611 2.395896 8 1
9 0.022654 2.506484 9 1
10 0.022944 2.605937 10 1
11 0.023165 2.692774 11 1
12 0.022777 2.772486 12 1
13 0.023625 2.847041 13 1
14 0.025406 2.917595 14 1
15 0.023409 2.984281 15 1
16 0.023790 3.042035 16 1
17 0.024343 3.101504 17 1
18 0.024567 3.153986 18 1
19 0.028046 3.209863 19 1
20 0.028358 3.256420 20 1
21 0.024775 3.303604 21 1
22 0.025064 3.344505 22 1
23 0.024958 3.390741 23 1
24 0.024727 3.432162 24 1
25 0.028208 3.469084 25 1
26 0.028462 3.510332 26 1
27 0.026083 3.551048 27 1
28 0.025650 3.580516 28 1
29 0.026093 3.616215 29 1
30 0.025709 3.649373 30 1
31 0.026320 3.680396 31 1
32 0.026015 3.709385 32 1
33 0.026222 3.745914 33 1
34 0.025716 3.772496 34 1
35 0.025223 3.799188 35 1
36 0.025237 3.826371 36 1
37 0.025421 3.853861 37 1
38 0.027713 3.882471 38 1
39 0.029601 3.904087 39 1
40 0.026832 3.932295 40 1
41 0.027083 3.952656 41 1
42 0.026725 3.973786 42 1
43 0.026672 3.995006 43 1
44 0.027056 4.024927 44 1
45 0.026646 4.045396 45 1
46 0.026040 4.063055 46 1
47 0.025918 4.085801 47 1
48 0.026388 4.107795 48 1
49 0.027057 4.132669 49 1
50 0.030294 4.148695 50 1
51 0.032187 4.166647 51 1
52 0.030076 4.186946 52 1
53 0.028532 4.199579 53 1
54 0.026989 4.223186 54 1
55 0.027046 4.242578 55 1
56 0.028210 4.260523 56 1
57 0.028183 4.279500 57 1
58 0.026986 4.291712 58 1
59 0.026575 4.315083 59 1
60 0.026785 4.333456 60 1
61 0.025618 4.339524 61 1
62 0.025480 4.360525 62 1
63 0.025650 4.380765 63 1
64 0.025925 4.396493 64 1
65 0.025590 4.404568 65 1
66 0.025742 4.421268 66 1
67 0.025944 4.434620 67 1
68 0.026061 4.454885 68 1
69 0.029832 4.465324 69 1
70 0.029418 4.487335 70 1
71 0.028470 4.493710 71 1
72 0.029977 4.508914 72 1
73 0.029446 4.520948 73 1
74 0.030143 4.532913 74 1
75 0.028529 4.551192 75 1
76 0.028056 4.562758 76 1
77 0.029365 4.574767 77 1
78 0.029278 4.584737 78 1
79 0.028228 4.597009 79 1
80 0.029930 4.614805 80 1
81 0.029371 4.626338 81 1
82 0.030254 4.637572 82 1
83 0.030213 4.653211 83 1
84 0.029645 4.659609 84 1
85 0.027838 4.673258 85 1
86 0.027568 4.683203 86 1
87 0.028619 4.700347 87 1
88 0.027985 4.712370 88 1
89 0.028349 4.721316 89 1
90 0.029076 4.731915 90 1
91 0.027958 4.748078 91 1
92 0.028161 4.753542 92 1
93 0.026396 4.767439 93 1
94 0.027107 4.771914 94 1
95 0.026619 4.786018 95 1
96 0.026017 4.790486 96 1
97 0.027888 4.810133 97 1
98 0.026581 4.817883 98 1
99 0.027495 4.827143 99 1
100 0.030174 4.837560 100 1
101 0.027797 4.844034 101 1
