1 0.014430 1.000000 1 1
2 0.015685 2.000000 2 2
3 0.015040 2.333337 3 1
4 0.017933 3.000000 4 2
5 0.017354 3.400000 5 1
6 0.021123 4.000000 6 1
7 0.018757 4.428570 7 1
8 0.018971 5.000000 8 2
9 0.019490 5.444444 9 1
10 0.020638 6.000000 10 2
11 0.021040 6.454548 11 1
12 0.021088 6.999996 12 1
13 0.021958 7.461538 13 1
14 0.023290 7.999996 14 1
15 0.023845 8.466667 15 1
16 0.024960 8.999997 16 1
17 0.026345 9.470588 17 1
18 0.029127 9.999998 18 1
19 0.028028 10.473685 19 1
20 0.032355 10.999994 20 1
21 0.029529 11.476190 21 1
22 0.030093 11.999998 22 1
23 0.029702 12.478261 23 1
24 0.030375 12.999998 24 1
25 0.031870 13.480002 25 1
26 0.035181 13.999999 26 1
27 0.046669 14.481481 27 1
28 0.037310 14.999998 28 1
29 0.037592 15.482757 29 1
30 0.041199 15.999997 30 1
31 0.043695 16.483871 31 1
32 0.041693 17.000002 32 1
33 0.050636 17.484848 33 1
34 0.044934 17.999996 34 1
35 0.046012 18.485715 35 1
36 0.051065 18.999997 36 1
37 0.050880 19.486487 37 1
38 0.050922 19.999999 38 1
39 0.051159 20.487179 39 1
40 0.053753 20.999996 40 1
41 0.055024 21.487807 41 1
42 0.054867 21.999999 42 1
43 0.056150 22.488372 43 1
44 0.056879 22.999999 44 1
45 0.058018 23.488889 45 1
46 0.058770 23.999998 46 1
47 0.060360 24.489359 47 1
48 0.060060 25.000000 48 1
49 0.062093 25.489798 49 1
50 0.063056 25.999999 50 1
51 0.063470 26.490197 51 1
52 0.064943 26.999998 52 1
53 0.072569 27.490566 53 1
54 0.077466 27.999999 54 1
55 0.074166 28.490912 55 1
56 0.068876 28.999997 56 1
57 0.071140 29.491227 57 1
58 0.071348 30.000000 58 1
59 0.070526 30.491524 59 1
60 0.073188 30.999997 60 1
61 0.074469 31.491804 61 1
62 0.075621 31.999996 62 1
63 0.074533 32.492063 63 1
64 0.076956 33.000000 64 1
65 0.079880 33.492307 65 1
66 0.079507 33.999999 66 1
67 0.079350 34.492538 67 1
68 0.079254 35.000000 68 1
69 0.080258 35.492755 69 1
70 0.080325 36.000001 70 1
71 0.083824 36.492959 71 1
72 0.081935 36.999997 72 1
73 0.085562 37.493154 73 1
74 0.088427 38.000002 74 1
75 0.089355 38.493335 75 1
76 0.091104 38.999997 76 1
77 0.095184 39.493506 77 1
78 0.095426 39.999996 78 1
79 0.092753 40.493671 79 1
80 0.097147 40.999998 80 1
81 0.093858 41.493829 81 1
82 0.096059 41.999999 82 1
83 0.097631 42.493976 83 1
84 0.097352 42.999996 84 1
85 0.097783 43.494119 85 1
86 0.098445 44.000001 86 1
87 0.098470 44.494254 87 1
88 0.098041 44.999999 88 1
89 0.102081 45.494382 89 1
90 0.104470 45.999996 90 1
91 0.106058 46.494505 91 1
92 0.105076 47.000000 92 1
93 0.104447 47.494623 93 1
94 0.105374 47.999997 94 1
95 0.105427 48.494736 95 1
96 0.107704 48.999997 96 1
97 0.106112 49.494846 97 1
98 0.105443 49.999997 98 1
99 0.112580 50.494948 99 1
100 0.115816 50.999999 100 1
101 0.113600 51.495046 101 1
