1 0.012900 1.000000 1 1
2 0.012935 1.167150 2 1
3 0.015747 1.399413 3 1
4 0.016272 2.457343 4 1
5 0.018056 2.212306 5 1
6 0.018758 3.703768 6 1
7 0.019917 4.873284 7 1
8 0.020942 4.404536 8 1
9 0.020728 5.079820 9 1
10 0.021623 5.507174 10 1
11 0.021245 5.608335 11 1
12 0.028647 9.541604 12 1
13 0.019098 3.044741 13 1
14 0.032202 8.611656 14 1
15 0.029336 9.965109 15 1
16 0.027219 8.674189 16 1
17 0.032372 11.569572 17 1
18 0.036256 12.003067 18 1
19 0.036207 10.973957 19 1
20 0.030424 10.251145 20 1
21 0.032379 11.431783 21 1
22 0.036086 14.238490 22 1
23 0.041087 15.059565 23 1
24 0.044000 12.533708 24 1
25 0.053871 19.392363 25 1
26 0.033610 10.651000 26 1
27 0.039319 11.887754 27 1
28 0.043202 15.660626 28 1
29 0.051684 18.418071 29 1
30 0.041452 14.798263 30 1
31 0.048830 16.087354 31 1
32 0.056084 22.322331 32 1
33 0.043915 14.895644 33 1
34 0.049921 17.530741 34 1
35 0.064426 22.970163 35 1
36 0.040374 11.786455 36 1
37 0.048752 15.687332 37 1
38 0.047770 15.182593 38 1
39 0.065918 23.408222 39 1
40 0.070561 27.849500 40 1
41 0.045460 15.473704 41 1
42 0.049781 17.562651 42 1
43 0.076568 33.542042 43 1
44 0.063057 26.254461 44 1
45 0.066017 27.609116 45 1
46 0.044885 16.161045 46 1
47 0.049399 19.461335 47 1
48 0.035306 11.615193 48 1
49 0.068244 29.784524 49 1
50 0.066804 28.903671 50 1
51 0.067824 25.691488 51 1
52 0.065118 25.772659 52 1
53 0.046887 16.914657 53 1
54 0.074855 32.769376 54 1
55 0.077669 34.030340 55 1
56 0.070400 29.826605 56 1
57 0.078330 30.315482 57 1
58 0.079687 31.989520 58 1
59 0.084912 32.862955 59 1
60 0.079489 33.128225 60 1
61 0.075896 31.767444 61 1
62 0.104767 44.449377 62 1
63 0.070885 28.476761 63 1
64 0.071002 29.608145 64 1
65 0.100271 45.045190 65 1
66 0.064063 26.084598 66 1
67 0.049268 17.298028 67 1
68 0.061463 25.343379 68 1
69 0.056612 23.833288 69 1
70 0.110384 49.263113 70 1
71 0.109427 50.647665 71 1
72 0.069739 30.141863 72 1
73 0.100558 43.764967 73 1
74 0.103225 46.028588 74 1
75 0.101793 46.530408 75 1
76 0.080072 34.823876 76 1
77 0.056066 23.752637 77 1
78 0.079371 36.729151 78 1
79 0.080221 33.479838 79 1
80 0.101784 45.801963 80 1
81 0.097489 42.993212 81 1
82 0.066340 28.164938 82 1
83 0.125079 61.351804 83 1
84 0.068855 29.230418 84 1
85 0.129226 61.849645 85 1
86 0.104193 47.328005 86 1
87 0.061603 26.253095 87 1
88 0.110959 52.076245 88 1
89 0.062473 25.728610 89 1
90 0.110605 51.850360 90 1
91 0.118529 56.442181 91 1
92 0.097051 42.270448 92 1
93 0.102970 46.314698 93 1
94 0.088761 36.711960 94 1
95 0.095614 43.403491 95 1
96 0.077598 32.406548 96 1
97 0.087799 36.785474 97 1
98 0.102760 43.650867 98 1
99 0.133682 60.288042 99 1
100 0.133323 61.866262 100 1
101 0.110860 46.964766 101 1
