1 0.010400 1.000000 1 1
2 0.011720 1.167650 2 1
3 0.016860 1.399590 3 1
4 0.018292 1.604275 4 1
5 0.019618 1.771870 5 1
6 0.019848 1.924150 6 1
7 0.018894 2.054701 7 1
8 0.019640 2.171282 8 1
9 0.020207 2.271567 9 1
10 0.020454 2.368872 10 1
11 0.021341 2.450205 11 1
12 0.022585 2.528046 12 1
13 0.022630 2.606562 13 1
14 0.021702 2.674673 14 1
15 0.021017 2.740139 15 1
16 0.021673 2.791703 16 1
17 0.021683 2.856709 17 1
18 0.021728 2.907221 18 1
19 0.025389 2.960858 19 1
20 0.022596 3.011642 20 1
21 0.022938 3.052408 21 1
22 0.022581 3.099554 22 1
23 0.021961 3.143562 23 1
24 0.021050 3.186094 24 1
25 0.021171 3.219785 25 1
26 0.024536 3.255948 26 1
27 0.025744 3.293431 27 1
28 0.023965 3.335295 28 1
29 0.022697 3.365119 29 1
30 0.024373 3.395379 30 1
31 0.023262 3.428751 31 1
32 0.023662 3.455999 32 1
33 0.024134 3.489448 33 1
34 0.023199 3.521559 34 1
35 0.024185 3.546790 35 1
36 0.022662 3.574190 36 1
37 0.023056 3.606768 37 1
38 0.022216 3.625204 38 1
39 0.022870 3.648676 39 1
40 0.024130 3.676290 40 1
41 0.023526 3.702431 41 1
42 0.022339 3.722487 42 1
43 0.023175 3.749141 43 1
44 0.023257 3.774956 44 1
45 0.025864 3.792035 45 1
46 0.024044 3.814618 46 1
47 0.023592 3.831603 47 1
48 0.024266 3.854804 48 1
49 0.023095 3.880194 49 1
50 0.022412 3.893613 50 1
51 0.024218 3.916323 51 1
52 0.022967 3.931678 52 1
53 0.023098 3.954368 53 1
54 0.022656 3.973077 54 1
55 0.022571 3.992640 55 1
56 0.022609 4.001881 56 1
57 0.023025 4.024876 57 1
58 0.022202 4.040622 58 1
59 0.022419 4.063956 59 1
60 0.022988 4.074781 60 1
61 0.022215 4.084207 61 1
62 0.022773 4.107671 62 1
63 0.024070 4.122464 63 1
64 0.023531 4.135088 64 1
65 0.023519 4.152787 65 1
66 0.023129 4.169834 66 1
67 0.023383 4.181316 67 1
68 0.023682 4.194770 68 1
69 0.023361 4.211963 69 1
70 0.023579 4.227638 70 1
71 0.023496 4.243570 71 1
72 0.024162 4.254236 72 1
73 0.023686 4.263161 73 1
74 0.023338 4.282847 74 1
75 0.023807 4.294631 75 1
76 0.023712 4.303764 76 1
77 0.023756 4.322038 77 1
78 0.023416 4.332669 78 1
79 0.023856 4.345052 79 1
80 0.023681 4.360451 80 1
81 0.023834 4.368706 81 1
82 0.023756 4.383342 82 1
83 0.023875 4.390374 83 1
84 0.023800 4.409090 84 1
85 0.023382 4.418344 85 1
86 0.026025 4.431309 86 1
87 0.025156 4.443273 87 1
88 0.025203 4.451308 88 1
89 0.025932 4.464415 89 1
90 0.023935 4.475232 90 1
91 0.025534 4.486621 91 1
92 0.024289 4.495462 92 1
93 0.025948 4.507880 93 1
94 0.023728 4.519496 94 1
95 0.023724 4.524884 95 1
96 0.023270 4.540191 96 1
97 0.023950 4.548580 97 1
98 0.024093 4.560225 98 1
99 0.024033 4.566423 99 1
100 0.024226 4.576192 100 1
101 0.024342 4.586371 101 1
