1 0.014430 1.000000 1 1
2 0.010885 1.500000 2 1
3 0.012307 2.000000 3 1
4 0.012087 2.500000 4 1
5 0.012078 3.000000 5 1
6 0.012937 3.500000 6 1
7 0.013430 4.000000 7 1
8 0.014600 4.500000 8 1
9 0.015040 5.000000 9 1
10 0.015794 5.500000 10 1
11 0.016466 6.000000 11 1
12 0.016660 6.500000 12 1
13 0.017516 7.000000 13 1
14 0.018260 7.500000 14 1
15 0.019163 8.000000 15 1
16 0.019405 8.500000 16 1
17 0.020364 9.000000 17 1
18 0.023703 9.500000 18 1
19 0.022011 10.000000 19 1
20 0.024482 10.500000 20 1
21 0.024264 11.000000 21 1
22 0.025992 11.500000 22 1
23 0.029773 12.000000 23 1
24 0.029304 12.500000 24 1
25 0.029378 13.000000 25 1
26 0.029144 13.500000 26 1
27 0.029905 14.000000 27 1
28 0.032050 14.500000 28 1
29 0.040984 15.000000 29 1
30 0.036053 15.500000 30 1
31 0.035553 16.000000 31 1
32 0.038163 16.500000 32 1
33 0.040512 17.000000 33 1
34 0.039018 17.500000 34 1
35 0.039788 18.000000 35 1
36 0.041034 18.500000 36 1
37 0.046757 19.000000 37 1
38 0.044541 19.500000 38 1
39 0.043854 20.000000 39 1
40 0.046100 20.500000 40 1
41 0.047002 21.000000 41 1
42 0.044431 21.500000 42 1
43 0.047882 22.000000 43 1
44 0.050532 22.500000 44 1
45 0.049955 23.000000 45 1
46 0.050652 23.500000 46 1
47 0.053725 24.000000 47 1
48 0.054598 24.500000 48 1
49 0.053676 25.000000 49 1
50 0.055513 25.500000 50 1
51 0.057977 26.000000 51 1
52 0.059061 26.500000 52 1
53 0.060494 27.000000 53 1
54 0.060901 27.500000 54 1
55 0.059779 28.000000 55 1
56 0.061562 28.500000 56 1
57 0.063599 29.000000 57 1
58 0.063235 29.500000 58 1
59 0.063471 30.000000 59 1
60 0.066490 30.500000 60 1
61 0.067264 31.000000 61 1
62 0.071055 31.500000 62 1
63 0.071718 32.000000 63 1
64 0.070455 32.500000 64 1
65 0.068423 33.000000 65 1
66 0.071757 33.500000 66 1
67 0.071220 34.000000 67 1
68 0.074501 34.500000 68 1
69 0.074849 35.000000 69 1
70 0.075753 35.500000 70 1
71 0.074218 36.000000 71 1
72 0.079812 36.500000 72 1
73 0.081743 37.000000 73 1
74 0.087994 37.500000 74 1
75 0.090754 38.000000 75 1
76 0.090035 38.500000 76 1
77 0.087705 39.000000 77 1
78 0.093341 39.500000 78 1
79 0.093592 40.000000 79 1
80 0.092565 40.500000 80 1
81 0.091565 41.000000 81 1
82 0.092420 41.500000 82 1
83 0.106045 42.000000 83 1
84 0.100404 42.500000 84 1
85 0.099811 43.000000 85 1
86 0.099371 43.500000 86 1
87 0.099517 44.000000 87 1
88 0.095720 44.500000 88 1
89 0.094472 45.000000 89 1
90 0.096880 45.500000 90 1
91 0.098814 46.000000 91 1
92 0.106332 46.500000 92 1
93 0.110655 47.000000 93 1
94 0.107550 47.500000 94 1
95 0.108229 48.000000 95 1
96 0.105081 48.500000 96 1
97 0.110068 49.000000 97 1
98 0.117638 49.500000 98 1
99 0.109873 50.000000 99 1
100 0.105722 50.500000 100 1
101 0.103965 51.000000 101 1
